ARM GAS  C:\Users\yram171\AppData\Local\Temp\ccpKfli7.s 			page 1


   1              		.syntax unified
   2              		.cpu cortex-m3
   3              		.fpu softvfp
   4              		.eabi_attribute 20, 1
   5              		.eabi_attribute 21, 1
   6              		.eabi_attribute 23, 3
   7              		.eabi_attribute 24, 1
   8              		.eabi_attribute 25, 1
   9              		.eabi_attribute 26, 1
  10              		.eabi_attribute 30, 6
  11              		.eabi_attribute 34, 1
  12              		.eabi_attribute 18, 4
  13              		.thumb
  14              		.syntax unified
  15              		.file	"motor_s.c"
  16              		.text
  17              	.Ltext0:
  18              		.cfi_sections	.debug_frame
  19              		.section	.text.clamp100,"ax",%progbits
  20              		.align	2
  21              		.global	clamp100
  22              		.thumb
  23              		.thumb_func
  24              		.type	clamp100, %function
  25              	clamp100:
  26              	.LFB63:
  27              		.file 1 "motor_s.c"
   1:motor_s.c     **** #include "motor_s.h"
   2:motor_s.c     **** 
   3:motor_s.c     **** /* RIGHT_TRIM_PERCENT가 다른 헤더/파일에 있으면 그 값을 사용.
   4:motor_s.c     ****  * 없으면 0(트림 없음)으로 처리.
   5:motor_s.c     ****  */
   6:motor_s.c     **** #ifndef RIGHT_TRIM_PERCENT
   7:motor_s.c     **** #define RIGHT_TRIM_PERCENT   (5)
   8:motor_s.c     **** #endif
   9:motor_s.c     **** 
  10:motor_s.c     **** int clamp100(int x){
  28              		.loc 1 10 0
  29              		.cfi_startproc
  30              		@ args = 0, pretend = 0, frame = 8
  31              		@ frame_needed = 1, uses_anonymous_args = 0
  32              		@ link register save eliminated.
  33 0000 80B4     		push	{r7}
  34              		.cfi_def_cfa_offset 4
  35              		.cfi_offset 7, -4
  36 0002 83B0     		sub	sp, sp, #12
  37              		.cfi_def_cfa_offset 16
  38 0004 00AF     		add	r7, sp, #0
  39              		.cfi_def_cfa_register 7
  40 0006 7860     		str	r0, [r7, #4]
  11:motor_s.c     ****     if (x > 100) return 100;
  41              		.loc 1 11 0
  42 0008 7B68     		ldr	r3, [r7, #4]
  43 000a 642B     		cmp	r3, #100
  44 000c 01DD     		ble	.L2
  45              		.loc 1 11 0 is_stmt 0 discriminator 1
  46 000e 6423     		movs	r3, #100
ARM GAS  C:\Users\yram171\AppData\Local\Temp\ccpKfli7.s 			page 2


  47 0010 07E0     		b	.L3
  48              	.L2:
  12:motor_s.c     ****     if (x < -100) return -100;
  49              		.loc 1 12 0 is_stmt 1
  50 0012 7B68     		ldr	r3, [r7, #4]
  51 0014 13F1640F 		cmn	r3, #100
  52 0018 02DA     		bge	.L4
  53              		.loc 1 12 0 is_stmt 0 discriminator 1
  54 001a 6FF06303 		mvn	r3, #99
  55 001e 00E0     		b	.L3
  56              	.L4:
  13:motor_s.c     ****     return x;
  57              		.loc 1 13 0 is_stmt 1
  58 0020 7B68     		ldr	r3, [r7, #4]
  59              	.L3:
  14:motor_s.c     **** }
  60              		.loc 1 14 0
  61 0022 1846     		mov	r0, r3
  62 0024 0C37     		adds	r7, r7, #12
  63              		.cfi_def_cfa_offset 4
  64 0026 BD46     		mov	sp, r7
  65              		.cfi_def_cfa_register 13
  66              		@ sp needed
  67 0028 80BC     		pop	{r7}
  68              		.cfi_restore 7
  69              		.cfi_def_cfa_offset 0
  70 002a 7047     		bx	lr
  71              		.cfi_endproc
  72              	.LFE63:
  73              		.size	clamp100, .-clamp100
  74              		.section	.text.duty_to_compare,"ax",%progbits
  75              		.align	2
  76              		.global	duty_to_compare
  77              		.thumb
  78              		.thumb_func
  79              		.type	duty_to_compare, %function
  80              	duty_to_compare:
  81              	.LFB64:
  15:motor_s.c     **** 
  16:motor_s.c     **** uint16 duty_to_compare(int s){
  82              		.loc 1 16 0
  83              		.cfi_startproc
  84              		@ args = 0, pretend = 0, frame = 8
  85              		@ frame_needed = 1, uses_anonymous_args = 0
  86              		@ link register save eliminated.
  87 0000 80B4     		push	{r7}
  88              		.cfi_def_cfa_offset 4
  89              		.cfi_offset 7, -4
  90 0002 83B0     		sub	sp, sp, #12
  91              		.cfi_def_cfa_offset 16
  92 0004 00AF     		add	r7, sp, #0
  93              		.cfi_def_cfa_register 7
  94 0006 7860     		str	r0, [r7, #4]
  17:motor_s.c     ****     if (s < -100) s = -100;
  95              		.loc 1 17 0
  96 0008 7B68     		ldr	r3, [r7, #4]
  97 000a 13F1640F 		cmn	r3, #100
ARM GAS  C:\Users\yram171\AppData\Local\Temp\ccpKfli7.s 			page 3


  98 000e 02DA     		bge	.L6
  99              		.loc 1 17 0 is_stmt 0 discriminator 1
 100 0010 6FF06303 		mvn	r3, #99
 101 0014 7B60     		str	r3, [r7, #4]
 102              	.L6:
  18:motor_s.c     ****     if (s >  100) s =  100;
 103              		.loc 1 18 0 is_stmt 1
 104 0016 7B68     		ldr	r3, [r7, #4]
 105 0018 642B     		cmp	r3, #100
 106 001a 01DD     		ble	.L7
 107              		.loc 1 18 0 is_stmt 0 discriminator 1
 108 001c 6423     		movs	r3, #100
 109 001e 7B60     		str	r3, [r7, #4]
 110              	.L7:
  19:motor_s.c     ****     /* PWM Period의 중앙을 0%로 보고, ±로 오프셋 */
  20:motor_s.c     ****     return (uint16)((PWM_PERIOD/2) + ((int32)PWM_PERIOD * s)/200);
 111              		.loc 1 20 0 is_stmt 1
 112 0020 7B68     		ldr	r3, [r7, #4]
 113 0022 C822     		movs	r2, #200
 114 0024 02FB03F3 		mul	r3, r2, r3
 115 0028 064A     		ldr	r2, .L9
 116 002a 82FB0312 		smull	r1, r2, r2, r3
 117 002e 9211     		asrs	r2, r2, #6
 118 0030 DB17     		asrs	r3, r3, #31
 119 0032 D31A     		subs	r3, r2, r3
 120 0034 9BB2     		uxth	r3, r3
 121 0036 6433     		adds	r3, r3, #100
 122 0038 9BB2     		uxth	r3, r3
  21:motor_s.c     **** }
 123              		.loc 1 21 0
 124 003a 1846     		mov	r0, r3
 125 003c 0C37     		adds	r7, r7, #12
 126              		.cfi_def_cfa_offset 4
 127 003e BD46     		mov	sp, r7
 128              		.cfi_def_cfa_register 13
 129              		@ sp needed
 130 0040 80BC     		pop	{r7}
 131              		.cfi_restore 7
 132              		.cfi_def_cfa_offset 0
 133 0042 7047     		bx	lr
 134              	.L10:
 135              		.align	2
 136              	.L9:
 137 0044 1F85EB51 		.word	1374389535
 138              		.cfi_endproc
 139              	.LFE64:
 140              		.size	duty_to_compare, .-duty_to_compare
 141              		.section	.text.motor_enable,"ax",%progbits
 142              		.align	2
 143              		.global	motor_enable
 144              		.thumb
 145              		.thumb_func
 146              		.type	motor_enable, %function
 147              	motor_enable:
 148              	.LFB65:
  22:motor_s.c     **** 
  23:motor_s.c     **** void motor_enable(uint8 m1_disable, uint8 m2_disable){
ARM GAS  C:\Users\yram171\AppData\Local\Temp\ccpKfli7.s 			page 4


 149              		.loc 1 23 0
 150              		.cfi_startproc
 151              		@ args = 0, pretend = 0, frame = 16
 152              		@ frame_needed = 1, uses_anonymous_args = 0
 153 0000 80B5     		push	{r7, lr}
 154              		.cfi_def_cfa_offset 8
 155              		.cfi_offset 7, -8
 156              		.cfi_offset 14, -4
 157 0002 84B0     		sub	sp, sp, #16
 158              		.cfi_def_cfa_offset 24
 159 0004 00AF     		add	r7, sp, #0
 160              		.cfi_def_cfa_register 7
 161 0006 0346     		mov	r3, r0
 162 0008 0A46     		mov	r2, r1
 163 000a FB71     		strb	r3, [r7, #7]
 164 000c 1346     		mov	r3, r2
 165 000e BB71     		strb	r3, [r7, #6]
  24:motor_s.c     ****     uint8 v = 0;
 166              		.loc 1 24 0
 167 0010 0023     		movs	r3, #0
 168 0012 FB73     		strb	r3, [r7, #15]
  25:motor_s.c     ****     //CyDelay(10);
  26:motor_s.c     ****     if (m1_disable) v |= 0x01;  /* bit0 -> M1_D1 (HIGH=disable) */
 169              		.loc 1 26 0
 170 0014 FB79     		ldrb	r3, [r7, #7]	@ zero_extendqisi2
 171 0016 002B     		cmp	r3, #0
 172 0018 03D0     		beq	.L12
 173              		.loc 1 26 0 is_stmt 0 discriminator 1
 174 001a FB7B     		ldrb	r3, [r7, #15]
 175 001c 43F00103 		orr	r3, r3, #1
 176 0020 FB73     		strb	r3, [r7, #15]
 177              	.L12:
  27:motor_s.c     ****     if (m2_disable) v |= 0x02;  /* bit1 -> M2_D1 (HIGH=disable) */
 178              		.loc 1 27 0 is_stmt 1
 179 0022 BB79     		ldrb	r3, [r7, #6]	@ zero_extendqisi2
 180 0024 002B     		cmp	r3, #0
 181 0026 03D0     		beq	.L13
 182              		.loc 1 27 0 is_stmt 0 discriminator 1
 183 0028 FB7B     		ldrb	r3, [r7, #15]
 184 002a 43F00203 		orr	r3, r3, #2
 185 002e FB73     		strb	r3, [r7, #15]
 186              	.L13:
  28:motor_s.c     ****     CONTROL_Write(v);
 187              		.loc 1 28 0 is_stmt 1
 188 0030 FB7B     		ldrb	r3, [r7, #15]	@ zero_extendqisi2
 189 0032 1846     		mov	r0, r3
 190 0034 FFF7FEFF 		bl	CONTROL_Write
  29:motor_s.c     **** }
 191              		.loc 1 29 0
 192 0038 00BF     		nop
 193 003a 1037     		adds	r7, r7, #16
 194              		.cfi_def_cfa_offset 8
 195 003c BD46     		mov	sp, r7
 196              		.cfi_def_cfa_register 13
 197              		@ sp needed
 198 003e 80BD     		pop	{r7, pc}
 199              		.cfi_endproc
ARM GAS  C:\Users\yram171\AppData\Local\Temp\ccpKfli7.s 			page 5


 200              	.LFE65:
 201              		.size	motor_enable, .-motor_enable
 202              		.section	.text.apply_right_trim,"ax",%progbits
 203              		.align	2
 204              		.global	apply_right_trim
 205              		.thumb
 206              		.thumb_func
 207              		.type	apply_right_trim, %function
 208              	apply_right_trim:
 209              	.LFB66:
  30:motor_s.c     **** 
  31:motor_s.c     **** int apply_right_trim(int duty){
 210              		.loc 1 31 0
 211              		.cfi_startproc
 212              		@ args = 0, pretend = 0, frame = 16
 213              		@ frame_needed = 1, uses_anonymous_args = 0
 214              		@ link register save eliminated.
 215 0000 80B4     		push	{r7}
 216              		.cfi_def_cfa_offset 4
 217              		.cfi_offset 7, -4
 218 0002 85B0     		sub	sp, sp, #20
 219              		.cfi_def_cfa_offset 24
 220 0004 00AF     		add	r7, sp, #0
 221              		.cfi_def_cfa_register 7
 222 0006 7860     		str	r0, [r7, #4]
  32:motor_s.c     ****     /* RIGHT_TRIM_PERCENT: 음수면 오른쪽 강화(네 기존 로직 유지) */
  33:motor_s.c     ****     int32_t scaled = ((int32_t)duty * (100 - RIGHT_TRIM_PERCENT)) / 100;
 223              		.loc 1 33 0
 224 0008 7A68     		ldr	r2, [r7, #4]
 225 000a 1346     		mov	r3, r2
 226 000c 5B00     		lsls	r3, r3, #1
 227 000e 1344     		add	r3, r3, r2
 228 0010 5B01     		lsls	r3, r3, #5
 229 0012 9B1A     		subs	r3, r3, r2
 230 0014 064A     		ldr	r2, .L16
 231 0016 82FB0312 		smull	r1, r2, r2, r3
 232 001a 5211     		asrs	r2, r2, #5
 233 001c DB17     		asrs	r3, r3, #31
 234 001e D31A     		subs	r3, r2, r3
 235 0020 FB60     		str	r3, [r7, #12]
  34:motor_s.c     ****     return (int)scaled;
 236              		.loc 1 34 0
 237 0022 FB68     		ldr	r3, [r7, #12]
  35:motor_s.c     **** }
 238              		.loc 1 35 0
 239 0024 1846     		mov	r0, r3
 240 0026 1437     		adds	r7, r7, #20
 241              		.cfi_def_cfa_offset 4
 242 0028 BD46     		mov	sp, r7
 243              		.cfi_def_cfa_register 13
 244              		@ sp needed
 245 002a 80BC     		pop	{r7}
 246              		.cfi_restore 7
 247              		.cfi_def_cfa_offset 0
 248 002c 7047     		bx	lr
 249              	.L17:
 250 002e 00BF     		.align	2
ARM GAS  C:\Users\yram171\AppData\Local\Temp\ccpKfli7.s 			page 6


 251              	.L16:
 252 0030 1F85EB51 		.word	1374389535
 253              		.cfi_endproc
 254              	.LFE66:
 255              		.size	apply_right_trim, .-apply_right_trim
 256              		.section	.text.set_motors_symmetric,"ax",%progbits
 257              		.align	2
 258              		.global	set_motors_symmetric
 259              		.thumb
 260              		.thumb_func
 261              		.type	set_motors_symmetric, %function
 262              	set_motors_symmetric:
 263              	.LFB67:
  36:motor_s.c     **** 
  37:motor_s.c     **** void set_motors_symmetric(int duty){
 264              		.loc 1 37 0
 265              		.cfi_startproc
 266              		@ args = 0, pretend = 0, frame = 8
 267              		@ frame_needed = 1, uses_anonymous_args = 0
 268 0000 80B5     		push	{r7, lr}
 269              		.cfi_def_cfa_offset 8
 270              		.cfi_offset 7, -8
 271              		.cfi_offset 14, -4
 272 0002 82B0     		sub	sp, sp, #8
 273              		.cfi_def_cfa_offset 16
 274 0004 00AF     		add	r7, sp, #0
 275              		.cfi_def_cfa_register 7
 276 0006 7860     		str	r0, [r7, #4]
  38:motor_s.c     ****     duty = clamp100(duty);
 277              		.loc 1 38 0
 278 0008 7868     		ldr	r0, [r7, #4]
 279 000a FFF7FEFF 		bl	clamp100
 280 000e 7860     		str	r0, [r7, #4]
  39:motor_s.c     ****     PWM_1_WriteCompare(duty_to_compare(RIGHT_MOTOR_SIGN * duty + 6));
 281              		.loc 1 39 0
 282 0010 7B68     		ldr	r3, [r7, #4]
 283 0012 C3F10603 		rsb	r3, r3, #6
 284 0016 1846     		mov	r0, r3
 285 0018 FFF7FEFF 		bl	duty_to_compare
 286 001c 0346     		mov	r3, r0
 287 001e DBB2     		uxtb	r3, r3
 288 0020 1846     		mov	r0, r3
 289 0022 FFF7FEFF 		bl	PWM_1_WriteCompare
  40:motor_s.c     ****     PWM_2_WriteCompare(duty_to_compare(LEFT_MOTOR_SIGN  * duty));
 290              		.loc 1 40 0
 291 0026 7868     		ldr	r0, [r7, #4]
 292 0028 FFF7FEFF 		bl	duty_to_compare
 293 002c 0346     		mov	r3, r0
 294 002e DBB2     		uxtb	r3, r3
 295 0030 1846     		mov	r0, r3
 296 0032 FFF7FEFF 		bl	PWM_2_WriteCompare
  41:motor_s.c     **** }
 297              		.loc 1 41 0
 298 0036 00BF     		nop
 299 0038 0837     		adds	r7, r7, #8
 300              		.cfi_def_cfa_offset 8
 301 003a BD46     		mov	sp, r7
ARM GAS  C:\Users\yram171\AppData\Local\Temp\ccpKfli7.s 			page 7


 302              		.cfi_def_cfa_register 13
 303              		@ sp needed
 304 003c 80BD     		pop	{r7, pc}
 305              		.cfi_endproc
 306              	.LFE67:
 307              		.size	set_motors_symmetric, .-set_motors_symmetric
 308 003e 00BF     		.section	.text.set_motors_with_trim_and_steer,"ax",%progbits
 309              		.align	2
 310              		.global	set_motors_with_trim_and_steer
 311              		.thumb
 312              		.thumb_func
 313              		.type	set_motors_with_trim_and_steer, %function
 314              	set_motors_with_trim_and_steer:
 315              	.LFB68:
  42:motor_s.c     **** 
  43:motor_s.c     **** void set_motors_with_trim_and_steer(int duty_center, int steer){
 316              		.loc 1 43 0
 317              		.cfi_startproc
 318              		@ args = 0, pretend = 0, frame = 16
 319              		@ frame_needed = 1, uses_anonymous_args = 0
 320 0000 80B5     		push	{r7, lr}
 321              		.cfi_def_cfa_offset 8
 322              		.cfi_offset 7, -8
 323              		.cfi_offset 14, -4
 324 0002 84B0     		sub	sp, sp, #16
 325              		.cfi_def_cfa_offset 24
 326 0004 00AF     		add	r7, sp, #0
 327              		.cfi_def_cfa_register 7
 328 0006 7860     		str	r0, [r7, #4]
 329 0008 3960     		str	r1, [r7]
  44:motor_s.c     ****     int duty_right = clamp100(duty_center + steer);
 330              		.loc 1 44 0
 331 000a 7A68     		ldr	r2, [r7, #4]
 332 000c 3B68     		ldr	r3, [r7]
 333 000e 1344     		add	r3, r3, r2
 334 0010 1846     		mov	r0, r3
 335 0012 FFF7FEFF 		bl	clamp100
 336 0016 F860     		str	r0, [r7, #12]
  45:motor_s.c     ****     int duty_left  = clamp100(duty_center - steer);
 337              		.loc 1 45 0
 338 0018 7A68     		ldr	r2, [r7, #4]
 339 001a 3B68     		ldr	r3, [r7]
 340 001c D31A     		subs	r3, r2, r3
 341 001e 1846     		mov	r0, r3
 342 0020 FFF7FEFF 		bl	clamp100
 343 0024 B860     		str	r0, [r7, #8]
  46:motor_s.c     **** 
  47:motor_s.c     ****     /* 오른쪽만 트림 */
  48:motor_s.c     ****     duty_right = clamp100(apply_right_trim(duty_right));
 344              		.loc 1 48 0
 345 0026 F868     		ldr	r0, [r7, #12]
 346 0028 FFF7FEFF 		bl	apply_right_trim
 347 002c 0346     		mov	r3, r0
 348 002e 1846     		mov	r0, r3
 349 0030 FFF7FEFF 		bl	clamp100
 350 0034 F860     		str	r0, [r7, #12]
  49:motor_s.c     **** 
ARM GAS  C:\Users\yram171\AppData\Local\Temp\ccpKfli7.s 			page 8


  50:motor_s.c     ****     /* 전진 구간에서 최소 듀티 보장 */
  51:motor_s.c     ****     if (duty_center > 0) {
 351              		.loc 1 51 0
 352 0036 7B68     		ldr	r3, [r7, #4]
 353 0038 002B     		cmp	r3, #0
 354 003a 0FDD     		ble	.L20
  52:motor_s.c     ****         if (duty_right > 0 && duty_right < MIN_WHEEL_DUTY_R) duty_right = MIN_WHEEL_DUTY_R;
 355              		.loc 1 52 0
 356 003c FB68     		ldr	r3, [r7, #12]
 357 003e 002B     		cmp	r3, #0
 358 0040 04DD     		ble	.L21
 359              		.loc 1 52 0 is_stmt 0 discriminator 1
 360 0042 FB68     		ldr	r3, [r7, #12]
 361 0044 0E2B     		cmp	r3, #14
 362 0046 01DC     		bgt	.L21
 363              		.loc 1 52 0 discriminator 2
 364 0048 0F23     		movs	r3, #15
 365 004a FB60     		str	r3, [r7, #12]
 366              	.L21:
  53:motor_s.c     ****         if (duty_left  > 0 && duty_left  < MIN_WHEEL_DUTY_L) duty_left  = MIN_WHEEL_DUTY_L;
 367              		.loc 1 53 0 is_stmt 1
 368 004c BB68     		ldr	r3, [r7, #8]
 369 004e 002B     		cmp	r3, #0
 370 0050 04DD     		ble	.L20
 371              		.loc 1 53 0 is_stmt 0 discriminator 1
 372 0052 BB68     		ldr	r3, [r7, #8]
 373 0054 0E2B     		cmp	r3, #14
 374 0056 01DC     		bgt	.L20
 375              		.loc 1 53 0 discriminator 2
 376 0058 0F23     		movs	r3, #15
 377 005a BB60     		str	r3, [r7, #8]
 378              	.L20:
  54:motor_s.c     ****     }
  55:motor_s.c     **** 
  56:motor_s.c     ****     PWM_1_WriteCompare(duty_to_compare(RIGHT_MOTOR_SIGN * duty_right));
 379              		.loc 1 56 0 is_stmt 1
 380 005c FB68     		ldr	r3, [r7, #12]
 381 005e 5B42     		negs	r3, r3
 382 0060 1846     		mov	r0, r3
 383 0062 FFF7FEFF 		bl	duty_to_compare
 384 0066 0346     		mov	r3, r0
 385 0068 DBB2     		uxtb	r3, r3
 386 006a 1846     		mov	r0, r3
 387 006c FFF7FEFF 		bl	PWM_1_WriteCompare
  57:motor_s.c     ****     PWM_2_WriteCompare(duty_to_compare(LEFT_MOTOR_SIGN  * duty_left ));
 388              		.loc 1 57 0
 389 0070 B868     		ldr	r0, [r7, #8]
 390 0072 FFF7FEFF 		bl	duty_to_compare
 391 0076 0346     		mov	r3, r0
 392 0078 DBB2     		uxtb	r3, r3
 393 007a 1846     		mov	r0, r3
 394 007c FFF7FEFF 		bl	PWM_2_WriteCompare
  58:motor_s.c     **** }
 395              		.loc 1 58 0
 396 0080 00BF     		nop
 397 0082 1037     		adds	r7, r7, #16
 398              		.cfi_def_cfa_offset 8
ARM GAS  C:\Users\yram171\AppData\Local\Temp\ccpKfli7.s 			page 9


 399 0084 BD46     		mov	sp, r7
 400              		.cfi_def_cfa_register 13
 401              		@ sp needed
 402 0086 80BD     		pop	{r7, pc}
 403              		.cfi_endproc
 404              	.LFE68:
 405              		.size	set_motors_with_trim_and_steer, .-set_motors_with_trim_and_steer
 406              		.section	.text.Motors_SetPercent,"ax",%progbits
 407              		.align	2
 408              		.global	Motors_SetPercent
 409              		.thumb
 410              		.thumb_func
 411              		.type	Motors_SetPercent, %function
 412              	Motors_SetPercent:
 413              	.LFB69:
  59:motor_s.c     **** 
  60:motor_s.c     **** void Motors_SetPercent(int8_t left_pc, int8_t right_pc) {
 414              		.loc 1 60 0
 415              		.cfi_startproc
 416              		@ args = 0, pretend = 0, frame = 24
 417              		@ frame_needed = 1, uses_anonymous_args = 0
 418 0000 80B5     		push	{r7, lr}
 419              		.cfi_def_cfa_offset 8
 420              		.cfi_offset 7, -8
 421              		.cfi_offset 14, -4
 422 0002 86B0     		sub	sp, sp, #24
 423              		.cfi_def_cfa_offset 32
 424 0004 00AF     		add	r7, sp, #0
 425              		.cfi_def_cfa_register 7
 426 0006 0346     		mov	r3, r0
 427 0008 0A46     		mov	r2, r1
 428 000a FB71     		strb	r3, [r7, #7]
 429 000c 1346     		mov	r3, r2
 430 000e BB71     		strb	r3, [r7, #6]
  61:motor_s.c     ****     int16_t dutyL = (int16_t)left_pc  * LEFT_MOTOR_SIGN;
 431              		.loc 1 61 0
 432 0010 97F90730 		ldrsb	r3, [r7, #7]
 433 0014 FB82     		strh	r3, [r7, #22]	@ movhi
  62:motor_s.c     ****     int16_t dutyR = (int16_t)right_pc * RIGHT_MOTOR_SIGN;
 434              		.loc 1 62 0
 435 0016 97F90630 		ldrsb	r3, [r7, #6]
 436 001a 9BB2     		uxth	r3, r3
 437 001c 5B42     		negs	r3, r3
 438 001e 9BB2     		uxth	r3, r3
 439 0020 BB82     		strh	r3, [r7, #20]	@ movhi
  63:motor_s.c     **** 
  64:motor_s.c     ****     // Convert -100..100% into compare value
  65:motor_s.c     ****     uint16_t period = PWM_1_ReadPeriod();
 440              		.loc 1 65 0
 441 0022 FFF7FEFF 		bl	PWM_1_ReadPeriod
 442 0026 0346     		mov	r3, r0
 443 0028 7B82     		strh	r3, [r7, #18]	@ movhi
  66:motor_s.c     ****     uint16_t cmpL = (period * (100 + dutyL)) / 200;
 444              		.loc 1 66 0
 445 002a 7B8A     		ldrh	r3, [r7, #18]
 446 002c B7F91620 		ldrsh	r2, [r7, #22]
 447 0030 6432     		adds	r2, r2, #100
ARM GAS  C:\Users\yram171\AppData\Local\Temp\ccpKfli7.s 			page 10


 448 0032 02FB03F3 		mul	r3, r2, r3
 449 0036 114A     		ldr	r2, .L23
 450 0038 82FB0312 		smull	r1, r2, r2, r3
 451 003c 9211     		asrs	r2, r2, #6
 452 003e DB17     		asrs	r3, r3, #31
 453 0040 D31A     		subs	r3, r2, r3
 454 0042 3B82     		strh	r3, [r7, #16]	@ movhi
  67:motor_s.c     ****     uint16_t cmpR = (period * (100 + dutyR)) / 200;
 455              		.loc 1 67 0
 456 0044 7B8A     		ldrh	r3, [r7, #18]
 457 0046 B7F91420 		ldrsh	r2, [r7, #20]
 458 004a 6432     		adds	r2, r2, #100
 459 004c 02FB03F3 		mul	r3, r2, r3
 460 0050 0A4A     		ldr	r2, .L23
 461 0052 82FB0312 		smull	r1, r2, r2, r3
 462 0056 9211     		asrs	r2, r2, #6
 463 0058 DB17     		asrs	r3, r3, #31
 464 005a D31A     		subs	r3, r2, r3
 465 005c FB81     		strh	r3, [r7, #14]	@ movhi
  68:motor_s.c     **** 
  69:motor_s.c     ****     PWM_2_WriteCompare(cmpL);
 466              		.loc 1 69 0
 467 005e 3B8A     		ldrh	r3, [r7, #16]	@ movhi
 468 0060 DBB2     		uxtb	r3, r3
 469 0062 1846     		mov	r0, r3
 470 0064 FFF7FEFF 		bl	PWM_2_WriteCompare
  70:motor_s.c     ****     PWM_1_WriteCompare(cmpR);
 471              		.loc 1 70 0
 472 0068 FB89     		ldrh	r3, [r7, #14]	@ movhi
 473 006a DBB2     		uxtb	r3, r3
 474 006c 1846     		mov	r0, r3
 475 006e FFF7FEFF 		bl	PWM_1_WriteCompare
  71:motor_s.c     **** }
 476              		.loc 1 71 0
 477 0072 00BF     		nop
 478 0074 1837     		adds	r7, r7, #24
 479              		.cfi_def_cfa_offset 8
 480 0076 BD46     		mov	sp, r7
 481              		.cfi_def_cfa_register 13
 482              		@ sp needed
 483 0078 80BD     		pop	{r7, pc}
 484              	.L24:
 485 007a 00BF     		.align	2
 486              	.L23:
 487 007c 1F85EB51 		.word	1374389535
 488              		.cfi_endproc
 489              	.LFE69:
 490              		.size	Motors_SetPercent, .-Motors_SetPercent
 491              		.global	__aeabi_i2f
 492              		.global	__aeabi_fmul
 493              		.global	__aeabi_fadd
 494              		.global	__aeabi_fcmpgt
 495              		.global	__aeabi_fcmplt
 496              		.global	__aeabi_f2iz
 497              		.section	.text.dyn_brake_duty,"ax",%progbits
 498              		.align	2
 499              		.global	dyn_brake_duty
ARM GAS  C:\Users\yram171\AppData\Local\Temp\ccpKfli7.s 			page 11


 500              		.thumb
 501              		.thumb_func
 502              		.type	dyn_brake_duty, %function
 503              	dyn_brake_duty:
 504              	.LFB70:
  72:motor_s.c     **** 
  73:motor_s.c     **** int dyn_brake_duty(int32_t v_mm_s_filt){
 505              		.loc 1 73 0
 506              		.cfi_startproc
 507              		@ args = 0, pretend = 0, frame = 16
 508              		@ frame_needed = 1, uses_anonymous_args = 0
 509 0000 80B5     		push	{r7, lr}
 510              		.cfi_def_cfa_offset 8
 511              		.cfi_offset 7, -8
 512              		.cfi_offset 14, -4
 513 0002 84B0     		sub	sp, sp, #16
 514              		.cfi_def_cfa_offset 24
 515 0004 00AF     		add	r7, sp, #0
 516              		.cfi_def_cfa_register 7
 517 0006 7860     		str	r0, [r7, #4]
  74:motor_s.c     ****     /* 속도 크기에 따라 브레이크 듀티 가변 (네 v4 공식 그대로) */
  75:motor_s.c     ****     int32_t spd = (v_mm_s_filt >= 0) ? v_mm_s_filt : -v_mm_s_filt;
 518              		.loc 1 75 0
 519 0008 7B68     		ldr	r3, [r7, #4]
 520 000a 002B     		cmp	r3, #0
 521 000c B8BF     		it	lt
 522 000e 5B42     		rsblt	r3, r3, #0
 523 0010 BB60     		str	r3, [r7, #8]
  76:motor_s.c     ****     float d = (float)BRAKE_DUTY_MIN + BRAKE_DUTY_PER_MM_S * (float)spd;
 524              		.loc 1 76 0
 525 0012 B868     		ldr	r0, [r7, #8]
 526 0014 FFF7FEFF 		bl	__aeabi_i2f
 527 0018 0346     		mov	r3, r0
 528 001a 1649     		ldr	r1, .L33
 529 001c 1846     		mov	r0, r3
 530 001e FFF7FEFF 		bl	__aeabi_fmul
 531 0022 0346     		mov	r3, r0
 532 0024 1449     		ldr	r1, .L33+4
 533 0026 1846     		mov	r0, r3
 534 0028 FFF7FEFF 		bl	__aeabi_fadd
 535 002c 0346     		mov	r3, r0
 536 002e FB60     		str	r3, [r7, #12]	@ float
  77:motor_s.c     ****     if (d > BRAKE_DUTY_MAX) d = BRAKE_DUTY_MAX;
 537              		.loc 1 77 0
 538 0030 1249     		ldr	r1, .L33+8
 539 0032 F868     		ldr	r0, [r7, #12]	@ float
 540 0034 FFF7FEFF 		bl	__aeabi_fcmpgt
 541 0038 0346     		mov	r3, r0
 542 003a 002B     		cmp	r3, #0
 543 003c 01D0     		beq	.L26
 544              		.loc 1 77 0 is_stmt 0 discriminator 1
 545 003e 0F4B     		ldr	r3, .L33+8
 546 0040 FB60     		str	r3, [r7, #12]	@ float
 547              	.L26:
  78:motor_s.c     ****     if (d < 0) d = 0;
 548              		.loc 1 78 0 is_stmt 1
 549 0042 4FF00001 		mov	r1, #0
ARM GAS  C:\Users\yram171\AppData\Local\Temp\ccpKfli7.s 			page 12


 550 0046 F868     		ldr	r0, [r7, #12]	@ float
 551 0048 FFF7FEFF 		bl	__aeabi_fcmplt
 552 004c 0346     		mov	r3, r0
 553 004e 002B     		cmp	r3, #0
 554 0050 02D0     		beq	.L28
 555              		.loc 1 78 0 is_stmt 0 discriminator 1
 556 0052 4FF00003 		mov	r3, #0
 557 0056 FB60     		str	r3, [r7, #12]	@ float
 558              	.L28:
  79:motor_s.c     ****     return (int)(d + 0.5f);
 559              		.loc 1 79 0 is_stmt 1
 560 0058 4FF07C51 		mov	r1, #1056964608
 561 005c F868     		ldr	r0, [r7, #12]	@ float
 562 005e FFF7FEFF 		bl	__aeabi_fadd
 563 0062 0346     		mov	r3, r0
 564 0064 1846     		mov	r0, r3
 565 0066 FFF7FEFF 		bl	__aeabi_f2iz
 566 006a 0346     		mov	r3, r0
  80:motor_s.c     **** }
 567              		.loc 1 80 0
 568 006c 1846     		mov	r0, r3
 569 006e 1037     		adds	r7, r7, #16
 570              		.cfi_def_cfa_offset 8
 571 0070 BD46     		mov	sp, r7
 572              		.cfi_def_cfa_register 13
 573              		@ sp needed
 574 0072 80BD     		pop	{r7, pc}
 575              	.L34:
 576              		.align	2
 577              	.L33:
 578 0074 295C0F3D 		.word	1024416809
 579 0078 0000F041 		.word	1106247680
 580 007c 00005C42 		.word	1113325568
 581              		.cfi_endproc
 582              	.LFE70:
 583              		.size	dyn_brake_duty, .-dyn_brake_duty
 584              		.text
 585              	.Letext0:
 586              		.file 2 "c:\\program files (x86)\\cypress\\psoc creator\\4.2\\psoc creator\\import\\gnu\\arm\\5.4.
 587              		.file 3 "c:\\program files (x86)\\cypress\\psoc creator\\4.2\\psoc creator\\import\\gnu\\arm\\5.4.
 588              		.file 4 "Generated_Source\\PSoC5/cytypes.h"
 589              		.file 5 "Generated_Source\\PSoC5/core_cm3.h"
 590              		.section	.debug_info,"",%progbits
 591              	.Ldebug_info0:
 592 0000 04030000 		.4byte	0x304
 593 0004 0400     		.2byte	0x4
 594 0006 00000000 		.4byte	.Ldebug_abbrev0
 595 000a 04       		.byte	0x4
 596 000b 01       		.uleb128 0x1
 597 000c 23000000 		.4byte	.LASF49
 598 0010 0C       		.byte	0xc
 599 0011 FA000000 		.4byte	.LASF50
 600 0015 24010000 		.4byte	.LASF51
 601 0019 00000000 		.4byte	.Ldebug_ranges0+0
 602 001d 00000000 		.4byte	0
 603 0021 00000000 		.4byte	.Ldebug_line0
 604 0025 02       		.uleb128 0x2
ARM GAS  C:\Users\yram171\AppData\Local\Temp\ccpKfli7.s 			page 13


 605 0026 DB020000 		.4byte	.LASF2
 606 002a 02       		.byte	0x2
 607 002b 1B       		.byte	0x1b
 608 002c 30000000 		.4byte	0x30
 609 0030 03       		.uleb128 0x3
 610 0031 01       		.byte	0x1
 611 0032 06       		.byte	0x6
 612 0033 E4020000 		.4byte	.LASF0
 613 0037 03       		.uleb128 0x3
 614 0038 01       		.byte	0x1
 615 0039 08       		.byte	0x8
 616 003a 89010000 		.4byte	.LASF1
 617 003e 02       		.uleb128 0x2
 618 003f B1000000 		.4byte	.LASF3
 619 0043 02       		.byte	0x2
 620 0044 29       		.byte	0x29
 621 0045 49000000 		.4byte	0x49
 622 0049 03       		.uleb128 0x3
 623 004a 02       		.byte	0x2
 624 004b 05       		.byte	0x5
 625 004c B9020000 		.4byte	.LASF4
 626 0050 02       		.uleb128 0x2
 627 0051 D5010000 		.4byte	.LASF5
 628 0055 02       		.byte	0x2
 629 0056 2B       		.byte	0x2b
 630 0057 5B000000 		.4byte	0x5b
 631 005b 03       		.uleb128 0x3
 632 005c 02       		.byte	0x2
 633 005d 07       		.byte	0x7
 634 005e E7000000 		.4byte	.LASF6
 635 0062 02       		.uleb128 0x2
 636 0063 C8000000 		.4byte	.LASF7
 637 0067 02       		.byte	0x2
 638 0068 3F       		.byte	0x3f
 639 0069 6D000000 		.4byte	0x6d
 640 006d 03       		.uleb128 0x3
 641 006e 04       		.byte	0x4
 642 006f 05       		.byte	0x5
 643 0070 D2020000 		.4byte	.LASF8
 644 0074 03       		.uleb128 0x3
 645 0075 04       		.byte	0x4
 646 0076 07       		.byte	0x7
 647 0077 A2010000 		.4byte	.LASF9
 648 007b 03       		.uleb128 0x3
 649 007c 08       		.byte	0x8
 650 007d 05       		.byte	0x5
 651 007e 00000000 		.4byte	.LASF10
 652 0082 03       		.uleb128 0x3
 653 0083 08       		.byte	0x8
 654 0084 07       		.byte	0x7
 655 0085 0D020000 		.4byte	.LASF11
 656 0089 04       		.uleb128 0x4
 657 008a 04       		.byte	0x4
 658 008b 05       		.byte	0x5
 659 008c 696E7400 		.ascii	"int\000"
 660 0090 03       		.uleb128 0x3
 661 0091 04       		.byte	0x4
ARM GAS  C:\Users\yram171\AppData\Local\Temp\ccpKfli7.s 			page 14


 662 0092 07       		.byte	0x7
 663 0093 00020000 		.4byte	.LASF12
 664 0097 02       		.uleb128 0x2
 665 0098 15010000 		.4byte	.LASF13
 666 009c 03       		.byte	0x3
 667 009d 14       		.byte	0x14
 668 009e 25000000 		.4byte	0x25
 669 00a2 02       		.uleb128 0x2
 670 00a3 3F020000 		.4byte	.LASF14
 671 00a7 03       		.byte	0x3
 672 00a8 20       		.byte	0x20
 673 00a9 3E000000 		.4byte	0x3e
 674 00ad 02       		.uleb128 0x2
 675 00ae C9020000 		.4byte	.LASF15
 676 00b2 03       		.byte	0x3
 677 00b3 24       		.byte	0x24
 678 00b4 50000000 		.4byte	0x50
 679 00b8 02       		.uleb128 0x2
 680 00b9 1C010000 		.4byte	.LASF16
 681 00bd 03       		.byte	0x3
 682 00be 2C       		.byte	0x2c
 683 00bf 62000000 		.4byte	0x62
 684 00c3 05       		.uleb128 0x5
 685 00c4 04010000 		.4byte	.LASF17
 686 00c8 04       		.byte	0x4
 687 00c9 E701     		.2byte	0x1e7
 688 00cb 37000000 		.4byte	0x37
 689 00cf 05       		.uleb128 0x5
 690 00d0 F3010000 		.4byte	.LASF18
 691 00d4 04       		.byte	0x4
 692 00d5 E801     		.2byte	0x1e8
 693 00d7 5B000000 		.4byte	0x5b
 694 00db 05       		.uleb128 0x5
 695 00dc B4010000 		.4byte	.LASF19
 696 00e0 04       		.byte	0x4
 697 00e1 EC01     		.2byte	0x1ec
 698 00e3 6D000000 		.4byte	0x6d
 699 00e7 03       		.uleb128 0x3
 700 00e8 04       		.byte	0x4
 701 00e9 04       		.byte	0x4
 702 00ea 77010000 		.4byte	.LASF20
 703 00ee 03       		.uleb128 0x3
 704 00ef 08       		.byte	0x8
 705 00f0 04       		.byte	0x4
 706 00f1 E0010000 		.4byte	.LASF21
 707 00f5 03       		.uleb128 0x3
 708 00f6 01       		.byte	0x1
 709 00f7 08       		.byte	0x8
 710 00f8 9F020000 		.4byte	.LASF22
 711 00fc 03       		.uleb128 0x3
 712 00fd 08       		.byte	0x8
 713 00fe 04       		.byte	0x4
 714 00ff E7010000 		.4byte	.LASF23
 715 0103 03       		.uleb128 0x3
 716 0104 04       		.byte	0x4
 717 0105 07       		.byte	0x7
 718 0106 7D020000 		.4byte	.LASF24
ARM GAS  C:\Users\yram171\AppData\Local\Temp\ccpKfli7.s 			page 15


 719 010a 06       		.uleb128 0x6
 720 010b D2000000 		.4byte	.LASF25
 721 010f 01       		.byte	0x1
 722 0110 0A       		.byte	0xa
 723 0111 89000000 		.4byte	0x89
 724 0115 00000000 		.4byte	.LFB63
 725 0119 2C000000 		.4byte	.LFE63-.LFB63
 726 011d 01       		.uleb128 0x1
 727 011e 9C       		.byte	0x9c
 728 011f 30010000 		.4byte	0x130
 729 0123 07       		.uleb128 0x7
 730 0124 7800     		.ascii	"x\000"
 731 0126 01       		.byte	0x1
 732 0127 0A       		.byte	0xa
 733 0128 89000000 		.4byte	0x89
 734 012c 02       		.uleb128 0x2
 735 012d 91       		.byte	0x91
 736 012e 74       		.sleb128 -12
 737 012f 00       		.byte	0
 738 0130 06       		.uleb128 0x6
 739 0131 6D020000 		.4byte	.LASF26
 740 0135 01       		.byte	0x1
 741 0136 10       		.byte	0x10
 742 0137 CF000000 		.4byte	0xcf
 743 013b 00000000 		.4byte	.LFB64
 744 013f 48000000 		.4byte	.LFE64-.LFB64
 745 0143 01       		.uleb128 0x1
 746 0144 9C       		.byte	0x9c
 747 0145 56010000 		.4byte	0x156
 748 0149 07       		.uleb128 0x7
 749 014a 7300     		.ascii	"s\000"
 750 014c 01       		.byte	0x1
 751 014d 10       		.byte	0x10
 752 014e 89000000 		.4byte	0x89
 753 0152 02       		.uleb128 0x2
 754 0153 91       		.byte	0x91
 755 0154 74       		.sleb128 -12
 756 0155 00       		.byte	0
 757 0156 08       		.uleb128 0x8
 758 0157 BB000000 		.4byte	.LASF32
 759 015b 01       		.byte	0x1
 760 015c 17       		.byte	0x17
 761 015d 00000000 		.4byte	.LFB65
 762 0161 40000000 		.4byte	.LFE65-.LFB65
 763 0165 01       		.uleb128 0x1
 764 0166 9C       		.byte	0x9c
 765 0167 94010000 		.4byte	0x194
 766 016b 09       		.uleb128 0x9
 767 016c 97010000 		.4byte	.LASF27
 768 0170 01       		.byte	0x1
 769 0171 17       		.byte	0x17
 770 0172 C3000000 		.4byte	0xc3
 771 0176 02       		.uleb128 0x2
 772 0177 91       		.byte	0x91
 773 0178 6F       		.sleb128 -17
 774 0179 09       		.uleb128 0x9
 775 017a 6C010000 		.4byte	.LASF28
ARM GAS  C:\Users\yram171\AppData\Local\Temp\ccpKfli7.s 			page 16


 776 017e 01       		.byte	0x1
 777 017f 17       		.byte	0x17
 778 0180 C3000000 		.4byte	0xc3
 779 0184 02       		.uleb128 0x2
 780 0185 91       		.byte	0x91
 781 0186 6E       		.sleb128 -18
 782 0187 0A       		.uleb128 0xa
 783 0188 7600     		.ascii	"v\000"
 784 018a 01       		.byte	0x1
 785 018b 18       		.byte	0x18
 786 018c C3000000 		.4byte	0xc3
 787 0190 02       		.uleb128 0x2
 788 0191 91       		.byte	0x91
 789 0192 77       		.sleb128 -9
 790 0193 00       		.byte	0
 791 0194 06       		.uleb128 0x6
 792 0195 24020000 		.4byte	.LASF29
 793 0199 01       		.byte	0x1
 794 019a 1F       		.byte	0x1f
 795 019b 89000000 		.4byte	0x89
 796 019f 00000000 		.4byte	.LFB66
 797 01a3 34000000 		.4byte	.LFE66-.LFB66
 798 01a7 01       		.uleb128 0x1
 799 01a8 9C       		.byte	0x9c
 800 01a9 CA010000 		.4byte	0x1ca
 801 01ad 09       		.uleb128 0x9
 802 01ae C3010000 		.4byte	.LASF30
 803 01b2 01       		.byte	0x1
 804 01b3 1F       		.byte	0x1f
 805 01b4 89000000 		.4byte	0x89
 806 01b8 02       		.uleb128 0x2
 807 01b9 91       		.byte	0x91
 808 01ba 6C       		.sleb128 -20
 809 01bb 0B       		.uleb128 0xb
 810 01bc 98020000 		.4byte	.LASF31
 811 01c0 01       		.byte	0x1
 812 01c1 21       		.byte	0x21
 813 01c2 B8000000 		.4byte	0xb8
 814 01c6 02       		.uleb128 0x2
 815 01c7 91       		.byte	0x91
 816 01c8 74       		.sleb128 -12
 817 01c9 00       		.byte	0
 818 01ca 08       		.uleb128 0x8
 819 01cb 0E000000 		.4byte	.LASF33
 820 01cf 01       		.byte	0x1
 821 01d0 25       		.byte	0x25
 822 01d1 00000000 		.4byte	.LFB67
 823 01d5 3E000000 		.4byte	.LFE67-.LFB67
 824 01d9 01       		.uleb128 0x1
 825 01da 9C       		.byte	0x9c
 826 01db EE010000 		.4byte	0x1ee
 827 01df 09       		.uleb128 0x9
 828 01e0 C3010000 		.4byte	.LASF30
 829 01e4 01       		.byte	0x1
 830 01e5 25       		.byte	0x25
 831 01e6 89000000 		.4byte	0x89
 832 01ea 02       		.uleb128 0x2
ARM GAS  C:\Users\yram171\AppData\Local\Temp\ccpKfli7.s 			page 17


 833 01eb 91       		.byte	0x91
 834 01ec 74       		.sleb128 -12
 835 01ed 00       		.byte	0
 836 01ee 08       		.uleb128 0x8
 837 01ef 4E020000 		.4byte	.LASF34
 838 01f3 01       		.byte	0x1
 839 01f4 2B       		.byte	0x2b
 840 01f5 00000000 		.4byte	.LFB68
 841 01f9 88000000 		.4byte	.LFE68-.LFB68
 842 01fd 01       		.uleb128 0x1
 843 01fe 9C       		.byte	0x9c
 844 01ff 3C020000 		.4byte	0x23c
 845 0203 09       		.uleb128 0x9
 846 0204 7D010000 		.4byte	.LASF35
 847 0208 01       		.byte	0x1
 848 0209 2B       		.byte	0x2b
 849 020a 89000000 		.4byte	0x89
 850 020e 02       		.uleb128 0x2
 851 020f 91       		.byte	0x91
 852 0210 6C       		.sleb128 -20
 853 0211 09       		.uleb128 0x9
 854 0212 FA010000 		.4byte	.LASF36
 855 0216 01       		.byte	0x1
 856 0217 2B       		.byte	0x2b
 857 0218 89000000 		.4byte	0x89
 858 021c 02       		.uleb128 0x2
 859 021d 91       		.byte	0x91
 860 021e 68       		.sleb128 -24
 861 021f 0B       		.uleb128 0xb
 862 0220 0A010000 		.4byte	.LASF37
 863 0224 01       		.byte	0x1
 864 0225 2C       		.byte	0x2c
 865 0226 89000000 		.4byte	0x89
 866 022a 02       		.uleb128 0x2
 867 022b 91       		.byte	0x91
 868 022c 74       		.sleb128 -12
 869 022d 0B       		.uleb128 0xb
 870 022e 35020000 		.4byte	.LASF38
 871 0232 01       		.byte	0x1
 872 0233 2D       		.byte	0x2d
 873 0234 89000000 		.4byte	0x89
 874 0238 02       		.uleb128 0x2
 875 0239 91       		.byte	0x91
 876 023a 70       		.sleb128 -16
 877 023b 00       		.byte	0
 878 023c 08       		.uleb128 0x8
 879 023d 86020000 		.4byte	.LASF39
 880 0241 01       		.byte	0x1
 881 0242 3C       		.byte	0x3c
 882 0243 00000000 		.4byte	.LFB69
 883 0247 80000000 		.4byte	.LFE69-.LFB69
 884 024b 01       		.uleb128 0x1
 885 024c 9C       		.byte	0x9c
 886 024d B4020000 		.4byte	0x2b4
 887 0251 09       		.uleb128 0x9
 888 0252 F5020000 		.4byte	.LASF40
 889 0256 01       		.byte	0x1
ARM GAS  C:\Users\yram171\AppData\Local\Temp\ccpKfli7.s 			page 18


 890 0257 3C       		.byte	0x3c
 891 0258 97000000 		.4byte	0x97
 892 025c 02       		.uleb128 0x2
 893 025d 91       		.byte	0x91
 894 025e 67       		.sleb128 -25
 895 025f 09       		.uleb128 0x9
 896 0260 BA010000 		.4byte	.LASF41
 897 0264 01       		.byte	0x1
 898 0265 3C       		.byte	0x3c
 899 0266 97000000 		.4byte	0x97
 900 026a 02       		.uleb128 0x2
 901 026b 91       		.byte	0x91
 902 026c 66       		.sleb128 -26
 903 026d 0B       		.uleb128 0xb
 904 026e A4020000 		.4byte	.LASF42
 905 0272 01       		.byte	0x1
 906 0273 3D       		.byte	0x3d
 907 0274 A2000000 		.4byte	0xa2
 908 0278 02       		.uleb128 0x2
 909 0279 91       		.byte	0x91
 910 027a 76       		.sleb128 -10
 911 027b 0B       		.uleb128 0xb
 912 027c C3020000 		.4byte	.LASF43
 913 0280 01       		.byte	0x1
 914 0281 3E       		.byte	0x3e
 915 0282 A2000000 		.4byte	0xa2
 916 0286 02       		.uleb128 0x2
 917 0287 91       		.byte	0x91
 918 0288 74       		.sleb128 -12
 919 0289 0B       		.uleb128 0xb
 920 028a 47020000 		.4byte	.LASF44
 921 028e 01       		.byte	0x1
 922 028f 41       		.byte	0x41
 923 0290 AD000000 		.4byte	0xad
 924 0294 02       		.uleb128 0x2
 925 0295 91       		.byte	0x91
 926 0296 72       		.sleb128 -14
 927 0297 0B       		.uleb128 0xb
 928 0298 F0020000 		.4byte	.LASF45
 929 029c 01       		.byte	0x1
 930 029d 42       		.byte	0x42
 931 029e AD000000 		.4byte	0xad
 932 02a2 02       		.uleb128 0x2
 933 02a3 91       		.byte	0x91
 934 02a4 70       		.sleb128 -16
 935 02a5 0B       		.uleb128 0xb
 936 02a6 FD020000 		.4byte	.LASF46
 937 02aa 01       		.byte	0x1
 938 02ab 43       		.byte	0x43
 939 02ac AD000000 		.4byte	0xad
 940 02b0 02       		.uleb128 0x2
 941 02b1 91       		.byte	0x91
 942 02b2 6E       		.sleb128 -18
 943 02b3 00       		.byte	0
 944 02b4 0C       		.uleb128 0xc
 945 02b5 AA020000 		.4byte	.LASF47
 946 02b9 01       		.byte	0x1
ARM GAS  C:\Users\yram171\AppData\Local\Temp\ccpKfli7.s 			page 19


 947 02ba 49       		.byte	0x49
 948 02bb 89000000 		.4byte	0x89
 949 02bf 00000000 		.4byte	.LFB70
 950 02c3 80000000 		.4byte	.LFE70-.LFB70
 951 02c7 01       		.uleb128 0x1
 952 02c8 9C       		.byte	0x9c
 953 02c9 F6020000 		.4byte	0x2f6
 954 02cd 09       		.uleb128 0x9
 955 02ce DB000000 		.4byte	.LASF48
 956 02d2 01       		.byte	0x1
 957 02d3 49       		.byte	0x49
 958 02d4 B8000000 		.4byte	0xb8
 959 02d8 02       		.uleb128 0x2
 960 02d9 91       		.byte	0x91
 961 02da 6C       		.sleb128 -20
 962 02db 0A       		.uleb128 0xa
 963 02dc 73706400 		.ascii	"spd\000"
 964 02e0 01       		.byte	0x1
 965 02e1 4B       		.byte	0x4b
 966 02e2 B8000000 		.4byte	0xb8
 967 02e6 02       		.uleb128 0x2
 968 02e7 91       		.byte	0x91
 969 02e8 70       		.sleb128 -16
 970 02e9 0A       		.uleb128 0xa
 971 02ea 6400     		.ascii	"d\000"
 972 02ec 01       		.byte	0x1
 973 02ed 4C       		.byte	0x4c
 974 02ee E7000000 		.4byte	0xe7
 975 02f2 02       		.uleb128 0x2
 976 02f3 91       		.byte	0x91
 977 02f4 74       		.sleb128 -12
 978 02f5 00       		.byte	0
 979 02f6 0D       		.uleb128 0xd
 980 02f7 C8010000 		.4byte	.LASF52
 981 02fb 05       		.byte	0x5
 982 02fc 1207     		.2byte	0x712
 983 02fe 02030000 		.4byte	0x302
 984 0302 0E       		.uleb128 0xe
 985 0303 B8000000 		.4byte	0xb8
 986 0307 00       		.byte	0
 987              		.section	.debug_abbrev,"",%progbits
 988              	.Ldebug_abbrev0:
 989 0000 01       		.uleb128 0x1
 990 0001 11       		.uleb128 0x11
 991 0002 01       		.byte	0x1
 992 0003 25       		.uleb128 0x25
 993 0004 0E       		.uleb128 0xe
 994 0005 13       		.uleb128 0x13
 995 0006 0B       		.uleb128 0xb
 996 0007 03       		.uleb128 0x3
 997 0008 0E       		.uleb128 0xe
 998 0009 1B       		.uleb128 0x1b
 999 000a 0E       		.uleb128 0xe
 1000 000b 55       		.uleb128 0x55
 1001 000c 17       		.uleb128 0x17
 1002 000d 11       		.uleb128 0x11
 1003 000e 01       		.uleb128 0x1
ARM GAS  C:\Users\yram171\AppData\Local\Temp\ccpKfli7.s 			page 20


 1004 000f 10       		.uleb128 0x10
 1005 0010 17       		.uleb128 0x17
 1006 0011 00       		.byte	0
 1007 0012 00       		.byte	0
 1008 0013 02       		.uleb128 0x2
 1009 0014 16       		.uleb128 0x16
 1010 0015 00       		.byte	0
 1011 0016 03       		.uleb128 0x3
 1012 0017 0E       		.uleb128 0xe
 1013 0018 3A       		.uleb128 0x3a
 1014 0019 0B       		.uleb128 0xb
 1015 001a 3B       		.uleb128 0x3b
 1016 001b 0B       		.uleb128 0xb
 1017 001c 49       		.uleb128 0x49
 1018 001d 13       		.uleb128 0x13
 1019 001e 00       		.byte	0
 1020 001f 00       		.byte	0
 1021 0020 03       		.uleb128 0x3
 1022 0021 24       		.uleb128 0x24
 1023 0022 00       		.byte	0
 1024 0023 0B       		.uleb128 0xb
 1025 0024 0B       		.uleb128 0xb
 1026 0025 3E       		.uleb128 0x3e
 1027 0026 0B       		.uleb128 0xb
 1028 0027 03       		.uleb128 0x3
 1029 0028 0E       		.uleb128 0xe
 1030 0029 00       		.byte	0
 1031 002a 00       		.byte	0
 1032 002b 04       		.uleb128 0x4
 1033 002c 24       		.uleb128 0x24
 1034 002d 00       		.byte	0
 1035 002e 0B       		.uleb128 0xb
 1036 002f 0B       		.uleb128 0xb
 1037 0030 3E       		.uleb128 0x3e
 1038 0031 0B       		.uleb128 0xb
 1039 0032 03       		.uleb128 0x3
 1040 0033 08       		.uleb128 0x8
 1041 0034 00       		.byte	0
 1042 0035 00       		.byte	0
 1043 0036 05       		.uleb128 0x5
 1044 0037 16       		.uleb128 0x16
 1045 0038 00       		.byte	0
 1046 0039 03       		.uleb128 0x3
 1047 003a 0E       		.uleb128 0xe
 1048 003b 3A       		.uleb128 0x3a
 1049 003c 0B       		.uleb128 0xb
 1050 003d 3B       		.uleb128 0x3b
 1051 003e 05       		.uleb128 0x5
 1052 003f 49       		.uleb128 0x49
 1053 0040 13       		.uleb128 0x13
 1054 0041 00       		.byte	0
 1055 0042 00       		.byte	0
 1056 0043 06       		.uleb128 0x6
 1057 0044 2E       		.uleb128 0x2e
 1058 0045 01       		.byte	0x1
 1059 0046 3F       		.uleb128 0x3f
 1060 0047 19       		.uleb128 0x19
ARM GAS  C:\Users\yram171\AppData\Local\Temp\ccpKfli7.s 			page 21


 1061 0048 03       		.uleb128 0x3
 1062 0049 0E       		.uleb128 0xe
 1063 004a 3A       		.uleb128 0x3a
 1064 004b 0B       		.uleb128 0xb
 1065 004c 3B       		.uleb128 0x3b
 1066 004d 0B       		.uleb128 0xb
 1067 004e 27       		.uleb128 0x27
 1068 004f 19       		.uleb128 0x19
 1069 0050 49       		.uleb128 0x49
 1070 0051 13       		.uleb128 0x13
 1071 0052 11       		.uleb128 0x11
 1072 0053 01       		.uleb128 0x1
 1073 0054 12       		.uleb128 0x12
 1074 0055 06       		.uleb128 0x6
 1075 0056 40       		.uleb128 0x40
 1076 0057 18       		.uleb128 0x18
 1077 0058 9742     		.uleb128 0x2117
 1078 005a 19       		.uleb128 0x19
 1079 005b 01       		.uleb128 0x1
 1080 005c 13       		.uleb128 0x13
 1081 005d 00       		.byte	0
 1082 005e 00       		.byte	0
 1083 005f 07       		.uleb128 0x7
 1084 0060 05       		.uleb128 0x5
 1085 0061 00       		.byte	0
 1086 0062 03       		.uleb128 0x3
 1087 0063 08       		.uleb128 0x8
 1088 0064 3A       		.uleb128 0x3a
 1089 0065 0B       		.uleb128 0xb
 1090 0066 3B       		.uleb128 0x3b
 1091 0067 0B       		.uleb128 0xb
 1092 0068 49       		.uleb128 0x49
 1093 0069 13       		.uleb128 0x13
 1094 006a 02       		.uleb128 0x2
 1095 006b 18       		.uleb128 0x18
 1096 006c 00       		.byte	0
 1097 006d 00       		.byte	0
 1098 006e 08       		.uleb128 0x8
 1099 006f 2E       		.uleb128 0x2e
 1100 0070 01       		.byte	0x1
 1101 0071 3F       		.uleb128 0x3f
 1102 0072 19       		.uleb128 0x19
 1103 0073 03       		.uleb128 0x3
 1104 0074 0E       		.uleb128 0xe
 1105 0075 3A       		.uleb128 0x3a
 1106 0076 0B       		.uleb128 0xb
 1107 0077 3B       		.uleb128 0x3b
 1108 0078 0B       		.uleb128 0xb
 1109 0079 27       		.uleb128 0x27
 1110 007a 19       		.uleb128 0x19
 1111 007b 11       		.uleb128 0x11
 1112 007c 01       		.uleb128 0x1
 1113 007d 12       		.uleb128 0x12
 1114 007e 06       		.uleb128 0x6
 1115 007f 40       		.uleb128 0x40
 1116 0080 18       		.uleb128 0x18
 1117 0081 9642     		.uleb128 0x2116
ARM GAS  C:\Users\yram171\AppData\Local\Temp\ccpKfli7.s 			page 22


 1118 0083 19       		.uleb128 0x19
 1119 0084 01       		.uleb128 0x1
 1120 0085 13       		.uleb128 0x13
 1121 0086 00       		.byte	0
 1122 0087 00       		.byte	0
 1123 0088 09       		.uleb128 0x9
 1124 0089 05       		.uleb128 0x5
 1125 008a 00       		.byte	0
 1126 008b 03       		.uleb128 0x3
 1127 008c 0E       		.uleb128 0xe
 1128 008d 3A       		.uleb128 0x3a
 1129 008e 0B       		.uleb128 0xb
 1130 008f 3B       		.uleb128 0x3b
 1131 0090 0B       		.uleb128 0xb
 1132 0091 49       		.uleb128 0x49
 1133 0092 13       		.uleb128 0x13
 1134 0093 02       		.uleb128 0x2
 1135 0094 18       		.uleb128 0x18
 1136 0095 00       		.byte	0
 1137 0096 00       		.byte	0
 1138 0097 0A       		.uleb128 0xa
 1139 0098 34       		.uleb128 0x34
 1140 0099 00       		.byte	0
 1141 009a 03       		.uleb128 0x3
 1142 009b 08       		.uleb128 0x8
 1143 009c 3A       		.uleb128 0x3a
 1144 009d 0B       		.uleb128 0xb
 1145 009e 3B       		.uleb128 0x3b
 1146 009f 0B       		.uleb128 0xb
 1147 00a0 49       		.uleb128 0x49
 1148 00a1 13       		.uleb128 0x13
 1149 00a2 02       		.uleb128 0x2
 1150 00a3 18       		.uleb128 0x18
 1151 00a4 00       		.byte	0
 1152 00a5 00       		.byte	0
 1153 00a6 0B       		.uleb128 0xb
 1154 00a7 34       		.uleb128 0x34
 1155 00a8 00       		.byte	0
 1156 00a9 03       		.uleb128 0x3
 1157 00aa 0E       		.uleb128 0xe
 1158 00ab 3A       		.uleb128 0x3a
 1159 00ac 0B       		.uleb128 0xb
 1160 00ad 3B       		.uleb128 0x3b
 1161 00ae 0B       		.uleb128 0xb
 1162 00af 49       		.uleb128 0x49
 1163 00b0 13       		.uleb128 0x13
 1164 00b1 02       		.uleb128 0x2
 1165 00b2 18       		.uleb128 0x18
 1166 00b3 00       		.byte	0
 1167 00b4 00       		.byte	0
 1168 00b5 0C       		.uleb128 0xc
 1169 00b6 2E       		.uleb128 0x2e
 1170 00b7 01       		.byte	0x1
 1171 00b8 3F       		.uleb128 0x3f
 1172 00b9 19       		.uleb128 0x19
 1173 00ba 03       		.uleb128 0x3
 1174 00bb 0E       		.uleb128 0xe
ARM GAS  C:\Users\yram171\AppData\Local\Temp\ccpKfli7.s 			page 23


 1175 00bc 3A       		.uleb128 0x3a
 1176 00bd 0B       		.uleb128 0xb
 1177 00be 3B       		.uleb128 0x3b
 1178 00bf 0B       		.uleb128 0xb
 1179 00c0 27       		.uleb128 0x27
 1180 00c1 19       		.uleb128 0x19
 1181 00c2 49       		.uleb128 0x49
 1182 00c3 13       		.uleb128 0x13
 1183 00c4 11       		.uleb128 0x11
 1184 00c5 01       		.uleb128 0x1
 1185 00c6 12       		.uleb128 0x12
 1186 00c7 06       		.uleb128 0x6
 1187 00c8 40       		.uleb128 0x40
 1188 00c9 18       		.uleb128 0x18
 1189 00ca 9642     		.uleb128 0x2116
 1190 00cc 19       		.uleb128 0x19
 1191 00cd 01       		.uleb128 0x1
 1192 00ce 13       		.uleb128 0x13
 1193 00cf 00       		.byte	0
 1194 00d0 00       		.byte	0
 1195 00d1 0D       		.uleb128 0xd
 1196 00d2 34       		.uleb128 0x34
 1197 00d3 00       		.byte	0
 1198 00d4 03       		.uleb128 0x3
 1199 00d5 0E       		.uleb128 0xe
 1200 00d6 3A       		.uleb128 0x3a
 1201 00d7 0B       		.uleb128 0xb
 1202 00d8 3B       		.uleb128 0x3b
 1203 00d9 05       		.uleb128 0x5
 1204 00da 49       		.uleb128 0x49
 1205 00db 13       		.uleb128 0x13
 1206 00dc 3F       		.uleb128 0x3f
 1207 00dd 19       		.uleb128 0x19
 1208 00de 3C       		.uleb128 0x3c
 1209 00df 19       		.uleb128 0x19
 1210 00e0 00       		.byte	0
 1211 00e1 00       		.byte	0
 1212 00e2 0E       		.uleb128 0xe
 1213 00e3 35       		.uleb128 0x35
 1214 00e4 00       		.byte	0
 1215 00e5 49       		.uleb128 0x49
 1216 00e6 13       		.uleb128 0x13
 1217 00e7 00       		.byte	0
 1218 00e8 00       		.byte	0
 1219 00e9 00       		.byte	0
 1220              		.section	.debug_aranges,"",%progbits
 1221 0000 54000000 		.4byte	0x54
 1222 0004 0200     		.2byte	0x2
 1223 0006 00000000 		.4byte	.Ldebug_info0
 1224 000a 04       		.byte	0x4
 1225 000b 00       		.byte	0
 1226 000c 0000     		.2byte	0
 1227 000e 0000     		.2byte	0
 1228 0010 00000000 		.4byte	.LFB63
 1229 0014 2C000000 		.4byte	.LFE63-.LFB63
 1230 0018 00000000 		.4byte	.LFB64
 1231 001c 48000000 		.4byte	.LFE64-.LFB64
ARM GAS  C:\Users\yram171\AppData\Local\Temp\ccpKfli7.s 			page 24


 1232 0020 00000000 		.4byte	.LFB65
 1233 0024 40000000 		.4byte	.LFE65-.LFB65
 1234 0028 00000000 		.4byte	.LFB66
 1235 002c 34000000 		.4byte	.LFE66-.LFB66
 1236 0030 00000000 		.4byte	.LFB67
 1237 0034 3E000000 		.4byte	.LFE67-.LFB67
 1238 0038 00000000 		.4byte	.LFB68
 1239 003c 88000000 		.4byte	.LFE68-.LFB68
 1240 0040 00000000 		.4byte	.LFB69
 1241 0044 80000000 		.4byte	.LFE69-.LFB69
 1242 0048 00000000 		.4byte	.LFB70
 1243 004c 80000000 		.4byte	.LFE70-.LFB70
 1244 0050 00000000 		.4byte	0
 1245 0054 00000000 		.4byte	0
 1246              		.section	.debug_ranges,"",%progbits
 1247              	.Ldebug_ranges0:
 1248 0000 00000000 		.4byte	.LFB63
 1249 0004 2C000000 		.4byte	.LFE63
 1250 0008 00000000 		.4byte	.LFB64
 1251 000c 48000000 		.4byte	.LFE64
 1252 0010 00000000 		.4byte	.LFB65
 1253 0014 40000000 		.4byte	.LFE65
 1254 0018 00000000 		.4byte	.LFB66
 1255 001c 34000000 		.4byte	.LFE66
 1256 0020 00000000 		.4byte	.LFB67
 1257 0024 3E000000 		.4byte	.LFE67
 1258 0028 00000000 		.4byte	.LFB68
 1259 002c 88000000 		.4byte	.LFE68
 1260 0030 00000000 		.4byte	.LFB69
 1261 0034 80000000 		.4byte	.LFE69
 1262 0038 00000000 		.4byte	.LFB70
 1263 003c 80000000 		.4byte	.LFE70
 1264 0040 00000000 		.4byte	0
 1265 0044 00000000 		.4byte	0
 1266              		.section	.debug_line,"",%progbits
 1267              	.Ldebug_line0:
 1268 0000 49020000 		.section	.debug_str,"MS",%progbits,1
 1268      02004F01 
 1268      00000201 
 1268      FB0E0D00 
 1268      01010101 
 1269              	.LASF10:
 1270 0000 6C6F6E67 		.ascii	"long long int\000"
 1270      206C6F6E 
 1270      6720696E 
 1270      7400
 1271              	.LASF33:
 1272 000e 7365745F 		.ascii	"set_motors_symmetric\000"
 1272      6D6F746F 
 1272      72735F73 
 1272      796D6D65 
 1272      74726963 
 1273              	.LASF49:
 1274 0023 474E5520 		.ascii	"GNU C11 5.4.1 20160609 (release) [ARM/embedded-5-br"
 1274      43313120 
 1274      352E342E 
 1274      31203230 
ARM GAS  C:\Users\yram171\AppData\Local\Temp\ccpKfli7.s 			page 25


 1274      31363036 
 1275 0056 616E6368 		.ascii	"anch revision 237715] -mcpu=cortex-m3 -mthumb -g -O"
 1275      20726576 
 1275      6973696F 
 1275      6E203233 
 1275      37373135 
 1276 0089 30202D66 		.ascii	"0 -ffunction-sections -ffat-lto-objects\000"
 1276      66756E63 
 1276      74696F6E 
 1276      2D736563 
 1276      74696F6E 
 1277              	.LASF3:
 1278 00b1 5F5F696E 		.ascii	"__int16_t\000"
 1278      7431365F 
 1278      7400
 1279              	.LASF32:
 1280 00bb 6D6F746F 		.ascii	"motor_enable\000"
 1280      725F656E 
 1280      61626C65 
 1280      00
 1281              	.LASF7:
 1282 00c8 5F5F696E 		.ascii	"__int32_t\000"
 1282      7433325F 
 1282      7400
 1283              	.LASF25:
 1284 00d2 636C616D 		.ascii	"clamp100\000"
 1284      70313030 
 1284      00
 1285              	.LASF48:
 1286 00db 765F6D6D 		.ascii	"v_mm_s_filt\000"
 1286      5F735F66 
 1286      696C7400 
 1287              	.LASF6:
 1288 00e7 73686F72 		.ascii	"short unsigned int\000"
 1288      7420756E 
 1288      7369676E 
 1288      65642069 
 1288      6E7400
 1289              	.LASF50:
 1290 00fa 6D6F746F 		.ascii	"motor_s.c\000"
 1290      725F732E 
 1290      6300
 1291              	.LASF17:
 1292 0104 75696E74 		.ascii	"uint8\000"
 1292      3800
 1293              	.LASF37:
 1294 010a 64757479 		.ascii	"duty_right\000"
 1294      5F726967 
 1294      687400
 1295              	.LASF13:
 1296 0115 696E7438 		.ascii	"int8_t\000"
 1296      5F7400
 1297              	.LASF16:
 1298 011c 696E7433 		.ascii	"int32_t\000"
 1298      325F7400 
 1299              	.LASF51:
 1300 0124 433A5C55 		.ascii	"C:\\Users\\yram171\\Downloads\\Compsys-301-CODE\\YA"
ARM GAS  C:\Users\yram171\AppData\Local\Temp\ccpKfli7.s 			page 26


 1300      73657273 
 1300      5C797261 
 1300      6D313731 
 1300      5C446F77 
 1301 0152 53482043 		.ascii	"SH Code\\CS301_Class.cydsn\000"
 1301      6F64655C 
 1301      43533330 
 1301      315F436C 
 1301      6173732E 
 1302              	.LASF28:
 1303 016c 6D325F64 		.ascii	"m2_disable\000"
 1303      69736162 
 1303      6C6500
 1304              	.LASF20:
 1305 0177 666C6F61 		.ascii	"float\000"
 1305      7400
 1306              	.LASF35:
 1307 017d 64757479 		.ascii	"duty_center\000"
 1307      5F63656E 
 1307      74657200 
 1308              	.LASF1:
 1309 0189 756E7369 		.ascii	"unsigned char\000"
 1309      676E6564 
 1309      20636861 
 1309      7200
 1310              	.LASF27:
 1311 0197 6D315F64 		.ascii	"m1_disable\000"
 1311      69736162 
 1311      6C6500
 1312              	.LASF9:
 1313 01a2 6C6F6E67 		.ascii	"long unsigned int\000"
 1313      20756E73 
 1313      69676E65 
 1313      6420696E 
 1313      7400
 1314              	.LASF19:
 1315 01b4 696E7433 		.ascii	"int32\000"
 1315      3200
 1316              	.LASF41:
 1317 01ba 72696768 		.ascii	"right_pc\000"
 1317      745F7063 
 1317      00
 1318              	.LASF30:
 1319 01c3 64757479 		.ascii	"duty\000"
 1319      00
 1320              	.LASF52:
 1321 01c8 49544D5F 		.ascii	"ITM_RxBuffer\000"
 1321      52784275 
 1321      66666572 
 1321      00
 1322              	.LASF5:
 1323 01d5 5F5F7569 		.ascii	"__uint16_t\000"
 1323      6E743136 
 1323      5F7400
 1324              	.LASF21:
 1325 01e0 646F7562 		.ascii	"double\000"
 1325      6C6500
ARM GAS  C:\Users\yram171\AppData\Local\Temp\ccpKfli7.s 			page 27


 1326              	.LASF23:
 1327 01e7 6C6F6E67 		.ascii	"long double\000"
 1327      20646F75 
 1327      626C6500 
 1328              	.LASF18:
 1329 01f3 75696E74 		.ascii	"uint16\000"
 1329      313600
 1330              	.LASF36:
 1331 01fa 73746565 		.ascii	"steer\000"
 1331      7200
 1332              	.LASF12:
 1333 0200 756E7369 		.ascii	"unsigned int\000"
 1333      676E6564 
 1333      20696E74 
 1333      00
 1334              	.LASF11:
 1335 020d 6C6F6E67 		.ascii	"long long unsigned int\000"
 1335      206C6F6E 
 1335      6720756E 
 1335      7369676E 
 1335      65642069 
 1336              	.LASF29:
 1337 0224 6170706C 		.ascii	"apply_right_trim\000"
 1337      795F7269 
 1337      6768745F 
 1337      7472696D 
 1337      00
 1338              	.LASF38:
 1339 0235 64757479 		.ascii	"duty_left\000"
 1339      5F6C6566 
 1339      7400
 1340              	.LASF14:
 1341 023f 696E7431 		.ascii	"int16_t\000"
 1341      365F7400 
 1342              	.LASF44:
 1343 0247 70657269 		.ascii	"period\000"
 1343      6F6400
 1344              	.LASF34:
 1345 024e 7365745F 		.ascii	"set_motors_with_trim_and_steer\000"
 1345      6D6F746F 
 1345      72735F77 
 1345      6974685F 
 1345      7472696D 
 1346              	.LASF26:
 1347 026d 64757479 		.ascii	"duty_to_compare\000"
 1347      5F746F5F 
 1347      636F6D70 
 1347      61726500 
 1348              	.LASF24:
 1349 027d 73697A65 		.ascii	"sizetype\000"
 1349      74797065 
 1349      00
 1350              	.LASF39:
 1351 0286 4D6F746F 		.ascii	"Motors_SetPercent\000"
 1351      72735F53 
 1351      65745065 
 1351      7263656E 
ARM GAS  C:\Users\yram171\AppData\Local\Temp\ccpKfli7.s 			page 28


 1351      7400
 1352              	.LASF31:
 1353 0298 7363616C 		.ascii	"scaled\000"
 1353      656400
 1354              	.LASF22:
 1355 029f 63686172 		.ascii	"char\000"
 1355      00
 1356              	.LASF42:
 1357 02a4 64757479 		.ascii	"dutyL\000"
 1357      4C00
 1358              	.LASF47:
 1359 02aa 64796E5F 		.ascii	"dyn_brake_duty\000"
 1359      6272616B 
 1359      655F6475 
 1359      747900
 1360              	.LASF4:
 1361 02b9 73686F72 		.ascii	"short int\000"
 1361      7420696E 
 1361      7400
 1362              	.LASF43:
 1363 02c3 64757479 		.ascii	"dutyR\000"
 1363      5200
 1364              	.LASF15:
 1365 02c9 75696E74 		.ascii	"uint16_t\000"
 1365      31365F74 
 1365      00
 1366              	.LASF8:
 1367 02d2 6C6F6E67 		.ascii	"long int\000"
 1367      20696E74 
 1367      00
 1368              	.LASF2:
 1369 02db 5F5F696E 		.ascii	"__int8_t\000"
 1369      74385F74 
 1369      00
 1370              	.LASF0:
 1371 02e4 7369676E 		.ascii	"signed char\000"
 1371      65642063 
 1371      68617200 
 1372              	.LASF45:
 1373 02f0 636D704C 		.ascii	"cmpL\000"
 1373      00
 1374              	.LASF40:
 1375 02f5 6C656674 		.ascii	"left_pc\000"
 1375      5F706300 
 1376              	.LASF46:
 1377 02fd 636D7052 		.ascii	"cmpR\000"
 1377      00
 1378              		.ident	"GCC: (GNU Tools for ARM Embedded Processors) 5.4.1 20160609 (release) [ARM/embedded-5-bran
