ARM GAS  C:\Users\ylee818\AppData\Local\Temp\cclqcfDc.s 			page 1


   1              		.syntax unified
   2              		.cpu cortex-m3
   3              		.fpu softvfp
   4              		.eabi_attribute 20, 1
   5              		.eabi_attribute 21, 1
   6              		.eabi_attribute 23, 3
   7              		.eabi_attribute 24, 1
   8              		.eabi_attribute 25, 1
   9              		.eabi_attribute 26, 1
  10              		.eabi_attribute 30, 6
  11              		.eabi_attribute 34, 1
  12              		.eabi_attribute 18, 4
  13              		.thumb
  14              		.syntax unified
  15              		.file	"directions.c"
  16              		.text
  17              	.Ltext0:
  18              		.cfi_sections	.debug_frame
  19              		.data
  20              		.align	2
  21              		.type	TICKS_90_LEFT, %object
  22              		.size	TICKS_90_LEFT, 4
  23              	TICKS_90_LEFT:
  24 0000 5A000000 		.word	90
  25              		.align	2
  26              		.type	TICKS_90_RIGHT, %object
  27              		.size	TICKS_90_RIGHT, 4
  28              	TICKS_90_RIGHT:
  29 0004 5A000000 		.word	90
  30              		.bss
  31              	s_state:
  32 0000 00       		.space	1
  33              	s_turn_side:
  34 0001 00       		.space	1
  35 0002 0000     		.align	2
  36              	s_target_ticks:
  37 0004 00000000 		.space	4
  38              		.align	2
  39              	s_acc_ticks:
  40 0008 00000000 		.space	4
  41              		.align	1
  42              	s_safety_count:
  43 000c 0000     		.space	2
  44              		.section	.text.enc_pause_background,"ax",%progbits
  45              		.align	2
  46              		.thumb
  47              		.thumb_func
  48              		.type	enc_pause_background, %function
  49              	enc_pause_background:
  50              	.LFB63:
  51              		.file 1 "directions.c"
   1:directions.c  **** #include <project.h>
   2:directions.c  **** #include <stdint.h>
   3:directions.c  **** #include <stdbool.h>
   4:directions.c  **** 
   5:directions.c  **** #include "directions.h"
   6:directions.c  **** #include "motor_s.h"     // set_motors_symmetric(), set_motors_with_trim_and_steer(), motor_enable
ARM GAS  C:\Users\ylee818\AppData\Local\Temp\cclqcfDc.s 			page 2


   7:directions.c  **** #include "defines.h"     // your project-wide defines
   8:directions.c  **** 
   9:directions.c  **** /* ===================== Tunables ===================== */
  10:directions.c  **** /* Encoder counts for ~90° pivots (tune on your tape) */
  11:directions.c  **** static volatile int32_t TICKS_90_LEFT  = 90;   /* abs(|ΔL|)+abs(|ΔR|) */
  12:directions.c  **** static volatile int32_t TICKS_90_RIGHT = 90;
  13:directions.c  **** 
  14:directions.c  **** /* Pivot speed (%) — keep modest to avoid overshoot */
  15:directions.c  **** // Side-specific pivot speeds (percent duty)
  16:directions.c  **** #define PIVOT_SPEED_L         28   // left turn speed
  17:directions.c  **** #define PIVOT_SPEED_R         32   // right turn speed
  18:directions.c  **** #define STOP_BEFORE_MS        90
  19:directions.c  **** #define BRAKE_AFTER_MS        90
  20:directions.c  **** 
  21:directions.c  **** /* Safety: max number of handler calls allowed while turning.
  22:directions.c  ****  * With your ~8 ms loop this is ~3.2 s (400 * 8 ms) which is plenty. */
  23:directions.c  **** #define MAX_TURN_HANDLER_TICKS  30
  24:directions.c  **** 
  25:directions.c  **** /* ===================== Internal state ===================== */
  26:directions.c  **** typedef enum {
  27:directions.c  ****     DIR_IDLE = 0,
  28:directions.c  ****     DIR_PREP,
  29:directions.c  ****     DIR_TURNING,
  30:directions.c  ****     DIR_FINISH
  31:directions.c  **** } dir_state_t;
  32:directions.c  **** 
  33:directions.c  **** static dir_state_t s_state = DIR_IDLE;
  34:directions.c  **** static uint8_t     s_turn_side = 0;        /* 1 = left, 2 = right */
  35:directions.c  **** static int32_t     s_target_ticks = 0;     /* goal = ~90° */
  36:directions.c  **** static int32_t     s_acc_ticks    = 0;     /* running sum of |ΔL|+|ΔR| */
  37:directions.c  **** static uint16_t    s_safety_count = 0;
  38:directions.c  **** 
  39:directions.c  **** /* ---------------- Encoder helpers ----------------
  40:directions.c  ****  * We pause your background 5 ms encoder task while we own the counters,
  41:directions.c  ****  * so our deltas don't get zeroed behind our back.
  42:directions.c  ****  */
  43:directions.c  **** static inline void enc_pause_background(void)
  44:directions.c  **** {
  52              		.loc 1 44 0
  53              		.cfi_startproc
  54              		@ args = 0, pretend = 0, frame = 0
  55              		@ frame_needed = 1, uses_anonymous_args = 0
  56              		@ link register save eliminated.
  57 0000 80B4     		push	{r7}
  58              		.cfi_def_cfa_offset 4
  59              		.cfi_offset 7, -4
  60 0002 00AF     		add	r7, sp, #0
  61              		.cfi_def_cfa_register 7
  45:directions.c  **** #if defined(Timer_QD_Stop)
  46:directions.c  ****     Timer_QD_Stop();
  47:directions.c  **** #endif
  48:directions.c  **** #if defined(isr_qd_Disable)
  49:directions.c  ****     isr_qd_Disable();
  50:directions.c  **** #endif
  51:directions.c  **** }
  62              		.loc 1 51 0
  63 0004 00BF     		nop
ARM GAS  C:\Users\ylee818\AppData\Local\Temp\cclqcfDc.s 			page 3


  64 0006 BD46     		mov	sp, r7
  65              		.cfi_def_cfa_register 13
  66              		@ sp needed
  67 0008 80BC     		pop	{r7}
  68              		.cfi_restore 7
  69              		.cfi_def_cfa_offset 0
  70 000a 7047     		bx	lr
  71              		.cfi_endproc
  72              	.LFE63:
  73              		.size	enc_pause_background, .-enc_pause_background
  74              		.section	.text.enc_resume_background,"ax",%progbits
  75              		.align	2
  76              		.thumb
  77              		.thumb_func
  78              		.type	enc_resume_background, %function
  79              	enc_resume_background:
  80              	.LFB64:
  52:directions.c  **** 
  53:directions.c  **** static inline void enc_resume_background(void)
  54:directions.c  **** {
  81              		.loc 1 54 0
  82              		.cfi_startproc
  83              		@ args = 0, pretend = 0, frame = 0
  84              		@ frame_needed = 1, uses_anonymous_args = 0
  85              		@ link register save eliminated.
  86 0000 80B4     		push	{r7}
  87              		.cfi_def_cfa_offset 4
  88              		.cfi_offset 7, -4
  89 0002 00AF     		add	r7, sp, #0
  90              		.cfi_def_cfa_register 7
  55:directions.c  **** #if defined(isr_qd_Enable)
  56:directions.c  ****     isr_qd_Enable();
  57:directions.c  **** #endif
  58:directions.c  **** #if defined(Timer_QD_Start)
  59:directions.c  ****     Timer_QD_Start();
  60:directions.c  **** #endif
  61:directions.c  **** }
  91              		.loc 1 61 0
  92 0004 00BF     		nop
  93 0006 BD46     		mov	sp, r7
  94              		.cfi_def_cfa_register 13
  95              		@ sp needed
  96 0008 80BC     		pop	{r7}
  97              		.cfi_restore 7
  98              		.cfi_def_cfa_offset 0
  99 000a 7047     		bx	lr
 100              		.cfi_endproc
 101              	.LFE64:
 102              		.size	enc_resume_background, .-enc_resume_background
 103              		.section	.text.enc_reset_local,"ax",%progbits
 104              		.align	2
 105              		.thumb
 106              		.thumb_func
 107              		.type	enc_reset_local, %function
 108              	enc_reset_local:
 109              	.LFB65:
  62:directions.c  **** 
ARM GAS  C:\Users\ylee818\AppData\Local\Temp\cclqcfDc.s 			page 4


  63:directions.c  **** static inline void enc_reset_local(void)
  64:directions.c  **** {
 110              		.loc 1 64 0
 111              		.cfi_startproc
 112              		@ args = 0, pretend = 0, frame = 0
 113              		@ frame_needed = 1, uses_anonymous_args = 0
 114              		@ link register save eliminated.
 115 0000 80B4     		push	{r7}
 116              		.cfi_def_cfa_offset 4
 117              		.cfi_offset 7, -4
 118 0002 00AF     		add	r7, sp, #0
 119              		.cfi_def_cfa_register 7
  65:directions.c  **** #if defined(QuadDec_M1_SetCounter) && defined(QuadDec_M2_SetCounter)
  66:directions.c  ****     QuadDec_M1_SetCounter(0);
  67:directions.c  ****     QuadDec_M2_SetCounter(0);
  68:directions.c  **** #endif
  69:directions.c  ****     s_acc_ticks = 0;
 120              		.loc 1 69 0
 121 0004 034B     		ldr	r3, .L4
 122 0006 0022     		movs	r2, #0
 123 0008 1A60     		str	r2, [r3]
  70:directions.c  **** }
 124              		.loc 1 70 0
 125 000a 00BF     		nop
 126 000c BD46     		mov	sp, r7
 127              		.cfi_def_cfa_register 13
 128              		@ sp needed
 129 000e 80BC     		pop	{r7}
 130              		.cfi_restore 7
 131              		.cfi_def_cfa_offset 0
 132 0010 7047     		bx	lr
 133              	.L5:
 134 0012 00BF     		.align	2
 135              	.L4:
 136 0014 08000000 		.word	s_acc_ticks
 137              		.cfi_endproc
 138              	.LFE65:
 139              		.size	enc_reset_local, .-enc_reset_local
 140              		.section	.text.enc_accumulate_now,"ax",%progbits
 141              		.align	2
 142              		.thumb
 143              		.thumb_func
 144              		.type	enc_accumulate_now, %function
 145              	enc_accumulate_now:
 146              	.LFB66:
  71:directions.c  **** 
  72:directions.c  **** /* Accumulate |ΔL| + |ΔR| since last call, then zero counters */
  73:directions.c  **** static inline void enc_accumulate_now(void)
  74:directions.c  **** {
 147              		.loc 1 74 0
 148              		.cfi_startproc
 149              		@ args = 0, pretend = 0, frame = 8
 150              		@ frame_needed = 1, uses_anonymous_args = 0
 151              		@ link register save eliminated.
 152 0000 80B4     		push	{r7}
 153              		.cfi_def_cfa_offset 4
 154              		.cfi_offset 7, -4
ARM GAS  C:\Users\ylee818\AppData\Local\Temp\cclqcfDc.s 			page 5


 155 0002 83B0     		sub	sp, sp, #12
 156              		.cfi_def_cfa_offset 16
 157 0004 00AF     		add	r7, sp, #0
 158              		.cfi_def_cfa_register 7
  75:directions.c  ****     int32_t dL = 0, dR = 0;
 159              		.loc 1 75 0
 160 0006 0023     		movs	r3, #0
 161 0008 7B60     		str	r3, [r7, #4]
 162 000a 0023     		movs	r3, #0
 163 000c 3B60     		str	r3, [r7]
  76:directions.c  **** #if defined(QuadDec_M1_GetCounter) && defined(QuadDec_M2_GetCounter)
  77:directions.c  ****     dL = QuadDec_M1_GetCounter();
  78:directions.c  ****     dR = QuadDec_M2_GetCounter();
  79:directions.c  ****     QuadDec_M1_SetCounter(0);
  80:directions.c  ****     QuadDec_M2_SetCounter(0);
  81:directions.c  **** #endif
  82:directions.c  ****     if (dL < 0) dL = -dL;
 164              		.loc 1 82 0
 165 000e 7B68     		ldr	r3, [r7, #4]
 166 0010 002B     		cmp	r3, #0
 167 0012 02DA     		bge	.L7
 168              		.loc 1 82 0 is_stmt 0 discriminator 1
 169 0014 7B68     		ldr	r3, [r7, #4]
 170 0016 5B42     		negs	r3, r3
 171 0018 7B60     		str	r3, [r7, #4]
 172              	.L7:
  83:directions.c  ****     if (dR < 0) dR = -dR;
 173              		.loc 1 83 0 is_stmt 1
 174 001a 3B68     		ldr	r3, [r7]
 175 001c 002B     		cmp	r3, #0
 176 001e 02DA     		bge	.L8
 177              		.loc 1 83 0 is_stmt 0 discriminator 1
 178 0020 3B68     		ldr	r3, [r7]
 179 0022 5B42     		negs	r3, r3
 180 0024 3B60     		str	r3, [r7]
 181              	.L8:
  84:directions.c  ****     s_acc_ticks += (dL + dR);
 182              		.loc 1 84 0 is_stmt 1
 183 0026 7A68     		ldr	r2, [r7, #4]
 184 0028 3B68     		ldr	r3, [r7]
 185 002a 1A44     		add	r2, r2, r3
 186 002c 044B     		ldr	r3, .L9
 187 002e 1B68     		ldr	r3, [r3]
 188 0030 1344     		add	r3, r3, r2
 189 0032 034A     		ldr	r2, .L9
 190 0034 1360     		str	r3, [r2]
  85:directions.c  **** }
 191              		.loc 1 85 0
 192 0036 00BF     		nop
 193 0038 0C37     		adds	r7, r7, #12
 194              		.cfi_def_cfa_offset 4
 195 003a BD46     		mov	sp, r7
 196              		.cfi_def_cfa_register 13
 197              		@ sp needed
 198 003c 80BC     		pop	{r7}
 199              		.cfi_restore 7
 200              		.cfi_def_cfa_offset 0
ARM GAS  C:\Users\ylee818\AppData\Local\Temp\cclqcfDc.s 			page 6


 201 003e 7047     		bx	lr
 202              	.L10:
 203              		.align	2
 204              	.L9:
 205 0040 08000000 		.word	s_acc_ticks
 206              		.cfi_endproc
 207              	.LFE66:
 208              		.size	enc_accumulate_now, .-enc_accumulate_now
 209              		.section	.text.pivot_left_speed,"ax",%progbits
 210              		.align	2
 211              		.thumb
 212              		.thumb_func
 213              		.type	pivot_left_speed, %function
 214              	pivot_left_speed:
 215              	.LFB67:
  86:directions.c  **** 
  87:directions.c  **** /* ---------------- Motor helpers (spin-in-place) ----------------
  88:directions.c  ****  * If your hardware can’t reverse, change these to skid turns:
  89:directions.c  ****  *  - left:  left=0,  right=+PIVOT_SPEED_PC
  90:directions.c  ****  *  - right: left=+PIVOT_SPEED_PC, right=0
  91:directions.c  ****  */
  92:directions.c  **** static void pivot_left_speed(void)
  93:directions.c  **** {
 216              		.loc 1 93 0
 217              		.cfi_startproc
 218              		@ args = 0, pretend = 0, frame = 24
 219              		@ frame_needed = 1, uses_anonymous_args = 0
 220 0000 80B5     		push	{r7, lr}
 221              		.cfi_def_cfa_offset 8
 222              		.cfi_offset 7, -8
 223              		.cfi_offset 14, -4
 224 0002 86B0     		sub	sp, sp, #24
 225              		.cfi_def_cfa_offset 32
 226 0004 00AF     		add	r7, sp, #0
 227              		.cfi_def_cfa_register 7
  94:directions.c  ****     const int pct = PIVOT_SPEED_L;
 228              		.loc 1 94 0
 229 0006 1C23     		movs	r3, #28
 230 0008 7B61     		str	r3, [r7, #20]
  95:directions.c  ****     int L = -pct;   // reverse
 231              		.loc 1 95 0
 232 000a 7B69     		ldr	r3, [r7, #20]
 233 000c 5B42     		negs	r3, r3
 234 000e 3B61     		str	r3, [r7, #16]
  96:directions.c  ****     int R = +pct;   // forward
 235              		.loc 1 96 0
 236 0010 7B69     		ldr	r3, [r7, #20]
 237 0012 FB60     		str	r3, [r7, #12]
  97:directions.c  ****     int base  = (L + R) / 2;
 238              		.loc 1 97 0
 239 0014 3A69     		ldr	r2, [r7, #16]
 240 0016 FB68     		ldr	r3, [r7, #12]
 241 0018 1344     		add	r3, r3, r2
 242 001a DA0F     		lsrs	r2, r3, #31
 243 001c 1344     		add	r3, r3, r2
 244 001e 5B10     		asrs	r3, r3, #1
 245 0020 BB60     		str	r3, [r7, #8]
ARM GAS  C:\Users\ylee818\AppData\Local\Temp\cclqcfDc.s 			page 7


  98:directions.c  ****     int steer = (R - L) / 2;
 246              		.loc 1 98 0
 247 0022 FA68     		ldr	r2, [r7, #12]
 248 0024 3B69     		ldr	r3, [r7, #16]
 249 0026 D31A     		subs	r3, r2, r3
 250 0028 DA0F     		lsrs	r2, r3, #31
 251 002a 1344     		add	r3, r3, r2
 252 002c 5B10     		asrs	r3, r3, #1
 253 002e 7B60     		str	r3, [r7, #4]
  99:directions.c  ****     set_motors_with_trim_and_steer(base, steer);
 254              		.loc 1 99 0
 255 0030 7968     		ldr	r1, [r7, #4]
 256 0032 B868     		ldr	r0, [r7, #8]
 257 0034 FFF7FEFF 		bl	set_motors_with_trim_and_steer
 100:directions.c  **** }
 258              		.loc 1 100 0
 259 0038 00BF     		nop
 260 003a 1837     		adds	r7, r7, #24
 261              		.cfi_def_cfa_offset 8
 262 003c BD46     		mov	sp, r7
 263              		.cfi_def_cfa_register 13
 264              		@ sp needed
 265 003e 80BD     		pop	{r7, pc}
 266              		.cfi_endproc
 267              	.LFE67:
 268              		.size	pivot_left_speed, .-pivot_left_speed
 269              		.section	.text.pivot_right_speed,"ax",%progbits
 270              		.align	2
 271              		.thumb
 272              		.thumb_func
 273              		.type	pivot_right_speed, %function
 274              	pivot_right_speed:
 275              	.LFB68:
 101:directions.c  **** 
 102:directions.c  **** static void pivot_right_speed(void)
 103:directions.c  **** {
 276              		.loc 1 103 0
 277              		.cfi_startproc
 278              		@ args = 0, pretend = 0, frame = 24
 279              		@ frame_needed = 1, uses_anonymous_args = 0
 280 0000 80B5     		push	{r7, lr}
 281              		.cfi_def_cfa_offset 8
 282              		.cfi_offset 7, -8
 283              		.cfi_offset 14, -4
 284 0002 86B0     		sub	sp, sp, #24
 285              		.cfi_def_cfa_offset 32
 286 0004 00AF     		add	r7, sp, #0
 287              		.cfi_def_cfa_register 7
 104:directions.c  ****     const int pct = PIVOT_SPEED_R;
 288              		.loc 1 104 0
 289 0006 2023     		movs	r3, #32
 290 0008 7B61     		str	r3, [r7, #20]
 105:directions.c  ****     int L = +pct;
 291              		.loc 1 105 0
 292 000a 7B69     		ldr	r3, [r7, #20]
 293 000c 3B61     		str	r3, [r7, #16]
 106:directions.c  ****     int R = -pct;
ARM GAS  C:\Users\ylee818\AppData\Local\Temp\cclqcfDc.s 			page 8


 294              		.loc 1 106 0
 295 000e 7B69     		ldr	r3, [r7, #20]
 296 0010 5B42     		negs	r3, r3
 297 0012 FB60     		str	r3, [r7, #12]
 107:directions.c  ****     int base  = (L + R) / 2;
 298              		.loc 1 107 0
 299 0014 3A69     		ldr	r2, [r7, #16]
 300 0016 FB68     		ldr	r3, [r7, #12]
 301 0018 1344     		add	r3, r3, r2
 302 001a DA0F     		lsrs	r2, r3, #31
 303 001c 1344     		add	r3, r3, r2
 304 001e 5B10     		asrs	r3, r3, #1
 305 0020 BB60     		str	r3, [r7, #8]
 108:directions.c  ****     int steer = (R - L) / 2;
 306              		.loc 1 108 0
 307 0022 FA68     		ldr	r2, [r7, #12]
 308 0024 3B69     		ldr	r3, [r7, #16]
 309 0026 D31A     		subs	r3, r2, r3
 310 0028 DA0F     		lsrs	r2, r3, #31
 311 002a 1344     		add	r3, r3, r2
 312 002c 5B10     		asrs	r3, r3, #1
 313 002e 7B60     		str	r3, [r7, #4]
 109:directions.c  ****     set_motors_with_trim_and_steer(base, steer);
 314              		.loc 1 109 0
 315 0030 7968     		ldr	r1, [r7, #4]
 316 0032 B868     		ldr	r0, [r7, #8]
 317 0034 FFF7FEFF 		bl	set_motors_with_trim_and_steer
 110:directions.c  **** }
 318              		.loc 1 110 0
 319 0038 00BF     		nop
 320 003a 1837     		adds	r7, r7, #24
 321              		.cfi_def_cfa_offset 8
 322 003c BD46     		mov	sp, r7
 323              		.cfi_def_cfa_register 13
 324              		@ sp needed
 325 003e 80BD     		pop	{r7, pc}
 326              		.cfi_endproc
 327              	.LFE68:
 328              		.size	pivot_right_speed, .-pivot_right_speed
 329              		.section	.text.finish_and_release,"ax",%progbits
 330              		.align	2
 331              		.thumb
 332              		.thumb_func
 333              		.type	finish_and_release, %function
 334              	finish_and_release:
 335              	.LFB69:
 111:directions.c  **** 
 112:directions.c  **** 
 113:directions.c  **** /* Ensure we always exit cleanly and release to straight */
 114:directions.c  **** static void finish_and_release(volatile uint8_t* p_dir)
 115:directions.c  **** {
 336              		.loc 1 115 0
 337              		.cfi_startproc
 338              		@ args = 0, pretend = 0, frame = 8
 339              		@ frame_needed = 1, uses_anonymous_args = 0
 340 0000 80B5     		push	{r7, lr}
 341              		.cfi_def_cfa_offset 8
ARM GAS  C:\Users\ylee818\AppData\Local\Temp\cclqcfDc.s 			page 9


 342              		.cfi_offset 7, -8
 343              		.cfi_offset 14, -4
 344 0002 82B0     		sub	sp, sp, #8
 345              		.cfi_def_cfa_offset 16
 346 0004 00AF     		add	r7, sp, #0
 347              		.cfi_def_cfa_register 7
 348 0006 7860     		str	r0, [r7, #4]
 116:directions.c  ****     /* Stop motion and brief brake/coast window */
 117:directions.c  ****     set_motors_symmetric(0);
 349              		.loc 1 117 0
 350 0008 0020     		movs	r0, #0
 351 000a FFF7FEFF 		bl	set_motors_symmetric
 118:directions.c  ****     CyDelay(BRAKE_AFTER_MS);
 352              		.loc 1 118 0
 353 000e 5A20     		movs	r0, #90
 354 0010 FFF7FEFF 		bl	CyDelay
 119:directions.c  **** 
 120:directions.c  ****     /* Give counters back to the background task */
 121:directions.c  ****     enc_resume_background();
 355              		.loc 1 121 0
 356 0014 FFF7FEFF 		bl	enc_resume_background
 122:directions.c  ****     enc_reset_local();
 357              		.loc 1 122 0
 358 0018 FFF7FEFF 		bl	enc_reset_local
 123:directions.c  **** 
 124:directions.c  ****     /* Release to straight and reset our state machine */
 125:directions.c  ****     if (p_dir) *p_dir = 0u;
 359              		.loc 1 125 0
 360 001c 7B68     		ldr	r3, [r7, #4]
 361 001e 002B     		cmp	r3, #0
 362 0020 02D0     		beq	.L14
 363              		.loc 1 125 0 is_stmt 0 discriminator 1
 364 0022 7B68     		ldr	r3, [r7, #4]
 365 0024 0022     		movs	r2, #0
 366 0026 1A70     		strb	r2, [r3]
 367              	.L14:
 126:directions.c  ****     s_state = DIR_IDLE;
 368              		.loc 1 126 0 is_stmt 1
 369 0028 094B     		ldr	r3, .L15
 370 002a 0022     		movs	r2, #0
 371 002c 1A70     		strb	r2, [r3]
 127:directions.c  ****     s_turn_side = 0u;
 372              		.loc 1 127 0
 373 002e 094B     		ldr	r3, .L15+4
 374 0030 0022     		movs	r2, #0
 375 0032 1A70     		strb	r2, [r3]
 128:directions.c  ****     s_target_ticks = 0;
 376              		.loc 1 128 0
 377 0034 084B     		ldr	r3, .L15+8
 378 0036 0022     		movs	r2, #0
 379 0038 1A60     		str	r2, [r3]
 129:directions.c  ****     s_acc_ticks = 0;
 380              		.loc 1 129 0
 381 003a 084B     		ldr	r3, .L15+12
 382 003c 0022     		movs	r2, #0
 383 003e 1A60     		str	r2, [r3]
 130:directions.c  ****     s_safety_count = 0;
ARM GAS  C:\Users\ylee818\AppData\Local\Temp\cclqcfDc.s 			page 10


 384              		.loc 1 130 0
 385 0040 074B     		ldr	r3, .L15+16
 386 0042 0022     		movs	r2, #0
 387 0044 1A80     		strh	r2, [r3]	@ movhi
 131:directions.c  **** }
 388              		.loc 1 131 0
 389 0046 00BF     		nop
 390 0048 0837     		adds	r7, r7, #8
 391              		.cfi_def_cfa_offset 8
 392 004a BD46     		mov	sp, r7
 393              		.cfi_def_cfa_register 13
 394              		@ sp needed
 395 004c 80BD     		pop	{r7, pc}
 396              	.L16:
 397 004e 00BF     		.align	2
 398              	.L15:
 399 0050 00000000 		.word	s_state
 400 0054 01000000 		.word	s_turn_side
 401 0058 04000000 		.word	s_target_ticks
 402 005c 08000000 		.word	s_acc_ticks
 403 0060 0C000000 		.word	s_safety_count
 404              		.cfi_endproc
 405              	.LFE69:
 406              		.size	finish_and_release, .-finish_and_release
 407              		.section	.text.Directions_Init,"ax",%progbits
 408              		.align	2
 409              		.global	Directions_Init
 410              		.thumb
 411              		.thumb_func
 412              		.type	Directions_Init, %function
 413              	Directions_Init:
 414              	.LFB70:
 132:directions.c  **** 
 133:directions.c  **** /* ======================= Public API ======================= */
 134:directions.c  **** 
 135:directions.c  **** void Directions_Init(void)
 136:directions.c  **** {
 415              		.loc 1 136 0
 416              		.cfi_startproc
 417              		@ args = 0, pretend = 0, frame = 0
 418              		@ frame_needed = 1, uses_anonymous_args = 0
 419              		@ link register save eliminated.
 420 0000 80B4     		push	{r7}
 421              		.cfi_def_cfa_offset 4
 422              		.cfi_offset 7, -4
 423 0002 00AF     		add	r7, sp, #0
 424              		.cfi_def_cfa_register 7
 137:directions.c  ****     s_state = DIR_IDLE;
 425              		.loc 1 137 0
 426 0004 094B     		ldr	r3, .L18
 427 0006 0022     		movs	r2, #0
 428 0008 1A70     		strb	r2, [r3]
 138:directions.c  ****     s_turn_side = 0u;
 429              		.loc 1 138 0
 430 000a 094B     		ldr	r3, .L18+4
 431 000c 0022     		movs	r2, #0
 432 000e 1A70     		strb	r2, [r3]
ARM GAS  C:\Users\ylee818\AppData\Local\Temp\cclqcfDc.s 			page 11


 139:directions.c  ****     s_target_ticks = 0;
 433              		.loc 1 139 0
 434 0010 084B     		ldr	r3, .L18+8
 435 0012 0022     		movs	r2, #0
 436 0014 1A60     		str	r2, [r3]
 140:directions.c  ****     s_acc_ticks = 0;
 437              		.loc 1 140 0
 438 0016 084B     		ldr	r3, .L18+12
 439 0018 0022     		movs	r2, #0
 440 001a 1A60     		str	r2, [r3]
 141:directions.c  ****     s_safety_count = 0;
 441              		.loc 1 141 0
 442 001c 074B     		ldr	r3, .L18+16
 443 001e 0022     		movs	r2, #0
 444 0020 1A80     		strh	r2, [r3]	@ movhi
 142:directions.c  **** }
 445              		.loc 1 142 0
 446 0022 00BF     		nop
 447 0024 BD46     		mov	sp, r7
 448              		.cfi_def_cfa_register 13
 449              		@ sp needed
 450 0026 80BC     		pop	{r7}
 451              		.cfi_restore 7
 452              		.cfi_def_cfa_offset 0
 453 0028 7047     		bx	lr
 454              	.L19:
 455 002a 00BF     		.align	2
 456              	.L18:
 457 002c 00000000 		.word	s_state
 458 0030 01000000 		.word	s_turn_side
 459 0034 04000000 		.word	s_target_ticks
 460 0038 08000000 		.word	s_acc_ticks
 461 003c 0C000000 		.word	s_safety_count
 462              		.cfi_endproc
 463              	.LFE70:
 464              		.size	Directions_Init, .-Directions_Init
 465              		.section	.text.Directions_Handle,"ax",%progbits
 466              		.align	2
 467              		.global	Directions_Handle
 468              		.thumb
 469              		.thumb_func
 470              		.type	Directions_Handle, %function
 471              	Directions_Handle:
 472              	.LFB71:
 143:directions.c  **** 
 144:directions.c  **** void Directions_Handle(volatile uint8_t* p_dir)
 145:directions.c  **** {
 473              		.loc 1 145 0
 474              		.cfi_startproc
 475              		@ args = 0, pretend = 0, frame = 16
 476              		@ frame_needed = 1, uses_anonymous_args = 0
 477 0000 80B5     		push	{r7, lr}
 478              		.cfi_def_cfa_offset 8
 479              		.cfi_offset 7, -8
 480              		.cfi_offset 14, -4
 481 0002 84B0     		sub	sp, sp, #16
 482              		.cfi_def_cfa_offset 24
ARM GAS  C:\Users\ylee818\AppData\Local\Temp\cclqcfDc.s 			page 12


 483 0004 00AF     		add	r7, sp, #0
 484              		.cfi_def_cfa_register 7
 485 0006 7860     		str	r0, [r7, #4]
 146:directions.c  ****     const uint8_t req = (p_dir ? *p_dir : 0u);
 486              		.loc 1 146 0
 487 0008 7B68     		ldr	r3, [r7, #4]
 488 000a 002B     		cmp	r3, #0
 489 000c 03D0     		beq	.L21
 490              		.loc 1 146 0 is_stmt 0 discriminator 1
 491 000e 7B68     		ldr	r3, [r7, #4]
 492 0010 1B78     		ldrb	r3, [r3]
 493 0012 DBB2     		uxtb	r3, r3
 494 0014 00E0     		b	.L22
 495              	.L21:
 496              		.loc 1 146 0 discriminator 2
 497 0016 0023     		movs	r3, #0
 498              	.L22:
 499              		.loc 1 146 0 discriminator 4
 500 0018 FB73     		strb	r3, [r7, #15]
 147:directions.c  **** 
 148:directions.c  ****     switch (s_state)
 501              		.loc 1 148 0 is_stmt 1 discriminator 4
 502 001a 324B     		ldr	r3, .L39
 503 001c 1B78     		ldrb	r3, [r3]	@ zero_extendqisi2
 504 001e 022B     		cmp	r3, #2
 505 0020 2ED0     		beq	.L24
 506 0022 032B     		cmp	r3, #3
 507 0024 4FD0     		beq	.L25
 508 0026 002B     		cmp	r3, #0
 509 0028 51D1     		bne	.L36
 149:directions.c  ****     {
 150:directions.c  ****     case DIR_IDLE:
 151:directions.c  ****         if (req == 1u || req == 2u) {
 510              		.loc 1 151 0
 511 002a FB7B     		ldrb	r3, [r7, #15]	@ zero_extendqisi2
 512 002c 012B     		cmp	r3, #1
 513 002e 02D0     		beq	.L27
 514              		.loc 1 151 0 is_stmt 0 discriminator 1
 515 0030 FB7B     		ldrb	r3, [r7, #15]	@ zero_extendqisi2
 516 0032 022B     		cmp	r3, #2
 517 0034 4FD1     		bne	.L37
 518              	.L27:
 152:directions.c  ****             /* Stop, settle, pause encoders, zero counters */
 153:directions.c  ****             set_motors_symmetric(0);
 519              		.loc 1 153 0 is_stmt 1
 520 0036 0020     		movs	r0, #0
 521 0038 FFF7FEFF 		bl	set_motors_symmetric
 154:directions.c  ****             motor_enable(0u, 0u);
 522              		.loc 1 154 0
 523 003c 0021     		movs	r1, #0
 524 003e 0020     		movs	r0, #0
 525 0040 FFF7FEFF 		bl	motor_enable
 155:directions.c  ****             CyDelay(STOP_BEFORE_MS);
 526              		.loc 1 155 0
 527 0044 5A20     		movs	r0, #90
 528 0046 FFF7FEFF 		bl	CyDelay
 156:directions.c  **** 
ARM GAS  C:\Users\ylee818\AppData\Local\Temp\cclqcfDc.s 			page 13


 157:directions.c  ****             enc_pause_background();
 529              		.loc 1 157 0
 530 004a FFF7FEFF 		bl	enc_pause_background
 158:directions.c  ****             enc_reset_local();
 531              		.loc 1 158 0
 532 004e FFF7FEFF 		bl	enc_reset_local
 159:directions.c  **** 
 160:directions.c  ****             s_turn_side = req; /* latch side */
 533              		.loc 1 160 0
 534 0052 254A     		ldr	r2, .L39+4
 535 0054 FB7B     		ldrb	r3, [r7, #15]
 536 0056 1370     		strb	r3, [r2]
 161:directions.c  ****             s_target_ticks = (req == 1u) ? TICKS_90_LEFT : TICKS_90_RIGHT;
 537              		.loc 1 161 0
 538 0058 FB7B     		ldrb	r3, [r7, #15]	@ zero_extendqisi2
 539 005a 012B     		cmp	r3, #1
 540 005c 02D1     		bne	.L29
 541              		.loc 1 161 0 is_stmt 0 discriminator 1
 542 005e 234B     		ldr	r3, .L39+8
 543 0060 1B68     		ldr	r3, [r3]
 544 0062 01E0     		b	.L30
 545              	.L29:
 546              		.loc 1 161 0 discriminator 2
 547 0064 224B     		ldr	r3, .L39+12
 548 0066 1B68     		ldr	r3, [r3]
 549              	.L30:
 550              		.loc 1 161 0 discriminator 4
 551 0068 224A     		ldr	r2, .L39+16
 552 006a 1360     		str	r3, [r2]
 162:directions.c  ****             s_acc_ticks = 0;
 553              		.loc 1 162 0 is_stmt 1 discriminator 4
 554 006c 224B     		ldr	r3, .L39+20
 555 006e 0022     		movs	r2, #0
 556 0070 1A60     		str	r2, [r3]
 163:directions.c  ****             s_safety_count = 0;
 557              		.loc 1 163 0 discriminator 4
 558 0072 224B     		ldr	r3, .L39+24
 559 0074 0022     		movs	r2, #0
 560 0076 1A80     		strh	r2, [r3]	@ movhi
 164:directions.c  ****             s_state = DIR_TURNING;
 561              		.loc 1 164 0 discriminator 4
 562 0078 1A4B     		ldr	r3, .L39
 563 007a 0222     		movs	r2, #2
 564 007c 1A70     		strb	r2, [r3]
 165:directions.c  ****         }
 166:directions.c  ****         break;
 565              		.loc 1 166 0 discriminator 4
 566 007e 2AE0     		b	.L37
 567              	.L24:
 167:directions.c  **** 
 168:directions.c  ****     case DIR_TURNING:
 169:directions.c  ****         /* Drive the pivot */
 170:directions.c  ****         if (s_turn_side == 1u) {
 568              		.loc 1 170 0
 569 0080 194B     		ldr	r3, .L39+4
 570 0082 1B78     		ldrb	r3, [r3]	@ zero_extendqisi2
 571 0084 012B     		cmp	r3, #1
ARM GAS  C:\Users\ylee818\AppData\Local\Temp\cclqcfDc.s 			page 14


 572 0086 02D1     		bne	.L32
 171:directions.c  ****             pivot_left_speed();
 573              		.loc 1 171 0
 574 0088 FFF7FEFF 		bl	pivot_left_speed
 575 008c 01E0     		b	.L33
 576              	.L32:
 172:directions.c  ****         } else {
 173:directions.c  ****             pivot_right_speed();
 577              		.loc 1 173 0
 578 008e FFF7FEFF 		bl	pivot_right_speed
 579              	.L33:
 174:directions.c  ****         }
 175:directions.c  **** 
 176:directions.c  **** 
 177:directions.c  ****         /* Progress + safety */
 178:directions.c  ****         enc_accumulate_now();
 580              		.loc 1 178 0
 581 0092 FFF7FEFF 		bl	enc_accumulate_now
 179:directions.c  ****         if (++s_safety_count > MAX_TURN_HANDLER_TICKS) {
 582              		.loc 1 179 0
 583 0096 194B     		ldr	r3, .L39+24
 584 0098 1B88     		ldrh	r3, [r3]
 585 009a 0133     		adds	r3, r3, #1
 586 009c 9AB2     		uxth	r2, r3
 587 009e 174B     		ldr	r3, .L39+24
 588 00a0 1A80     		strh	r2, [r3]	@ movhi
 589 00a2 164B     		ldr	r3, .L39+24
 590 00a4 1B88     		ldrh	r3, [r3]
 591 00a6 1E2B     		cmp	r3, #30
 592 00a8 03D9     		bls	.L34
 180:directions.c  ****             /* Fail-safe: bail out even if encoders misbehave */
 181:directions.c  ****             finish_and_release(p_dir);
 593              		.loc 1 181 0
 594 00aa 7868     		ldr	r0, [r7, #4]
 595 00ac FFF7FEFF 		bl	finish_and_release
 182:directions.c  ****             break;
 596              		.loc 1 182 0
 597 00b0 14E0     		b	.L31
 598              	.L34:
 183:directions.c  ****         }
 184:directions.c  **** 
 185:directions.c  ****         /* Done? */
 186:directions.c  ****         if (s_acc_ticks >= s_target_ticks) {
 599              		.loc 1 186 0
 600 00b2 114B     		ldr	r3, .L39+20
 601 00b4 1A68     		ldr	r2, [r3]
 602 00b6 0F4B     		ldr	r3, .L39+16
 603 00b8 1B68     		ldr	r3, [r3]
 604 00ba 9A42     		cmp	r2, r3
 605 00bc 0DDB     		blt	.L38
 187:directions.c  ****             s_state = DIR_FINISH;
 606              		.loc 1 187 0
 607 00be 094B     		ldr	r3, .L39
 608 00c0 0322     		movs	r2, #3
 609 00c2 1A70     		strb	r2, [r3]
 188:directions.c  ****         }
 189:directions.c  ****         break;
ARM GAS  C:\Users\ylee818\AppData\Local\Temp\cclqcfDc.s 			page 15


 610              		.loc 1 189 0
 611 00c4 09E0     		b	.L38
 612              	.L25:
 190:directions.c  **** 
 191:directions.c  ****     case DIR_FINISH:
 192:directions.c  ****         /* One last stop; then release to straight */
 193:directions.c  ****         finish_and_release(p_dir);
 613              		.loc 1 193 0
 614 00c6 7868     		ldr	r0, [r7, #4]
 615 00c8 FFF7FEFF 		bl	finish_and_release
 194:directions.c  ****         break;
 616              		.loc 1 194 0
 617 00cc 06E0     		b	.L31
 618              	.L36:
 195:directions.c  **** 
 196:directions.c  ****     default:
 197:directions.c  ****         /* Shouldn’t happen, but recover gracefully */
 198:directions.c  ****         finish_and_release(p_dir);
 619              		.loc 1 198 0
 620 00ce 7868     		ldr	r0, [r7, #4]
 621 00d0 FFF7FEFF 		bl	finish_and_release
 199:directions.c  ****         break;
 622              		.loc 1 199 0
 623 00d4 02E0     		b	.L31
 624              	.L37:
 166:directions.c  **** 
 625              		.loc 1 166 0
 626 00d6 00BF     		nop
 627 00d8 00E0     		b	.L31
 628              	.L38:
 189:directions.c  **** 
 629              		.loc 1 189 0
 630 00da 00BF     		nop
 631              	.L31:
 200:directions.c  ****     }
 201:directions.c  **** }
 632              		.loc 1 201 0
 633 00dc 00BF     		nop
 634 00de 1037     		adds	r7, r7, #16
 635              		.cfi_def_cfa_offset 8
 636 00e0 BD46     		mov	sp, r7
 637              		.cfi_def_cfa_register 13
 638              		@ sp needed
 639 00e2 80BD     		pop	{r7, pc}
 640              	.L40:
 641              		.align	2
 642              	.L39:
 643 00e4 00000000 		.word	s_state
 644 00e8 01000000 		.word	s_turn_side
 645 00ec 00000000 		.word	TICKS_90_LEFT
 646 00f0 04000000 		.word	TICKS_90_RIGHT
 647 00f4 04000000 		.word	s_target_ticks
 648 00f8 08000000 		.word	s_acc_ticks
 649 00fc 0C000000 		.word	s_safety_count
 650              		.cfi_endproc
 651              	.LFE71:
 652              		.size	Directions_Handle, .-Directions_Handle
ARM GAS  C:\Users\ylee818\AppData\Local\Temp\cclqcfDc.s 			page 16


 653              		.text
 654              	.Letext0:
 655              		.file 2 "c:\\program files (x86)\\cypress\\psoc creator\\4.2\\psoc creator\\import\\gnu\\arm\\5.4.
 656              		.file 3 "c:\\program files (x86)\\cypress\\psoc creator\\4.2\\psoc creator\\import\\gnu\\arm\\5.4.
 657              		.file 4 "Generated_Source\\PSoC5/core_cm3.h"
 658              		.section	.debug_info,"",%progbits
 659              	.Ldebug_info0:
 660 0000 14030000 		.4byte	0x314
 661 0004 0400     		.2byte	0x4
 662 0006 00000000 		.4byte	.Ldebug_abbrev0
 663 000a 04       		.byte	0x4
 664 000b 01       		.uleb128 0x1
 665 000c 0A000000 		.4byte	.LASF42
 666 0010 0C       		.byte	0xc
 667 0011 5D010000 		.4byte	.LASF43
 668 0015 B6020000 		.4byte	.LASF44
 669 0019 00000000 		.4byte	.Ldebug_ranges0+0
 670 001d 00000000 		.4byte	0
 671 0021 00000000 		.4byte	.Ldebug_line0
 672 0025 02       		.uleb128 0x2
 673 0026 01       		.byte	0x1
 674 0027 06       		.byte	0x6
 675 0028 A1020000 		.4byte	.LASF0
 676 002c 03       		.uleb128 0x3
 677 002d 00000000 		.4byte	.LASF3
 678 0031 02       		.byte	0x2
 679 0032 1D       		.byte	0x1d
 680 0033 37000000 		.4byte	0x37
 681 0037 02       		.uleb128 0x2
 682 0038 01       		.byte	0x1
 683 0039 08       		.byte	0x8
 684 003a 05010000 		.4byte	.LASF1
 685 003e 02       		.uleb128 0x2
 686 003f 02       		.byte	0x2
 687 0040 05       		.byte	0x5
 688 0041 4E020000 		.4byte	.LASF2
 689 0045 03       		.uleb128 0x3
 690 0046 7C010000 		.4byte	.LASF4
 691 004a 02       		.byte	0x2
 692 004b 2B       		.byte	0x2b
 693 004c 50000000 		.4byte	0x50
 694 0050 02       		.uleb128 0x2
 695 0051 02       		.byte	0x2
 696 0052 07       		.byte	0x7
 697 0053 2F010000 		.4byte	.LASF5
 698 0057 03       		.uleb128 0x3
 699 0058 A7000000 		.4byte	.LASF6
 700 005c 02       		.byte	0x2
 701 005d 3F       		.byte	0x3f
 702 005e 62000000 		.4byte	0x62
 703 0062 02       		.uleb128 0x2
 704 0063 04       		.byte	0x4
 705 0064 05       		.byte	0x5
 706 0065 76020000 		.4byte	.LASF7
 707 0069 02       		.uleb128 0x2
 708 006a 04       		.byte	0x4
 709 006b 07       		.byte	0x7
ARM GAS  C:\Users\ylee818\AppData\Local\Temp\cclqcfDc.s 			page 17


 710 006c 87010000 		.4byte	.LASF8
 711 0070 02       		.uleb128 0x2
 712 0071 08       		.byte	0x8
 713 0072 05       		.byte	0x5
 714 0073 2C020000 		.4byte	.LASF9
 715 0077 02       		.uleb128 0x2
 716 0078 08       		.byte	0x8
 717 0079 07       		.byte	0x7
 718 007a D5010000 		.4byte	.LASF10
 719 007e 04       		.uleb128 0x4
 720 007f 04       		.byte	0x4
 721 0080 05       		.byte	0x5
 722 0081 696E7400 		.ascii	"int\000"
 723 0085 02       		.uleb128 0x2
 724 0086 04       		.byte	0x4
 725 0087 07       		.byte	0x7
 726 0088 B5010000 		.4byte	.LASF11
 727 008c 03       		.uleb128 0x3
 728 008d EC010000 		.4byte	.LASF12
 729 0091 03       		.byte	0x3
 730 0092 18       		.byte	0x18
 731 0093 2C000000 		.4byte	0x2c
 732 0097 03       		.uleb128 0x3
 733 0098 6D020000 		.4byte	.LASF13
 734 009c 03       		.byte	0x3
 735 009d 24       		.byte	0x24
 736 009e 45000000 		.4byte	0x45
 737 00a2 03       		.uleb128 0x3
 738 00a3 D2000000 		.4byte	.LASF14
 739 00a7 03       		.byte	0x3
 740 00a8 2C       		.byte	0x2c
 741 00a9 57000000 		.4byte	0x57
 742 00ad 02       		.uleb128 0x2
 743 00ae 04       		.byte	0x4
 744 00af 04       		.byte	0x4
 745 00b0 EC000000 		.4byte	.LASF15
 746 00b4 02       		.uleb128 0x2
 747 00b5 08       		.byte	0x8
 748 00b6 04       		.byte	0x4
 749 00b7 CB000000 		.4byte	.LASF16
 750 00bb 02       		.uleb128 0x2
 751 00bc 01       		.byte	0x1
 752 00bd 08       		.byte	0x8
 753 00be 49020000 		.4byte	.LASF17
 754 00c2 02       		.uleb128 0x2
 755 00c3 08       		.byte	0x8
 756 00c4 04       		.byte	0x4
 757 00c5 17020000 		.4byte	.LASF18
 758 00c9 02       		.uleb128 0x2
 759 00ca 04       		.byte	0x4
 760 00cb 07       		.byte	0x7
 761 00cc 23020000 		.4byte	.LASF19
 762 00d0 05       		.uleb128 0x5
 763 00d1 8C000000 		.4byte	0x8c
 764 00d5 06       		.uleb128 0x6
 765 00d6 01       		.byte	0x1
 766 00d7 37000000 		.4byte	0x37
ARM GAS  C:\Users\ylee818\AppData\Local\Temp\cclqcfDc.s 			page 18


 767 00db 01       		.byte	0x1
 768 00dc 1A       		.byte	0x1a
 769 00dd FA000000 		.4byte	0xfa
 770 00e1 07       		.uleb128 0x7
 771 00e2 AD020000 		.4byte	.LASF20
 772 00e6 00       		.byte	0
 773 00e7 07       		.uleb128 0x7
 774 00e8 0E020000 		.4byte	.LASF21
 775 00ec 01       		.byte	0x1
 776 00ed 07       		.uleb128 0x7
 777 00ee 7F020000 		.4byte	.LASF22
 778 00f2 02       		.byte	0x2
 779 00f3 07       		.uleb128 0x7
 780 00f4 52010000 		.4byte	.LASF23
 781 00f8 03       		.byte	0x3
 782 00f9 00       		.byte	0
 783 00fa 03       		.uleb128 0x3
 784 00fb BF000000 		.4byte	.LASF24
 785 00ff 01       		.byte	0x1
 786 0100 1F       		.byte	0x1f
 787 0101 D5000000 		.4byte	0xd5
 788 0105 08       		.uleb128 0x8
 789 0106 58020000 		.4byte	.LASF25
 790 010a 01       		.byte	0x1
 791 010b 2B       		.byte	0x2b
 792 010c 00000000 		.4byte	.LFB63
 793 0110 0C000000 		.4byte	.LFE63-.LFB63
 794 0114 01       		.uleb128 0x1
 795 0115 9C       		.byte	0x9c
 796 0116 08       		.uleb128 0x8
 797 0117 8B020000 		.4byte	.LASF26
 798 011b 01       		.byte	0x1
 799 011c 35       		.byte	0x35
 800 011d 00000000 		.4byte	.LFB64
 801 0121 0C000000 		.4byte	.LFE64-.LFB64
 802 0125 01       		.uleb128 0x1
 803 0126 9C       		.byte	0x9c
 804 0127 08       		.uleb128 0x8
 805 0128 48030000 		.4byte	.LASF27
 806 012c 01       		.byte	0x1
 807 012d 3F       		.byte	0x3f
 808 012e 00000000 		.4byte	.LFB65
 809 0132 18000000 		.4byte	.LFE65-.LFB65
 810 0136 01       		.uleb128 0x1
 811 0137 9C       		.byte	0x9c
 812 0138 09       		.uleb128 0x9
 813 0139 F2000000 		.4byte	.LASF28
 814 013d 01       		.byte	0x1
 815 013e 49       		.byte	0x49
 816 013f 00000000 		.4byte	.LFB66
 817 0143 44000000 		.4byte	.LFE66-.LFB66
 818 0147 01       		.uleb128 0x1
 819 0148 9C       		.byte	0x9c
 820 0149 68010000 		.4byte	0x168
 821 014d 0A       		.uleb128 0xa
 822 014e 644C00   		.ascii	"dL\000"
 823 0151 01       		.byte	0x1
ARM GAS  C:\Users\ylee818\AppData\Local\Temp\cclqcfDc.s 			page 19


 824 0152 4B       		.byte	0x4b
 825 0153 A2000000 		.4byte	0xa2
 826 0157 02       		.uleb128 0x2
 827 0158 91       		.byte	0x91
 828 0159 74       		.sleb128 -12
 829 015a 0A       		.uleb128 0xa
 830 015b 645200   		.ascii	"dR\000"
 831 015e 01       		.byte	0x1
 832 015f 4B       		.byte	0x4b
 833 0160 A2000000 		.4byte	0xa2
 834 0164 02       		.uleb128 0x2
 835 0165 91       		.byte	0x91
 836 0166 70       		.sleb128 -16
 837 0167 00       		.byte	0
 838 0168 0B       		.uleb128 0xb
 839 0169 13010000 		.4byte	.LASF29
 840 016d 01       		.byte	0x1
 841 016e 5C       		.byte	0x5c
 842 016f 00000000 		.4byte	.LFB67
 843 0173 40000000 		.4byte	.LFE67-.LFB67
 844 0177 01       		.uleb128 0x1
 845 0178 9C       		.byte	0x9c
 846 0179 C0010000 		.4byte	0x1c0
 847 017d 0A       		.uleb128 0xa
 848 017e 70637400 		.ascii	"pct\000"
 849 0182 01       		.byte	0x1
 850 0183 5E       		.byte	0x5e
 851 0184 C0010000 		.4byte	0x1c0
 852 0188 02       		.uleb128 0x2
 853 0189 91       		.byte	0x91
 854 018a 74       		.sleb128 -12
 855 018b 0A       		.uleb128 0xa
 856 018c 4C00     		.ascii	"L\000"
 857 018e 01       		.byte	0x1
 858 018f 5F       		.byte	0x5f
 859 0190 7E000000 		.4byte	0x7e
 860 0194 02       		.uleb128 0x2
 861 0195 91       		.byte	0x91
 862 0196 70       		.sleb128 -16
 863 0197 0A       		.uleb128 0xa
 864 0198 5200     		.ascii	"R\000"
 865 019a 01       		.byte	0x1
 866 019b 60       		.byte	0x60
 867 019c 7E000000 		.4byte	0x7e
 868 01a0 02       		.uleb128 0x2
 869 01a1 91       		.byte	0x91
 870 01a2 6C       		.sleb128 -20
 871 01a3 0C       		.uleb128 0xc
 872 01a4 2A010000 		.4byte	.LASF30
 873 01a8 01       		.byte	0x1
 874 01a9 61       		.byte	0x61
 875 01aa 7E000000 		.4byte	0x7e
 876 01ae 02       		.uleb128 0x2
 877 01af 91       		.byte	0x91
 878 01b0 68       		.sleb128 -24
 879 01b1 0C       		.uleb128 0xc
 880 01b2 08020000 		.4byte	.LASF31
ARM GAS  C:\Users\ylee818\AppData\Local\Temp\cclqcfDc.s 			page 20


 881 01b6 01       		.byte	0x1
 882 01b7 62       		.byte	0x62
 883 01b8 7E000000 		.4byte	0x7e
 884 01bc 02       		.uleb128 0x2
 885 01bd 91       		.byte	0x91
 886 01be 64       		.sleb128 -28
 887 01bf 00       		.byte	0
 888 01c0 0D       		.uleb128 0xd
 889 01c1 7E000000 		.4byte	0x7e
 890 01c5 0B       		.uleb128 0xb
 891 01c6 6A010000 		.4byte	.LASF32
 892 01ca 01       		.byte	0x1
 893 01cb 66       		.byte	0x66
 894 01cc 00000000 		.4byte	.LFB68
 895 01d0 40000000 		.4byte	.LFE68-.LFB68
 896 01d4 01       		.uleb128 0x1
 897 01d5 9C       		.byte	0x9c
 898 01d6 1D020000 		.4byte	0x21d
 899 01da 0A       		.uleb128 0xa
 900 01db 70637400 		.ascii	"pct\000"
 901 01df 01       		.byte	0x1
 902 01e0 68       		.byte	0x68
 903 01e1 C0010000 		.4byte	0x1c0
 904 01e5 02       		.uleb128 0x2
 905 01e6 91       		.byte	0x91
 906 01e7 74       		.sleb128 -12
 907 01e8 0A       		.uleb128 0xa
 908 01e9 4C00     		.ascii	"L\000"
 909 01eb 01       		.byte	0x1
 910 01ec 69       		.byte	0x69
 911 01ed 7E000000 		.4byte	0x7e
 912 01f1 02       		.uleb128 0x2
 913 01f2 91       		.byte	0x91
 914 01f3 70       		.sleb128 -16
 915 01f4 0A       		.uleb128 0xa
 916 01f5 5200     		.ascii	"R\000"
 917 01f7 01       		.byte	0x1
 918 01f8 6A       		.byte	0x6a
 919 01f9 7E000000 		.4byte	0x7e
 920 01fd 02       		.uleb128 0x2
 921 01fe 91       		.byte	0x91
 922 01ff 6C       		.sleb128 -20
 923 0200 0C       		.uleb128 0xc
 924 0201 2A010000 		.4byte	.LASF30
 925 0205 01       		.byte	0x1
 926 0206 6B       		.byte	0x6b
 927 0207 7E000000 		.4byte	0x7e
 928 020b 02       		.uleb128 0x2
 929 020c 91       		.byte	0x91
 930 020d 68       		.sleb128 -24
 931 020e 0C       		.uleb128 0xc
 932 020f 08020000 		.4byte	.LASF31
 933 0213 01       		.byte	0x1
 934 0214 6C       		.byte	0x6c
 935 0215 7E000000 		.4byte	0x7e
 936 0219 02       		.uleb128 0x2
 937 021a 91       		.byte	0x91
ARM GAS  C:\Users\ylee818\AppData\Local\Temp\cclqcfDc.s 			page 21


 938 021b 64       		.sleb128 -28
 939 021c 00       		.byte	0
 940 021d 0B       		.uleb128 0xb
 941 021e C2010000 		.4byte	.LASF33
 942 0222 01       		.byte	0x1
 943 0223 72       		.byte	0x72
 944 0224 00000000 		.4byte	.LFB69
 945 0228 64000000 		.4byte	.LFE69-.LFB69
 946 022c 01       		.uleb128 0x1
 947 022d 9C       		.byte	0x9c
 948 022e 41020000 		.4byte	0x241
 949 0232 0E       		.uleb128 0xe
 950 0233 24010000 		.4byte	.LASF34
 951 0237 01       		.byte	0x1
 952 0238 72       		.byte	0x72
 953 0239 41020000 		.4byte	0x241
 954 023d 02       		.uleb128 0x2
 955 023e 91       		.byte	0x91
 956 023f 74       		.sleb128 -12
 957 0240 00       		.byte	0
 958 0241 0F       		.uleb128 0xf
 959 0242 04       		.byte	0x4
 960 0243 D0000000 		.4byte	0xd0
 961 0247 10       		.uleb128 0x10
 962 0248 42010000 		.4byte	.LASF45
 963 024c 01       		.byte	0x1
 964 024d 87       		.byte	0x87
 965 024e 00000000 		.4byte	.LFB70
 966 0252 40000000 		.4byte	.LFE70-.LFB70
 967 0256 01       		.uleb128 0x1
 968 0257 9C       		.byte	0x9c
 969 0258 11       		.uleb128 0x11
 970 0259 DA000000 		.4byte	.LASF46
 971 025d 01       		.byte	0x1
 972 025e 90       		.byte	0x90
 973 025f 00000000 		.4byte	.LFB71
 974 0263 00010000 		.4byte	.LFE71-.LFB71
 975 0267 01       		.uleb128 0x1
 976 0268 9C       		.byte	0x9c
 977 0269 8A020000 		.4byte	0x28a
 978 026d 0E       		.uleb128 0xe
 979 026e 24010000 		.4byte	.LASF34
 980 0272 01       		.byte	0x1
 981 0273 90       		.byte	0x90
 982 0274 41020000 		.4byte	0x241
 983 0278 02       		.uleb128 0x2
 984 0279 91       		.byte	0x91
 985 027a 6C       		.sleb128 -20
 986 027b 0A       		.uleb128 0xa
 987 027c 72657100 		.ascii	"req\000"
 988 0280 01       		.byte	0x1
 989 0281 92       		.byte	0x92
 990 0282 8A020000 		.4byte	0x28a
 991 0286 02       		.uleb128 0x2
 992 0287 91       		.byte	0x91
 993 0288 77       		.sleb128 -9
 994 0289 00       		.byte	0
ARM GAS  C:\Users\ylee818\AppData\Local\Temp\cclqcfDc.s 			page 22


 995 028a 0D       		.uleb128 0xd
 996 028b 8C000000 		.4byte	0x8c
 997 028f 0C       		.uleb128 0xc
 998 0290 B1000000 		.4byte	.LASF35
 999 0294 01       		.byte	0x1
 1000 0295 0B       		.byte	0xb
 1001 0296 A0020000 		.4byte	0x2a0
 1002 029a 05       		.uleb128 0x5
 1003 029b 03       		.byte	0x3
 1004 029c 00000000 		.4byte	TICKS_90_LEFT
 1005 02a0 05       		.uleb128 0x5
 1006 02a1 A2000000 		.4byte	0xa2
 1007 02a5 0C       		.uleb128 0xc
 1008 02a6 A6010000 		.4byte	.LASF36
 1009 02aa 01       		.byte	0x1
 1010 02ab 0C       		.byte	0xc
 1011 02ac A0020000 		.4byte	0x2a0
 1012 02b0 05       		.uleb128 0x5
 1013 02b1 03       		.byte	0x3
 1014 02b2 04000000 		.4byte	TICKS_90_RIGHT
 1015 02b6 0C       		.uleb128 0xc
 1016 02b7 00020000 		.4byte	.LASF37
 1017 02bb 01       		.byte	0x1
 1018 02bc 21       		.byte	0x21
 1019 02bd FA000000 		.4byte	0xfa
 1020 02c1 05       		.uleb128 0x5
 1021 02c2 03       		.byte	0x3
 1022 02c3 00000000 		.4byte	s_state
 1023 02c7 0C       		.uleb128 0xc
 1024 02c8 58030000 		.4byte	.LASF38
 1025 02cc 01       		.byte	0x1
 1026 02cd 22       		.byte	0x22
 1027 02ce 8C000000 		.4byte	0x8c
 1028 02d2 05       		.uleb128 0x5
 1029 02d3 03       		.byte	0x3
 1030 02d4 01000000 		.4byte	s_turn_side
 1031 02d8 0C       		.uleb128 0xc
 1032 02d9 3A020000 		.4byte	.LASF39
 1033 02dd 01       		.byte	0x1
 1034 02de 23       		.byte	0x23
 1035 02df A2000000 		.4byte	0xa2
 1036 02e3 05       		.uleb128 0x5
 1037 02e4 03       		.byte	0x3
 1038 02e5 04000000 		.4byte	s_target_ticks
 1039 02e9 0C       		.uleb128 0xc
 1040 02ea F4010000 		.4byte	.LASF40
 1041 02ee 01       		.byte	0x1
 1042 02ef 24       		.byte	0x24
 1043 02f0 A2000000 		.4byte	0xa2
 1044 02f4 05       		.uleb128 0x5
 1045 02f5 03       		.byte	0x3
 1046 02f6 08000000 		.4byte	s_acc_ticks
 1047 02fa 0C       		.uleb128 0xc
 1048 02fb 98000000 		.4byte	.LASF41
 1049 02ff 01       		.byte	0x1
 1050 0300 25       		.byte	0x25
 1051 0301 97000000 		.4byte	0x97
ARM GAS  C:\Users\ylee818\AppData\Local\Temp\cclqcfDc.s 			page 23


 1052 0305 05       		.uleb128 0x5
 1053 0306 03       		.byte	0x3
 1054 0307 0C000000 		.4byte	s_safety_count
 1055 030b 12       		.uleb128 0x12
 1056 030c 99010000 		.4byte	.LASF47
 1057 0310 04       		.byte	0x4
 1058 0311 1207     		.2byte	0x712
 1059 0313 A0020000 		.4byte	0x2a0
 1060 0317 00       		.byte	0
 1061              		.section	.debug_abbrev,"",%progbits
 1062              	.Ldebug_abbrev0:
 1063 0000 01       		.uleb128 0x1
 1064 0001 11       		.uleb128 0x11
 1065 0002 01       		.byte	0x1
 1066 0003 25       		.uleb128 0x25
 1067 0004 0E       		.uleb128 0xe
 1068 0005 13       		.uleb128 0x13
 1069 0006 0B       		.uleb128 0xb
 1070 0007 03       		.uleb128 0x3
 1071 0008 0E       		.uleb128 0xe
 1072 0009 1B       		.uleb128 0x1b
 1073 000a 0E       		.uleb128 0xe
 1074 000b 55       		.uleb128 0x55
 1075 000c 17       		.uleb128 0x17
 1076 000d 11       		.uleb128 0x11
 1077 000e 01       		.uleb128 0x1
 1078 000f 10       		.uleb128 0x10
 1079 0010 17       		.uleb128 0x17
 1080 0011 00       		.byte	0
 1081 0012 00       		.byte	0
 1082 0013 02       		.uleb128 0x2
 1083 0014 24       		.uleb128 0x24
 1084 0015 00       		.byte	0
 1085 0016 0B       		.uleb128 0xb
 1086 0017 0B       		.uleb128 0xb
 1087 0018 3E       		.uleb128 0x3e
 1088 0019 0B       		.uleb128 0xb
 1089 001a 03       		.uleb128 0x3
 1090 001b 0E       		.uleb128 0xe
 1091 001c 00       		.byte	0
 1092 001d 00       		.byte	0
 1093 001e 03       		.uleb128 0x3
 1094 001f 16       		.uleb128 0x16
 1095 0020 00       		.byte	0
 1096 0021 03       		.uleb128 0x3
 1097 0022 0E       		.uleb128 0xe
 1098 0023 3A       		.uleb128 0x3a
 1099 0024 0B       		.uleb128 0xb
 1100 0025 3B       		.uleb128 0x3b
 1101 0026 0B       		.uleb128 0xb
 1102 0027 49       		.uleb128 0x49
 1103 0028 13       		.uleb128 0x13
 1104 0029 00       		.byte	0
 1105 002a 00       		.byte	0
 1106 002b 04       		.uleb128 0x4
 1107 002c 24       		.uleb128 0x24
 1108 002d 00       		.byte	0
ARM GAS  C:\Users\ylee818\AppData\Local\Temp\cclqcfDc.s 			page 24


 1109 002e 0B       		.uleb128 0xb
 1110 002f 0B       		.uleb128 0xb
 1111 0030 3E       		.uleb128 0x3e
 1112 0031 0B       		.uleb128 0xb
 1113 0032 03       		.uleb128 0x3
 1114 0033 08       		.uleb128 0x8
 1115 0034 00       		.byte	0
 1116 0035 00       		.byte	0
 1117 0036 05       		.uleb128 0x5
 1118 0037 35       		.uleb128 0x35
 1119 0038 00       		.byte	0
 1120 0039 49       		.uleb128 0x49
 1121 003a 13       		.uleb128 0x13
 1122 003b 00       		.byte	0
 1123 003c 00       		.byte	0
 1124 003d 06       		.uleb128 0x6
 1125 003e 04       		.uleb128 0x4
 1126 003f 01       		.byte	0x1
 1127 0040 0B       		.uleb128 0xb
 1128 0041 0B       		.uleb128 0xb
 1129 0042 49       		.uleb128 0x49
 1130 0043 13       		.uleb128 0x13
 1131 0044 3A       		.uleb128 0x3a
 1132 0045 0B       		.uleb128 0xb
 1133 0046 3B       		.uleb128 0x3b
 1134 0047 0B       		.uleb128 0xb
 1135 0048 01       		.uleb128 0x1
 1136 0049 13       		.uleb128 0x13
 1137 004a 00       		.byte	0
 1138 004b 00       		.byte	0
 1139 004c 07       		.uleb128 0x7
 1140 004d 28       		.uleb128 0x28
 1141 004e 00       		.byte	0
 1142 004f 03       		.uleb128 0x3
 1143 0050 0E       		.uleb128 0xe
 1144 0051 1C       		.uleb128 0x1c
 1145 0052 0B       		.uleb128 0xb
 1146 0053 00       		.byte	0
 1147 0054 00       		.byte	0
 1148 0055 08       		.uleb128 0x8
 1149 0056 2E       		.uleb128 0x2e
 1150 0057 00       		.byte	0
 1151 0058 03       		.uleb128 0x3
 1152 0059 0E       		.uleb128 0xe
 1153 005a 3A       		.uleb128 0x3a
 1154 005b 0B       		.uleb128 0xb
 1155 005c 3B       		.uleb128 0x3b
 1156 005d 0B       		.uleb128 0xb
 1157 005e 27       		.uleb128 0x27
 1158 005f 19       		.uleb128 0x19
 1159 0060 11       		.uleb128 0x11
 1160 0061 01       		.uleb128 0x1
 1161 0062 12       		.uleb128 0x12
 1162 0063 06       		.uleb128 0x6
 1163 0064 40       		.uleb128 0x40
 1164 0065 18       		.uleb128 0x18
 1165 0066 9742     		.uleb128 0x2117
ARM GAS  C:\Users\ylee818\AppData\Local\Temp\cclqcfDc.s 			page 25


 1166 0068 19       		.uleb128 0x19
 1167 0069 00       		.byte	0
 1168 006a 00       		.byte	0
 1169 006b 09       		.uleb128 0x9
 1170 006c 2E       		.uleb128 0x2e
 1171 006d 01       		.byte	0x1
 1172 006e 03       		.uleb128 0x3
 1173 006f 0E       		.uleb128 0xe
 1174 0070 3A       		.uleb128 0x3a
 1175 0071 0B       		.uleb128 0xb
 1176 0072 3B       		.uleb128 0x3b
 1177 0073 0B       		.uleb128 0xb
 1178 0074 27       		.uleb128 0x27
 1179 0075 19       		.uleb128 0x19
 1180 0076 11       		.uleb128 0x11
 1181 0077 01       		.uleb128 0x1
 1182 0078 12       		.uleb128 0x12
 1183 0079 06       		.uleb128 0x6
 1184 007a 40       		.uleb128 0x40
 1185 007b 18       		.uleb128 0x18
 1186 007c 9742     		.uleb128 0x2117
 1187 007e 19       		.uleb128 0x19
 1188 007f 01       		.uleb128 0x1
 1189 0080 13       		.uleb128 0x13
 1190 0081 00       		.byte	0
 1191 0082 00       		.byte	0
 1192 0083 0A       		.uleb128 0xa
 1193 0084 34       		.uleb128 0x34
 1194 0085 00       		.byte	0
 1195 0086 03       		.uleb128 0x3
 1196 0087 08       		.uleb128 0x8
 1197 0088 3A       		.uleb128 0x3a
 1198 0089 0B       		.uleb128 0xb
 1199 008a 3B       		.uleb128 0x3b
 1200 008b 0B       		.uleb128 0xb
 1201 008c 49       		.uleb128 0x49
 1202 008d 13       		.uleb128 0x13
 1203 008e 02       		.uleb128 0x2
 1204 008f 18       		.uleb128 0x18
 1205 0090 00       		.byte	0
 1206 0091 00       		.byte	0
 1207 0092 0B       		.uleb128 0xb
 1208 0093 2E       		.uleb128 0x2e
 1209 0094 01       		.byte	0x1
 1210 0095 03       		.uleb128 0x3
 1211 0096 0E       		.uleb128 0xe
 1212 0097 3A       		.uleb128 0x3a
 1213 0098 0B       		.uleb128 0xb
 1214 0099 3B       		.uleb128 0x3b
 1215 009a 0B       		.uleb128 0xb
 1216 009b 27       		.uleb128 0x27
 1217 009c 19       		.uleb128 0x19
 1218 009d 11       		.uleb128 0x11
 1219 009e 01       		.uleb128 0x1
 1220 009f 12       		.uleb128 0x12
 1221 00a0 06       		.uleb128 0x6
 1222 00a1 40       		.uleb128 0x40
ARM GAS  C:\Users\ylee818\AppData\Local\Temp\cclqcfDc.s 			page 26


 1223 00a2 18       		.uleb128 0x18
 1224 00a3 9642     		.uleb128 0x2116
 1225 00a5 19       		.uleb128 0x19
 1226 00a6 01       		.uleb128 0x1
 1227 00a7 13       		.uleb128 0x13
 1228 00a8 00       		.byte	0
 1229 00a9 00       		.byte	0
 1230 00aa 0C       		.uleb128 0xc
 1231 00ab 34       		.uleb128 0x34
 1232 00ac 00       		.byte	0
 1233 00ad 03       		.uleb128 0x3
 1234 00ae 0E       		.uleb128 0xe
 1235 00af 3A       		.uleb128 0x3a
 1236 00b0 0B       		.uleb128 0xb
 1237 00b1 3B       		.uleb128 0x3b
 1238 00b2 0B       		.uleb128 0xb
 1239 00b3 49       		.uleb128 0x49
 1240 00b4 13       		.uleb128 0x13
 1241 00b5 02       		.uleb128 0x2
 1242 00b6 18       		.uleb128 0x18
 1243 00b7 00       		.byte	0
 1244 00b8 00       		.byte	0
 1245 00b9 0D       		.uleb128 0xd
 1246 00ba 26       		.uleb128 0x26
 1247 00bb 00       		.byte	0
 1248 00bc 49       		.uleb128 0x49
 1249 00bd 13       		.uleb128 0x13
 1250 00be 00       		.byte	0
 1251 00bf 00       		.byte	0
 1252 00c0 0E       		.uleb128 0xe
 1253 00c1 05       		.uleb128 0x5
 1254 00c2 00       		.byte	0
 1255 00c3 03       		.uleb128 0x3
 1256 00c4 0E       		.uleb128 0xe
 1257 00c5 3A       		.uleb128 0x3a
 1258 00c6 0B       		.uleb128 0xb
 1259 00c7 3B       		.uleb128 0x3b
 1260 00c8 0B       		.uleb128 0xb
 1261 00c9 49       		.uleb128 0x49
 1262 00ca 13       		.uleb128 0x13
 1263 00cb 02       		.uleb128 0x2
 1264 00cc 18       		.uleb128 0x18
 1265 00cd 00       		.byte	0
 1266 00ce 00       		.byte	0
 1267 00cf 0F       		.uleb128 0xf
 1268 00d0 0F       		.uleb128 0xf
 1269 00d1 00       		.byte	0
 1270 00d2 0B       		.uleb128 0xb
 1271 00d3 0B       		.uleb128 0xb
 1272 00d4 49       		.uleb128 0x49
 1273 00d5 13       		.uleb128 0x13
 1274 00d6 00       		.byte	0
 1275 00d7 00       		.byte	0
 1276 00d8 10       		.uleb128 0x10
 1277 00d9 2E       		.uleb128 0x2e
 1278 00da 00       		.byte	0
 1279 00db 3F       		.uleb128 0x3f
ARM GAS  C:\Users\ylee818\AppData\Local\Temp\cclqcfDc.s 			page 27


 1280 00dc 19       		.uleb128 0x19
 1281 00dd 03       		.uleb128 0x3
 1282 00de 0E       		.uleb128 0xe
 1283 00df 3A       		.uleb128 0x3a
 1284 00e0 0B       		.uleb128 0xb
 1285 00e1 3B       		.uleb128 0x3b
 1286 00e2 0B       		.uleb128 0xb
 1287 00e3 27       		.uleb128 0x27
 1288 00e4 19       		.uleb128 0x19
 1289 00e5 11       		.uleb128 0x11
 1290 00e6 01       		.uleb128 0x1
 1291 00e7 12       		.uleb128 0x12
 1292 00e8 06       		.uleb128 0x6
 1293 00e9 40       		.uleb128 0x40
 1294 00ea 18       		.uleb128 0x18
 1295 00eb 9742     		.uleb128 0x2117
 1296 00ed 19       		.uleb128 0x19
 1297 00ee 00       		.byte	0
 1298 00ef 00       		.byte	0
 1299 00f0 11       		.uleb128 0x11
 1300 00f1 2E       		.uleb128 0x2e
 1301 00f2 01       		.byte	0x1
 1302 00f3 3F       		.uleb128 0x3f
 1303 00f4 19       		.uleb128 0x19
 1304 00f5 03       		.uleb128 0x3
 1305 00f6 0E       		.uleb128 0xe
 1306 00f7 3A       		.uleb128 0x3a
 1307 00f8 0B       		.uleb128 0xb
 1308 00f9 3B       		.uleb128 0x3b
 1309 00fa 0B       		.uleb128 0xb
 1310 00fb 27       		.uleb128 0x27
 1311 00fc 19       		.uleb128 0x19
 1312 00fd 11       		.uleb128 0x11
 1313 00fe 01       		.uleb128 0x1
 1314 00ff 12       		.uleb128 0x12
 1315 0100 06       		.uleb128 0x6
 1316 0101 40       		.uleb128 0x40
 1317 0102 18       		.uleb128 0x18
 1318 0103 9642     		.uleb128 0x2116
 1319 0105 19       		.uleb128 0x19
 1320 0106 01       		.uleb128 0x1
 1321 0107 13       		.uleb128 0x13
 1322 0108 00       		.byte	0
 1323 0109 00       		.byte	0
 1324 010a 12       		.uleb128 0x12
 1325 010b 34       		.uleb128 0x34
 1326 010c 00       		.byte	0
 1327 010d 03       		.uleb128 0x3
 1328 010e 0E       		.uleb128 0xe
 1329 010f 3A       		.uleb128 0x3a
 1330 0110 0B       		.uleb128 0xb
 1331 0111 3B       		.uleb128 0x3b
 1332 0112 05       		.uleb128 0x5
 1333 0113 49       		.uleb128 0x49
 1334 0114 13       		.uleb128 0x13
 1335 0115 3F       		.uleb128 0x3f
 1336 0116 19       		.uleb128 0x19
ARM GAS  C:\Users\ylee818\AppData\Local\Temp\cclqcfDc.s 			page 28


 1337 0117 3C       		.uleb128 0x3c
 1338 0118 19       		.uleb128 0x19
 1339 0119 00       		.byte	0
 1340 011a 00       		.byte	0
 1341 011b 00       		.byte	0
 1342              		.section	.debug_aranges,"",%progbits
 1343 0000 5C000000 		.4byte	0x5c
 1344 0004 0200     		.2byte	0x2
 1345 0006 00000000 		.4byte	.Ldebug_info0
 1346 000a 04       		.byte	0x4
 1347 000b 00       		.byte	0
 1348 000c 0000     		.2byte	0
 1349 000e 0000     		.2byte	0
 1350 0010 00000000 		.4byte	.LFB63
 1351 0014 0C000000 		.4byte	.LFE63-.LFB63
 1352 0018 00000000 		.4byte	.LFB64
 1353 001c 0C000000 		.4byte	.LFE64-.LFB64
 1354 0020 00000000 		.4byte	.LFB65
 1355 0024 18000000 		.4byte	.LFE65-.LFB65
 1356 0028 00000000 		.4byte	.LFB66
 1357 002c 44000000 		.4byte	.LFE66-.LFB66
 1358 0030 00000000 		.4byte	.LFB67
 1359 0034 40000000 		.4byte	.LFE67-.LFB67
 1360 0038 00000000 		.4byte	.LFB68
 1361 003c 40000000 		.4byte	.LFE68-.LFB68
 1362 0040 00000000 		.4byte	.LFB69
 1363 0044 64000000 		.4byte	.LFE69-.LFB69
 1364 0048 00000000 		.4byte	.LFB70
 1365 004c 40000000 		.4byte	.LFE70-.LFB70
 1366 0050 00000000 		.4byte	.LFB71
 1367 0054 00010000 		.4byte	.LFE71-.LFB71
 1368 0058 00000000 		.4byte	0
 1369 005c 00000000 		.4byte	0
 1370              		.section	.debug_ranges,"",%progbits
 1371              	.Ldebug_ranges0:
 1372 0000 00000000 		.4byte	.LFB63
 1373 0004 0C000000 		.4byte	.LFE63
 1374 0008 00000000 		.4byte	.LFB64
 1375 000c 0C000000 		.4byte	.LFE64
 1376 0010 00000000 		.4byte	.LFB65
 1377 0014 18000000 		.4byte	.LFE65
 1378 0018 00000000 		.4byte	.LFB66
 1379 001c 44000000 		.4byte	.LFE66
 1380 0020 00000000 		.4byte	.LFB67
 1381 0024 40000000 		.4byte	.LFE67
 1382 0028 00000000 		.4byte	.LFB68
 1383 002c 40000000 		.4byte	.LFE68
 1384 0030 00000000 		.4byte	.LFB69
 1385 0034 64000000 		.4byte	.LFE69
 1386 0038 00000000 		.4byte	.LFB70
 1387 003c 40000000 		.4byte	.LFE70
 1388 0040 00000000 		.4byte	.LFB71
 1389 0044 00010000 		.4byte	.LFE71
 1390 0048 00000000 		.4byte	0
 1391 004c 00000000 		.4byte	0
 1392              		.section	.debug_line,"",%progbits
 1393              	.Ldebug_line0:
ARM GAS  C:\Users\ylee818\AppData\Local\Temp\cclqcfDc.s 			page 29


 1394 0000 77020000 		.section	.debug_str,"MS",%progbits,1
 1394      02004501 
 1394      00000201 
 1394      FB0E0D00 
 1394      01010101 
 1395              	.LASF3:
 1396 0000 5F5F7569 		.ascii	"__uint8_t\000"
 1396      6E74385F 
 1396      7400
 1397              	.LASF42:
 1398 000a 474E5520 		.ascii	"GNU C11 5.4.1 20160609 (release) [ARM/embedded-5-br"
 1398      43313120 
 1398      352E342E 
 1398      31203230 
 1398      31363036 
 1399 003d 616E6368 		.ascii	"anch revision 237715] -mcpu=cortex-m3 -mthumb -g -O"
 1399      20726576 
 1399      6973696F 
 1399      6E203233 
 1399      37373135 
 1400 0070 30202D66 		.ascii	"0 -ffunction-sections -ffat-lto-objects\000"
 1400      66756E63 
 1400      74696F6E 
 1400      2D736563 
 1400      74696F6E 
 1401              	.LASF41:
 1402 0098 735F7361 		.ascii	"s_safety_count\000"
 1402      66657479 
 1402      5F636F75 
 1402      6E7400
 1403              	.LASF6:
 1404 00a7 5F5F696E 		.ascii	"__int32_t\000"
 1404      7433325F 
 1404      7400
 1405              	.LASF35:
 1406 00b1 5449434B 		.ascii	"TICKS_90_LEFT\000"
 1406      535F3930 
 1406      5F4C4546 
 1406      5400
 1407              	.LASF24:
 1408 00bf 6469725F 		.ascii	"dir_state_t\000"
 1408      73746174 
 1408      655F7400 
 1409              	.LASF16:
 1410 00cb 646F7562 		.ascii	"double\000"
 1410      6C6500
 1411              	.LASF14:
 1412 00d2 696E7433 		.ascii	"int32_t\000"
 1412      325F7400 
 1413              	.LASF46:
 1414 00da 44697265 		.ascii	"Directions_Handle\000"
 1414      6374696F 
 1414      6E735F48 
 1414      616E646C 
 1414      6500
 1415              	.LASF15:
 1416 00ec 666C6F61 		.ascii	"float\000"
ARM GAS  C:\Users\ylee818\AppData\Local\Temp\cclqcfDc.s 			page 30


 1416      7400
 1417              	.LASF28:
 1418 00f2 656E635F 		.ascii	"enc_accumulate_now\000"
 1418      61636375 
 1418      6D756C61 
 1418      74655F6E 
 1418      6F7700
 1419              	.LASF1:
 1420 0105 756E7369 		.ascii	"unsigned char\000"
 1420      676E6564 
 1420      20636861 
 1420      7200
 1421              	.LASF29:
 1422 0113 7069766F 		.ascii	"pivot_left_speed\000"
 1422      745F6C65 
 1422      66745F73 
 1422      70656564 
 1422      00
 1423              	.LASF34:
 1424 0124 705F6469 		.ascii	"p_dir\000"
 1424      7200
 1425              	.LASF30:
 1426 012a 62617365 		.ascii	"base\000"
 1426      00
 1427              	.LASF5:
 1428 012f 73686F72 		.ascii	"short unsigned int\000"
 1428      7420756E 
 1428      7369676E 
 1428      65642069 
 1428      6E7400
 1429              	.LASF45:
 1430 0142 44697265 		.ascii	"Directions_Init\000"
 1430      6374696F 
 1430      6E735F49 
 1430      6E697400 
 1431              	.LASF23:
 1432 0152 4449525F 		.ascii	"DIR_FINISH\000"
 1432      46494E49 
 1432      534800
 1433              	.LASF43:
 1434 015d 64697265 		.ascii	"directions.c\000"
 1434      6374696F 
 1434      6E732E63 
 1434      00
 1435              	.LASF32:
 1436 016a 7069766F 		.ascii	"pivot_right_speed\000"
 1436      745F7269 
 1436      6768745F 
 1436      73706565 
 1436      6400
 1437              	.LASF4:
 1438 017c 5F5F7569 		.ascii	"__uint16_t\000"
 1438      6E743136 
 1438      5F7400
 1439              	.LASF8:
 1440 0187 6C6F6E67 		.ascii	"long unsigned int\000"
 1440      20756E73 
ARM GAS  C:\Users\ylee818\AppData\Local\Temp\cclqcfDc.s 			page 31


 1440      69676E65 
 1440      6420696E 
 1440      7400
 1441              	.LASF47:
 1442 0199 49544D5F 		.ascii	"ITM_RxBuffer\000"
 1442      52784275 
 1442      66666572 
 1442      00
 1443              	.LASF36:
 1444 01a6 5449434B 		.ascii	"TICKS_90_RIGHT\000"
 1444      535F3930 
 1444      5F524947 
 1444      485400
 1445              	.LASF11:
 1446 01b5 756E7369 		.ascii	"unsigned int\000"
 1446      676E6564 
 1446      20696E74 
 1446      00
 1447              	.LASF33:
 1448 01c2 66696E69 		.ascii	"finish_and_release\000"
 1448      73685F61 
 1448      6E645F72 
 1448      656C6561 
 1448      736500
 1449              	.LASF10:
 1450 01d5 6C6F6E67 		.ascii	"long long unsigned int\000"
 1450      206C6F6E 
 1450      6720756E 
 1450      7369676E 
 1450      65642069 
 1451              	.LASF12:
 1452 01ec 75696E74 		.ascii	"uint8_t\000"
 1452      385F7400 
 1453              	.LASF40:
 1454 01f4 735F6163 		.ascii	"s_acc_ticks\000"
 1454      635F7469 
 1454      636B7300 
 1455              	.LASF37:
 1456 0200 735F7374 		.ascii	"s_state\000"
 1456      61746500 
 1457              	.LASF31:
 1458 0208 73746565 		.ascii	"steer\000"
 1458      7200
 1459              	.LASF21:
 1460 020e 4449525F 		.ascii	"DIR_PREP\000"
 1460      50524550 
 1460      00
 1461              	.LASF18:
 1462 0217 6C6F6E67 		.ascii	"long double\000"
 1462      20646F75 
 1462      626C6500 
 1463              	.LASF19:
 1464 0223 73697A65 		.ascii	"sizetype\000"
 1464      74797065 
 1464      00
 1465              	.LASF9:
 1466 022c 6C6F6E67 		.ascii	"long long int\000"
ARM GAS  C:\Users\ylee818\AppData\Local\Temp\cclqcfDc.s 			page 32


 1466      206C6F6E 
 1466      6720696E 
 1466      7400
 1467              	.LASF39:
 1468 023a 735F7461 		.ascii	"s_target_ticks\000"
 1468      72676574 
 1468      5F746963 
 1468      6B7300
 1469              	.LASF17:
 1470 0249 63686172 		.ascii	"char\000"
 1470      00
 1471              	.LASF2:
 1472 024e 73686F72 		.ascii	"short int\000"
 1472      7420696E 
 1472      7400
 1473              	.LASF25:
 1474 0258 656E635F 		.ascii	"enc_pause_background\000"
 1474      70617573 
 1474      655F6261 
 1474      636B6772 
 1474      6F756E64 
 1475              	.LASF13:
 1476 026d 75696E74 		.ascii	"uint16_t\000"
 1476      31365F74 
 1476      00
 1477              	.LASF7:
 1478 0276 6C6F6E67 		.ascii	"long int\000"
 1478      20696E74 
 1478      00
 1479              	.LASF22:
 1480 027f 4449525F 		.ascii	"DIR_TURNING\000"
 1480      5455524E 
 1480      494E4700 
 1481              	.LASF26:
 1482 028b 656E635F 		.ascii	"enc_resume_background\000"
 1482      72657375 
 1482      6D655F62 
 1482      61636B67 
 1482      726F756E 
 1483              	.LASF0:
 1484 02a1 7369676E 		.ascii	"signed char\000"
 1484      65642063 
 1484      68617200 
 1485              	.LASF20:
 1486 02ad 4449525F 		.ascii	"DIR_IDLE\000"
 1486      49444C45 
 1486      00
 1487              	.LASF44:
 1488 02b6 433A5C55 		.ascii	"C:\\Users\\ylee818\\Documents\\GitHub\\COMPSYS301\\"
 1488      73657273 
 1488      5C796C65 
 1488      65383138 
 1488      5C446F63 
 1489 02e3 42656E63 		.ascii	"Benchmarktest___combined\\Benchmarktest___combined\\"
 1489      686D6172 
 1489      6B746573 
 1489      745F5F5F 
ARM GAS  C:\Users\ylee818\AppData\Local\Temp\cclqcfDc.s 			page 33


 1489      636F6D62 
 1490 0315 70736F63 		.ascii	"psoc student pack\\psoc_code_base\\CS301_Class.cyds"
 1490      20737475 
 1490      64656E74 
 1490      20706163 
 1490      6B5C7073 
 1491 0346 6E00     		.ascii	"n\000"
 1492              	.LASF27:
 1493 0348 656E635F 		.ascii	"enc_reset_local\000"
 1493      72657365 
 1493      745F6C6F 
 1493      63616C00 
 1494              	.LASF38:
 1495 0358 735F7475 		.ascii	"s_turn_side\000"
 1495      726E5F73 
 1495      69646500 
 1496              		.ident	"GCC: (GNU Tools for ARM Embedded Processors) 5.4.1 20160609 (release) [ARM/embedded-5-bran
