ARM GAS  C:\Users\ylee818\AppData\Local\Temp\ccYRFroi.s 			page 1


   1              		.syntax unified
   2              		.cpu cortex-m3
   3              		.fpu softvfp
   4              		.eabi_attribute 20, 1
   5              		.eabi_attribute 21, 1
   6              		.eabi_attribute 23, 3
   7              		.eabi_attribute 24, 1
   8              		.eabi_attribute 25, 1
   9              		.eabi_attribute 26, 1
  10              		.eabi_attribute 30, 6
  11              		.eabi_attribute 34, 1
  12              		.eabi_attribute 18, 4
  13              		.thumb
  14              		.syntax unified
  15              		.file	"QuadDec_M2_PM.c"
  16              		.text
  17              	.Ltext0:
  18              		.cfi_sections	.debug_frame
  19              		.bss
  20              		.align	2
  21              	QuadDec_M2_backup:
  22 0000 00       		.space	1
  23              		.section	.text.QuadDec_M2_SaveConfig,"ax",%progbits
  24              		.align	2
  25              		.global	QuadDec_M2_SaveConfig
  26              		.thumb
  27              		.thumb_func
  28              		.type	QuadDec_M2_SaveConfig, %function
  29              	QuadDec_M2_SaveConfig:
  30              	.LFB0:
  31              		.file 1 "Generated_Source\\PSoC5\\QuadDec_M2_PM.c"
   1:Generated_Source\PSoC5/QuadDec_M2_PM.c **** /*******************************************************************************
   2:Generated_Source\PSoC5/QuadDec_M2_PM.c **** * File Name: QuadDec_M2_PM.c
   3:Generated_Source\PSoC5/QuadDec_M2_PM.c **** * Version 3.0
   4:Generated_Source\PSoC5/QuadDec_M2_PM.c **** *
   5:Generated_Source\PSoC5/QuadDec_M2_PM.c **** * Description:
   6:Generated_Source\PSoC5/QuadDec_M2_PM.c **** *  This file contains the setup, control and status commands to support 
   7:Generated_Source\PSoC5/QuadDec_M2_PM.c **** *  component operations in low power mode.  
   8:Generated_Source\PSoC5/QuadDec_M2_PM.c **** *
   9:Generated_Source\PSoC5/QuadDec_M2_PM.c **** * Note:
  10:Generated_Source\PSoC5/QuadDec_M2_PM.c **** *  None.
  11:Generated_Source\PSoC5/QuadDec_M2_PM.c **** *
  12:Generated_Source\PSoC5/QuadDec_M2_PM.c **** ********************************************************************************
  13:Generated_Source\PSoC5/QuadDec_M2_PM.c **** * Copyright 2008-2014, Cypress Semiconductor Corporation.  All rights reserved.
  14:Generated_Source\PSoC5/QuadDec_M2_PM.c **** * You may use this file only in accordance with the license, terms, conditions,
  15:Generated_Source\PSoC5/QuadDec_M2_PM.c **** * disclaimers, and limitations in the end user license agreement accompanying
  16:Generated_Source\PSoC5/QuadDec_M2_PM.c **** * the software package with which this file was provided.
  17:Generated_Source\PSoC5/QuadDec_M2_PM.c **** *******************************************************************************/
  18:Generated_Source\PSoC5/QuadDec_M2_PM.c **** 
  19:Generated_Source\PSoC5/QuadDec_M2_PM.c **** #include "QuadDec_M2.h"
  20:Generated_Source\PSoC5/QuadDec_M2_PM.c **** 
  21:Generated_Source\PSoC5/QuadDec_M2_PM.c **** static QuadDec_M2_BACKUP_STRUCT QuadDec_M2_backup = {0u};
  22:Generated_Source\PSoC5/QuadDec_M2_PM.c **** 
  23:Generated_Source\PSoC5/QuadDec_M2_PM.c **** 
  24:Generated_Source\PSoC5/QuadDec_M2_PM.c **** /*******************************************************************************
  25:Generated_Source\PSoC5/QuadDec_M2_PM.c **** * Function Name: QuadDec_M2_SaveConfig
  26:Generated_Source\PSoC5/QuadDec_M2_PM.c **** ********************************************************************************
ARM GAS  C:\Users\ylee818\AppData\Local\Temp\ccYRFroi.s 			page 2


  27:Generated_Source\PSoC5/QuadDec_M2_PM.c **** * Summary:
  28:Generated_Source\PSoC5/QuadDec_M2_PM.c **** *  Saves the current user configuration of the component.
  29:Generated_Source\PSoC5/QuadDec_M2_PM.c **** *
  30:Generated_Source\PSoC5/QuadDec_M2_PM.c **** * Parameters:
  31:Generated_Source\PSoC5/QuadDec_M2_PM.c **** *  None.
  32:Generated_Source\PSoC5/QuadDec_M2_PM.c **** *
  33:Generated_Source\PSoC5/QuadDec_M2_PM.c **** * Return:
  34:Generated_Source\PSoC5/QuadDec_M2_PM.c **** *  None.
  35:Generated_Source\PSoC5/QuadDec_M2_PM.c **** *
  36:Generated_Source\PSoC5/QuadDec_M2_PM.c **** *******************************************************************************/
  37:Generated_Source\PSoC5/QuadDec_M2_PM.c **** void QuadDec_M2_SaveConfig(void) 
  38:Generated_Source\PSoC5/QuadDec_M2_PM.c **** {
  32              		.loc 1 38 0
  33              		.cfi_startproc
  34              		@ args = 0, pretend = 0, frame = 0
  35              		@ frame_needed = 1, uses_anonymous_args = 0
  36 0000 80B5     		push	{r7, lr}
  37              		.cfi_def_cfa_offset 8
  38              		.cfi_offset 7, -8
  39              		.cfi_offset 14, -4
  40 0002 00AF     		add	r7, sp, #0
  41              		.cfi_def_cfa_register 7
  39:Generated_Source\PSoC5/QuadDec_M2_PM.c ****     #if (QuadDec_M2_COUNTER_SIZE == QuadDec_M2_COUNTER_SIZE_8_BIT)
  40:Generated_Source\PSoC5/QuadDec_M2_PM.c ****         QuadDec_M2_Cnt8_SaveConfig();
  41:Generated_Source\PSoC5/QuadDec_M2_PM.c ****     #else 
  42:Generated_Source\PSoC5/QuadDec_M2_PM.c ****         /* (QuadDec_M2_COUNTER_SIZE == QuadDec_M2_COUNTER_SIZE_16_BIT) || 
  43:Generated_Source\PSoC5/QuadDec_M2_PM.c ****          * (QuadDec_M2_COUNTER_SIZE == QuadDec_M2_COUNTER_SIZE_32_BIT)
  44:Generated_Source\PSoC5/QuadDec_M2_PM.c ****          */
  45:Generated_Source\PSoC5/QuadDec_M2_PM.c ****         QuadDec_M2_Cnt16_SaveConfig();
  42              		.loc 1 45 0
  43 0004 FFF7FEFF 		bl	QuadDec_M2_Cnt16_SaveConfig
  46:Generated_Source\PSoC5/QuadDec_M2_PM.c ****     #endif /* (QuadDec_M2_COUNTER_SIZE == QuadDec_M2_COUNTER_SIZE_8_BIT) */
  47:Generated_Source\PSoC5/QuadDec_M2_PM.c **** }
  44              		.loc 1 47 0
  45 0008 00BF     		nop
  46 000a 80BD     		pop	{r7, pc}
  47              		.cfi_endproc
  48              	.LFE0:
  49              		.size	QuadDec_M2_SaveConfig, .-QuadDec_M2_SaveConfig
  50              		.section	.text.QuadDec_M2_RestoreConfig,"ax",%progbits
  51              		.align	2
  52              		.global	QuadDec_M2_RestoreConfig
  53              		.thumb
  54              		.thumb_func
  55              		.type	QuadDec_M2_RestoreConfig, %function
  56              	QuadDec_M2_RestoreConfig:
  57              	.LFB1:
  48:Generated_Source\PSoC5/QuadDec_M2_PM.c **** 
  49:Generated_Source\PSoC5/QuadDec_M2_PM.c **** 
  50:Generated_Source\PSoC5/QuadDec_M2_PM.c **** /*******************************************************************************
  51:Generated_Source\PSoC5/QuadDec_M2_PM.c **** * Function Name: QuadDec_M2_RestoreConfig
  52:Generated_Source\PSoC5/QuadDec_M2_PM.c **** ********************************************************************************
  53:Generated_Source\PSoC5/QuadDec_M2_PM.c **** * Summary:
  54:Generated_Source\PSoC5/QuadDec_M2_PM.c **** *  Restores the current user configuration of the component.
  55:Generated_Source\PSoC5/QuadDec_M2_PM.c **** *
  56:Generated_Source\PSoC5/QuadDec_M2_PM.c **** * Parameters:
  57:Generated_Source\PSoC5/QuadDec_M2_PM.c **** *  None.
ARM GAS  C:\Users\ylee818\AppData\Local\Temp\ccYRFroi.s 			page 3


  58:Generated_Source\PSoC5/QuadDec_M2_PM.c **** *
  59:Generated_Source\PSoC5/QuadDec_M2_PM.c **** * Return:
  60:Generated_Source\PSoC5/QuadDec_M2_PM.c **** *  None.
  61:Generated_Source\PSoC5/QuadDec_M2_PM.c **** *
  62:Generated_Source\PSoC5/QuadDec_M2_PM.c **** *******************************************************************************/
  63:Generated_Source\PSoC5/QuadDec_M2_PM.c **** void QuadDec_M2_RestoreConfig(void) 
  64:Generated_Source\PSoC5/QuadDec_M2_PM.c **** {
  58              		.loc 1 64 0
  59              		.cfi_startproc
  60              		@ args = 0, pretend = 0, frame = 0
  61              		@ frame_needed = 1, uses_anonymous_args = 0
  62 0000 80B5     		push	{r7, lr}
  63              		.cfi_def_cfa_offset 8
  64              		.cfi_offset 7, -8
  65              		.cfi_offset 14, -4
  66 0002 00AF     		add	r7, sp, #0
  67              		.cfi_def_cfa_register 7
  65:Generated_Source\PSoC5/QuadDec_M2_PM.c ****     #if (QuadDec_M2_COUNTER_SIZE == QuadDec_M2_COUNTER_SIZE_8_BIT)
  66:Generated_Source\PSoC5/QuadDec_M2_PM.c ****         QuadDec_M2_Cnt8_RestoreConfig();
  67:Generated_Source\PSoC5/QuadDec_M2_PM.c ****     #else 
  68:Generated_Source\PSoC5/QuadDec_M2_PM.c ****         /* (QuadDec_M2_COUNTER_SIZE == QuadDec_M2_COUNTER_SIZE_16_BIT) || 
  69:Generated_Source\PSoC5/QuadDec_M2_PM.c ****          * (QuadDec_M2_COUNTER_SIZE == QuadDec_M2_COUNTER_SIZE_32_BIT) 
  70:Generated_Source\PSoC5/QuadDec_M2_PM.c ****          */
  71:Generated_Source\PSoC5/QuadDec_M2_PM.c ****         QuadDec_M2_Cnt16_RestoreConfig();
  68              		.loc 1 71 0
  69 0004 FFF7FEFF 		bl	QuadDec_M2_Cnt16_RestoreConfig
  72:Generated_Source\PSoC5/QuadDec_M2_PM.c ****     #endif /* (QuadDec_M2_COUNTER_SIZE == QuadDec_M2_COUNTER_SIZE_8_BIT) */
  73:Generated_Source\PSoC5/QuadDec_M2_PM.c **** }
  70              		.loc 1 73 0
  71 0008 00BF     		nop
  72 000a 80BD     		pop	{r7, pc}
  73              		.cfi_endproc
  74              	.LFE1:
  75              		.size	QuadDec_M2_RestoreConfig, .-QuadDec_M2_RestoreConfig
  76              		.section	.text.QuadDec_M2_Sleep,"ax",%progbits
  77              		.align	2
  78              		.global	QuadDec_M2_Sleep
  79              		.thumb
  80              		.thumb_func
  81              		.type	QuadDec_M2_Sleep, %function
  82              	QuadDec_M2_Sleep:
  83              	.LFB2:
  74:Generated_Source\PSoC5/QuadDec_M2_PM.c **** 
  75:Generated_Source\PSoC5/QuadDec_M2_PM.c **** 
  76:Generated_Source\PSoC5/QuadDec_M2_PM.c **** /*******************************************************************************
  77:Generated_Source\PSoC5/QuadDec_M2_PM.c **** * Function Name: QuadDec_M2_Sleep
  78:Generated_Source\PSoC5/QuadDec_M2_PM.c **** ********************************************************************************
  79:Generated_Source\PSoC5/QuadDec_M2_PM.c **** * 
  80:Generated_Source\PSoC5/QuadDec_M2_PM.c **** * Summary:
  81:Generated_Source\PSoC5/QuadDec_M2_PM.c **** *  Prepare Quadrature Decoder Component goes to sleep.
  82:Generated_Source\PSoC5/QuadDec_M2_PM.c **** *
  83:Generated_Source\PSoC5/QuadDec_M2_PM.c **** * Parameters:
  84:Generated_Source\PSoC5/QuadDec_M2_PM.c **** *  None.
  85:Generated_Source\PSoC5/QuadDec_M2_PM.c **** *
  86:Generated_Source\PSoC5/QuadDec_M2_PM.c **** * Return:
  87:Generated_Source\PSoC5/QuadDec_M2_PM.c **** *  None.
  88:Generated_Source\PSoC5/QuadDec_M2_PM.c **** *
ARM GAS  C:\Users\ylee818\AppData\Local\Temp\ccYRFroi.s 			page 4


  89:Generated_Source\PSoC5/QuadDec_M2_PM.c **** * Global Variables:
  90:Generated_Source\PSoC5/QuadDec_M2_PM.c **** *  QuadDec_M2_backup - modified when non-retention registers are saved.
  91:Generated_Source\PSoC5/QuadDec_M2_PM.c **** *
  92:Generated_Source\PSoC5/QuadDec_M2_PM.c **** * Reentrant:
  93:Generated_Source\PSoC5/QuadDec_M2_PM.c **** *  No.
  94:Generated_Source\PSoC5/QuadDec_M2_PM.c **** *
  95:Generated_Source\PSoC5/QuadDec_M2_PM.c **** *******************************************************************************/
  96:Generated_Source\PSoC5/QuadDec_M2_PM.c **** void QuadDec_M2_Sleep(void) 
  97:Generated_Source\PSoC5/QuadDec_M2_PM.c **** {
  84              		.loc 1 97 0
  85              		.cfi_startproc
  86              		@ args = 0, pretend = 0, frame = 0
  87              		@ frame_needed = 1, uses_anonymous_args = 0
  88 0000 80B5     		push	{r7, lr}
  89              		.cfi_def_cfa_offset 8
  90              		.cfi_offset 7, -8
  91              		.cfi_offset 14, -4
  92 0002 00AF     		add	r7, sp, #0
  93              		.cfi_def_cfa_register 7
  98:Generated_Source\PSoC5/QuadDec_M2_PM.c ****     if (0u != (QuadDec_M2_SR_AUX_CONTROL & QuadDec_M2_INTERRUPTS_ENABLE))
  94              		.loc 1 98 0
  95 0004 094B     		ldr	r3, .L6
  96 0006 1B78     		ldrb	r3, [r3]
  97 0008 DBB2     		uxtb	r3, r3
  98 000a 03F01003 		and	r3, r3, #16
  99 000e 002B     		cmp	r3, #0
 100 0010 03D0     		beq	.L4
  99:Generated_Source\PSoC5/QuadDec_M2_PM.c ****     {
 100:Generated_Source\PSoC5/QuadDec_M2_PM.c ****         QuadDec_M2_backup.enableState = 1u;
 101              		.loc 1 100 0
 102 0012 074B     		ldr	r3, .L6+4
 103 0014 0122     		movs	r2, #1
 104 0016 1A70     		strb	r2, [r3]
 105 0018 02E0     		b	.L5
 106              	.L4:
 101:Generated_Source\PSoC5/QuadDec_M2_PM.c ****     }
 102:Generated_Source\PSoC5/QuadDec_M2_PM.c ****     else /* The Quadrature Decoder Component is disabled */
 103:Generated_Source\PSoC5/QuadDec_M2_PM.c ****     {
 104:Generated_Source\PSoC5/QuadDec_M2_PM.c ****         QuadDec_M2_backup.enableState = 0u;
 107              		.loc 1 104 0
 108 001a 054B     		ldr	r3, .L6+4
 109 001c 0022     		movs	r2, #0
 110 001e 1A70     		strb	r2, [r3]
 111              	.L5:
 105:Generated_Source\PSoC5/QuadDec_M2_PM.c ****     }
 106:Generated_Source\PSoC5/QuadDec_M2_PM.c **** 
 107:Generated_Source\PSoC5/QuadDec_M2_PM.c ****     QuadDec_M2_Stop();
 112              		.loc 1 107 0
 113 0020 FFF7FEFF 		bl	QuadDec_M2_Stop
 108:Generated_Source\PSoC5/QuadDec_M2_PM.c ****     QuadDec_M2_SaveConfig();
 114              		.loc 1 108 0
 115 0024 FFF7FEFF 		bl	QuadDec_M2_SaveConfig
 109:Generated_Source\PSoC5/QuadDec_M2_PM.c **** }
 116              		.loc 1 109 0
 117 0028 00BF     		nop
 118 002a 80BD     		pop	{r7, pc}
 119              	.L7:
ARM GAS  C:\Users\ylee818\AppData\Local\Temp\ccYRFroi.s 			page 5


 120              		.align	2
 121              	.L6:
 122 002c 96650040 		.word	1073767830
 123 0030 00000000 		.word	QuadDec_M2_backup
 124              		.cfi_endproc
 125              	.LFE2:
 126              		.size	QuadDec_M2_Sleep, .-QuadDec_M2_Sleep
 127              		.section	.text.QuadDec_M2_Wakeup,"ax",%progbits
 128              		.align	2
 129              		.global	QuadDec_M2_Wakeup
 130              		.thumb
 131              		.thumb_func
 132              		.type	QuadDec_M2_Wakeup, %function
 133              	QuadDec_M2_Wakeup:
 134              	.LFB3:
 110:Generated_Source\PSoC5/QuadDec_M2_PM.c **** 
 111:Generated_Source\PSoC5/QuadDec_M2_PM.c **** 
 112:Generated_Source\PSoC5/QuadDec_M2_PM.c **** /*******************************************************************************
 113:Generated_Source\PSoC5/QuadDec_M2_PM.c **** * Function Name: QuadDec_M2_Wakeup
 114:Generated_Source\PSoC5/QuadDec_M2_PM.c **** ********************************************************************************
 115:Generated_Source\PSoC5/QuadDec_M2_PM.c **** *
 116:Generated_Source\PSoC5/QuadDec_M2_PM.c **** * Summary:
 117:Generated_Source\PSoC5/QuadDec_M2_PM.c **** *  Prepare Quadrature Decoder Component to wake up.
 118:Generated_Source\PSoC5/QuadDec_M2_PM.c **** *
 119:Generated_Source\PSoC5/QuadDec_M2_PM.c **** * Parameters:
 120:Generated_Source\PSoC5/QuadDec_M2_PM.c **** *  None.
 121:Generated_Source\PSoC5/QuadDec_M2_PM.c **** *
 122:Generated_Source\PSoC5/QuadDec_M2_PM.c **** * Return:
 123:Generated_Source\PSoC5/QuadDec_M2_PM.c **** *  None.
 124:Generated_Source\PSoC5/QuadDec_M2_PM.c **** *
 125:Generated_Source\PSoC5/QuadDec_M2_PM.c **** * Global Variables:
 126:Generated_Source\PSoC5/QuadDec_M2_PM.c **** *  QuadDec_M2_backup - used when non-retention registers are restored.
 127:Generated_Source\PSoC5/QuadDec_M2_PM.c **** *
 128:Generated_Source\PSoC5/QuadDec_M2_PM.c **** *******************************************************************************/
 129:Generated_Source\PSoC5/QuadDec_M2_PM.c **** void QuadDec_M2_Wakeup(void) 
 130:Generated_Source\PSoC5/QuadDec_M2_PM.c **** {
 135              		.loc 1 130 0
 136              		.cfi_startproc
 137              		@ args = 0, pretend = 0, frame = 0
 138              		@ frame_needed = 1, uses_anonymous_args = 0
 139 0000 80B5     		push	{r7, lr}
 140              		.cfi_def_cfa_offset 8
 141              		.cfi_offset 7, -8
 142              		.cfi_offset 14, -4
 143 0002 00AF     		add	r7, sp, #0
 144              		.cfi_def_cfa_register 7
 131:Generated_Source\PSoC5/QuadDec_M2_PM.c ****     QuadDec_M2_RestoreConfig();
 145              		.loc 1 131 0
 146 0004 FFF7FEFF 		bl	QuadDec_M2_RestoreConfig
 132:Generated_Source\PSoC5/QuadDec_M2_PM.c **** 
 133:Generated_Source\PSoC5/QuadDec_M2_PM.c ****     if (QuadDec_M2_backup.enableState != 0u)
 147              		.loc 1 133 0
 148 0008 044B     		ldr	r3, .L11
 149 000a 1B78     		ldrb	r3, [r3]	@ zero_extendqisi2
 150 000c 002B     		cmp	r3, #0
 151 000e 03D0     		beq	.L10
 134:Generated_Source\PSoC5/QuadDec_M2_PM.c ****     {
ARM GAS  C:\Users\ylee818\AppData\Local\Temp\ccYRFroi.s 			page 6


 135:Generated_Source\PSoC5/QuadDec_M2_PM.c ****         #if (QuadDec_M2_COUNTER_SIZE == QuadDec_M2_COUNTER_SIZE_8_BIT)
 136:Generated_Source\PSoC5/QuadDec_M2_PM.c ****             QuadDec_M2_Cnt8_Enable();
 137:Generated_Source\PSoC5/QuadDec_M2_PM.c ****         #else 
 138:Generated_Source\PSoC5/QuadDec_M2_PM.c ****             /* (QuadDec_M2_COUNTER_SIZE == QuadDec_M2_COUNTER_SIZE_16_BIT) || 
 139:Generated_Source\PSoC5/QuadDec_M2_PM.c ****             *  (QuadDec_M2_COUNTER_SIZE == QuadDec_M2_COUNTER_SIZE_32_BIT) 
 140:Generated_Source\PSoC5/QuadDec_M2_PM.c ****             */
 141:Generated_Source\PSoC5/QuadDec_M2_PM.c ****             QuadDec_M2_Cnt16_Enable();
 152              		.loc 1 141 0
 153 0010 FFF7FEFF 		bl	QuadDec_M2_Cnt16_Enable
 142:Generated_Source\PSoC5/QuadDec_M2_PM.c ****         #endif /* (QuadDec_M2_COUNTER_SIZE == QuadDec_M2_COUNTER_SIZE_8_BIT) */
 143:Generated_Source\PSoC5/QuadDec_M2_PM.c **** 
 144:Generated_Source\PSoC5/QuadDec_M2_PM.c ****         /* Enable component's operation */
 145:Generated_Source\PSoC5/QuadDec_M2_PM.c ****         QuadDec_M2_Enable();
 154              		.loc 1 145 0
 155 0014 FFF7FEFF 		bl	QuadDec_M2_Enable
 156              	.L10:
 146:Generated_Source\PSoC5/QuadDec_M2_PM.c ****     } /* Do nothing if component's block was disabled before */
 147:Generated_Source\PSoC5/QuadDec_M2_PM.c **** }
 157              		.loc 1 147 0
 158 0018 00BF     		nop
 159 001a 80BD     		pop	{r7, pc}
 160              	.L12:
 161              		.align	2
 162              	.L11:
 163 001c 00000000 		.word	QuadDec_M2_backup
 164              		.cfi_endproc
 165              	.LFE3:
 166              		.size	QuadDec_M2_Wakeup, .-QuadDec_M2_Wakeup
 167              		.text
 168              	.Letext0:
 169              		.file 2 "Generated_Source\\PSoC5\\cytypes.h"
 170              		.file 3 "Generated_Source\\PSoC5\\QuadDec_M2.h"
 171              		.section	.debug_info,"",%progbits
 172              	.Ldebug_info0:
 173 0000 1D010000 		.4byte	0x11d
 174 0004 0400     		.2byte	0x4
 175 0006 00000000 		.4byte	.Ldebug_abbrev0
 176 000a 04       		.byte	0x4
 177 000b 01       		.uleb128 0x1
 178 000c 87000000 		.4byte	.LASF21
 179 0010 0C       		.byte	0xc
 180 0011 18020000 		.4byte	.LASF22
 181 0015 7A010000 		.4byte	.LASF23
 182 0019 00000000 		.4byte	.Ldebug_ranges0+0
 183 001d 00000000 		.4byte	0
 184 0021 00000000 		.4byte	.Ldebug_line0
 185 0025 02       		.uleb128 0x2
 186 0026 04       		.byte	0x4
 187 0027 05       		.byte	0x5
 188 0028 696E7400 		.ascii	"int\000"
 189 002c 03       		.uleb128 0x3
 190 002d 04       		.byte	0x4
 191 002e 07       		.byte	0x7
 192 002f 1A000000 		.4byte	.LASF0
 193 0033 03       		.uleb128 0x3
 194 0034 08       		.byte	0x8
 195 0035 05       		.byte	0x5
ARM GAS  C:\Users\ylee818\AppData\Local\Temp\ccYRFroi.s 			page 7


 196 0036 00000000 		.4byte	.LASF1
 197 003a 03       		.uleb128 0x3
 198 003b 08       		.byte	0x8
 199 003c 04       		.byte	0x4
 200 003d 0C020000 		.4byte	.LASF2
 201 0041 03       		.uleb128 0x3
 202 0042 01       		.byte	0x1
 203 0043 06       		.byte	0x6
 204 0044 6E010000 		.4byte	.LASF3
 205 0048 03       		.uleb128 0x3
 206 0049 01       		.byte	0x1
 207 004a 08       		.byte	0x8
 208 004b 2E010000 		.4byte	.LASF4
 209 004f 03       		.uleb128 0x3
 210 0050 02       		.byte	0x2
 211 0051 05       		.byte	0x5
 212 0052 4A010000 		.4byte	.LASF5
 213 0056 03       		.uleb128 0x3
 214 0057 02       		.byte	0x2
 215 0058 07       		.byte	0x7
 216 0059 5B010000 		.4byte	.LASF6
 217 005d 03       		.uleb128 0x3
 218 005e 04       		.byte	0x4
 219 005f 05       		.byte	0x5
 220 0060 41010000 		.4byte	.LASF7
 221 0064 03       		.uleb128 0x3
 222 0065 04       		.byte	0x4
 223 0066 07       		.byte	0x7
 224 0067 3F000000 		.4byte	.LASF8
 225 006b 03       		.uleb128 0x3
 226 006c 08       		.byte	0x8
 227 006d 07       		.byte	0x7
 228 006e 51000000 		.4byte	.LASF9
 229 0072 03       		.uleb128 0x3
 230 0073 04       		.byte	0x4
 231 0074 07       		.byte	0x7
 232 0075 6C020000 		.4byte	.LASF10
 233 0079 03       		.uleb128 0x3
 234 007a 01       		.byte	0x1
 235 007b 08       		.byte	0x8
 236 007c 3C010000 		.4byte	.LASF11
 237 0080 04       		.uleb128 0x4
 238 0081 39000000 		.4byte	.LASF14
 239 0085 02       		.byte	0x2
 240 0086 E701     		.2byte	0x1e7
 241 0088 48000000 		.4byte	0x48
 242 008c 03       		.uleb128 0x3
 243 008d 04       		.byte	0x4
 244 008e 04       		.byte	0x4
 245 008f 68000000 		.4byte	.LASF12
 246 0093 03       		.uleb128 0x3
 247 0094 08       		.byte	0x8
 248 0095 04       		.byte	0x4
 249 0096 54010000 		.4byte	.LASF13
 250 009a 04       		.uleb128 0x4
 251 009b 51020000 		.4byte	.LASF15
 252 009f 02       		.byte	0x2
ARM GAS  C:\Users\ylee818\AppData\Local\Temp\ccYRFroi.s 			page 8


 253 00a0 9102     		.2byte	0x291
 254 00a2 A6000000 		.4byte	0xa6
 255 00a6 05       		.uleb128 0x5
 256 00a7 80000000 		.4byte	0x80
 257 00ab 06       		.uleb128 0x6
 258 00ac 01       		.byte	0x1
 259 00ad 03       		.byte	0x3
 260 00ae 3D       		.byte	0x3d
 261 00af C0000000 		.4byte	0xc0
 262 00b3 07       		.uleb128 0x7
 263 00b4 0E000000 		.4byte	.LASF24
 264 00b8 03       		.byte	0x3
 265 00b9 3F       		.byte	0x3f
 266 00ba 80000000 		.4byte	0x80
 267 00be 00       		.byte	0
 268 00bf 00       		.byte	0
 269 00c0 08       		.uleb128 0x8
 270 00c1 15010000 		.4byte	.LASF16
 271 00c5 03       		.byte	0x3
 272 00c6 40       		.byte	0x40
 273 00c7 AB000000 		.4byte	0xab
 274 00cb 09       		.uleb128 0x9
 275 00cc 56020000 		.4byte	.LASF17
 276 00d0 01       		.byte	0x1
 277 00d1 25       		.byte	0x25
 278 00d2 00000000 		.4byte	.LFB0
 279 00d6 0C000000 		.4byte	.LFE0-.LFB0
 280 00da 01       		.uleb128 0x1
 281 00db 9C       		.byte	0x9c
 282 00dc 09       		.uleb128 0x9
 283 00dd 6E000000 		.4byte	.LASF18
 284 00e1 01       		.byte	0x1
 285 00e2 3F       		.byte	0x3f
 286 00e3 00000000 		.4byte	.LFB1
 287 00e7 0C000000 		.4byte	.LFE1-.LFB1
 288 00eb 01       		.uleb128 0x1
 289 00ec 9C       		.byte	0x9c
 290 00ed 09       		.uleb128 0x9
 291 00ee 75020000 		.4byte	.LASF19
 292 00f2 01       		.byte	0x1
 293 00f3 60       		.byte	0x60
 294 00f4 00000000 		.4byte	.LFB2
 295 00f8 34000000 		.4byte	.LFE2-.LFB2
 296 00fc 01       		.uleb128 0x1
 297 00fd 9C       		.byte	0x9c
 298 00fe 09       		.uleb128 0x9
 299 00ff 27000000 		.4byte	.LASF20
 300 0103 01       		.byte	0x1
 301 0104 81       		.byte	0x81
 302 0105 00000000 		.4byte	.LFB3
 303 0109 20000000 		.4byte	.LFE3-.LFB3
 304 010d 01       		.uleb128 0x1
 305 010e 9C       		.byte	0x9c
 306 010f 0A       		.uleb128 0xa
 307 0110 3F020000 		.4byte	.LASF25
 308 0114 01       		.byte	0x1
 309 0115 15       		.byte	0x15
ARM GAS  C:\Users\ylee818\AppData\Local\Temp\ccYRFroi.s 			page 9


 310 0116 C0000000 		.4byte	0xc0
 311 011a 05       		.uleb128 0x5
 312 011b 03       		.byte	0x3
 313 011c 00000000 		.4byte	QuadDec_M2_backup
 314 0120 00       		.byte	0
 315              		.section	.debug_abbrev,"",%progbits
 316              	.Ldebug_abbrev0:
 317 0000 01       		.uleb128 0x1
 318 0001 11       		.uleb128 0x11
 319 0002 01       		.byte	0x1
 320 0003 25       		.uleb128 0x25
 321 0004 0E       		.uleb128 0xe
 322 0005 13       		.uleb128 0x13
 323 0006 0B       		.uleb128 0xb
 324 0007 03       		.uleb128 0x3
 325 0008 0E       		.uleb128 0xe
 326 0009 1B       		.uleb128 0x1b
 327 000a 0E       		.uleb128 0xe
 328 000b 55       		.uleb128 0x55
 329 000c 17       		.uleb128 0x17
 330 000d 11       		.uleb128 0x11
 331 000e 01       		.uleb128 0x1
 332 000f 10       		.uleb128 0x10
 333 0010 17       		.uleb128 0x17
 334 0011 00       		.byte	0
 335 0012 00       		.byte	0
 336 0013 02       		.uleb128 0x2
 337 0014 24       		.uleb128 0x24
 338 0015 00       		.byte	0
 339 0016 0B       		.uleb128 0xb
 340 0017 0B       		.uleb128 0xb
 341 0018 3E       		.uleb128 0x3e
 342 0019 0B       		.uleb128 0xb
 343 001a 03       		.uleb128 0x3
 344 001b 08       		.uleb128 0x8
 345 001c 00       		.byte	0
 346 001d 00       		.byte	0
 347 001e 03       		.uleb128 0x3
 348 001f 24       		.uleb128 0x24
 349 0020 00       		.byte	0
 350 0021 0B       		.uleb128 0xb
 351 0022 0B       		.uleb128 0xb
 352 0023 3E       		.uleb128 0x3e
 353 0024 0B       		.uleb128 0xb
 354 0025 03       		.uleb128 0x3
 355 0026 0E       		.uleb128 0xe
 356 0027 00       		.byte	0
 357 0028 00       		.byte	0
 358 0029 04       		.uleb128 0x4
 359 002a 16       		.uleb128 0x16
 360 002b 00       		.byte	0
 361 002c 03       		.uleb128 0x3
 362 002d 0E       		.uleb128 0xe
 363 002e 3A       		.uleb128 0x3a
 364 002f 0B       		.uleb128 0xb
 365 0030 3B       		.uleb128 0x3b
 366 0031 05       		.uleb128 0x5
ARM GAS  C:\Users\ylee818\AppData\Local\Temp\ccYRFroi.s 			page 10


 367 0032 49       		.uleb128 0x49
 368 0033 13       		.uleb128 0x13
 369 0034 00       		.byte	0
 370 0035 00       		.byte	0
 371 0036 05       		.uleb128 0x5
 372 0037 35       		.uleb128 0x35
 373 0038 00       		.byte	0
 374 0039 49       		.uleb128 0x49
 375 003a 13       		.uleb128 0x13
 376 003b 00       		.byte	0
 377 003c 00       		.byte	0
 378 003d 06       		.uleb128 0x6
 379 003e 13       		.uleb128 0x13
 380 003f 01       		.byte	0x1
 381 0040 0B       		.uleb128 0xb
 382 0041 0B       		.uleb128 0xb
 383 0042 3A       		.uleb128 0x3a
 384 0043 0B       		.uleb128 0xb
 385 0044 3B       		.uleb128 0x3b
 386 0045 0B       		.uleb128 0xb
 387 0046 01       		.uleb128 0x1
 388 0047 13       		.uleb128 0x13
 389 0048 00       		.byte	0
 390 0049 00       		.byte	0
 391 004a 07       		.uleb128 0x7
 392 004b 0D       		.uleb128 0xd
 393 004c 00       		.byte	0
 394 004d 03       		.uleb128 0x3
 395 004e 0E       		.uleb128 0xe
 396 004f 3A       		.uleb128 0x3a
 397 0050 0B       		.uleb128 0xb
 398 0051 3B       		.uleb128 0x3b
 399 0052 0B       		.uleb128 0xb
 400 0053 49       		.uleb128 0x49
 401 0054 13       		.uleb128 0x13
 402 0055 38       		.uleb128 0x38
 403 0056 0B       		.uleb128 0xb
 404 0057 00       		.byte	0
 405 0058 00       		.byte	0
 406 0059 08       		.uleb128 0x8
 407 005a 16       		.uleb128 0x16
 408 005b 00       		.byte	0
 409 005c 03       		.uleb128 0x3
 410 005d 0E       		.uleb128 0xe
 411 005e 3A       		.uleb128 0x3a
 412 005f 0B       		.uleb128 0xb
 413 0060 3B       		.uleb128 0x3b
 414 0061 0B       		.uleb128 0xb
 415 0062 49       		.uleb128 0x49
 416 0063 13       		.uleb128 0x13
 417 0064 00       		.byte	0
 418 0065 00       		.byte	0
 419 0066 09       		.uleb128 0x9
 420 0067 2E       		.uleb128 0x2e
 421 0068 00       		.byte	0
 422 0069 3F       		.uleb128 0x3f
 423 006a 19       		.uleb128 0x19
ARM GAS  C:\Users\ylee818\AppData\Local\Temp\ccYRFroi.s 			page 11


 424 006b 03       		.uleb128 0x3
 425 006c 0E       		.uleb128 0xe
 426 006d 3A       		.uleb128 0x3a
 427 006e 0B       		.uleb128 0xb
 428 006f 3B       		.uleb128 0x3b
 429 0070 0B       		.uleb128 0xb
 430 0071 27       		.uleb128 0x27
 431 0072 19       		.uleb128 0x19
 432 0073 11       		.uleb128 0x11
 433 0074 01       		.uleb128 0x1
 434 0075 12       		.uleb128 0x12
 435 0076 06       		.uleb128 0x6
 436 0077 40       		.uleb128 0x40
 437 0078 18       		.uleb128 0x18
 438 0079 9642     		.uleb128 0x2116
 439 007b 19       		.uleb128 0x19
 440 007c 00       		.byte	0
 441 007d 00       		.byte	0
 442 007e 0A       		.uleb128 0xa
 443 007f 34       		.uleb128 0x34
 444 0080 00       		.byte	0
 445 0081 03       		.uleb128 0x3
 446 0082 0E       		.uleb128 0xe
 447 0083 3A       		.uleb128 0x3a
 448 0084 0B       		.uleb128 0xb
 449 0085 3B       		.uleb128 0x3b
 450 0086 0B       		.uleb128 0xb
 451 0087 49       		.uleb128 0x49
 452 0088 13       		.uleb128 0x13
 453 0089 02       		.uleb128 0x2
 454 008a 18       		.uleb128 0x18
 455 008b 00       		.byte	0
 456 008c 00       		.byte	0
 457 008d 00       		.byte	0
 458              		.section	.debug_aranges,"",%progbits
 459 0000 34000000 		.4byte	0x34
 460 0004 0200     		.2byte	0x2
 461 0006 00000000 		.4byte	.Ldebug_info0
 462 000a 04       		.byte	0x4
 463 000b 00       		.byte	0
 464 000c 0000     		.2byte	0
 465 000e 0000     		.2byte	0
 466 0010 00000000 		.4byte	.LFB0
 467 0014 0C000000 		.4byte	.LFE0-.LFB0
 468 0018 00000000 		.4byte	.LFB1
 469 001c 0C000000 		.4byte	.LFE1-.LFB1
 470 0020 00000000 		.4byte	.LFB2
 471 0024 34000000 		.4byte	.LFE2-.LFB2
 472 0028 00000000 		.4byte	.LFB3
 473 002c 20000000 		.4byte	.LFE3-.LFB3
 474 0030 00000000 		.4byte	0
 475 0034 00000000 		.4byte	0
 476              		.section	.debug_ranges,"",%progbits
 477              	.Ldebug_ranges0:
 478 0000 00000000 		.4byte	.LFB0
 479 0004 0C000000 		.4byte	.LFE0
 480 0008 00000000 		.4byte	.LFB1
ARM GAS  C:\Users\ylee818\AppData\Local\Temp\ccYRFroi.s 			page 12


 481 000c 0C000000 		.4byte	.LFE1
 482 0010 00000000 		.4byte	.LFB2
 483 0014 34000000 		.4byte	.LFE2
 484 0018 00000000 		.4byte	.LFB3
 485 001c 20000000 		.4byte	.LFE3
 486 0020 00000000 		.4byte	0
 487 0024 00000000 		.4byte	0
 488              		.section	.debug_line,"",%progbits
 489              	.Ldebug_line0:
 490 0000 AD000000 		.section	.debug_str,"MS",%progbits,1
 490      02005A00 
 490      00000201 
 490      FB0E0D00 
 490      01010101 
 491              	.LASF1:
 492 0000 6C6F6E67 		.ascii	"long long int\000"
 492      206C6F6E 
 492      6720696E 
 492      7400
 493              	.LASF24:
 494 000e 656E6162 		.ascii	"enableState\000"
 494      6C655374 
 494      61746500 
 495              	.LASF0:
 496 001a 756E7369 		.ascii	"unsigned int\000"
 496      676E6564 
 496      20696E74 
 496      00
 497              	.LASF20:
 498 0027 51756164 		.ascii	"QuadDec_M2_Wakeup\000"
 498      4465635F 
 498      4D325F57 
 498      616B6575 
 498      7000
 499              	.LASF14:
 500 0039 75696E74 		.ascii	"uint8\000"
 500      3800
 501              	.LASF8:
 502 003f 6C6F6E67 		.ascii	"long unsigned int\000"
 502      20756E73 
 502      69676E65 
 502      6420696E 
 502      7400
 503              	.LASF9:
 504 0051 6C6F6E67 		.ascii	"long long unsigned int\000"
 504      206C6F6E 
 504      6720756E 
 504      7369676E 
 504      65642069 
 505              	.LASF12:
 506 0068 666C6F61 		.ascii	"float\000"
 506      7400
 507              	.LASF18:
 508 006e 51756164 		.ascii	"QuadDec_M2_RestoreConfig\000"
 508      4465635F 
 508      4D325F52 
 508      6573746F 
ARM GAS  C:\Users\ylee818\AppData\Local\Temp\ccYRFroi.s 			page 13


 508      7265436F 
 509              	.LASF21:
 510 0087 474E5520 		.ascii	"GNU C11 5.4.1 20160609 (release) [ARM/embedded-5-br"
 510      43313120 
 510      352E342E 
 510      31203230 
 510      31363036 
 511 00ba 616E6368 		.ascii	"anch revision 237715] -mcpu=cortex-m3 -mthumb -g -O"
 511      20726576 
 511      6973696F 
 511      6E203233 
 511      37373135 
 512 00ed 30202D66 		.ascii	"0 -ffunction-sections -ffat-lto-objects\000"
 512      66756E63 
 512      74696F6E 
 512      2D736563 
 512      74696F6E 
 513              	.LASF16:
 514 0115 51756164 		.ascii	"QuadDec_M2_BACKUP_STRUCT\000"
 514      4465635F 
 514      4D325F42 
 514      41434B55 
 514      505F5354 
 515              	.LASF4:
 516 012e 756E7369 		.ascii	"unsigned char\000"
 516      676E6564 
 516      20636861 
 516      7200
 517              	.LASF11:
 518 013c 63686172 		.ascii	"char\000"
 518      00
 519              	.LASF7:
 520 0141 6C6F6E67 		.ascii	"long int\000"
 520      20696E74 
 520      00
 521              	.LASF5:
 522 014a 73686F72 		.ascii	"short int\000"
 522      7420696E 
 522      7400
 523              	.LASF13:
 524 0154 646F7562 		.ascii	"double\000"
 524      6C6500
 525              	.LASF6:
 526 015b 73686F72 		.ascii	"short unsigned int\000"
 526      7420756E 
 526      7369676E 
 526      65642069 
 526      6E7400
 527              	.LASF3:
 528 016e 7369676E 		.ascii	"signed char\000"
 528      65642063 
 528      68617200 
 529              	.LASF23:
 530 017a 433A5C55 		.ascii	"C:\\Users\\ylee818\\Documents\\GitHub\\COMPSYS301\\"
 530      73657273 
 530      5C796C65 
 530      65383138 
ARM GAS  C:\Users\ylee818\AppData\Local\Temp\ccYRFroi.s 			page 14


 530      5C446F63 
 531 01a7 42656E63 		.ascii	"Benchmarktest___combined\\Benchmarktest___combined\\"
 531      686D6172 
 531      6B746573 
 531      745F5F5F 
 531      636F6D62 
 532 01d9 70736F63 		.ascii	"psoc student pack\\psoc_code_base\\CS301_Class.cyds"
 532      20737475 
 532      64656E74 
 532      20706163 
 532      6B5C7073 
 533 020a 6E00     		.ascii	"n\000"
 534              	.LASF2:
 535 020c 6C6F6E67 		.ascii	"long double\000"
 535      20646F75 
 535      626C6500 
 536              	.LASF22:
 537 0218 47656E65 		.ascii	"Generated_Source\\PSoC5\\QuadDec_M2_PM.c\000"
 537      72617465 
 537      645F536F 
 537      75726365 
 537      5C50536F 
 538              	.LASF25:
 539 023f 51756164 		.ascii	"QuadDec_M2_backup\000"
 539      4465635F 
 539      4D325F62 
 539      61636B75 
 539      7000
 540              	.LASF15:
 541 0251 72656738 		.ascii	"reg8\000"
 541      00
 542              	.LASF17:
 543 0256 51756164 		.ascii	"QuadDec_M2_SaveConfig\000"
 543      4465635F 
 543      4D325F53 
 543      61766543 
 543      6F6E6669 
 544              	.LASF10:
 545 026c 73697A65 		.ascii	"sizetype\000"
 545      74797065 
 545      00
 546              	.LASF19:
 547 0275 51756164 		.ascii	"QuadDec_M2_Sleep\000"
 547      4465635F 
 547      4D325F53 
 547      6C656570 
 547      00
 548              		.ident	"GCC: (GNU Tools for ARM Embedded Processors) 5.4.1 20160609 (release) [ARM/embedded-5-bran
