ARM GAS  C:\Users\ylee818\AppData\Local\Temp\ccklPAyG.s 			page 1


   1              		.syntax unified
   2              		.cpu cortex-m3
   3              		.fpu softvfp
   4              		.eabi_attribute 20, 1
   5              		.eabi_attribute 21, 1
   6              		.eabi_attribute 23, 3
   7              		.eabi_attribute 24, 1
   8              		.eabi_attribute 25, 1
   9              		.eabi_attribute 26, 1
  10              		.eabi_attribute 30, 6
  11              		.eabi_attribute 34, 1
  12              		.eabi_attribute 18, 4
  13              		.thumb
  14              		.syntax unified
  15              		.file	"USBUART_descr.c"
  16              		.text
  17              	.Ltext0:
  18              		.cfi_sections	.debug_frame
  19              		.global	USBUART_DEVICE0_DESCR
  20              		.section	.rodata
  21              		.align	2
  22              		.type	USBUART_DEVICE0_DESCR, %object
  23              		.size	USBUART_DEVICE0_DESCR, 18
  24              	USBUART_DEVICE0_DESCR:
  25 0000 12       		.byte	18
  26 0001 01       		.byte	1
  27 0002 00       		.byte	0
  28 0003 02       		.byte	2
  29 0004 02       		.byte	2
  30 0005 00       		.byte	0
  31 0006 00       		.byte	0
  32 0007 08       		.byte	8
  33 0008 B4       		.byte	-76
  34 0009 04       		.byte	4
  35 000a 32       		.byte	50
  36 000b F2       		.byte	-14
  37 000c 01       		.byte	1
  38 000d 00       		.byte	0
  39 000e 01       		.byte	1
  40 000f 02       		.byte	2
  41 0010 80       		.byte	-128
  42 0011 01       		.byte	1
  43              		.global	USBUART_DEVICE0_CONFIGURATION0_DESCR
  44 0012 0000     		.align	2
  45              		.type	USBUART_DEVICE0_CONFIGURATION0_DESCR, %object
  46              		.size	USBUART_DEVICE0_CONFIGURATION0_DESCR, 67
  47              	USBUART_DEVICE0_CONFIGURATION0_DESCR:
  48 0014 09       		.byte	9
  49 0015 02       		.byte	2
  50 0016 43       		.byte	67
  51 0017 00       		.byte	0
  52 0018 02       		.byte	2
  53 0019 01       		.byte	1
  54 001a 01       		.byte	1
  55 001b C0       		.byte	-64
  56 001c 32       		.byte	50
  57 001d 09       		.byte	9
ARM GAS  C:\Users\ylee818\AppData\Local\Temp\ccklPAyG.s 			page 2


  58 001e 04       		.byte	4
  59 001f 00       		.byte	0
  60 0020 00       		.byte	0
  61 0021 01       		.byte	1
  62 0022 02       		.byte	2
  63 0023 02       		.byte	2
  64 0024 01       		.byte	1
  65 0025 03       		.byte	3
  66 0026 05       		.byte	5
  67 0027 24       		.byte	36
  68 0028 00       		.byte	0
  69 0029 10       		.byte	16
  70 002a 01       		.byte	1
  71 002b 04       		.byte	4
  72 002c 24       		.byte	36
  73 002d 02       		.byte	2
  74 002e 02       		.byte	2
  75 002f 05       		.byte	5
  76 0030 24       		.byte	36
  77 0031 06       		.byte	6
  78 0032 00       		.byte	0
  79 0033 01       		.byte	1
  80 0034 05       		.byte	5
  81 0035 24       		.byte	36
  82 0036 01       		.byte	1
  83 0037 00       		.byte	0
  84 0038 01       		.byte	1
  85 0039 07       		.byte	7
  86 003a 05       		.byte	5
  87 003b 81       		.byte	-127
  88 003c 03       		.byte	3
  89 003d 08       		.byte	8
  90 003e 00       		.byte	0
  91 003f 0A       		.byte	10
  92 0040 09       		.byte	9
  93 0041 04       		.byte	4
  94 0042 01       		.byte	1
  95 0043 00       		.byte	0
  96 0044 02       		.byte	2
  97 0045 0A       		.byte	10
  98 0046 00       		.byte	0
  99 0047 00       		.byte	0
 100 0048 04       		.byte	4
 101 0049 07       		.byte	7
 102 004a 05       		.byte	5
 103 004b 82       		.byte	-126
 104 004c 02       		.byte	2
 105 004d 40       		.byte	64
 106 004e 00       		.byte	0
 107 004f 00       		.byte	0
 108 0050 07       		.byte	7
 109 0051 05       		.byte	5
 110 0052 03       		.byte	3
 111 0053 02       		.byte	2
 112 0054 40       		.byte	64
 113 0055 00       		.byte	0
 114 0056 00       		.byte	0
ARM GAS  C:\Users\ylee818\AppData\Local\Temp\ccklPAyG.s 			page 3


 115              		.global	USBUART_STRING_DESCRIPTORS
 116 0057 00       		.align	2
 117              		.type	USBUART_STRING_DESCRIPTORS, %object
 118              		.size	USBUART_STRING_DESCRIPTORS, 159
 119              	USBUART_STRING_DESCRIPTORS:
 120 0058 04       		.byte	4
 121 0059 03       		.byte	3
 122 005a 09       		.byte	9
 123 005b 04       		.byte	4
 124 005c 2C       		.byte	44
 125 005d 03       		.byte	3
 126 005e 43       		.byte	67
 127 005f 00       		.byte	0
 128 0060 79       		.byte	121
 129 0061 00       		.byte	0
 130 0062 70       		.byte	112
 131 0063 00       		.byte	0
 132 0064 72       		.byte	114
 133 0065 00       		.byte	0
 134 0066 65       		.byte	101
 135 0067 00       		.byte	0
 136 0068 73       		.byte	115
 137 0069 00       		.byte	0
 138 006a 73       		.byte	115
 139 006b 00       		.byte	0
 140 006c 20       		.byte	32
 141 006d 00       		.byte	0
 142 006e 53       		.byte	83
 143 006f 00       		.byte	0
 144 0070 65       		.byte	101
 145 0071 00       		.byte	0
 146 0072 6D       		.byte	109
 147 0073 00       		.byte	0
 148 0074 69       		.byte	105
 149 0075 00       		.byte	0
 150 0076 63       		.byte	99
 151 0077 00       		.byte	0
 152 0078 6F       		.byte	111
 153 0079 00       		.byte	0
 154 007a 6E       		.byte	110
 155 007b 00       		.byte	0
 156 007c 64       		.byte	100
 157 007d 00       		.byte	0
 158 007e 75       		.byte	117
 159 007f 00       		.byte	0
 160 0080 63       		.byte	99
 161 0081 00       		.byte	0
 162 0082 74       		.byte	116
 163 0083 00       		.byte	0
 164 0084 6F       		.byte	111
 165 0085 00       		.byte	0
 166 0086 72       		.byte	114
 167 0087 00       		.byte	0
 168 0088 10       		.byte	16
 169 0089 03       		.byte	3
 170 008a 55       		.byte	85
 171 008b 00       		.byte	0
ARM GAS  C:\Users\ylee818\AppData\Local\Temp\ccklPAyG.s 			page 4


 172 008c 53       		.byte	83
 173 008d 00       		.byte	0
 174 008e 42       		.byte	66
 175 008f 00       		.byte	0
 176 0090 55       		.byte	85
 177 0091 00       		.byte	0
 178 0092 41       		.byte	65
 179 0093 00       		.byte	0
 180 0094 52       		.byte	82
 181 0095 00       		.byte	0
 182 0096 54       		.byte	84
 183 0097 00       		.byte	0
 184 0098 38       		.byte	56
 185 0099 03       		.byte	3
 186 009a 43       		.byte	67
 187 009b 00       		.byte	0
 188 009c 44       		.byte	68
 189 009d 00       		.byte	0
 190 009e 43       		.byte	67
 191 009f 00       		.byte	0
 192 00a0 20       		.byte	32
 193 00a1 00       		.byte	0
 194 00a2 43       		.byte	67
 195 00a3 00       		.byte	0
 196 00a4 6F       		.byte	111
 197 00a5 00       		.byte	0
 198 00a6 6D       		.byte	109
 199 00a7 00       		.byte	0
 200 00a8 6D       		.byte	109
 201 00a9 00       		.byte	0
 202 00aa 75       		.byte	117
 203 00ab 00       		.byte	0
 204 00ac 6E       		.byte	110
 205 00ad 00       		.byte	0
 206 00ae 69       		.byte	105
 207 00af 00       		.byte	0
 208 00b0 63       		.byte	99
 209 00b1 00       		.byte	0
 210 00b2 61       		.byte	97
 211 00b3 00       		.byte	0
 212 00b4 74       		.byte	116
 213 00b5 00       		.byte	0
 214 00b6 69       		.byte	105
 215 00b7 00       		.byte	0
 216 00b8 6F       		.byte	111
 217 00b9 00       		.byte	0
 218 00ba 6E       		.byte	110
 219 00bb 00       		.byte	0
 220 00bc 20       		.byte	32
 221 00bd 00       		.byte	0
 222 00be 49       		.byte	73
 223 00bf 00       		.byte	0
 224 00c0 6E       		.byte	110
 225 00c1 00       		.byte	0
 226 00c2 74       		.byte	116
 227 00c3 00       		.byte	0
 228 00c4 65       		.byte	101
ARM GAS  C:\Users\ylee818\AppData\Local\Temp\ccklPAyG.s 			page 5


 229 00c5 00       		.byte	0
 230 00c6 72       		.byte	114
 231 00c7 00       		.byte	0
 232 00c8 66       		.byte	102
 233 00c9 00       		.byte	0
 234 00ca 61       		.byte	97
 235 00cb 00       		.byte	0
 236 00cc 63       		.byte	99
 237 00cd 00       		.byte	0
 238 00ce 65       		.byte	101
 239 00cf 00       		.byte	0
 240 00d0 26       		.byte	38
 241 00d1 03       		.byte	3
 242 00d2 43       		.byte	67
 243 00d3 00       		.byte	0
 244 00d4 44       		.byte	68
 245 00d5 00       		.byte	0
 246 00d6 43       		.byte	67
 247 00d7 00       		.byte	0
 248 00d8 20       		.byte	32
 249 00d9 00       		.byte	0
 250 00da 44       		.byte	68
 251 00db 00       		.byte	0
 252 00dc 61       		.byte	97
 253 00dd 00       		.byte	0
 254 00de 74       		.byte	116
 255 00df 00       		.byte	0
 256 00e0 61       		.byte	97
 257 00e1 00       		.byte	0
 258 00e2 20       		.byte	32
 259 00e3 00       		.byte	0
 260 00e4 49       		.byte	73
 261 00e5 00       		.byte	0
 262 00e6 6E       		.byte	110
 263 00e7 00       		.byte	0
 264 00e8 74       		.byte	116
 265 00e9 00       		.byte	0
 266 00ea 65       		.byte	101
 267 00eb 00       		.byte	0
 268 00ec 72       		.byte	114
 269 00ed 00       		.byte	0
 270 00ee 66       		.byte	102
 271 00ef 00       		.byte	0
 272 00f0 61       		.byte	97
 273 00f1 00       		.byte	0
 274 00f2 63       		.byte	99
 275 00f3 00       		.byte	0
 276 00f4 65       		.byte	101
 277 00f5 00       		.byte	0
 278 00f6 00       		.byte	0
 279              		.global	USBUART_SN_STRING_DESCRIPTOR
 280 00f7 00       		.align	2
 281              		.type	USBUART_SN_STRING_DESCRIPTOR, %object
 282              		.size	USBUART_SN_STRING_DESCRIPTOR, 2
 283              	USBUART_SN_STRING_DESCRIPTOR:
 284 00f8 02       		.byte	2
 285 00f9 03       		.byte	3
ARM GAS  C:\Users\ylee818\AppData\Local\Temp\ccklPAyG.s 			page 6


 286              		.global	USBUART_DEVICE0_CONFIGURATION0_EP_SETTINGS_TABLE
 287 00fa 0000     		.align	2
 288              		.type	USBUART_DEVICE0_CONFIGURATION0_EP_SETTINGS_TABLE, %object
 289              		.size	USBUART_DEVICE0_CONFIGURATION0_EP_SETTINGS_TABLE, 24
 290              	USBUART_DEVICE0_CONFIGURATION0_EP_SETTINGS_TABLE:
 291 00fc 00       		.byte	0
 292 00fd 00       		.byte	0
 293 00fe 81       		.byte	-127
 294 00ff 03       		.byte	3
 295 0100 0800     		.short	8
 296 0102 02       		.byte	2
 297 0103 00       		.space	1
 298 0104 01       		.byte	1
 299 0105 00       		.byte	0
 300 0106 82       		.byte	-126
 301 0107 02       		.byte	2
 302 0108 4000     		.short	64
 303 010a 0A       		.byte	10
 304 010b 00       		.space	1
 305 010c 01       		.byte	1
 306 010d 00       		.byte	0
 307 010e 03       		.byte	3
 308 010f 02       		.byte	2
 309 0110 4000     		.short	64
 310 0112 0A       		.byte	10
 311 0113 00       		.space	1
 312              		.global	USBUART_DEVICE0_CONFIGURATION0_INTERFACE_CLASS
 313              		.align	2
 314              		.type	USBUART_DEVICE0_CONFIGURATION0_INTERFACE_CLASS, %object
 315              		.size	USBUART_DEVICE0_CONFIGURATION0_INTERFACE_CLASS, 2
 316              	USBUART_DEVICE0_CONFIGURATION0_INTERFACE_CLASS:
 317 0114 02       		.byte	2
 318 0115 0A       		.byte	10
 319              		.global	USBUART_DEVICE0_CONFIGURATION0_TABLE
 320 0116 0000     		.align	2
 321              		.type	USBUART_DEVICE0_CONFIGURATION0_TABLE, %object
 322              		.size	USBUART_DEVICE0_CONFIGURATION0_TABLE, 40
 323              	USBUART_DEVICE0_CONFIGURATION0_TABLE:
 324 0118 01       		.byte	1
 325 0119 000000   		.space	3
 326 011c 00000000 		.word	USBUART_DEVICE0_CONFIGURATION0_DESCR
 327 0120 03       		.byte	3
 328 0121 000000   		.space	3
 329 0124 00000000 		.word	USBUART_DEVICE0_CONFIGURATION0_EP_SETTINGS_TABLE
 330 0128 00       		.byte	0
 331 0129 000000   		.space	3
 332 012c 00000000 		.word	0
 333 0130 00       		.byte	0
 334 0131 000000   		.space	3
 335 0134 00000000 		.word	0
 336 0138 00       		.byte	0
 337 0139 000000   		.space	3
 338 013c 00000000 		.word	USBUART_DEVICE0_CONFIGURATION0_INTERFACE_CLASS
 339              		.global	USBUART_DEVICE0_TABLE
 340              		.align	2
 341              		.type	USBUART_DEVICE0_TABLE, %object
 342              		.size	USBUART_DEVICE0_TABLE, 24
ARM GAS  C:\Users\ylee818\AppData\Local\Temp\ccklPAyG.s 			page 7


 343              	USBUART_DEVICE0_TABLE:
 344 0140 01       		.byte	1
 345 0141 000000   		.space	3
 346 0144 00000000 		.word	USBUART_DEVICE0_DESCR
 347 0148 00       		.byte	0
 348 0149 000000   		.space	3
 349 014c 00000000 		.word	0
 350 0150 01       		.byte	1
 351 0151 000000   		.space	3
 352 0154 00000000 		.word	USBUART_DEVICE0_CONFIGURATION0_TABLE
 353              		.global	USBUART_TABLE
 354              		.align	2
 355              		.type	USBUART_TABLE, %object
 356              		.size	USBUART_TABLE, 8
 357              	USBUART_TABLE:
 358 0158 01       		.byte	1
 359 0159 000000   		.space	3
 360 015c 00000000 		.word	USBUART_DEVICE0_TABLE
 361              		.global	USBUART_MSOS_DESCRIPTOR
 362              		.align	2
 363              		.type	USBUART_MSOS_DESCRIPTOR, %object
 364              		.size	USBUART_MSOS_DESCRIPTOR, 18
 365              	USBUART_MSOS_DESCRIPTOR:
 366 0160 12       		.byte	18
 367 0161 03       		.byte	3
 368 0162 4D       		.byte	77
 369 0163 00       		.byte	0
 370 0164 53       		.byte	83
 371 0165 00       		.byte	0
 372 0166 46       		.byte	70
 373 0167 00       		.byte	0
 374 0168 54       		.byte	84
 375 0169 00       		.byte	0
 376 016a 31       		.byte	49
 377 016b 00       		.byte	0
 378 016c 30       		.byte	48
 379 016d 00       		.byte	0
 380 016e 30       		.byte	48
 381 016f 00       		.byte	0
 382 0170 01       		.byte	1
 383 0171 00       		.byte	0
 384              		.global	USBUART_MSOS_CONFIGURATION_DESCR
 385 0172 0000     		.align	2
 386              		.type	USBUART_MSOS_CONFIGURATION_DESCR, %object
 387              		.size	USBUART_MSOS_CONFIGURATION_DESCR, 40
 388              	USBUART_MSOS_CONFIGURATION_DESCR:
 389 0174 28       		.byte	40
 390 0175 00       		.byte	0
 391 0176 00       		.byte	0
 392 0177 00       		.byte	0
 393 0178 00       		.byte	0
 394 0179 01       		.byte	1
 395 017a 04       		.byte	4
 396 017b 00       		.byte	0
 397 017c 01       		.byte	1
 398 017d 00       		.byte	0
 399 017e 00       		.byte	0
ARM GAS  C:\Users\ylee818\AppData\Local\Temp\ccklPAyG.s 			page 8


 400 017f 00       		.byte	0
 401 0180 00       		.byte	0
 402 0181 00       		.byte	0
 403 0182 00       		.byte	0
 404 0183 00       		.byte	0
 405 0184 00       		.byte	0
 406 0185 01       		.byte	1
 407 0186 43       		.byte	67
 408 0187 59       		.byte	89
 409 0188 55       		.byte	85
 410 0189 53       		.byte	83
 411 018a 42       		.byte	66
 412 018b 00       		.byte	0
 413 018c 00       		.byte	0
 414 018d 00       		.byte	0
 415 018e 30       		.byte	48
 416 018f 30       		.byte	48
 417 0190 30       		.byte	48
 418 0191 30       		.byte	48
 419 0192 31       		.byte	49
 420 0193 00       		.byte	0
 421 0194 00       		.byte	0
 422 0195 00       		.byte	0
 423 0196 00       		.byte	0
 424 0197 00       		.byte	0
 425 0198 00       		.byte	0
 426 0199 00       		.byte	0
 427 019a 00       		.byte	0
 428 019b 00       		.byte	0
 429              		.comm	USBUART_idSerialNumberStringDescriptor,34,4
 430              		.text
 431              	.Letext0:
 432              		.file 1 "Generated_Source\\PSoC5\\cytypes.h"
 433              		.file 2 "Generated_Source\\PSoC5\\USBUART.h"
 434              		.file 3 "Generated_Source\\PSoC5\\USBUART_descr.c"
 435              		.section	.debug_info,"",%progbits
 436              	.Ldebug_info0:
 437 0000 DD020000 		.4byte	0x2dd
 438 0004 0400     		.2byte	0x4
 439 0006 00000000 		.4byte	.Ldebug_abbrev0
 440 000a 04       		.byte	0x4
 441 000b 01       		.uleb128 0x1
 442 000c 2F000000 		.4byte	.LASF37
 443 0010 0C       		.byte	0xc
 444 0011 21010000 		.4byte	.LASF38
 445 0015 0D030000 		.4byte	.LASF39
 446 0019 00000000 		.4byte	.Ldebug_line0
 447 001d 02       		.uleb128 0x2
 448 001e 01       		.byte	0x1
 449 001f 06       		.byte	0x6
 450 0020 EE020000 		.4byte	.LASF0
 451 0024 02       		.uleb128 0x2
 452 0025 01       		.byte	0x1
 453 0026 08       		.byte	0x8
 454 0027 8C010000 		.4byte	.LASF1
 455 002b 02       		.uleb128 0x2
 456 002c 02       		.byte	0x2
ARM GAS  C:\Users\ylee818\AppData\Local\Temp\ccklPAyG.s 			page 9


 457 002d 05       		.byte	0x5
 458 002e BF020000 		.4byte	.LASF2
 459 0032 02       		.uleb128 0x2
 460 0033 02       		.byte	0x2
 461 0034 07       		.byte	0x7
 462 0035 FA020000 		.4byte	.LASF3
 463 0039 02       		.uleb128 0x2
 464 003a 04       		.byte	0x4
 465 003b 05       		.byte	0x5
 466 003c D9020000 		.4byte	.LASF4
 467 0040 02       		.uleb128 0x2
 468 0041 04       		.byte	0x4
 469 0042 07       		.byte	0x7
 470 0043 C1010000 		.4byte	.LASF5
 471 0047 02       		.uleb128 0x2
 472 0048 08       		.byte	0x8
 473 0049 05       		.byte	0x5
 474 004a 93020000 		.4byte	.LASF6
 475 004e 02       		.uleb128 0x2
 476 004f 08       		.byte	0x8
 477 0050 07       		.byte	0x7
 478 0051 47020000 		.4byte	.LASF7
 479 0055 03       		.uleb128 0x3
 480 0056 04       		.byte	0x4
 481 0057 05       		.byte	0x5
 482 0058 696E7400 		.ascii	"int\000"
 483 005c 02       		.uleb128 0x2
 484 005d 04       		.byte	0x4
 485 005e 07       		.byte	0x7
 486 005f 2C020000 		.4byte	.LASF8
 487 0063 04       		.uleb128 0x4
 488 0064 C9020000 		.4byte	.LASF9
 489 0068 01       		.byte	0x1
 490 0069 E701     		.2byte	0x1e7
 491 006b 24000000 		.4byte	0x24
 492 006f 04       		.uleb128 0x4
 493 0070 25020000 		.4byte	.LASF10
 494 0074 01       		.byte	0x1
 495 0075 E801     		.2byte	0x1e8
 496 0077 32000000 		.4byte	0x32
 497 007b 02       		.uleb128 0x2
 498 007c 04       		.byte	0x4
 499 007d 04       		.byte	0x4
 500 007e 5E010000 		.4byte	.LASF11
 501 0082 02       		.uleb128 0x2
 502 0083 08       		.byte	0x8
 503 0084 04       		.byte	0x4
 504 0085 1E020000 		.4byte	.LASF12
 505 0089 02       		.uleb128 0x2
 506 008a 01       		.byte	0x1
 507 008b 08       		.byte	0x8
 508 008c A1020000 		.4byte	.LASF13
 509 0090 02       		.uleb128 0x2
 510 0091 08       		.byte	0x8
 511 0092 04       		.byte	0x4
 512 0093 E2020000 		.4byte	.LASF14
 513 0097 02       		.uleb128 0x2
ARM GAS  C:\Users\ylee818\AppData\Local\Temp\ccklPAyG.s 			page 10


 514 0098 04       		.byte	0x4
 515 0099 07       		.byte	0x7
 516 009a 8A020000 		.4byte	.LASF15
 517 009e 05       		.uleb128 0x5
 518 009f 08       		.byte	0x8
 519 00a0 02       		.byte	0x2
 520 00a1 9B       		.byte	0x9b
 521 00a2 EF000000 		.4byte	0xef
 522 00a6 06       		.uleb128 0x6
 523 00a7 CF020000 		.4byte	.LASF16
 524 00ab 02       		.byte	0x2
 525 00ac 9D       		.byte	0x9d
 526 00ad 63000000 		.4byte	0x63
 527 00b1 00       		.byte	0
 528 00b2 06       		.uleb128 0x6
 529 00b3 81010000 		.4byte	.LASF17
 530 00b7 02       		.byte	0x2
 531 00b8 9E       		.byte	0x9e
 532 00b9 63000000 		.4byte	0x63
 533 00bd 01       		.byte	0x1
 534 00be 06       		.uleb128 0x6
 535 00bf D3010000 		.4byte	.LASF18
 536 00c3 02       		.byte	0x2
 537 00c4 9F       		.byte	0x9f
 538 00c5 63000000 		.4byte	0x63
 539 00c9 02       		.byte	0x2
 540 00ca 06       		.uleb128 0x6
 541 00cb 9A010000 		.4byte	.LASF19
 542 00cf 02       		.byte	0x2
 543 00d0 A0       		.byte	0xa0
 544 00d1 63000000 		.4byte	0x63
 545 00d5 03       		.byte	0x3
 546 00d6 06       		.uleb128 0x6
 547 00d7 A6020000 		.4byte	.LASF20
 548 00db 02       		.byte	0x2
 549 00dc A1       		.byte	0xa1
 550 00dd 6F000000 		.4byte	0x6f
 551 00e1 04       		.byte	0x4
 552 00e2 06       		.uleb128 0x6
 553 00e3 B5030000 		.4byte	.LASF21
 554 00e7 02       		.byte	0x2
 555 00e8 A2       		.byte	0xa2
 556 00e9 63000000 		.4byte	0x63
 557 00ed 06       		.byte	0x6
 558 00ee 00       		.byte	0
 559 00ef 07       		.uleb128 0x7
 560 00f0 A5010000 		.4byte	.LASF22
 561 00f4 02       		.byte	0x2
 562 00f5 A3       		.byte	0xa3
 563 00f6 9E000000 		.4byte	0x9e
 564 00fa 05       		.uleb128 0x5
 565 00fb 08       		.byte	0x8
 566 00fc 02       		.byte	0x2
 567 00fd B2       		.byte	0xb2
 568 00fe 19010000 		.4byte	0x119
 569 0102 08       		.uleb128 0x8
 570 0103 6300     		.ascii	"c\000"
ARM GAS  C:\Users\ylee818\AppData\Local\Temp\ccklPAyG.s 			page 11


 571 0105 02       		.byte	0x2
 572 0106 B4       		.byte	0xb4
 573 0107 63000000 		.4byte	0x63
 574 010b 00       		.byte	0
 575 010c 06       		.uleb128 0x6
 576 010d 83020000 		.4byte	.LASF23
 577 0111 02       		.byte	0x2
 578 0112 B5       		.byte	0xb5
 579 0113 19010000 		.4byte	0x119
 580 0117 04       		.byte	0x4
 581 0118 00       		.byte	0
 582 0119 09       		.uleb128 0x9
 583 011a 04       		.byte	0x4
 584 011b 1F010000 		.4byte	0x11f
 585 011f 0A       		.uleb128 0xa
 586 0120 07       		.uleb128 0x7
 587 0121 39020000 		.4byte	.LASF24
 588 0125 02       		.byte	0x2
 589 0126 B6       		.byte	0xb6
 590 0127 FA000000 		.4byte	0xfa
 591 012b 0B       		.uleb128 0xb
 592 012c 3B010000 		.4byte	0x13b
 593 0130 3B010000 		.4byte	0x13b
 594 0134 0C       		.uleb128 0xc
 595 0135 97000000 		.4byte	0x97
 596 0139 11       		.byte	0x11
 597 013a 00       		.byte	0
 598 013b 0D       		.uleb128 0xd
 599 013c 63000000 		.4byte	0x63
 600 0140 0E       		.uleb128 0xe
 601 0141 48010000 		.4byte	.LASF25
 602 0145 03       		.byte	0x3
 603 0146 24       		.byte	0x24
 604 0147 51010000 		.4byte	0x151
 605 014b 05       		.uleb128 0x5
 606 014c 03       		.byte	0x3
 607 014d 00000000 		.4byte	USBUART_DEVICE0_DESCR
 608 0151 0D       		.uleb128 0xd
 609 0152 2B010000 		.4byte	0x12b
 610 0156 0B       		.uleb128 0xb
 611 0157 3B010000 		.4byte	0x13b
 612 015b 66010000 		.4byte	0x166
 613 015f 0C       		.uleb128 0xc
 614 0160 97000000 		.4byte	0x97
 615 0164 42       		.byte	0x42
 616 0165 00       		.byte	0
 617 0166 0E       		.uleb128 0xe
 618 0167 5E020000 		.4byte	.LASF26
 619 016b 03       		.byte	0x3
 620 016c 37       		.byte	0x37
 621 016d 77010000 		.4byte	0x177
 622 0171 05       		.uleb128 0x5
 623 0172 03       		.byte	0x3
 624 0173 00000000 		.4byte	USBUART_DEVICE0_CONFIGURATION0_DESCR
 625 0177 0D       		.uleb128 0xd
 626 0178 56010000 		.4byte	0x156
 627 017c 0B       		.uleb128 0xb
ARM GAS  C:\Users\ylee818\AppData\Local\Temp\ccklPAyG.s 			page 12


 628 017d 8C010000 		.4byte	0x18c
 629 0181 8C010000 		.4byte	0x18c
 630 0185 0C       		.uleb128 0xc
 631 0186 97000000 		.4byte	0x97
 632 018a 02       		.byte	0x2
 633 018b 00       		.byte	0
 634 018c 0D       		.uleb128 0xd
 635 018d EF000000 		.4byte	0xef
 636 0191 0E       		.uleb128 0xe
 637 0192 D8000000 		.4byte	.LASF27
 638 0196 03       		.byte	0x3
 639 0197 D8       		.byte	0xd8
 640 0198 A2010000 		.4byte	0x1a2
 641 019c 05       		.uleb128 0x5
 642 019d 03       		.byte	0x3
 643 019e 00000000 		.4byte	USBUART_DEVICE0_CONFIGURATION0_EP_SETTINGS_TABLE
 644 01a2 0D       		.uleb128 0xd
 645 01a3 7C010000 		.4byte	0x17c
 646 01a7 0B       		.uleb128 0xb
 647 01a8 3B010000 		.4byte	0x13b
 648 01ac B7010000 		.4byte	0x1b7
 649 01b0 0C       		.uleb128 0xc
 650 01b1 97000000 		.4byte	0x97
 651 01b5 01       		.byte	0x1
 652 01b6 00       		.byte	0
 653 01b7 0E       		.uleb128 0xe
 654 01b8 00000000 		.4byte	.LASF28
 655 01bc 03       		.byte	0x3
 656 01bd DE       		.byte	0xde
 657 01be C8010000 		.4byte	0x1c8
 658 01c2 05       		.uleb128 0x5
 659 01c3 03       		.byte	0x3
 660 01c4 00000000 		.4byte	USBUART_DEVICE0_CONFIGURATION0_INTERFACE_CLASS
 661 01c8 0D       		.uleb128 0xd
 662 01c9 A7010000 		.4byte	0x1a7
 663 01cd 0B       		.uleb128 0xb
 664 01ce DD010000 		.4byte	0x1dd
 665 01d2 DD010000 		.4byte	0x1dd
 666 01d6 0C       		.uleb128 0xc
 667 01d7 97000000 		.4byte	0x97
 668 01db 04       		.byte	0x4
 669 01dc 00       		.byte	0
 670 01dd 0D       		.uleb128 0xd
 671 01de 20010000 		.4byte	0x120
 672 01e2 0E       		.uleb128 0xe
 673 01e3 D8010000 		.4byte	.LASF29
 674 01e7 03       		.byte	0x3
 675 01e8 E6       		.byte	0xe6
 676 01e9 F3010000 		.4byte	0x1f3
 677 01ed 05       		.uleb128 0x5
 678 01ee 03       		.byte	0x3
 679 01ef 00000000 		.4byte	USBUART_DEVICE0_CONFIGURATION0_TABLE
 680 01f3 0D       		.uleb128 0xd
 681 01f4 CD010000 		.4byte	0x1cd
 682 01f8 0B       		.uleb128 0xb
 683 01f9 DD010000 		.4byte	0x1dd
 684 01fd 08020000 		.4byte	0x208
ARM GAS  C:\Users\ylee818\AppData\Local\Temp\ccklPAyG.s 			page 13


 685 0201 0C       		.uleb128 0xc
 686 0202 97000000 		.4byte	0x97
 687 0206 02       		.byte	0x2
 688 0207 00       		.byte	0
 689 0208 0E       		.uleb128 0xe
 690 0209 9F030000 		.4byte	.LASF30
 691 020d 03       		.byte	0x3
 692 020e F1       		.byte	0xf1
 693 020f 19020000 		.4byte	0x219
 694 0213 05       		.uleb128 0x5
 695 0214 03       		.byte	0x3
 696 0215 00000000 		.4byte	USBUART_DEVICE0_TABLE
 697 0219 0D       		.uleb128 0xd
 698 021a F8010000 		.4byte	0x1f8
 699 021e 0B       		.uleb128 0xb
 700 021f DD010000 		.4byte	0x1dd
 701 0223 2E020000 		.4byte	0x22e
 702 0227 0C       		.uleb128 0xc
 703 0228 97000000 		.4byte	0x97
 704 022c 00       		.byte	0
 705 022d 00       		.byte	0
 706 022e 0E       		.uleb128 0xe
 707 022f B1020000 		.4byte	.LASF31
 708 0233 03       		.byte	0x3
 709 0234 F9       		.byte	0xf9
 710 0235 3F020000 		.4byte	0x23f
 711 0239 05       		.uleb128 0x5
 712 023a 03       		.byte	0x3
 713 023b 00000000 		.4byte	USBUART_TABLE
 714 023f 0D       		.uleb128 0xd
 715 0240 1E020000 		.4byte	0x21e
 716 0244 0E       		.uleb128 0xe
 717 0245 64010000 		.4byte	.LASF32
 718 0249 03       		.byte	0x3
 719 024a C9       		.byte	0xc9
 720 024b 55020000 		.4byte	0x255
 721 024f 05       		.uleb128 0x5
 722 0250 03       		.byte	0x3
 723 0251 00000000 		.4byte	USBUART_SN_STRING_DESCRIPTOR
 724 0255 0D       		.uleb128 0xd
 725 0256 A7010000 		.4byte	0x1a7
 726 025a 0B       		.uleb128 0xb
 727 025b 3B010000 		.4byte	0x13b
 728 025f 6A020000 		.4byte	0x26a
 729 0263 0C       		.uleb128 0xc
 730 0264 97000000 		.4byte	0x97
 731 0268 9E       		.byte	0x9e
 732 0269 00       		.byte	0
 733 026a 0E       		.uleb128 0xe
 734 026b BD000000 		.4byte	.LASF33
 735 026f 03       		.byte	0x3
 736 0270 96       		.byte	0x96
 737 0271 7B020000 		.4byte	0x27b
 738 0275 05       		.uleb128 0x5
 739 0276 03       		.byte	0x3
 740 0277 00000000 		.4byte	USBUART_STRING_DESCRIPTORS
 741 027b 0D       		.uleb128 0xd
ARM GAS  C:\Users\ylee818\AppData\Local\Temp\ccklPAyG.s 			page 14


 742 027c 5A020000 		.4byte	0x25a
 743 0280 0F       		.uleb128 0xf
 744 0281 09010000 		.4byte	.LASF34
 745 0285 03       		.byte	0x3
 746 0286 0901     		.2byte	0x109
 747 0288 92020000 		.4byte	0x292
 748 028c 05       		.uleb128 0x5
 749 028d 03       		.byte	0x3
 750 028e 00000000 		.4byte	USBUART_MSOS_DESCRIPTOR
 751 0292 0D       		.uleb128 0xd
 752 0293 2B010000 		.4byte	0x12b
 753 0297 0B       		.uleb128 0xb
 754 0298 3B010000 		.4byte	0x13b
 755 029c A7020000 		.4byte	0x2a7
 756 02a0 0C       		.uleb128 0xc
 757 02a1 97000000 		.4byte	0x97
 758 02a5 27       		.byte	0x27
 759 02a6 00       		.byte	0
 760 02a7 0F       		.uleb128 0xf
 761 02a8 FD010000 		.4byte	.LASF35
 762 02ac 03       		.byte	0x3
 763 02ad 1401     		.2byte	0x114
 764 02af B9020000 		.4byte	0x2b9
 765 02b3 05       		.uleb128 0x5
 766 02b4 03       		.byte	0x3
 767 02b5 00000000 		.4byte	USBUART_MSOS_CONFIGURATION_DESCR
 768 02b9 0D       		.uleb128 0xd
 769 02ba 97020000 		.4byte	0x297
 770 02be 0B       		.uleb128 0xb
 771 02bf 63000000 		.4byte	0x63
 772 02c3 CE020000 		.4byte	0x2ce
 773 02c7 0C       		.uleb128 0xc
 774 02c8 97000000 		.4byte	0x97
 775 02cc 21       		.byte	0x21
 776 02cd 00       		.byte	0
 777 02ce 0F       		.uleb128 0xf
 778 02cf BB030000 		.4byte	.LASF36
 779 02d3 03       		.byte	0x3
 780 02d4 2701     		.2byte	0x127
 781 02d6 BE020000 		.4byte	0x2be
 782 02da 05       		.uleb128 0x5
 783 02db 03       		.byte	0x3
 784 02dc 00000000 		.4byte	USBUART_idSerialNumberStringDescriptor
 785 02e0 00       		.byte	0
 786              		.section	.debug_abbrev,"",%progbits
 787              	.Ldebug_abbrev0:
 788 0000 01       		.uleb128 0x1
 789 0001 11       		.uleb128 0x11
 790 0002 01       		.byte	0x1
 791 0003 25       		.uleb128 0x25
 792 0004 0E       		.uleb128 0xe
 793 0005 13       		.uleb128 0x13
 794 0006 0B       		.uleb128 0xb
 795 0007 03       		.uleb128 0x3
 796 0008 0E       		.uleb128 0xe
 797 0009 1B       		.uleb128 0x1b
 798 000a 0E       		.uleb128 0xe
ARM GAS  C:\Users\ylee818\AppData\Local\Temp\ccklPAyG.s 			page 15


 799 000b 10       		.uleb128 0x10
 800 000c 17       		.uleb128 0x17
 801 000d 00       		.byte	0
 802 000e 00       		.byte	0
 803 000f 02       		.uleb128 0x2
 804 0010 24       		.uleb128 0x24
 805 0011 00       		.byte	0
 806 0012 0B       		.uleb128 0xb
 807 0013 0B       		.uleb128 0xb
 808 0014 3E       		.uleb128 0x3e
 809 0015 0B       		.uleb128 0xb
 810 0016 03       		.uleb128 0x3
 811 0017 0E       		.uleb128 0xe
 812 0018 00       		.byte	0
 813 0019 00       		.byte	0
 814 001a 03       		.uleb128 0x3
 815 001b 24       		.uleb128 0x24
 816 001c 00       		.byte	0
 817 001d 0B       		.uleb128 0xb
 818 001e 0B       		.uleb128 0xb
 819 001f 3E       		.uleb128 0x3e
 820 0020 0B       		.uleb128 0xb
 821 0021 03       		.uleb128 0x3
 822 0022 08       		.uleb128 0x8
 823 0023 00       		.byte	0
 824 0024 00       		.byte	0
 825 0025 04       		.uleb128 0x4
 826 0026 16       		.uleb128 0x16
 827 0027 00       		.byte	0
 828 0028 03       		.uleb128 0x3
 829 0029 0E       		.uleb128 0xe
 830 002a 3A       		.uleb128 0x3a
 831 002b 0B       		.uleb128 0xb
 832 002c 3B       		.uleb128 0x3b
 833 002d 05       		.uleb128 0x5
 834 002e 49       		.uleb128 0x49
 835 002f 13       		.uleb128 0x13
 836 0030 00       		.byte	0
 837 0031 00       		.byte	0
 838 0032 05       		.uleb128 0x5
 839 0033 13       		.uleb128 0x13
 840 0034 01       		.byte	0x1
 841 0035 0B       		.uleb128 0xb
 842 0036 0B       		.uleb128 0xb
 843 0037 3A       		.uleb128 0x3a
 844 0038 0B       		.uleb128 0xb
 845 0039 3B       		.uleb128 0x3b
 846 003a 0B       		.uleb128 0xb
 847 003b 01       		.uleb128 0x1
 848 003c 13       		.uleb128 0x13
 849 003d 00       		.byte	0
 850 003e 00       		.byte	0
 851 003f 06       		.uleb128 0x6
 852 0040 0D       		.uleb128 0xd
 853 0041 00       		.byte	0
 854 0042 03       		.uleb128 0x3
 855 0043 0E       		.uleb128 0xe
ARM GAS  C:\Users\ylee818\AppData\Local\Temp\ccklPAyG.s 			page 16


 856 0044 3A       		.uleb128 0x3a
 857 0045 0B       		.uleb128 0xb
 858 0046 3B       		.uleb128 0x3b
 859 0047 0B       		.uleb128 0xb
 860 0048 49       		.uleb128 0x49
 861 0049 13       		.uleb128 0x13
 862 004a 38       		.uleb128 0x38
 863 004b 0B       		.uleb128 0xb
 864 004c 00       		.byte	0
 865 004d 00       		.byte	0
 866 004e 07       		.uleb128 0x7
 867 004f 16       		.uleb128 0x16
 868 0050 00       		.byte	0
 869 0051 03       		.uleb128 0x3
 870 0052 0E       		.uleb128 0xe
 871 0053 3A       		.uleb128 0x3a
 872 0054 0B       		.uleb128 0xb
 873 0055 3B       		.uleb128 0x3b
 874 0056 0B       		.uleb128 0xb
 875 0057 49       		.uleb128 0x49
 876 0058 13       		.uleb128 0x13
 877 0059 00       		.byte	0
 878 005a 00       		.byte	0
 879 005b 08       		.uleb128 0x8
 880 005c 0D       		.uleb128 0xd
 881 005d 00       		.byte	0
 882 005e 03       		.uleb128 0x3
 883 005f 08       		.uleb128 0x8
 884 0060 3A       		.uleb128 0x3a
 885 0061 0B       		.uleb128 0xb
 886 0062 3B       		.uleb128 0x3b
 887 0063 0B       		.uleb128 0xb
 888 0064 49       		.uleb128 0x49
 889 0065 13       		.uleb128 0x13
 890 0066 38       		.uleb128 0x38
 891 0067 0B       		.uleb128 0xb
 892 0068 00       		.byte	0
 893 0069 00       		.byte	0
 894 006a 09       		.uleb128 0x9
 895 006b 0F       		.uleb128 0xf
 896 006c 00       		.byte	0
 897 006d 0B       		.uleb128 0xb
 898 006e 0B       		.uleb128 0xb
 899 006f 49       		.uleb128 0x49
 900 0070 13       		.uleb128 0x13
 901 0071 00       		.byte	0
 902 0072 00       		.byte	0
 903 0073 0A       		.uleb128 0xa
 904 0074 26       		.uleb128 0x26
 905 0075 00       		.byte	0
 906 0076 00       		.byte	0
 907 0077 00       		.byte	0
 908 0078 0B       		.uleb128 0xb
 909 0079 01       		.uleb128 0x1
 910 007a 01       		.byte	0x1
 911 007b 49       		.uleb128 0x49
 912 007c 13       		.uleb128 0x13
ARM GAS  C:\Users\ylee818\AppData\Local\Temp\ccklPAyG.s 			page 17


 913 007d 01       		.uleb128 0x1
 914 007e 13       		.uleb128 0x13
 915 007f 00       		.byte	0
 916 0080 00       		.byte	0
 917 0081 0C       		.uleb128 0xc
 918 0082 21       		.uleb128 0x21
 919 0083 00       		.byte	0
 920 0084 49       		.uleb128 0x49
 921 0085 13       		.uleb128 0x13
 922 0086 2F       		.uleb128 0x2f
 923 0087 0B       		.uleb128 0xb
 924 0088 00       		.byte	0
 925 0089 00       		.byte	0
 926 008a 0D       		.uleb128 0xd
 927 008b 26       		.uleb128 0x26
 928 008c 00       		.byte	0
 929 008d 49       		.uleb128 0x49
 930 008e 13       		.uleb128 0x13
 931 008f 00       		.byte	0
 932 0090 00       		.byte	0
 933 0091 0E       		.uleb128 0xe
 934 0092 34       		.uleb128 0x34
 935 0093 00       		.byte	0
 936 0094 03       		.uleb128 0x3
 937 0095 0E       		.uleb128 0xe
 938 0096 3A       		.uleb128 0x3a
 939 0097 0B       		.uleb128 0xb
 940 0098 3B       		.uleb128 0x3b
 941 0099 0B       		.uleb128 0xb
 942 009a 49       		.uleb128 0x49
 943 009b 13       		.uleb128 0x13
 944 009c 3F       		.uleb128 0x3f
 945 009d 19       		.uleb128 0x19
 946 009e 02       		.uleb128 0x2
 947 009f 18       		.uleb128 0x18
 948 00a0 00       		.byte	0
 949 00a1 00       		.byte	0
 950 00a2 0F       		.uleb128 0xf
 951 00a3 34       		.uleb128 0x34
 952 00a4 00       		.byte	0
 953 00a5 03       		.uleb128 0x3
 954 00a6 0E       		.uleb128 0xe
 955 00a7 3A       		.uleb128 0x3a
 956 00a8 0B       		.uleb128 0xb
 957 00a9 3B       		.uleb128 0x3b
 958 00aa 05       		.uleb128 0x5
 959 00ab 49       		.uleb128 0x49
 960 00ac 13       		.uleb128 0x13
 961 00ad 3F       		.uleb128 0x3f
 962 00ae 19       		.uleb128 0x19
 963 00af 02       		.uleb128 0x2
 964 00b0 18       		.uleb128 0x18
 965 00b1 00       		.byte	0
 966 00b2 00       		.byte	0
 967 00b3 00       		.byte	0
 968              		.section	.debug_aranges,"",%progbits
 969 0000 14000000 		.4byte	0x14
ARM GAS  C:\Users\ylee818\AppData\Local\Temp\ccklPAyG.s 			page 18


 970 0004 0200     		.2byte	0x2
 971 0006 00000000 		.4byte	.Ldebug_info0
 972 000a 04       		.byte	0x4
 973 000b 00       		.byte	0
 974 000c 0000     		.2byte	0
 975 000e 0000     		.2byte	0
 976 0010 00000000 		.4byte	0
 977 0014 00000000 		.4byte	0
 978              		.section	.debug_line,"",%progbits
 979              	.Ldebug_line0:
 980 0000 5D000000 		.section	.debug_str,"MS",%progbits,1
 980      02005700 
 980      00000201 
 980      FB0E0D00 
 980      01010101 
 981              	.LASF28:
 982 0000 55534255 		.ascii	"USBUART_DEVICE0_CONFIGURATION0_INTERFACE_CLASS\000"
 982      4152545F 
 982      44455649 
 982      4345305F 
 982      434F4E46 
 983              	.LASF37:
 984 002f 474E5520 		.ascii	"GNU C11 5.4.1 20160609 (release) [ARM/embedded-5-br"
 984      43313120 
 984      352E342E 
 984      31203230 
 984      31363036 
 985 0062 616E6368 		.ascii	"anch revision 237715] -mcpu=cortex-m3 -mthumb -g -O"
 985      20726576 
 985      6973696F 
 985      6E203233 
 985      37373135 
 986 0095 30202D66 		.ascii	"0 -ffunction-sections -ffat-lto-objects\000"
 986      66756E63 
 986      74696F6E 
 986      2D736563 
 986      74696F6E 
 987              	.LASF33:
 988 00bd 55534255 		.ascii	"USBUART_STRING_DESCRIPTORS\000"
 988      4152545F 
 988      53545249 
 988      4E475F44 
 988      45534352 
 989              	.LASF27:
 990 00d8 55534255 		.ascii	"USBUART_DEVICE0_CONFIGURATION0_EP_SETTINGS_TABLE\000"
 990      4152545F 
 990      44455649 
 990      4345305F 
 990      434F4E46 
 991              	.LASF34:
 992 0109 55534255 		.ascii	"USBUART_MSOS_DESCRIPTOR\000"
 992      4152545F 
 992      4D534F53 
 992      5F444553 
 992      43524950 
 993              	.LASF38:
 994 0121 47656E65 		.ascii	"Generated_Source\\PSoC5\\USBUART_descr.c\000"
ARM GAS  C:\Users\ylee818\AppData\Local\Temp\ccklPAyG.s 			page 19


 994      72617465 
 994      645F536F 
 994      75726365 
 994      5C50536F 
 995              	.LASF25:
 996 0148 55534255 		.ascii	"USBUART_DEVICE0_DESCR\000"
 996      4152545F 
 996      44455649 
 996      4345305F 
 996      44455343 
 997              	.LASF11:
 998 015e 666C6F61 		.ascii	"float\000"
 998      7400
 999              	.LASF32:
 1000 0164 55534255 		.ascii	"USBUART_SN_STRING_DESCRIPTOR\000"
 1000      4152545F 
 1000      534E5F53 
 1000      5452494E 
 1000      475F4445 
 1001              	.LASF17:
 1002 0181 616C7453 		.ascii	"altSetting\000"
 1002      65747469 
 1002      6E6700
 1003              	.LASF1:
 1004 018c 756E7369 		.ascii	"unsigned char\000"
 1004      676E6564 
 1004      20636861 
 1004      7200
 1005              	.LASF19:
 1006 019a 61747472 		.ascii	"attributes\000"
 1006      69627574 
 1006      657300
 1007              	.LASF22:
 1008 01a5 545F5553 		.ascii	"T_USBUART_EP_SETTINGS_BLOCK\000"
 1008      42554152 
 1008      545F4550 
 1008      5F534554 
 1008      54494E47 
 1009              	.LASF5:
 1010 01c1 6C6F6E67 		.ascii	"long unsigned int\000"
 1010      20756E73 
 1010      69676E65 
 1010      6420696E 
 1010      7400
 1011              	.LASF18:
 1012 01d3 61646472 		.ascii	"addr\000"
 1012      00
 1013              	.LASF29:
 1014 01d8 55534255 		.ascii	"USBUART_DEVICE0_CONFIGURATION0_TABLE\000"
 1014      4152545F 
 1014      44455649 
 1014      4345305F 
 1014      434F4E46 
 1015              	.LASF35:
 1016 01fd 55534255 		.ascii	"USBUART_MSOS_CONFIGURATION_DESCR\000"
 1016      4152545F 
 1016      4D534F53 
ARM GAS  C:\Users\ylee818\AppData\Local\Temp\ccklPAyG.s 			page 20


 1016      5F434F4E 
 1016      46494755 
 1017              	.LASF12:
 1018 021e 646F7562 		.ascii	"double\000"
 1018      6C6500
 1019              	.LASF10:
 1020 0225 75696E74 		.ascii	"uint16\000"
 1020      313600
 1021              	.LASF8:
 1022 022c 756E7369 		.ascii	"unsigned int\000"
 1022      676E6564 
 1022      20696E74 
 1022      00
 1023              	.LASF24:
 1024 0239 545F5553 		.ascii	"T_USBUART_LUT\000"
 1024      42554152 
 1024      545F4C55 
 1024      5400
 1025              	.LASF7:
 1026 0247 6C6F6E67 		.ascii	"long long unsigned int\000"
 1026      206C6F6E 
 1026      6720756E 
 1026      7369676E 
 1026      65642069 
 1027              	.LASF26:
 1028 025e 55534255 		.ascii	"USBUART_DEVICE0_CONFIGURATION0_DESCR\000"
 1028      4152545F 
 1028      44455649 
 1028      4345305F 
 1028      434F4E46 
 1029              	.LASF23:
 1030 0283 705F6C69 		.ascii	"p_list\000"
 1030      737400
 1031              	.LASF15:
 1032 028a 73697A65 		.ascii	"sizetype\000"
 1032      74797065 
 1032      00
 1033              	.LASF6:
 1034 0293 6C6F6E67 		.ascii	"long long int\000"
 1034      206C6F6E 
 1034      6720696E 
 1034      7400
 1035              	.LASF13:
 1036 02a1 63686172 		.ascii	"char\000"
 1036      00
 1037              	.LASF20:
 1038 02a6 62756666 		.ascii	"bufferSize\000"
 1038      65725369 
 1038      7A6500
 1039              	.LASF31:
 1040 02b1 55534255 		.ascii	"USBUART_TABLE\000"
 1040      4152545F 
 1040      5441424C 
 1040      4500
 1041              	.LASF2:
 1042 02bf 73686F72 		.ascii	"short int\000"
 1042      7420696E 
ARM GAS  C:\Users\ylee818\AppData\Local\Temp\ccklPAyG.s 			page 21


 1042      7400
 1043              	.LASF9:
 1044 02c9 75696E74 		.ascii	"uint8\000"
 1044      3800
 1045              	.LASF16:
 1046 02cf 696E7465 		.ascii	"interface\000"
 1046      72666163 
 1046      6500
 1047              	.LASF4:
 1048 02d9 6C6F6E67 		.ascii	"long int\000"
 1048      20696E74 
 1048      00
 1049              	.LASF14:
 1050 02e2 6C6F6E67 		.ascii	"long double\000"
 1050      20646F75 
 1050      626C6500 
 1051              	.LASF0:
 1052 02ee 7369676E 		.ascii	"signed char\000"
 1052      65642063 
 1052      68617200 
 1053              	.LASF3:
 1054 02fa 73686F72 		.ascii	"short unsigned int\000"
 1054      7420756E 
 1054      7369676E 
 1054      65642069 
 1054      6E7400
 1055              	.LASF39:
 1056 030d 433A5C55 		.ascii	"C:\\Users\\ylee818\\Documents\\GitHub\\COMPSYS301\\"
 1056      73657273 
 1056      5C796C65 
 1056      65383138 
 1056      5C446F63 
 1057 033a 42656E63 		.ascii	"Benchmarktest___combined\\Benchmarktest___combined\\"
 1057      686D6172 
 1057      6B746573 
 1057      745F5F5F 
 1057      636F6D62 
 1058 036c 70736F63 		.ascii	"psoc student pack\\psoc_code_base\\CS301_Class.cyds"
 1058      20737475 
 1058      64656E74 
 1058      20706163 
 1058      6B5C7073 
 1059 039d 6E00     		.ascii	"n\000"
 1060              	.LASF30:
 1061 039f 55534255 		.ascii	"USBUART_DEVICE0_TABLE\000"
 1061      4152545F 
 1061      44455649 
 1061      4345305F 
 1061      5441424C 
 1062              	.LASF21:
 1063 03b5 624D6973 		.ascii	"bMisc\000"
 1063      6300
 1064              	.LASF36:
 1065 03bb 55534255 		.ascii	"USBUART_idSerialNumberStringDescriptor\000"
 1065      4152545F 
 1065      69645365 
 1065      7269616C 
ARM GAS  C:\Users\ylee818\AppData\Local\Temp\ccklPAyG.s 			page 22


 1065      4E756D62 
 1066              		.ident	"GCC: (GNU Tools for ARM Embedded Processors) 5.4.1 20160609 (release) [ARM/embedded-5-bran
