ARM GAS  C:\Users\ylee818\AppData\Local\Temp\ccV6WdWf.s 			page 1


   1              		.syntax unified
   2              		.cpu cortex-m3
   3              		.fpu softvfp
   4              		.eabi_attribute 20, 1
   5              		.eabi_attribute 21, 1
   6              		.eabi_attribute 23, 3
   7              		.eabi_attribute 24, 1
   8              		.eabi_attribute 25, 1
   9              		.eabi_attribute 26, 1
  10              		.eabi_attribute 30, 6
  11              		.eabi_attribute 34, 1
  12              		.eabi_attribute 18, 4
  13              		.thumb
  14              		.syntax unified
  15              		.file	"ADC_PM.c"
  16              		.text
  17              	.Ltext0:
  18              		.cfi_sections	.debug_frame
  19              		.section	.text.ADC_Sleep,"ax",%progbits
  20              		.align	2
  21              		.global	ADC_Sleep
  22              		.thumb
  23              		.thumb_func
  24              		.type	ADC_Sleep, %function
  25              	ADC_Sleep:
  26              	.LFB0:
  27              		.file 1 "Generated_Source\\PSoC5\\ADC_PM.c"
   1:Generated_Source\PSoC5/ADC_PM.c **** /*******************************************************************************
   2:Generated_Source\PSoC5/ADC_PM.c **** * File Name: ADC_PM.c
   3:Generated_Source\PSoC5/ADC_PM.c **** * Version 2.10
   4:Generated_Source\PSoC5/ADC_PM.c **** *
   5:Generated_Source\PSoC5/ADC_PM.c **** * Description:
   6:Generated_Source\PSoC5/ADC_PM.c **** *  This file contains the setup, control and status commands to support
   7:Generated_Source\PSoC5/ADC_PM.c **** *  component operations in low power mode.
   8:Generated_Source\PSoC5/ADC_PM.c **** *
   9:Generated_Source\PSoC5/ADC_PM.c **** * Note:
  10:Generated_Source\PSoC5/ADC_PM.c **** *
  11:Generated_Source\PSoC5/ADC_PM.c **** ********************************************************************************
  12:Generated_Source\PSoC5/ADC_PM.c **** * Copyright 2012-2015, Cypress Semiconductor Corporation.  All rights reserved.
  13:Generated_Source\PSoC5/ADC_PM.c **** * You may use this file only in accordance with the license, terms, conditions,
  14:Generated_Source\PSoC5/ADC_PM.c **** * disclaimers, and limitations in the end user license agreement accompanying
  15:Generated_Source\PSoC5/ADC_PM.c **** * the software package with which this file was provided.
  16:Generated_Source\PSoC5/ADC_PM.c **** *******************************************************************************/
  17:Generated_Source\PSoC5/ADC_PM.c **** 
  18:Generated_Source\PSoC5/ADC_PM.c **** #include "ADC.h"
  19:Generated_Source\PSoC5/ADC_PM.c **** #include "ADC_SAR.h"
  20:Generated_Source\PSoC5/ADC_PM.c **** #if(ADC_CLOCK_SOURCE == ADC_CLOCK_INTERNAL)
  21:Generated_Source\PSoC5/ADC_PM.c ****     #include "ADC_IntClock.h"
  22:Generated_Source\PSoC5/ADC_PM.c **** #endif   /* ADC_CLOCK_SOURCE == ADC_CLOCK_INTERNAL */
  23:Generated_Source\PSoC5/ADC_PM.c **** 
  24:Generated_Source\PSoC5/ADC_PM.c **** 
  25:Generated_Source\PSoC5/ADC_PM.c **** /*******************************************************************************
  26:Generated_Source\PSoC5/ADC_PM.c **** * Function Name: ADC_Sleep
  27:Generated_Source\PSoC5/ADC_PM.c **** ********************************************************************************
  28:Generated_Source\PSoC5/ADC_PM.c **** *
  29:Generated_Source\PSoC5/ADC_PM.c **** * Summary:
  30:Generated_Source\PSoC5/ADC_PM.c **** *  Stops the ADC operation and saves the configuration registers and component
ARM GAS  C:\Users\ylee818\AppData\Local\Temp\ccV6WdWf.s 			page 2


  31:Generated_Source\PSoC5/ADC_PM.c **** *  enable state. Should be called just prior to entering sleep
  32:Generated_Source\PSoC5/ADC_PM.c **** *
  33:Generated_Source\PSoC5/ADC_PM.c **** * Parameters:
  34:Generated_Source\PSoC5/ADC_PM.c **** *  None.
  35:Generated_Source\PSoC5/ADC_PM.c **** *
  36:Generated_Source\PSoC5/ADC_PM.c **** * Return:
  37:Generated_Source\PSoC5/ADC_PM.c **** *  None.
  38:Generated_Source\PSoC5/ADC_PM.c **** *
  39:Generated_Source\PSoC5/ADC_PM.c **** * Side Effects:
  40:Generated_Source\PSoC5/ADC_PM.c **** *  None.
  41:Generated_Source\PSoC5/ADC_PM.c **** *
  42:Generated_Source\PSoC5/ADC_PM.c **** * Reentrant:
  43:Generated_Source\PSoC5/ADC_PM.c **** *  No.
  44:Generated_Source\PSoC5/ADC_PM.c **** *
  45:Generated_Source\PSoC5/ADC_PM.c **** *******************************************************************************/
  46:Generated_Source\PSoC5/ADC_PM.c **** void ADC_Sleep(void)
  47:Generated_Source\PSoC5/ADC_PM.c **** {
  28              		.loc 1 47 0
  29              		.cfi_startproc
  30              		@ args = 0, pretend = 0, frame = 0
  31              		@ frame_needed = 1, uses_anonymous_args = 0
  32 0000 80B5     		push	{r7, lr}
  33              		.cfi_def_cfa_offset 8
  34              		.cfi_offset 7, -8
  35              		.cfi_offset 14, -4
  36 0002 00AF     		add	r7, sp, #0
  37              		.cfi_def_cfa_register 7
  48:Generated_Source\PSoC5/ADC_PM.c ****     ADC_SAR_Stop();
  38              		.loc 1 48 0
  39 0004 FFF7FEFF 		bl	ADC_SAR_Stop
  49:Generated_Source\PSoC5/ADC_PM.c ****     ADC_SAR_Sleep();
  40              		.loc 1 49 0
  41 0008 FFF7FEFF 		bl	ADC_SAR_Sleep
  50:Generated_Source\PSoC5/ADC_PM.c ****     ADC_Disable();
  42              		.loc 1 50 0
  43 000c FFF7FEFF 		bl	ADC_Disable
  51:Generated_Source\PSoC5/ADC_PM.c **** 
  52:Generated_Source\PSoC5/ADC_PM.c ****     #if(ADC_CLOCK_SOURCE == ADC_CLOCK_INTERNAL)
  53:Generated_Source\PSoC5/ADC_PM.c ****         ADC_IntClock_Stop();
  44              		.loc 1 53 0
  45 0010 FFF7FEFF 		bl	ADC_IntClock_Stop
  54:Generated_Source\PSoC5/ADC_PM.c ****     #endif   /* ADC_CLOCK_SOURCE == ADC_CLOCK_INTERNAL */
  55:Generated_Source\PSoC5/ADC_PM.c **** }
  46              		.loc 1 55 0
  47 0014 00BF     		nop
  48 0016 80BD     		pop	{r7, pc}
  49              		.cfi_endproc
  50              	.LFE0:
  51              		.size	ADC_Sleep, .-ADC_Sleep
  52              		.section	.text.ADC_Wakeup,"ax",%progbits
  53              		.align	2
  54              		.global	ADC_Wakeup
  55              		.thumb
  56              		.thumb_func
  57              		.type	ADC_Wakeup, %function
  58              	ADC_Wakeup:
  59              	.LFB1:
ARM GAS  C:\Users\ylee818\AppData\Local\Temp\ccV6WdWf.s 			page 3


  56:Generated_Source\PSoC5/ADC_PM.c **** 
  57:Generated_Source\PSoC5/ADC_PM.c **** 
  58:Generated_Source\PSoC5/ADC_PM.c **** /*******************************************************************************
  59:Generated_Source\PSoC5/ADC_PM.c **** * Function Name: ADC_Wakeup
  60:Generated_Source\PSoC5/ADC_PM.c **** ********************************************************************************
  61:Generated_Source\PSoC5/ADC_PM.c **** *
  62:Generated_Source\PSoC5/ADC_PM.c **** * Summary:
  63:Generated_Source\PSoC5/ADC_PM.c **** *  Restores the component enable state and configuration registers. This should
  64:Generated_Source\PSoC5/ADC_PM.c **** *  be called just after awaking from sleep mode
  65:Generated_Source\PSoC5/ADC_PM.c **** *
  66:Generated_Source\PSoC5/ADC_PM.c **** * Parameters:
  67:Generated_Source\PSoC5/ADC_PM.c **** *  None.
  68:Generated_Source\PSoC5/ADC_PM.c **** *
  69:Generated_Source\PSoC5/ADC_PM.c **** * Return:
  70:Generated_Source\PSoC5/ADC_PM.c **** *  None.
  71:Generated_Source\PSoC5/ADC_PM.c **** *
  72:Generated_Source\PSoC5/ADC_PM.c **** * Side Effects:
  73:Generated_Source\PSoC5/ADC_PM.c **** *  None.
  74:Generated_Source\PSoC5/ADC_PM.c **** *
  75:Generated_Source\PSoC5/ADC_PM.c **** * Reentrant:
  76:Generated_Source\PSoC5/ADC_PM.c **** *  No.
  77:Generated_Source\PSoC5/ADC_PM.c **** *
  78:Generated_Source\PSoC5/ADC_PM.c **** *******************************************************************************/
  79:Generated_Source\PSoC5/ADC_PM.c **** void ADC_Wakeup(void)
  80:Generated_Source\PSoC5/ADC_PM.c **** {
  60              		.loc 1 80 0
  61              		.cfi_startproc
  62              		@ args = 0, pretend = 0, frame = 0
  63              		@ frame_needed = 1, uses_anonymous_args = 0
  64 0000 80B5     		push	{r7, lr}
  65              		.cfi_def_cfa_offset 8
  66              		.cfi_offset 7, -8
  67              		.cfi_offset 14, -4
  68 0002 00AF     		add	r7, sp, #0
  69              		.cfi_def_cfa_register 7
  81:Generated_Source\PSoC5/ADC_PM.c ****     ADC_SAR_Wakeup();
  70              		.loc 1 81 0
  71 0004 FFF7FEFF 		bl	ADC_SAR_Wakeup
  82:Generated_Source\PSoC5/ADC_PM.c ****     ADC_SAR_Enable();
  72              		.loc 1 82 0
  73 0008 FFF7FEFF 		bl	ADC_SAR_Enable
  83:Generated_Source\PSoC5/ADC_PM.c **** 
  84:Generated_Source\PSoC5/ADC_PM.c ****     #if(ADC_CLOCK_SOURCE == ADC_CLOCK_INTERNAL)
  85:Generated_Source\PSoC5/ADC_PM.c ****         ADC_IntClock_Start();
  74              		.loc 1 85 0
  75 000c FFF7FEFF 		bl	ADC_IntClock_Start
  86:Generated_Source\PSoC5/ADC_PM.c ****     #endif   /* ADC_CLOCK_SOURCE == ADC_CLOCK_INTERNAL */
  87:Generated_Source\PSoC5/ADC_PM.c **** 
  88:Generated_Source\PSoC5/ADC_PM.c ****     /* The block is ready to use 10 us after the SAR enable signal is set high. */
  89:Generated_Source\PSoC5/ADC_PM.c ****     CyDelayUs(10u);
  76              		.loc 1 89 0
  77 0010 0A20     		movs	r0, #10
  78 0012 FFF7FEFF 		bl	CyDelayUs
  90:Generated_Source\PSoC5/ADC_PM.c ****     
  91:Generated_Source\PSoC5/ADC_PM.c ****     ADC_Enable();
  79              		.loc 1 91 0
  80 0016 FFF7FEFF 		bl	ADC_Enable
ARM GAS  C:\Users\ylee818\AppData\Local\Temp\ccV6WdWf.s 			page 4


  92:Generated_Source\PSoC5/ADC_PM.c **** 
  93:Generated_Source\PSoC5/ADC_PM.c ****     #if(ADC_SAMPLE_MODE == ADC_SAMPLE_MODE_FREE_RUNNING)
  94:Generated_Source\PSoC5/ADC_PM.c ****         ADC_SAR_StartConvert();
  81              		.loc 1 94 0
  82 001a FFF7FEFF 		bl	ADC_SAR_StartConvert
  95:Generated_Source\PSoC5/ADC_PM.c ****     #endif /* (ADC_SAMPLE_MODE == ADC_SAMPLE_MODE_FREE_RUNNING) */
  96:Generated_Source\PSoC5/ADC_PM.c **** 
  97:Generated_Source\PSoC5/ADC_PM.c ****     (void) CY_GET_REG8(ADC_STATUS_PTR);
  83              		.loc 1 97 0
  84 001e 024B     		ldr	r3, .L3
  85 0020 1B78     		ldrb	r3, [r3]
  98:Generated_Source\PSoC5/ADC_PM.c **** }
  86              		.loc 1 98 0
  87 0022 00BF     		nop
  88 0024 80BD     		pop	{r7, pc}
  89              	.L4:
  90 0026 00BF     		.align	2
  91              	.L3:
  92 0028 6F640040 		.word	1073767535
  93              		.cfi_endproc
  94              	.LFE1:
  95              		.size	ADC_Wakeup, .-ADC_Wakeup
  96              		.section	.text.ADC_SaveConfig,"ax",%progbits
  97              		.align	2
  98              		.global	ADC_SaveConfig
  99              		.thumb
 100              		.thumb_func
 101              		.type	ADC_SaveConfig, %function
 102              	ADC_SaveConfig:
 103              	.LFB2:
  99:Generated_Source\PSoC5/ADC_PM.c **** 
 100:Generated_Source\PSoC5/ADC_PM.c **** 
 101:Generated_Source\PSoC5/ADC_PM.c **** /*******************************************************************************
 102:Generated_Source\PSoC5/ADC_PM.c **** * Function Name: ADC_SaveConfig
 103:Generated_Source\PSoC5/ADC_PM.c **** ********************************************************************************
 104:Generated_Source\PSoC5/ADC_PM.c **** *
 105:Generated_Source\PSoC5/ADC_PM.c **** * Summary:
 106:Generated_Source\PSoC5/ADC_PM.c **** *  Save the current configuration of ADC non-retention registers
 107:Generated_Source\PSoC5/ADC_PM.c **** *
 108:Generated_Source\PSoC5/ADC_PM.c **** * Parameters:
 109:Generated_Source\PSoC5/ADC_PM.c **** *  None.
 110:Generated_Source\PSoC5/ADC_PM.c **** *
 111:Generated_Source\PSoC5/ADC_PM.c **** * Return:
 112:Generated_Source\PSoC5/ADC_PM.c **** *  None.
 113:Generated_Source\PSoC5/ADC_PM.c **** *
 114:Generated_Source\PSoC5/ADC_PM.c **** * Side Effects:
 115:Generated_Source\PSoC5/ADC_PM.c **** *  None.
 116:Generated_Source\PSoC5/ADC_PM.c **** *
 117:Generated_Source\PSoC5/ADC_PM.c **** * Reentrant:
 118:Generated_Source\PSoC5/ADC_PM.c **** *  No.
 119:Generated_Source\PSoC5/ADC_PM.c **** *
 120:Generated_Source\PSoC5/ADC_PM.c **** *******************************************************************************/
 121:Generated_Source\PSoC5/ADC_PM.c **** void ADC_SaveConfig(void)
 122:Generated_Source\PSoC5/ADC_PM.c **** {
 104              		.loc 1 122 0
 105              		.cfi_startproc
 106              		@ args = 0, pretend = 0, frame = 0
ARM GAS  C:\Users\ylee818\AppData\Local\Temp\ccV6WdWf.s 			page 5


 107              		@ frame_needed = 1, uses_anonymous_args = 0
 108              		@ link register save eliminated.
 109 0000 80B4     		push	{r7}
 110              		.cfi_def_cfa_offset 4
 111              		.cfi_offset 7, -4
 112 0002 00AF     		add	r7, sp, #0
 113              		.cfi_def_cfa_register 7
 123:Generated_Source\PSoC5/ADC_PM.c **** 
 124:Generated_Source\PSoC5/ADC_PM.c **** }
 114              		.loc 1 124 0
 115 0004 00BF     		nop
 116 0006 BD46     		mov	sp, r7
 117              		.cfi_def_cfa_register 13
 118              		@ sp needed
 119 0008 80BC     		pop	{r7}
 120              		.cfi_restore 7
 121              		.cfi_def_cfa_offset 0
 122 000a 7047     		bx	lr
 123              		.cfi_endproc
 124              	.LFE2:
 125              		.size	ADC_SaveConfig, .-ADC_SaveConfig
 126              		.section	.text.ADC_RestoreConfig,"ax",%progbits
 127              		.align	2
 128              		.global	ADC_RestoreConfig
 129              		.thumb
 130              		.thumb_func
 131              		.type	ADC_RestoreConfig, %function
 132              	ADC_RestoreConfig:
 133              	.LFB3:
 125:Generated_Source\PSoC5/ADC_PM.c **** 
 126:Generated_Source\PSoC5/ADC_PM.c **** 
 127:Generated_Source\PSoC5/ADC_PM.c **** /*******************************************************************************
 128:Generated_Source\PSoC5/ADC_PM.c **** * Function Name: ADC_RestoreConfig
 129:Generated_Source\PSoC5/ADC_PM.c **** ********************************************************************************
 130:Generated_Source\PSoC5/ADC_PM.c **** *
 131:Generated_Source\PSoC5/ADC_PM.c **** * Summary:
 132:Generated_Source\PSoC5/ADC_PM.c **** *  Restores the configuration of ADC non-retention registers
 133:Generated_Source\PSoC5/ADC_PM.c **** *
 134:Generated_Source\PSoC5/ADC_PM.c **** * Parameters:
 135:Generated_Source\PSoC5/ADC_PM.c **** *  None.
 136:Generated_Source\PSoC5/ADC_PM.c **** *
 137:Generated_Source\PSoC5/ADC_PM.c **** * Return:
 138:Generated_Source\PSoC5/ADC_PM.c **** *  None.
 139:Generated_Source\PSoC5/ADC_PM.c **** *
 140:Generated_Source\PSoC5/ADC_PM.c **** * Side Effects:
 141:Generated_Source\PSoC5/ADC_PM.c **** *  None.
 142:Generated_Source\PSoC5/ADC_PM.c **** *
 143:Generated_Source\PSoC5/ADC_PM.c **** * Reentrant:
 144:Generated_Source\PSoC5/ADC_PM.c **** *  No.
 145:Generated_Source\PSoC5/ADC_PM.c **** *
 146:Generated_Source\PSoC5/ADC_PM.c **** *******************************************************************************/
 147:Generated_Source\PSoC5/ADC_PM.c **** void ADC_RestoreConfig(void)
 148:Generated_Source\PSoC5/ADC_PM.c **** {
 134              		.loc 1 148 0
 135              		.cfi_startproc
 136              		@ args = 0, pretend = 0, frame = 0
 137              		@ frame_needed = 1, uses_anonymous_args = 0
ARM GAS  C:\Users\ylee818\AppData\Local\Temp\ccV6WdWf.s 			page 6


 138              		@ link register save eliminated.
 139 0000 80B4     		push	{r7}
 140              		.cfi_def_cfa_offset 4
 141              		.cfi_offset 7, -4
 142 0002 00AF     		add	r7, sp, #0
 143              		.cfi_def_cfa_register 7
 149:Generated_Source\PSoC5/ADC_PM.c **** 
 150:Generated_Source\PSoC5/ADC_PM.c **** }
 144              		.loc 1 150 0
 145 0004 00BF     		nop
 146 0006 BD46     		mov	sp, r7
 147              		.cfi_def_cfa_register 13
 148              		@ sp needed
 149 0008 80BC     		pop	{r7}
 150              		.cfi_restore 7
 151              		.cfi_def_cfa_offset 0
 152 000a 7047     		bx	lr
 153              		.cfi_endproc
 154              	.LFE3:
 155              		.size	ADC_RestoreConfig, .-ADC_RestoreConfig
 156              		.text
 157              	.Letext0:
 158              		.file 2 "Generated_Source\\PSoC5\\cytypes.h"
 159              		.section	.debug_info,"",%progbits
 160              	.Ldebug_info0:
 161 0000 EC000000 		.4byte	0xec
 162 0004 0400     		.2byte	0x4
 163 0006 00000000 		.4byte	.Ldebug_abbrev0
 164 000a 04       		.byte	0x4
 165 000b 01       		.uleb128 0x1
 166 000c 6D000000 		.4byte	.LASF20
 167 0010 0C       		.byte	0xc
 168 0011 E8010000 		.4byte	.LASF21
 169 0015 56010000 		.4byte	.LASF22
 170 0019 00000000 		.4byte	.Ldebug_ranges0+0
 171 001d 00000000 		.4byte	0
 172 0021 00000000 		.4byte	.Ldebug_line0
 173 0025 02       		.uleb128 0x2
 174 0026 01       		.byte	0x1
 175 0027 06       		.byte	0x6
 176 0028 4A010000 		.4byte	.LASF0
 177 002c 02       		.uleb128 0x2
 178 002d 01       		.byte	0x1
 179 002e 08       		.byte	0x8
 180 002f FB000000 		.4byte	.LASF1
 181 0033 02       		.uleb128 0x2
 182 0034 02       		.byte	0x2
 183 0035 05       		.byte	0x5
 184 0036 14020000 		.4byte	.LASF2
 185 003a 02       		.uleb128 0x2
 186 003b 02       		.byte	0x2
 187 003c 07       		.byte	0x7
 188 003d 37010000 		.4byte	.LASF3
 189 0041 02       		.uleb128 0x2
 190 0042 04       		.byte	0x4
 191 0043 05       		.byte	0x5
 192 0044 18010000 		.4byte	.LASF4
ARM GAS  C:\Users\ylee818\AppData\Local\Temp\ccV6WdWf.s 			page 7


 193 0048 02       		.uleb128 0x2
 194 0049 04       		.byte	0x4
 195 004a 07       		.byte	0x7
 196 004b 21000000 		.4byte	.LASF5
 197 004f 02       		.uleb128 0x2
 198 0050 08       		.byte	0x8
 199 0051 05       		.byte	0x5
 200 0052 00000000 		.4byte	.LASF6
 201 0056 02       		.uleb128 0x2
 202 0057 08       		.byte	0x8
 203 0058 07       		.byte	0x7
 204 0059 33000000 		.4byte	.LASF7
 205 005d 03       		.uleb128 0x3
 206 005e 04       		.byte	0x4
 207 005f 05       		.byte	0x5
 208 0060 696E7400 		.ascii	"int\000"
 209 0064 02       		.uleb128 0x2
 210 0065 04       		.byte	0x4
 211 0066 07       		.byte	0x7
 212 0067 0E000000 		.4byte	.LASF8
 213 006b 04       		.uleb128 0x4
 214 006c 1B000000 		.4byte	.LASF12
 215 0070 02       		.byte	0x2
 216 0071 E701     		.2byte	0x1e7
 217 0073 2C000000 		.4byte	0x2c
 218 0077 02       		.uleb128 0x2
 219 0078 04       		.byte	0x4
 220 0079 04       		.byte	0x4
 221 007a 5C000000 		.4byte	.LASF9
 222 007e 02       		.uleb128 0x2
 223 007f 08       		.byte	0x8
 224 0080 04       		.byte	0x4
 225 0081 21010000 		.4byte	.LASF10
 226 0085 02       		.uleb128 0x2
 227 0086 01       		.byte	0x1
 228 0087 08       		.byte	0x8
 229 0088 09010000 		.4byte	.LASF11
 230 008c 04       		.uleb128 0x4
 231 008d 1E020000 		.4byte	.LASF13
 232 0091 02       		.byte	0x2
 233 0092 9102     		.2byte	0x291
 234 0094 98000000 		.4byte	0x98
 235 0098 05       		.uleb128 0x5
 236 0099 6B000000 		.4byte	0x6b
 237 009d 02       		.uleb128 0x2
 238 009e 08       		.byte	0x8
 239 009f 04       		.byte	0x4
 240 00a0 08020000 		.4byte	.LASF14
 241 00a4 02       		.uleb128 0x2
 242 00a5 04       		.byte	0x4
 243 00a6 07       		.byte	0x7
 244 00a7 23020000 		.4byte	.LASF15
 245 00ab 06       		.uleb128 0x6
 246 00ac 0E010000 		.4byte	.LASF16
 247 00b0 01       		.byte	0x1
 248 00b1 2E       		.byte	0x2e
 249 00b2 00000000 		.4byte	.LFB0
ARM GAS  C:\Users\ylee818\AppData\Local\Temp\ccV6WdWf.s 			page 8


 250 00b6 18000000 		.4byte	.LFE0-.LFB0
 251 00ba 01       		.uleb128 0x1
 252 00bb 9C       		.byte	0x9c
 253 00bc 06       		.uleb128 0x6
 254 00bd 62000000 		.4byte	.LASF17
 255 00c1 01       		.byte	0x1
 256 00c2 4F       		.byte	0x4f
 257 00c3 00000000 		.4byte	.LFB1
 258 00c7 2C000000 		.4byte	.LFE1-.LFB1
 259 00cb 01       		.uleb128 0x1
 260 00cc 9C       		.byte	0x9c
 261 00cd 07       		.uleb128 0x7
 262 00ce 28010000 		.4byte	.LASF18
 263 00d2 01       		.byte	0x1
 264 00d3 79       		.byte	0x79
 265 00d4 00000000 		.4byte	.LFB2
 266 00d8 0C000000 		.4byte	.LFE2-.LFB2
 267 00dc 01       		.uleb128 0x1
 268 00dd 9C       		.byte	0x9c
 269 00de 07       		.uleb128 0x7
 270 00df 4A000000 		.4byte	.LASF19
 271 00e3 01       		.byte	0x1
 272 00e4 93       		.byte	0x93
 273 00e5 00000000 		.4byte	.LFB3
 274 00e9 0C000000 		.4byte	.LFE3-.LFB3
 275 00ed 01       		.uleb128 0x1
 276 00ee 9C       		.byte	0x9c
 277 00ef 00       		.byte	0
 278              		.section	.debug_abbrev,"",%progbits
 279              	.Ldebug_abbrev0:
 280 0000 01       		.uleb128 0x1
 281 0001 11       		.uleb128 0x11
 282 0002 01       		.byte	0x1
 283 0003 25       		.uleb128 0x25
 284 0004 0E       		.uleb128 0xe
 285 0005 13       		.uleb128 0x13
 286 0006 0B       		.uleb128 0xb
 287 0007 03       		.uleb128 0x3
 288 0008 0E       		.uleb128 0xe
 289 0009 1B       		.uleb128 0x1b
 290 000a 0E       		.uleb128 0xe
 291 000b 55       		.uleb128 0x55
 292 000c 17       		.uleb128 0x17
 293 000d 11       		.uleb128 0x11
 294 000e 01       		.uleb128 0x1
 295 000f 10       		.uleb128 0x10
 296 0010 17       		.uleb128 0x17
 297 0011 00       		.byte	0
 298 0012 00       		.byte	0
 299 0013 02       		.uleb128 0x2
 300 0014 24       		.uleb128 0x24
 301 0015 00       		.byte	0
 302 0016 0B       		.uleb128 0xb
 303 0017 0B       		.uleb128 0xb
 304 0018 3E       		.uleb128 0x3e
 305 0019 0B       		.uleb128 0xb
 306 001a 03       		.uleb128 0x3
ARM GAS  C:\Users\ylee818\AppData\Local\Temp\ccV6WdWf.s 			page 9


 307 001b 0E       		.uleb128 0xe
 308 001c 00       		.byte	0
 309 001d 00       		.byte	0
 310 001e 03       		.uleb128 0x3
 311 001f 24       		.uleb128 0x24
 312 0020 00       		.byte	0
 313 0021 0B       		.uleb128 0xb
 314 0022 0B       		.uleb128 0xb
 315 0023 3E       		.uleb128 0x3e
 316 0024 0B       		.uleb128 0xb
 317 0025 03       		.uleb128 0x3
 318 0026 08       		.uleb128 0x8
 319 0027 00       		.byte	0
 320 0028 00       		.byte	0
 321 0029 04       		.uleb128 0x4
 322 002a 16       		.uleb128 0x16
 323 002b 00       		.byte	0
 324 002c 03       		.uleb128 0x3
 325 002d 0E       		.uleb128 0xe
 326 002e 3A       		.uleb128 0x3a
 327 002f 0B       		.uleb128 0xb
 328 0030 3B       		.uleb128 0x3b
 329 0031 05       		.uleb128 0x5
 330 0032 49       		.uleb128 0x49
 331 0033 13       		.uleb128 0x13
 332 0034 00       		.byte	0
 333 0035 00       		.byte	0
 334 0036 05       		.uleb128 0x5
 335 0037 35       		.uleb128 0x35
 336 0038 00       		.byte	0
 337 0039 49       		.uleb128 0x49
 338 003a 13       		.uleb128 0x13
 339 003b 00       		.byte	0
 340 003c 00       		.byte	0
 341 003d 06       		.uleb128 0x6
 342 003e 2E       		.uleb128 0x2e
 343 003f 00       		.byte	0
 344 0040 3F       		.uleb128 0x3f
 345 0041 19       		.uleb128 0x19
 346 0042 03       		.uleb128 0x3
 347 0043 0E       		.uleb128 0xe
 348 0044 3A       		.uleb128 0x3a
 349 0045 0B       		.uleb128 0xb
 350 0046 3B       		.uleb128 0x3b
 351 0047 0B       		.uleb128 0xb
 352 0048 27       		.uleb128 0x27
 353 0049 19       		.uleb128 0x19
 354 004a 11       		.uleb128 0x11
 355 004b 01       		.uleb128 0x1
 356 004c 12       		.uleb128 0x12
 357 004d 06       		.uleb128 0x6
 358 004e 40       		.uleb128 0x40
 359 004f 18       		.uleb128 0x18
 360 0050 9642     		.uleb128 0x2116
 361 0052 19       		.uleb128 0x19
 362 0053 00       		.byte	0
 363 0054 00       		.byte	0
ARM GAS  C:\Users\ylee818\AppData\Local\Temp\ccV6WdWf.s 			page 10


 364 0055 07       		.uleb128 0x7
 365 0056 2E       		.uleb128 0x2e
 366 0057 00       		.byte	0
 367 0058 3F       		.uleb128 0x3f
 368 0059 19       		.uleb128 0x19
 369 005a 03       		.uleb128 0x3
 370 005b 0E       		.uleb128 0xe
 371 005c 3A       		.uleb128 0x3a
 372 005d 0B       		.uleb128 0xb
 373 005e 3B       		.uleb128 0x3b
 374 005f 0B       		.uleb128 0xb
 375 0060 27       		.uleb128 0x27
 376 0061 19       		.uleb128 0x19
 377 0062 11       		.uleb128 0x11
 378 0063 01       		.uleb128 0x1
 379 0064 12       		.uleb128 0x12
 380 0065 06       		.uleb128 0x6
 381 0066 40       		.uleb128 0x40
 382 0067 18       		.uleb128 0x18
 383 0068 9742     		.uleb128 0x2117
 384 006a 19       		.uleb128 0x19
 385 006b 00       		.byte	0
 386 006c 00       		.byte	0
 387 006d 00       		.byte	0
 388              		.section	.debug_aranges,"",%progbits
 389 0000 34000000 		.4byte	0x34
 390 0004 0200     		.2byte	0x2
 391 0006 00000000 		.4byte	.Ldebug_info0
 392 000a 04       		.byte	0x4
 393 000b 00       		.byte	0
 394 000c 0000     		.2byte	0
 395 000e 0000     		.2byte	0
 396 0010 00000000 		.4byte	.LFB0
 397 0014 18000000 		.4byte	.LFE0-.LFB0
 398 0018 00000000 		.4byte	.LFB1
 399 001c 2C000000 		.4byte	.LFE1-.LFB1
 400 0020 00000000 		.4byte	.LFB2
 401 0024 0C000000 		.4byte	.LFE2-.LFB2
 402 0028 00000000 		.4byte	.LFB3
 403 002c 0C000000 		.4byte	.LFE3-.LFB3
 404 0030 00000000 		.4byte	0
 405 0034 00000000 		.4byte	0
 406              		.section	.debug_ranges,"",%progbits
 407              	.Ldebug_ranges0:
 408 0000 00000000 		.4byte	.LFB0
 409 0004 18000000 		.4byte	.LFE0
 410 0008 00000000 		.4byte	.LFB1
 411 000c 2C000000 		.4byte	.LFE1
 412 0010 00000000 		.4byte	.LFB2
 413 0014 0C000000 		.4byte	.LFE2
 414 0018 00000000 		.4byte	.LFB3
 415 001c 0C000000 		.4byte	.LFE3
 416 0020 00000000 		.4byte	0
 417 0024 00000000 		.4byte	0
 418              		.section	.debug_line,"",%progbits
 419              	.Ldebug_line0:
 420 0000 97000000 		.section	.debug_str,"MS",%progbits,1
ARM GAS  C:\Users\ylee818\AppData\Local\Temp\ccV6WdWf.s 			page 11


 420      02004300 
 420      00000201 
 420      FB0E0D00 
 420      01010101 
 421              	.LASF6:
 422 0000 6C6F6E67 		.ascii	"long long int\000"
 422      206C6F6E 
 422      6720696E 
 422      7400
 423              	.LASF8:
 424 000e 756E7369 		.ascii	"unsigned int\000"
 424      676E6564 
 424      20696E74 
 424      00
 425              	.LASF12:
 426 001b 75696E74 		.ascii	"uint8\000"
 426      3800
 427              	.LASF5:
 428 0021 6C6F6E67 		.ascii	"long unsigned int\000"
 428      20756E73 
 428      69676E65 
 428      6420696E 
 428      7400
 429              	.LASF7:
 430 0033 6C6F6E67 		.ascii	"long long unsigned int\000"
 430      206C6F6E 
 430      6720756E 
 430      7369676E 
 430      65642069 
 431              	.LASF19:
 432 004a 4144435F 		.ascii	"ADC_RestoreConfig\000"
 432      52657374 
 432      6F726543 
 432      6F6E6669 
 432      6700
 433              	.LASF9:
 434 005c 666C6F61 		.ascii	"float\000"
 434      7400
 435              	.LASF17:
 436 0062 4144435F 		.ascii	"ADC_Wakeup\000"
 436      57616B65 
 436      757000
 437              	.LASF20:
 438 006d 474E5520 		.ascii	"GNU C11 5.4.1 20160609 (release) [ARM/embedded-5-br"
 438      43313120 
 438      352E342E 
 438      31203230 
 438      31363036 
 439 00a0 616E6368 		.ascii	"anch revision 237715] -mcpu=cortex-m3 -mthumb -g -O"
 439      20726576 
 439      6973696F 
 439      6E203233 
 439      37373135 
 440 00d3 30202D66 		.ascii	"0 -ffunction-sections -ffat-lto-objects\000"
 440      66756E63 
 440      74696F6E 
 440      2D736563 
ARM GAS  C:\Users\ylee818\AppData\Local\Temp\ccV6WdWf.s 			page 12


 440      74696F6E 
 441              	.LASF1:
 442 00fb 756E7369 		.ascii	"unsigned char\000"
 442      676E6564 
 442      20636861 
 442      7200
 443              	.LASF11:
 444 0109 63686172 		.ascii	"char\000"
 444      00
 445              	.LASF16:
 446 010e 4144435F 		.ascii	"ADC_Sleep\000"
 446      536C6565 
 446      7000
 447              	.LASF4:
 448 0118 6C6F6E67 		.ascii	"long int\000"
 448      20696E74 
 448      00
 449              	.LASF10:
 450 0121 646F7562 		.ascii	"double\000"
 450      6C6500
 451              	.LASF18:
 452 0128 4144435F 		.ascii	"ADC_SaveConfig\000"
 452      53617665 
 452      436F6E66 
 452      696700
 453              	.LASF3:
 454 0137 73686F72 		.ascii	"short unsigned int\000"
 454      7420756E 
 454      7369676E 
 454      65642069 
 454      6E7400
 455              	.LASF0:
 456 014a 7369676E 		.ascii	"signed char\000"
 456      65642063 
 456      68617200 
 457              	.LASF22:
 458 0156 433A5C55 		.ascii	"C:\\Users\\ylee818\\Documents\\GitHub\\COMPSYS301\\"
 458      73657273 
 458      5C796C65 
 458      65383138 
 458      5C446F63 
 459 0183 42656E63 		.ascii	"Benchmarktest___combined\\Benchmarktest___combined\\"
 459      686D6172 
 459      6B746573 
 459      745F5F5F 
 459      636F6D62 
 460 01b5 70736F63 		.ascii	"psoc student pack\\psoc_code_base\\CS301_Class.cyds"
 460      20737475 
 460      64656E74 
 460      20706163 
 460      6B5C7073 
 461 01e6 6E00     		.ascii	"n\000"
 462              	.LASF21:
 463 01e8 47656E65 		.ascii	"Generated_Source\\PSoC5\\ADC_PM.c\000"
 463      72617465 
 463      645F536F 
 463      75726365 
ARM GAS  C:\Users\ylee818\AppData\Local\Temp\ccV6WdWf.s 			page 13


 463      5C50536F 
 464              	.LASF14:
 465 0208 6C6F6E67 		.ascii	"long double\000"
 465      20646F75 
 465      626C6500 
 466              	.LASF2:
 467 0214 73686F72 		.ascii	"short int\000"
 467      7420696E 
 467      7400
 468              	.LASF13:
 469 021e 72656738 		.ascii	"reg8\000"
 469      00
 470              	.LASF15:
 471 0223 73697A65 		.ascii	"sizetype\000"
 471      74797065 
 471      00
 472              		.ident	"GCC: (GNU Tools for ARM Embedded Processors) 5.4.1 20160609 (release) [ARM/embedded-5-bran
