--------------- Build Started: 10/21/2025 15:54:12 Project: CS301_Class, Configuration: ARM GCC 5.4-2016-q2-update Debug ---------------
cydsfit.exe -.appdatapath "C:\Users\yram171\AppData\Local\Cypress Semiconductor\PSoC Creator\4.2" -.fdsnotice -.fdswarpdepfile=warp_dependencies.txt -.fdselabdepfile=elab_dependencies.txt -.fdsbldfile=generated_files.txt -.fdsreffile=referenced_files.txt -p "C:\Users\yram171\Downloads\Compsys-301-CODE\YASH Code\CS301_Class.cydsn\CS301_Class.cyprj" -d CY8C5888LTI-LP097 -s "C:\Users\yram171\Downloads\Compsys-301-CODE\YASH Code\CS301_Class.cydsn\Generated_Source\PSoC5" -- -yv2 -q10 -ygs -o2 -v3 -.fftcfgtype=LE
Elaborating Design...
ADD: sdb.M0033: error: The instance 'isr_TS', of component cy_isr_v1_71, contains an error. Unable to locate and customize component 'cy_isr_v1_71' used in schematic 'C:\Users\yram171\Downloads\Compsys-301-CODE\YASH Code\CS301_Class.cydsn\TopDesign\TopDesign.cysch'.
 *  (Component Update Tool)
 * C:\Users\yram171\Downloads\Compsys-301-CODE\YASH Code\CS301_Class.cydsn\TopDesign\TopDesign.cysch (Instance:isr_TS)
ADD: sdb.M0033: error: The instance 'isr_eoc', of component cy_isr_v1_71, contains an error. Unable to locate and customize component 'cy_isr_v1_71' used in schematic 'C:\Users\yram171\Downloads\Compsys-301-CODE\YASH Code\CS301_Class.cydsn\TopDesign\TopDesign.cysch'.
 *  (Component Update Tool)
 * C:\Users\yram171\Downloads\Compsys-301-CODE\YASH Code\CS301_Class.cydsn\TopDesign\TopDesign.cysch (Instance:isr_eoc)
ADD: sdb.M0033: error: The instance 'isrRF_TX', of component cy_isr_v1_71, contains an error. Unable to locate and customize component 'cy_isr_v1_71' used in schematic 'C:\Users\yram171\Downloads\Compsys-301-CODE\YASH Code\CS301_Class.cydsn\TopDesign\TopDesign.cysch'.
 *  (Component Update Tool)
 * C:\Users\yram171\Downloads\Compsys-301-CODE\YASH Code\CS301_Class.cydsn\TopDesign\TopDesign.cysch (Instance:isrRF_TX)
ADD: sdb.M0033: error: The instance 'isrRF_RX', of component cy_isr_v1_71, contains an error. Unable to locate and customize component 'cy_isr_v1_71' used in schematic 'C:\Users\yram171\Downloads\Compsys-301-CODE\YASH Code\CS301_Class.cydsn\TopDesign\TopDesign.cysch'.
 *  (Component Update Tool)
 * C:\Users\yram171\Downloads\Compsys-301-CODE\YASH Code\CS301_Class.cydsn\TopDesign\TopDesign.cysch (Instance:isrRF_RX)
ADD: sdb.M0033: error: The instance 'isr_qd', of component cy_isr_v1_71, contains an error. Unable to locate and customize component 'cy_isr_v1_71' used in schematic 'C:\Users\yram171\Downloads\Compsys-301-CODE\YASH Code\CS301_Class.cydsn\TopDesign\TopDesign.cysch'.
 *  (Component Update Tool)
 * C:\Users\yram171\Downloads\Compsys-301-CODE\YASH Code\CS301_Class.cydsn\TopDesign\TopDesign.cysch (Instance:isr_qd)
ADD: sdb.M0065: information: Analog terminal "vdac_ref" on ADC_SAR_SEQ_v2_10 is unconnected.
 * C:\Program Files (x86)\Cypress\PSoC Creator\4.2\PSoC Creator\psoc\content\CyComponentLibrary\CyComponentLibrary.cylib\ADC_SAR_SEQ_v2_10\PSoC5\ADC_SAR_SEQ_v2_10.cysch (Signal: vdac_ref)
 * C:\Program Files (x86)\Cypress\PSoC Creator\4.2\PSoC Creator\psoc\content\CyComponentLibrary\CyComponentLibrary.cylib\ADC_SAR_SEQ_v2_10\PSoC5\ADC_SAR_SEQ_v2_10.cysch (Shape_798)
 * C:\Program Files (x86)\Cypress\PSoC Creator\4.2\PSoC Creator\psoc\content\CyComponentLibrary\CyComponentLibrary.cylib\ADC_SAR_SEQ_v2_10\PSoC5\ADC_SAR_SEQ_v2_10.cysch (Shape_885)
ADD: sdb.M0052: error: Unable to find component "cy_boot_v5_82".
Error: fit.M0050: The fitter aborted due to errors, please address all errors and rebuild. (App=cydsfit)
--------------- Build Failed: 10/21/2025 15:54:15 ---------------
