ARM GAS  C:\Users\ylee818\AppData\Local\Temp\ccKQEIoy.s 			page 1


   1              		.syntax unified
   2              		.cpu cortex-m3
   3              		.fpu softvfp
   4              		.eabi_attribute 20, 1
   5              		.eabi_attribute 21, 1
   6              		.eabi_attribute 23, 3
   7              		.eabi_attribute 24, 1
   8              		.eabi_attribute 25, 1
   9              		.eabi_attribute 26, 1
  10              		.eabi_attribute 30, 6
  11              		.eabi_attribute 34, 1
  12              		.eabi_attribute 18, 4
  13              		.thumb
  14              		.syntax unified
  15              		.file	"USBUART_cls.c"
  16              		.text
  17              	.Ltext0:
  18              		.cfi_sections	.debug_frame
  19              		.section	.text.USBUART_DispatchClassRqst,"ax",%progbits
  20              		.align	2
  21              		.global	USBUART_DispatchClassRqst
  22              		.thumb
  23              		.thumb_func
  24              		.type	USBUART_DispatchClassRqst, %function
  25              	USBUART_DispatchClassRqst:
  26              	.LFB0:
  27              		.file 1 "Generated_Source\\PSoC5\\USBUART_cls.c"
   1:Generated_Source\PSoC5/USBUART_cls.c **** /***************************************************************************//**
   2:Generated_Source\PSoC5/USBUART_cls.c **** * \file USBUART_cls.c
   3:Generated_Source\PSoC5/USBUART_cls.c **** * \version 3.20
   4:Generated_Source\PSoC5/USBUART_cls.c **** *
   5:Generated_Source\PSoC5/USBUART_cls.c **** * \brief
   6:Generated_Source\PSoC5/USBUART_cls.c **** *  This file contains the USB Class request handler.
   7:Generated_Source\PSoC5/USBUART_cls.c **** *
   8:Generated_Source\PSoC5/USBUART_cls.c **** ********************************************************************************
   9:Generated_Source\PSoC5/USBUART_cls.c **** * \copyright
  10:Generated_Source\PSoC5/USBUART_cls.c **** * Copyright 2008-2016, Cypress Semiconductor Corporation.  All rights reserved.
  11:Generated_Source\PSoC5/USBUART_cls.c **** * You may use this file only in accordance with the license, terms, conditions,
  12:Generated_Source\PSoC5/USBUART_cls.c **** * disclaimers, and limitations in the end user license agreement accompanying
  13:Generated_Source\PSoC5/USBUART_cls.c **** * the software package with which this file was provided.
  14:Generated_Source\PSoC5/USBUART_cls.c **** *******************************************************************************/
  15:Generated_Source\PSoC5/USBUART_cls.c **** 
  16:Generated_Source\PSoC5/USBUART_cls.c **** #include "USBUART_pvt.h"
  17:Generated_Source\PSoC5/USBUART_cls.c **** 
  18:Generated_Source\PSoC5/USBUART_cls.c **** 
  19:Generated_Source\PSoC5/USBUART_cls.c **** #if(USBUART_EXTERN_CLS == USBUART_FALSE)
  20:Generated_Source\PSoC5/USBUART_cls.c **** 
  21:Generated_Source\PSoC5/USBUART_cls.c **** /***************************************
  22:Generated_Source\PSoC5/USBUART_cls.c **** * User Implemented Class Driver Declarations.
  23:Generated_Source\PSoC5/USBUART_cls.c **** ***************************************/
  24:Generated_Source\PSoC5/USBUART_cls.c **** /* `#START USER_DEFINED_CLASS_DECLARATIONS` Place your declaration here */
  25:Generated_Source\PSoC5/USBUART_cls.c **** 
  26:Generated_Source\PSoC5/USBUART_cls.c **** /* `#END` */
  27:Generated_Source\PSoC5/USBUART_cls.c **** 
  28:Generated_Source\PSoC5/USBUART_cls.c **** 
  29:Generated_Source\PSoC5/USBUART_cls.c **** /*******************************************************************************
  30:Generated_Source\PSoC5/USBUART_cls.c **** * Function Name: USBUART_DispatchClassRqst
ARM GAS  C:\Users\ylee818\AppData\Local\Temp\ccKQEIoy.s 			page 2


  31:Generated_Source\PSoC5/USBUART_cls.c **** ****************************************************************************//**
  32:Generated_Source\PSoC5/USBUART_cls.c **** *  This routine dispatches class specific requests depend on interface class.
  33:Generated_Source\PSoC5/USBUART_cls.c **** *
  34:Generated_Source\PSoC5/USBUART_cls.c **** * \return
  35:Generated_Source\PSoC5/USBUART_cls.c **** *  requestHandled.
  36:Generated_Source\PSoC5/USBUART_cls.c **** *
  37:Generated_Source\PSoC5/USBUART_cls.c **** * \reentrant
  38:Generated_Source\PSoC5/USBUART_cls.c **** *  No.
  39:Generated_Source\PSoC5/USBUART_cls.c **** *
  40:Generated_Source\PSoC5/USBUART_cls.c **** *******************************************************************************/
  41:Generated_Source\PSoC5/USBUART_cls.c **** uint8 USBUART_DispatchClassRqst(void) 
  42:Generated_Source\PSoC5/USBUART_cls.c **** {
  28              		.loc 1 42 0
  29              		.cfi_startproc
  30              		@ args = 0, pretend = 0, frame = 8
  31              		@ frame_needed = 1, uses_anonymous_args = 0
  32 0000 80B5     		push	{r7, lr}
  33              		.cfi_def_cfa_offset 8
  34              		.cfi_offset 7, -8
  35              		.cfi_offset 14, -4
  36 0002 82B0     		sub	sp, sp, #8
  37              		.cfi_def_cfa_offset 16
  38 0004 00AF     		add	r7, sp, #0
  39              		.cfi_def_cfa_register 7
  43:Generated_Source\PSoC5/USBUART_cls.c ****     uint8 interfaceNumber;
  44:Generated_Source\PSoC5/USBUART_cls.c ****     uint8 requestHandled = USBUART_FALSE;
  40              		.loc 1 44 0
  41 0006 0023     		movs	r3, #0
  42 0008 BB71     		strb	r3, [r7, #6]
  45:Generated_Source\PSoC5/USBUART_cls.c **** 
  46:Generated_Source\PSoC5/USBUART_cls.c ****     /* Get interface to which request is intended. */
  47:Generated_Source\PSoC5/USBUART_cls.c ****     switch (USBUART_bmRequestTypeReg & USBUART_RQST_RCPT_MASK)
  43              		.loc 1 47 0
  44 000a 1B4B     		ldr	r3, .L12
  45 000c 1B78     		ldrb	r3, [r3]
  46 000e DBB2     		uxtb	r3, r3
  47 0010 03F00303 		and	r3, r3, #3
  48 0014 012B     		cmp	r3, #1
  49 0016 02D0     		beq	.L3
  50 0018 022B     		cmp	r3, #2
  51 001a 04D0     		beq	.L4
  52 001c 12E0     		b	.L10
  53              	.L3:
  48:Generated_Source\PSoC5/USBUART_cls.c ****     {
  49:Generated_Source\PSoC5/USBUART_cls.c ****         case USBUART_RQST_RCPT_IFC:
  50:Generated_Source\PSoC5/USBUART_cls.c ****             /* Class-specific request directed to interface: wIndexLoReg 
  51:Generated_Source\PSoC5/USBUART_cls.c ****             * contains interface number.
  52:Generated_Source\PSoC5/USBUART_cls.c ****             */
  53:Generated_Source\PSoC5/USBUART_cls.c ****             interfaceNumber = (uint8) USBUART_wIndexLoReg;
  54              		.loc 1 53 0
  55 001e 164B     		ldr	r3, .L12
  56 0020 1B79     		ldrb	r3, [r3, #4]
  57 0022 FB71     		strb	r3, [r7, #7]
  54:Generated_Source\PSoC5/USBUART_cls.c ****             break;
  58              		.loc 1 54 0
  59 0024 11E0     		b	.L5
  60              	.L4:
ARM GAS  C:\Users\ylee818\AppData\Local\Temp\ccKQEIoy.s 			page 3


  55:Generated_Source\PSoC5/USBUART_cls.c ****         
  56:Generated_Source\PSoC5/USBUART_cls.c ****         case USBUART_RQST_RCPT_EP:
  57:Generated_Source\PSoC5/USBUART_cls.c ****             /* Class-specific request directed to endpoint: wIndexLoReg contains 
  58:Generated_Source\PSoC5/USBUART_cls.c ****             * endpoint number. Find interface related to endpoint. 
  59:Generated_Source\PSoC5/USBUART_cls.c ****             */
  60:Generated_Source\PSoC5/USBUART_cls.c ****             interfaceNumber = USBUART_EP[USBUART_wIndexLoReg & USBUART_DIR_UNUSED].interface;
  61              		.loc 1 60 0
  62 0026 144B     		ldr	r3, .L12
  63 0028 1B79     		ldrb	r3, [r3, #4]
  64 002a DBB2     		uxtb	r3, r3
  65 002c 03F07F02 		and	r2, r3, #127
  66 0030 1249     		ldr	r1, .L12+4
  67 0032 1346     		mov	r3, r2
  68 0034 5B00     		lsls	r3, r3, #1
  69 0036 1344     		add	r3, r3, r2
  70 0038 9B00     		lsls	r3, r3, #2
  71 003a 0B44     		add	r3, r3, r1
  72 003c 0A33     		adds	r3, r3, #10
  73 003e 1B78     		ldrb	r3, [r3]
  74 0040 FB71     		strb	r3, [r7, #7]
  61:Generated_Source\PSoC5/USBUART_cls.c ****             break;
  75              		.loc 1 61 0
  76 0042 02E0     		b	.L5
  77              	.L10:
  62:Generated_Source\PSoC5/USBUART_cls.c ****             
  63:Generated_Source\PSoC5/USBUART_cls.c ****         default:
  64:Generated_Source\PSoC5/USBUART_cls.c ****             /* Default interface is zero. */
  65:Generated_Source\PSoC5/USBUART_cls.c ****             interfaceNumber = 0u;
  78              		.loc 1 65 0
  79 0044 0023     		movs	r3, #0
  80 0046 FB71     		strb	r3, [r7, #7]
  66:Generated_Source\PSoC5/USBUART_cls.c ****             break;
  81              		.loc 1 66 0
  82 0048 00BF     		nop
  83              	.L5:
  67:Generated_Source\PSoC5/USBUART_cls.c ****     }
  68:Generated_Source\PSoC5/USBUART_cls.c ****     
  69:Generated_Source\PSoC5/USBUART_cls.c ****     /* Check that interface is within acceptable range */
  70:Generated_Source\PSoC5/USBUART_cls.c ****     if (interfaceNumber <= USBUART_MAX_INTERFACES_NUMBER)
  84              		.loc 1 70 0
  85 004a FB79     		ldrb	r3, [r7, #7]	@ zero_extendqisi2
  86 004c 022B     		cmp	r3, #2
  87 004e 0ED8     		bhi	.L6
  71:Generated_Source\PSoC5/USBUART_cls.c ****     {
  72:Generated_Source\PSoC5/USBUART_cls.c ****     #if (defined(USBUART_ENABLE_HID_CLASS)   || \
  73:Generated_Source\PSoC5/USBUART_cls.c ****          defined(USBUART_ENABLE_AUDIO_CLASS) || \
  74:Generated_Source\PSoC5/USBUART_cls.c ****          defined(USBUART_ENABLE_CDC_CLASS)   || \
  75:Generated_Source\PSoC5/USBUART_cls.c ****          USBUART_ENABLE_MSC_CLASS)
  76:Generated_Source\PSoC5/USBUART_cls.c **** 
  77:Generated_Source\PSoC5/USBUART_cls.c ****         /* Handle class request depends on interface type. */
  78:Generated_Source\PSoC5/USBUART_cls.c ****         switch (USBUART_interfaceClass[interfaceNumber])
  88              		.loc 1 78 0
  89 0050 0B4B     		ldr	r3, .L12+8
  90 0052 1A68     		ldr	r2, [r3]
  91 0054 FB79     		ldrb	r3, [r7, #7]	@ zero_extendqisi2
  92 0056 1344     		add	r3, r3, r2
  93 0058 1B78     		ldrb	r3, [r3]	@ zero_extendqisi2
ARM GAS  C:\Users\ylee818\AppData\Local\Temp\ccKQEIoy.s 			page 4


  94 005a 022B     		cmp	r3, #2
  95 005c 04D1     		bne	.L11
  79:Generated_Source\PSoC5/USBUART_cls.c ****         {
  80:Generated_Source\PSoC5/USBUART_cls.c ****         #if defined(USBUART_ENABLE_HID_CLASS)
  81:Generated_Source\PSoC5/USBUART_cls.c ****             case USBUART_CLASS_HID:
  82:Generated_Source\PSoC5/USBUART_cls.c ****                 requestHandled = USBUART_DispatchHIDClassRqst();
  83:Generated_Source\PSoC5/USBUART_cls.c ****                 break;
  84:Generated_Source\PSoC5/USBUART_cls.c ****         #endif /* (USBUART_ENABLE_HID_CLASS) */
  85:Generated_Source\PSoC5/USBUART_cls.c ****                 
  86:Generated_Source\PSoC5/USBUART_cls.c ****         #if defined(USBUART_ENABLE_AUDIO_CLASS)
  87:Generated_Source\PSoC5/USBUART_cls.c ****             case USBUART_CLASS_AUDIO:
  88:Generated_Source\PSoC5/USBUART_cls.c ****                 requestHandled = USBUART_DispatchAUDIOClassRqst();
  89:Generated_Source\PSoC5/USBUART_cls.c ****                 break;
  90:Generated_Source\PSoC5/USBUART_cls.c ****         #endif /* (USBUART_CLASS_AUDIO) */
  91:Generated_Source\PSoC5/USBUART_cls.c ****                 
  92:Generated_Source\PSoC5/USBUART_cls.c ****         #if defined(USBUART_ENABLE_CDC_CLASS)
  93:Generated_Source\PSoC5/USBUART_cls.c ****             case USBUART_CLASS_CDC:
  94:Generated_Source\PSoC5/USBUART_cls.c ****                 requestHandled = USBUART_DispatchCDCClassRqst();
  96              		.loc 1 94 0
  97 005e FFF7FEFF 		bl	USBUART_DispatchCDCClassRqst
  98 0062 0346     		mov	r3, r0
  99 0064 BB71     		strb	r3, [r7, #6]
  95:Generated_Source\PSoC5/USBUART_cls.c ****                 break;
 100              		.loc 1 95 0
 101 0066 02E0     		b	.L6
 102              	.L11:
  96:Generated_Source\PSoC5/USBUART_cls.c ****         #endif /* (USBUART_ENABLE_CDC_CLASS) */
  97:Generated_Source\PSoC5/USBUART_cls.c ****             
  98:Generated_Source\PSoC5/USBUART_cls.c ****         #if (USBUART_ENABLE_MSC_CLASS)
  99:Generated_Source\PSoC5/USBUART_cls.c ****             case USBUART_CLASS_MSD:
 100:Generated_Source\PSoC5/USBUART_cls.c ****             #if (USBUART_HANDLE_MSC_REQUESTS)
 101:Generated_Source\PSoC5/USBUART_cls.c ****                 /* MSC requests are handled by the component. */
 102:Generated_Source\PSoC5/USBUART_cls.c ****                 requestHandled = USBUART_DispatchMSCClassRqst();
 103:Generated_Source\PSoC5/USBUART_cls.c ****             #elif defined(USBUART_DISPATCH_MSC_CLASS_RQST_CALLBACK)
 104:Generated_Source\PSoC5/USBUART_cls.c ****                 /* MSC requests are handled by user defined callbcak. */
 105:Generated_Source\PSoC5/USBUART_cls.c ****                 requestHandled = USBUART_DispatchMSCClassRqst_Callback();
 106:Generated_Source\PSoC5/USBUART_cls.c ****             #else
 107:Generated_Source\PSoC5/USBUART_cls.c ****                 /* MSC requests are not handled. */
 108:Generated_Source\PSoC5/USBUART_cls.c ****                 requestHandled = USBUART_FALSE;
 109:Generated_Source\PSoC5/USBUART_cls.c ****             #endif /* (USBUART_HANDLE_MSC_REQUESTS) */
 110:Generated_Source\PSoC5/USBUART_cls.c ****                 break;
 111:Generated_Source\PSoC5/USBUART_cls.c ****         #endif /* (USBUART_ENABLE_MSC_CLASS) */
 112:Generated_Source\PSoC5/USBUART_cls.c ****             
 113:Generated_Source\PSoC5/USBUART_cls.c ****             default:
 114:Generated_Source\PSoC5/USBUART_cls.c ****                 /* Request is not handled: unknown class request type. */
 115:Generated_Source\PSoC5/USBUART_cls.c ****                 requestHandled = USBUART_FALSE;
 103              		.loc 1 115 0
 104 0068 0023     		movs	r3, #0
 105 006a BB71     		strb	r3, [r7, #6]
 116:Generated_Source\PSoC5/USBUART_cls.c ****                 break;
 106              		.loc 1 116 0
 107 006c 00BF     		nop
 108              	.L6:
 117:Generated_Source\PSoC5/USBUART_cls.c ****         }
 118:Generated_Source\PSoC5/USBUART_cls.c ****     #endif /* Class support is enabled */
 119:Generated_Source\PSoC5/USBUART_cls.c ****     }
 120:Generated_Source\PSoC5/USBUART_cls.c ****     
ARM GAS  C:\Users\ylee818\AppData\Local\Temp\ccKQEIoy.s 			page 5


 121:Generated_Source\PSoC5/USBUART_cls.c ****     /* `#START USER_DEFINED_CLASS_CODE` Place your Class request here */
 122:Generated_Source\PSoC5/USBUART_cls.c **** 
 123:Generated_Source\PSoC5/USBUART_cls.c ****     /* `#END` */
 124:Generated_Source\PSoC5/USBUART_cls.c **** 
 125:Generated_Source\PSoC5/USBUART_cls.c **** #ifdef USBUART_DISPATCH_CLASS_RQST_CALLBACK
 126:Generated_Source\PSoC5/USBUART_cls.c ****     if (USBUART_FALSE == requestHandled)
 127:Generated_Source\PSoC5/USBUART_cls.c ****     {
 128:Generated_Source\PSoC5/USBUART_cls.c ****         requestHandled = USBUART_DispatchClassRqst_Callback(interfaceNumber);
 129:Generated_Source\PSoC5/USBUART_cls.c ****     }
 130:Generated_Source\PSoC5/USBUART_cls.c **** #endif /* (USBUART_DISPATCH_CLASS_RQST_CALLBACK) */
 131:Generated_Source\PSoC5/USBUART_cls.c **** 
 132:Generated_Source\PSoC5/USBUART_cls.c ****     return (requestHandled);
 109              		.loc 1 132 0
 110 006e BB79     		ldrb	r3, [r7, #6]	@ zero_extendqisi2
 133:Generated_Source\PSoC5/USBUART_cls.c **** }
 111              		.loc 1 133 0
 112 0070 1846     		mov	r0, r3
 113 0072 0837     		adds	r7, r7, #8
 114              		.cfi_def_cfa_offset 8
 115 0074 BD46     		mov	sp, r7
 116              		.cfi_def_cfa_register 13
 117              		@ sp needed
 118 0076 80BD     		pop	{r7, pc}
 119              	.L13:
 120              		.align	2
 121              	.L12:
 122 0078 00600040 		.word	1073766400
 123 007c 00000000 		.word	USBUART_EP
 124 0080 00000000 		.word	USBUART_interfaceClass
 125              		.cfi_endproc
 126              	.LFE0:
 127              		.size	USBUART_DispatchClassRqst, .-USBUART_DispatchClassRqst
 128              		.text
 129              	.Letext0:
 130              		.file 2 "Generated_Source\\PSoC5\\cytypes.h"
 131              		.file 3 "Generated_Source\\PSoC5\\USBUART.h"
 132              		.file 4 "Generated_Source\\PSoC5\\USBUART_pvt.h"
 133              		.section	.debug_info,"",%progbits
 134              	.Ldebug_info0:
 135 0000 C4010000 		.4byte	0x1c4
 136 0004 0400     		.2byte	0x4
 137 0006 00000000 		.4byte	.Ldebug_abbrev0
 138 000a 04       		.byte	0x4
 139 000b 01       		.uleb128 0x1
 140 000c 00000000 		.4byte	.LASF32
 141 0010 0C       		.byte	0xc
 142 0011 D6010000 		.4byte	.LASF33
 143 0015 4D020000 		.4byte	.LASF34
 144 0019 00000000 		.4byte	.Ldebug_ranges0+0
 145 001d 00000000 		.4byte	0
 146 0021 00000000 		.4byte	.Ldebug_line0
 147 0025 02       		.uleb128 0x2
 148 0026 01       		.byte	0x1
 149 0027 06       		.byte	0x6
 150 0028 41020000 		.4byte	.LASF0
 151 002c 02       		.uleb128 0x2
 152 002d 01       		.byte	0x1
ARM GAS  C:\Users\ylee818\AppData\Local\Temp\ccKQEIoy.s 			page 6


 153 002e 08       		.byte	0x8
 154 002f 0F010000 		.4byte	.LASF1
 155 0033 02       		.uleb128 0x2
 156 0034 02       		.byte	0x2
 157 0035 05       		.byte	0x5
 158 0036 FB010000 		.4byte	.LASF2
 159 003a 02       		.uleb128 0x2
 160 003b 02       		.byte	0x2
 161 003c 07       		.byte	0x7
 162 003d 8E000000 		.4byte	.LASF3
 163 0041 02       		.uleb128 0x2
 164 0042 04       		.byte	0x4
 165 0043 05       		.byte	0x5
 166 0044 15020000 		.4byte	.LASF4
 167 0048 02       		.uleb128 0x2
 168 0049 04       		.byte	0x4
 169 004a 07       		.byte	0x7
 170 004b E8000000 		.4byte	.LASF5
 171 004f 02       		.uleb128 0x2
 172 0050 08       		.byte	0x8
 173 0051 05       		.byte	0x5
 174 0052 B8010000 		.4byte	.LASF6
 175 0056 02       		.uleb128 0x2
 176 0057 08       		.byte	0x8
 177 0058 07       		.byte	0x7
 178 0059 55010000 		.4byte	.LASF7
 179 005d 03       		.uleb128 0x3
 180 005e 04       		.byte	0x4
 181 005f 05       		.byte	0x5
 182 0060 696E7400 		.ascii	"int\000"
 183 0064 02       		.uleb128 0x2
 184 0065 04       		.byte	0x4
 185 0066 07       		.byte	0x7
 186 0067 48010000 		.4byte	.LASF8
 187 006b 04       		.uleb128 0x4
 188 006c 05020000 		.4byte	.LASF9
 189 0070 02       		.byte	0x2
 190 0071 E701     		.2byte	0x1e7
 191 0073 2C000000 		.4byte	0x2c
 192 0077 04       		.uleb128 0x4
 193 0078 36010000 		.4byte	.LASF10
 194 007c 02       		.byte	0x2
 195 007d E801     		.2byte	0x1e8
 196 007f 3A000000 		.4byte	0x3a
 197 0083 02       		.uleb128 0x2
 198 0084 04       		.byte	0x4
 199 0085 04       		.byte	0x4
 200 0086 CE000000 		.4byte	.LASF11
 201 008a 02       		.uleb128 0x2
 202 008b 08       		.byte	0x8
 203 008c 04       		.byte	0x4
 204 008d 1D010000 		.4byte	.LASF12
 205 0091 02       		.uleb128 0x2
 206 0092 01       		.byte	0x1
 207 0093 08       		.byte	0x8
 208 0094 C6010000 		.4byte	.LASF13
 209 0098 02       		.uleb128 0x2
ARM GAS  C:\Users\ylee818\AppData\Local\Temp\ccKQEIoy.s 			page 7


 210 0099 08       		.byte	0x8
 211 009a 04       		.byte	0x4
 212 009b 35020000 		.4byte	.LASF14
 213 009f 02       		.uleb128 0x2
 214 00a0 04       		.byte	0x4
 215 00a1 07       		.byte	0x7
 216 00a2 A8010000 		.4byte	.LASF15
 217 00a6 05       		.uleb128 0x5
 218 00a7 0C       		.byte	0xc
 219 00a8 03       		.byte	0x3
 220 00a9 8E       		.byte	0x8e
 221 00aa 1B010000 		.4byte	0x11b
 222 00ae 06       		.uleb128 0x6
 223 00af 24010000 		.4byte	.LASF16
 224 00b3 03       		.byte	0x3
 225 00b4 90       		.byte	0x90
 226 00b5 6B000000 		.4byte	0x6b
 227 00b9 00       		.byte	0
 228 00ba 06       		.uleb128 0x6
 229 00bb 3D010000 		.4byte	.LASF17
 230 00bf 03       		.byte	0x3
 231 00c0 91       		.byte	0x91
 232 00c1 6B000000 		.4byte	0x6b
 233 00c5 01       		.byte	0x1
 234 00c6 06       		.uleb128 0x6
 235 00c7 6C010000 		.4byte	.LASF18
 236 00cb 03       		.byte	0x3
 237 00cc 92       		.byte	0x92
 238 00cd 6B000000 		.4byte	0x6b
 239 00d1 02       		.byte	0x2
 240 00d2 06       		.uleb128 0x6
 241 00d3 D4000000 		.4byte	.LASF19
 242 00d7 03       		.byte	0x3
 243 00d8 93       		.byte	0x93
 244 00d9 6B000000 		.4byte	0x6b
 245 00dd 03       		.byte	0x3
 246 00de 06       		.uleb128 0x6
 247 00df FA000000 		.4byte	.LASF20
 248 00e3 03       		.byte	0x3
 249 00e4 94       		.byte	0x94
 250 00e5 6B000000 		.4byte	0x6b
 251 00e9 04       		.byte	0x4
 252 00ea 06       		.uleb128 0x6
 253 00eb B1010000 		.4byte	.LASF21
 254 00ef 03       		.byte	0x3
 255 00f0 95       		.byte	0x95
 256 00f1 6B000000 		.4byte	0x6b
 257 00f5 05       		.byte	0x5
 258 00f6 06       		.uleb128 0x6
 259 00f7 2B010000 		.4byte	.LASF22
 260 00fb 03       		.byte	0x3
 261 00fc 96       		.byte	0x96
 262 00fd 77000000 		.4byte	0x77
 263 0101 06       		.byte	0x6
 264 0102 06       		.uleb128 0x6
 265 0103 CB010000 		.4byte	.LASF23
 266 0107 03       		.byte	0x3
ARM GAS  C:\Users\ylee818\AppData\Local\Temp\ccKQEIoy.s 			page 8


 267 0108 97       		.byte	0x97
 268 0109 77000000 		.4byte	0x77
 269 010d 08       		.byte	0x8
 270 010e 06       		.uleb128 0x6
 271 010f 0B020000 		.4byte	.LASF24
 272 0113 03       		.byte	0x3
 273 0114 98       		.byte	0x98
 274 0115 6B000000 		.4byte	0x6b
 275 0119 0A       		.byte	0xa
 276 011a 00       		.byte	0
 277 011b 07       		.uleb128 0x7
 278 011c 1E020000 		.4byte	.LASF25
 279 0120 03       		.byte	0x3
 280 0121 99       		.byte	0x99
 281 0122 A6000000 		.4byte	0xa6
 282 0126 05       		.uleb128 0x5
 283 0127 08       		.byte	0x8
 284 0128 03       		.byte	0x3
 285 0129 C6       		.byte	0xc6
 286 012a 3B010000 		.4byte	0x13b
 287 012e 06       		.uleb128 0x6
 288 012f B8000000 		.4byte	.LASF26
 289 0133 03       		.byte	0x3
 290 0134 C8       		.byte	0xc8
 291 0135 3B010000 		.4byte	0x13b
 292 0139 00       		.byte	0
 293 013a 00       		.byte	0
 294 013b 08       		.uleb128 0x8
 295 013c 6B000000 		.4byte	0x6b
 296 0140 4B010000 		.4byte	0x14b
 297 0144 09       		.uleb128 0x9
 298 0145 9F000000 		.4byte	0x9f
 299 0149 07       		.byte	0x7
 300 014a 00       		.byte	0
 301 014b 07       		.uleb128 0x7
 302 014c 90010000 		.4byte	.LASF27
 303 0150 03       		.byte	0x3
 304 0151 C9       		.byte	0xc9
 305 0152 26010000 		.4byte	0x126
 306 0156 0A       		.uleb128 0xa
 307 0157 76010000 		.4byte	.LASF35
 308 015b 01       		.byte	0x1
 309 015c 29       		.byte	0x29
 310 015d 6B000000 		.4byte	0x6b
 311 0161 00000000 		.4byte	.LFB0
 312 0165 84000000 		.4byte	.LFE0-.LFB0
 313 0169 01       		.uleb128 0x1
 314 016a 9C       		.byte	0x9c
 315 016b 8C010000 		.4byte	0x18c
 316 016f 0B       		.uleb128 0xb
 317 0170 FF000000 		.4byte	.LASF28
 318 0174 01       		.byte	0x1
 319 0175 2B       		.byte	0x2b
 320 0176 6B000000 		.4byte	0x6b
 321 017a 02       		.uleb128 0x2
 322 017b 91       		.byte	0x91
 323 017c 77       		.sleb128 -9
ARM GAS  C:\Users\ylee818\AppData\Local\Temp\ccKQEIoy.s 			page 9


 324 017d 0B       		.uleb128 0xb
 325 017e BF000000 		.4byte	.LASF29
 326 0182 01       		.byte	0x1
 327 0183 2C       		.byte	0x2c
 328 0184 6B000000 		.4byte	0x6b
 329 0188 02       		.uleb128 0x2
 330 0189 91       		.byte	0x91
 331 018a 76       		.sleb128 -10
 332 018b 00       		.byte	0
 333 018c 0C       		.uleb128 0xc
 334 018d A1000000 		.4byte	.LASF30
 335 0191 04       		.byte	0x4
 336 0192 77       		.byte	0x77
 337 0193 97010000 		.4byte	0x197
 338 0197 0D       		.uleb128 0xd
 339 0198 04       		.byte	0x4
 340 0199 9D010000 		.4byte	0x19d
 341 019d 0E       		.uleb128 0xe
 342 019e 6B000000 		.4byte	0x6b
 343 01a2 08       		.uleb128 0x8
 344 01a3 B2010000 		.4byte	0x1b2
 345 01a7 B2010000 		.4byte	0x1b2
 346 01ab 09       		.uleb128 0x9
 347 01ac 9F000000 		.4byte	0x9f
 348 01b0 08       		.byte	0x8
 349 01b1 00       		.byte	0
 350 01b2 0F       		.uleb128 0xf
 351 01b3 1B010000 		.4byte	0x11b
 352 01b7 0C       		.uleb128 0xc
 353 01b8 DD000000 		.4byte	.LASF31
 354 01bc 04       		.byte	0x4
 355 01bd 79       		.byte	0x79
 356 01be C2010000 		.4byte	0x1c2
 357 01c2 0F       		.uleb128 0xf
 358 01c3 A2010000 		.4byte	0x1a2
 359 01c7 00       		.byte	0
 360              		.section	.debug_abbrev,"",%progbits
 361              	.Ldebug_abbrev0:
 362 0000 01       		.uleb128 0x1
 363 0001 11       		.uleb128 0x11
 364 0002 01       		.byte	0x1
 365 0003 25       		.uleb128 0x25
 366 0004 0E       		.uleb128 0xe
 367 0005 13       		.uleb128 0x13
 368 0006 0B       		.uleb128 0xb
 369 0007 03       		.uleb128 0x3
 370 0008 0E       		.uleb128 0xe
 371 0009 1B       		.uleb128 0x1b
 372 000a 0E       		.uleb128 0xe
 373 000b 55       		.uleb128 0x55
 374 000c 17       		.uleb128 0x17
 375 000d 11       		.uleb128 0x11
 376 000e 01       		.uleb128 0x1
 377 000f 10       		.uleb128 0x10
 378 0010 17       		.uleb128 0x17
 379 0011 00       		.byte	0
 380 0012 00       		.byte	0
ARM GAS  C:\Users\ylee818\AppData\Local\Temp\ccKQEIoy.s 			page 10


 381 0013 02       		.uleb128 0x2
 382 0014 24       		.uleb128 0x24
 383 0015 00       		.byte	0
 384 0016 0B       		.uleb128 0xb
 385 0017 0B       		.uleb128 0xb
 386 0018 3E       		.uleb128 0x3e
 387 0019 0B       		.uleb128 0xb
 388 001a 03       		.uleb128 0x3
 389 001b 0E       		.uleb128 0xe
 390 001c 00       		.byte	0
 391 001d 00       		.byte	0
 392 001e 03       		.uleb128 0x3
 393 001f 24       		.uleb128 0x24
 394 0020 00       		.byte	0
 395 0021 0B       		.uleb128 0xb
 396 0022 0B       		.uleb128 0xb
 397 0023 3E       		.uleb128 0x3e
 398 0024 0B       		.uleb128 0xb
 399 0025 03       		.uleb128 0x3
 400 0026 08       		.uleb128 0x8
 401 0027 00       		.byte	0
 402 0028 00       		.byte	0
 403 0029 04       		.uleb128 0x4
 404 002a 16       		.uleb128 0x16
 405 002b 00       		.byte	0
 406 002c 03       		.uleb128 0x3
 407 002d 0E       		.uleb128 0xe
 408 002e 3A       		.uleb128 0x3a
 409 002f 0B       		.uleb128 0xb
 410 0030 3B       		.uleb128 0x3b
 411 0031 05       		.uleb128 0x5
 412 0032 49       		.uleb128 0x49
 413 0033 13       		.uleb128 0x13
 414 0034 00       		.byte	0
 415 0035 00       		.byte	0
 416 0036 05       		.uleb128 0x5
 417 0037 13       		.uleb128 0x13
 418 0038 01       		.byte	0x1
 419 0039 0B       		.uleb128 0xb
 420 003a 0B       		.uleb128 0xb
 421 003b 3A       		.uleb128 0x3a
 422 003c 0B       		.uleb128 0xb
 423 003d 3B       		.uleb128 0x3b
 424 003e 0B       		.uleb128 0xb
 425 003f 01       		.uleb128 0x1
 426 0040 13       		.uleb128 0x13
 427 0041 00       		.byte	0
 428 0042 00       		.byte	0
 429 0043 06       		.uleb128 0x6
 430 0044 0D       		.uleb128 0xd
 431 0045 00       		.byte	0
 432 0046 03       		.uleb128 0x3
 433 0047 0E       		.uleb128 0xe
 434 0048 3A       		.uleb128 0x3a
 435 0049 0B       		.uleb128 0xb
 436 004a 3B       		.uleb128 0x3b
 437 004b 0B       		.uleb128 0xb
ARM GAS  C:\Users\ylee818\AppData\Local\Temp\ccKQEIoy.s 			page 11


 438 004c 49       		.uleb128 0x49
 439 004d 13       		.uleb128 0x13
 440 004e 38       		.uleb128 0x38
 441 004f 0B       		.uleb128 0xb
 442 0050 00       		.byte	0
 443 0051 00       		.byte	0
 444 0052 07       		.uleb128 0x7
 445 0053 16       		.uleb128 0x16
 446 0054 00       		.byte	0
 447 0055 03       		.uleb128 0x3
 448 0056 0E       		.uleb128 0xe
 449 0057 3A       		.uleb128 0x3a
 450 0058 0B       		.uleb128 0xb
 451 0059 3B       		.uleb128 0x3b
 452 005a 0B       		.uleb128 0xb
 453 005b 49       		.uleb128 0x49
 454 005c 13       		.uleb128 0x13
 455 005d 00       		.byte	0
 456 005e 00       		.byte	0
 457 005f 08       		.uleb128 0x8
 458 0060 01       		.uleb128 0x1
 459 0061 01       		.byte	0x1
 460 0062 49       		.uleb128 0x49
 461 0063 13       		.uleb128 0x13
 462 0064 01       		.uleb128 0x1
 463 0065 13       		.uleb128 0x13
 464 0066 00       		.byte	0
 465 0067 00       		.byte	0
 466 0068 09       		.uleb128 0x9
 467 0069 21       		.uleb128 0x21
 468 006a 00       		.byte	0
 469 006b 49       		.uleb128 0x49
 470 006c 13       		.uleb128 0x13
 471 006d 2F       		.uleb128 0x2f
 472 006e 0B       		.uleb128 0xb
 473 006f 00       		.byte	0
 474 0070 00       		.byte	0
 475 0071 0A       		.uleb128 0xa
 476 0072 2E       		.uleb128 0x2e
 477 0073 01       		.byte	0x1
 478 0074 3F       		.uleb128 0x3f
 479 0075 19       		.uleb128 0x19
 480 0076 03       		.uleb128 0x3
 481 0077 0E       		.uleb128 0xe
 482 0078 3A       		.uleb128 0x3a
 483 0079 0B       		.uleb128 0xb
 484 007a 3B       		.uleb128 0x3b
 485 007b 0B       		.uleb128 0xb
 486 007c 27       		.uleb128 0x27
 487 007d 19       		.uleb128 0x19
 488 007e 49       		.uleb128 0x49
 489 007f 13       		.uleb128 0x13
 490 0080 11       		.uleb128 0x11
 491 0081 01       		.uleb128 0x1
 492 0082 12       		.uleb128 0x12
 493 0083 06       		.uleb128 0x6
 494 0084 40       		.uleb128 0x40
ARM GAS  C:\Users\ylee818\AppData\Local\Temp\ccKQEIoy.s 			page 12


 495 0085 18       		.uleb128 0x18
 496 0086 9642     		.uleb128 0x2116
 497 0088 19       		.uleb128 0x19
 498 0089 01       		.uleb128 0x1
 499 008a 13       		.uleb128 0x13
 500 008b 00       		.byte	0
 501 008c 00       		.byte	0
 502 008d 0B       		.uleb128 0xb
 503 008e 34       		.uleb128 0x34
 504 008f 00       		.byte	0
 505 0090 03       		.uleb128 0x3
 506 0091 0E       		.uleb128 0xe
 507 0092 3A       		.uleb128 0x3a
 508 0093 0B       		.uleb128 0xb
 509 0094 3B       		.uleb128 0x3b
 510 0095 0B       		.uleb128 0xb
 511 0096 49       		.uleb128 0x49
 512 0097 13       		.uleb128 0x13
 513 0098 02       		.uleb128 0x2
 514 0099 18       		.uleb128 0x18
 515 009a 00       		.byte	0
 516 009b 00       		.byte	0
 517 009c 0C       		.uleb128 0xc
 518 009d 34       		.uleb128 0x34
 519 009e 00       		.byte	0
 520 009f 03       		.uleb128 0x3
 521 00a0 0E       		.uleb128 0xe
 522 00a1 3A       		.uleb128 0x3a
 523 00a2 0B       		.uleb128 0xb
 524 00a3 3B       		.uleb128 0x3b
 525 00a4 0B       		.uleb128 0xb
 526 00a5 49       		.uleb128 0x49
 527 00a6 13       		.uleb128 0x13
 528 00a7 3F       		.uleb128 0x3f
 529 00a8 19       		.uleb128 0x19
 530 00a9 3C       		.uleb128 0x3c
 531 00aa 19       		.uleb128 0x19
 532 00ab 00       		.byte	0
 533 00ac 00       		.byte	0
 534 00ad 0D       		.uleb128 0xd
 535 00ae 0F       		.uleb128 0xf
 536 00af 00       		.byte	0
 537 00b0 0B       		.uleb128 0xb
 538 00b1 0B       		.uleb128 0xb
 539 00b2 49       		.uleb128 0x49
 540 00b3 13       		.uleb128 0x13
 541 00b4 00       		.byte	0
 542 00b5 00       		.byte	0
 543 00b6 0E       		.uleb128 0xe
 544 00b7 26       		.uleb128 0x26
 545 00b8 00       		.byte	0
 546 00b9 49       		.uleb128 0x49
 547 00ba 13       		.uleb128 0x13
 548 00bb 00       		.byte	0
 549 00bc 00       		.byte	0
 550 00bd 0F       		.uleb128 0xf
 551 00be 35       		.uleb128 0x35
ARM GAS  C:\Users\ylee818\AppData\Local\Temp\ccKQEIoy.s 			page 13


 552 00bf 00       		.byte	0
 553 00c0 49       		.uleb128 0x49
 554 00c1 13       		.uleb128 0x13
 555 00c2 00       		.byte	0
 556 00c3 00       		.byte	0
 557 00c4 00       		.byte	0
 558              		.section	.debug_aranges,"",%progbits
 559 0000 1C000000 		.4byte	0x1c
 560 0004 0200     		.2byte	0x2
 561 0006 00000000 		.4byte	.Ldebug_info0
 562 000a 04       		.byte	0x4
 563 000b 00       		.byte	0
 564 000c 0000     		.2byte	0
 565 000e 0000     		.2byte	0
 566 0010 00000000 		.4byte	.LFB0
 567 0014 84000000 		.4byte	.LFE0-.LFB0
 568 0018 00000000 		.4byte	0
 569 001c 00000000 		.4byte	0
 570              		.section	.debug_ranges,"",%progbits
 571              	.Ldebug_ranges0:
 572 0000 00000000 		.4byte	.LFB0
 573 0004 84000000 		.4byte	.LFE0
 574 0008 00000000 		.4byte	0
 575 000c 00000000 		.4byte	0
 576              		.section	.debug_line,"",%progbits
 577              	.Ldebug_line0:
 578 0000 91000000 		.section	.debug_str,"MS",%progbits,1
 578      02006600 
 578      00000201 
 578      FB0E0D00 
 578      01010101 
 579              	.LASF32:
 580 0000 474E5520 		.ascii	"GNU C11 5.4.1 20160609 (release) [ARM/embedded-5-br"
 580      43313120 
 580      352E342E 
 580      31203230 
 580      31363036 
 581 0033 616E6368 		.ascii	"anch revision 237715] -mcpu=cortex-m3 -mthumb -g -O"
 581      20726576 
 581      6973696F 
 581      6E203233 
 581      37373135 
 582 0066 30202D66 		.ascii	"0 -ffunction-sections -ffat-lto-objects\000"
 582      66756E63 
 582      74696F6E 
 582      2D736563 
 582      74696F6E 
 583              	.LASF3:
 584 008e 73686F72 		.ascii	"short unsigned int\000"
 584      7420756E 
 584      7369676E 
 584      65642069 
 584      6E7400
 585              	.LASF30:
 586 00a1 55534255 		.ascii	"USBUART_interfaceClass\000"
 586      4152545F 
 586      696E7465 
ARM GAS  C:\Users\ylee818\AppData\Local\Temp\ccKQEIoy.s 			page 14


 586      72666163 
 586      65436C61 
 587              	.LASF26:
 588 00b8 65704461 		.ascii	"epData\000"
 588      746100
 589              	.LASF29:
 590 00bf 72657175 		.ascii	"requestHandled\000"
 590      65737448 
 590      616E646C 
 590      656400
 591              	.LASF11:
 592 00ce 666C6F61 		.ascii	"float\000"
 592      7400
 593              	.LASF19:
 594 00d4 6570546F 		.ascii	"epToggle\000"
 594      67676C65 
 594      00
 595              	.LASF31:
 596 00dd 55534255 		.ascii	"USBUART_EP\000"
 596      4152545F 
 596      455000
 597              	.LASF5:
 598 00e8 6C6F6E67 		.ascii	"long unsigned int\000"
 598      20756E73 
 598      69676E65 
 598      6420696E 
 598      7400
 599              	.LASF20:
 600 00fa 61646472 		.ascii	"addr\000"
 600      00
 601              	.LASF28:
 602 00ff 696E7465 		.ascii	"interfaceNumber\000"
 602      72666163 
 602      654E756D 
 602      62657200 
 603              	.LASF1:
 604 010f 756E7369 		.ascii	"unsigned char\000"
 604      676E6564 
 604      20636861 
 604      7200
 605              	.LASF12:
 606 011d 646F7562 		.ascii	"double\000"
 606      6C6500
 607              	.LASF16:
 608 0124 61747472 		.ascii	"attrib\000"
 608      696200
 609              	.LASF22:
 610 012b 62756666 		.ascii	"buffOffset\000"
 610      4F666673 
 610      657400
 611              	.LASF10:
 612 0136 75696E74 		.ascii	"uint16\000"
 612      313600
 613              	.LASF17:
 614 013d 61706945 		.ascii	"apiEpState\000"
 614      70537461 
 614      746500
ARM GAS  C:\Users\ylee818\AppData\Local\Temp\ccKQEIoy.s 			page 15


 615              	.LASF8:
 616 0148 756E7369 		.ascii	"unsigned int\000"
 616      676E6564 
 616      20696E74 
 616      00
 617              	.LASF7:
 618 0155 6C6F6E67 		.ascii	"long long unsigned int\000"
 618      206C6F6E 
 618      6720756E 
 618      7369676E 
 618      65642069 
 619              	.LASF18:
 620 016c 68774570 		.ascii	"hwEpState\000"
 620      53746174 
 620      6500
 621              	.LASF35:
 622 0176 55534255 		.ascii	"USBUART_DispatchClassRqst\000"
 622      4152545F 
 622      44697370 
 622      61746368 
 622      436C6173 
 623              	.LASF27:
 624 0190 55534255 		.ascii	"USBUART_ep0_data_struct\000"
 624      4152545F 
 624      6570305F 
 624      64617461 
 624      5F737472 
 625              	.LASF15:
 626 01a8 73697A65 		.ascii	"sizetype\000"
 626      74797065 
 626      00
 627              	.LASF21:
 628 01b1 65704D6F 		.ascii	"epMode\000"
 628      646500
 629              	.LASF6:
 630 01b8 6C6F6E67 		.ascii	"long long int\000"
 630      206C6F6E 
 630      6720696E 
 630      7400
 631              	.LASF13:
 632 01c6 63686172 		.ascii	"char\000"
 632      00
 633              	.LASF23:
 634 01cb 62756666 		.ascii	"bufferSize\000"
 634      65725369 
 634      7A6500
 635              	.LASF33:
 636 01d6 47656E65 		.ascii	"Generated_Source\\PSoC5\\USBUART_cls.c\000"
 636      72617465 
 636      645F536F 
 636      75726365 
 636      5C50536F 
 637              	.LASF2:
 638 01fb 73686F72 		.ascii	"short int\000"
 638      7420696E 
 638      7400
 639              	.LASF9:
ARM GAS  C:\Users\ylee818\AppData\Local\Temp\ccKQEIoy.s 			page 16


 640 0205 75696E74 		.ascii	"uint8\000"
 640      3800
 641              	.LASF24:
 642 020b 696E7465 		.ascii	"interface\000"
 642      72666163 
 642      6500
 643              	.LASF4:
 644 0215 6C6F6E67 		.ascii	"long int\000"
 644      20696E74 
 644      00
 645              	.LASF25:
 646 021e 545F5553 		.ascii	"T_USBUART_EP_CTL_BLOCK\000"
 646      42554152 
 646      545F4550 
 646      5F43544C 
 646      5F424C4F 
 647              	.LASF14:
 648 0235 6C6F6E67 		.ascii	"long double\000"
 648      20646F75 
 648      626C6500 
 649              	.LASF0:
 650 0241 7369676E 		.ascii	"signed char\000"
 650      65642063 
 650      68617200 
 651              	.LASF34:
 652 024d 433A5C55 		.ascii	"C:\\Users\\ylee818\\Documents\\GitHub\\COMPSYS301\\"
 652      73657273 
 652      5C796C65 
 652      65383138 
 652      5C446F63 
 653 027a 42656E63 		.ascii	"Benchmarktest___combined\\Benchmarktest___combined\\"
 653      686D6172 
 653      6B746573 
 653      745F5F5F 
 653      636F6D62 
 654 02ac 70736F63 		.ascii	"psoc student pack\\psoc_code_base\\CS301_Class.cyds"
 654      20737475 
 654      64656E74 
 654      20706163 
 654      6B5C7073 
 655 02dd 6E00     		.ascii	"n\000"
 656              		.ident	"GCC: (GNU Tools for ARM Embedded Processors) 5.4.1 20160609 (release) [ARM/embedded-5-bran
