ARM GAS  C:\Users\ylee818\AppData\Local\Temp\ccJTRomE.s 			page 1


   1              		.syntax unified
   2              		.cpu cortex-m3
   3              		.fpu softvfp
   4              		.eabi_attribute 20, 1
   5              		.eabi_attribute 21, 1
   6              		.eabi_attribute 23, 3
   7              		.eabi_attribute 24, 1
   8              		.eabi_attribute 25, 1
   9              		.eabi_attribute 26, 1
  10              		.eabi_attribute 30, 6
  11              		.eabi_attribute 34, 1
  12              		.eabi_attribute 18, 4
  13              		.thumb
  14              		.syntax unified
  15              		.file	"motor_s.c"
  16              		.text
  17              	.Ltext0:
  18              		.cfi_sections	.debug_frame
  19              		.section	.text.clamp100,"ax",%progbits
  20              		.align	2
  21              		.global	clamp100
  22              		.thumb
  23              		.thumb_func
  24              		.type	clamp100, %function
  25              	clamp100:
  26              	.LFB63:
  27              		.file 1 "motor_s.c"
   1:motor_s.c     **** #include "motor_s.h"
   2:motor_s.c     **** 
   3:motor_s.c     **** /* RIGHT_TRIM_PERCENT가 다른 헤더/파일에 있으면 그 값을 사용.
   4:motor_s.c     ****  * 없으면 0(트림 없음)으로 처리.
   5:motor_s.c     ****  */
   6:motor_s.c     **** #ifndef RIGHT_TRIM_PERCENT
   7:motor_s.c     **** #define RIGHT_TRIM_PERCENT   (-7)
   8:motor_s.c     **** #endif
   9:motor_s.c     **** 
  10:motor_s.c     **** int clamp100(int x){
  28              		.loc 1 10 0
  29              		.cfi_startproc
  30              		@ args = 0, pretend = 0, frame = 8
  31              		@ frame_needed = 1, uses_anonymous_args = 0
  32              		@ link register save eliminated.
  33 0000 80B4     		push	{r7}
  34              		.cfi_def_cfa_offset 4
  35              		.cfi_offset 7, -4
  36 0002 83B0     		sub	sp, sp, #12
  37              		.cfi_def_cfa_offset 16
  38 0004 00AF     		add	r7, sp, #0
  39              		.cfi_def_cfa_register 7
  40 0006 7860     		str	r0, [r7, #4]
  11:motor_s.c     ****     if (x > 100) return 100;
  41              		.loc 1 11 0
  42 0008 7B68     		ldr	r3, [r7, #4]
  43 000a 642B     		cmp	r3, #100
  44 000c 01DD     		ble	.L2
  45              		.loc 1 11 0 is_stmt 0 discriminator 1
  46 000e 6423     		movs	r3, #100
ARM GAS  C:\Users\ylee818\AppData\Local\Temp\ccJTRomE.s 			page 2


  47 0010 07E0     		b	.L3
  48              	.L2:
  12:motor_s.c     ****     if (x < -100) return -100;
  49              		.loc 1 12 0 is_stmt 1
  50 0012 7B68     		ldr	r3, [r7, #4]
  51 0014 13F1640F 		cmn	r3, #100
  52 0018 02DA     		bge	.L4
  53              		.loc 1 12 0 is_stmt 0 discriminator 1
  54 001a 6FF06303 		mvn	r3, #99
  55 001e 00E0     		b	.L3
  56              	.L4:
  13:motor_s.c     ****     return x;
  57              		.loc 1 13 0 is_stmt 1
  58 0020 7B68     		ldr	r3, [r7, #4]
  59              	.L3:
  14:motor_s.c     **** }
  60              		.loc 1 14 0
  61 0022 1846     		mov	r0, r3
  62 0024 0C37     		adds	r7, r7, #12
  63              		.cfi_def_cfa_offset 4
  64 0026 BD46     		mov	sp, r7
  65              		.cfi_def_cfa_register 13
  66              		@ sp needed
  67 0028 80BC     		pop	{r7}
  68              		.cfi_restore 7
  69              		.cfi_def_cfa_offset 0
  70 002a 7047     		bx	lr
  71              		.cfi_endproc
  72              	.LFE63:
  73              		.size	clamp100, .-clamp100
  74              		.section	.text.duty_to_compare,"ax",%progbits
  75              		.align	2
  76              		.global	duty_to_compare
  77              		.thumb
  78              		.thumb_func
  79              		.type	duty_to_compare, %function
  80              	duty_to_compare:
  81              	.LFB64:
  15:motor_s.c     **** 
  16:motor_s.c     **** uint16 duty_to_compare(int s){
  82              		.loc 1 16 0
  83              		.cfi_startproc
  84              		@ args = 0, pretend = 0, frame = 8
  85              		@ frame_needed = 1, uses_anonymous_args = 0
  86              		@ link register save eliminated.
  87 0000 80B4     		push	{r7}
  88              		.cfi_def_cfa_offset 4
  89              		.cfi_offset 7, -4
  90 0002 83B0     		sub	sp, sp, #12
  91              		.cfi_def_cfa_offset 16
  92 0004 00AF     		add	r7, sp, #0
  93              		.cfi_def_cfa_register 7
  94 0006 7860     		str	r0, [r7, #4]
  17:motor_s.c     ****     if (s < -100) s = -100;
  95              		.loc 1 17 0
  96 0008 7B68     		ldr	r3, [r7, #4]
  97 000a 13F1640F 		cmn	r3, #100
ARM GAS  C:\Users\ylee818\AppData\Local\Temp\ccJTRomE.s 			page 3


  98 000e 02DA     		bge	.L6
  99              		.loc 1 17 0 is_stmt 0 discriminator 1
 100 0010 6FF06303 		mvn	r3, #99
 101 0014 7B60     		str	r3, [r7, #4]
 102              	.L6:
  18:motor_s.c     ****     if (s >  100) s =  100;
 103              		.loc 1 18 0 is_stmt 1
 104 0016 7B68     		ldr	r3, [r7, #4]
 105 0018 642B     		cmp	r3, #100
 106 001a 01DD     		ble	.L7
 107              		.loc 1 18 0 is_stmt 0 discriminator 1
 108 001c 6423     		movs	r3, #100
 109 001e 7B60     		str	r3, [r7, #4]
 110              	.L7:
  19:motor_s.c     ****     /* PWM Period의 중앙을 0%로 보고, ±로 오프셋 */
  20:motor_s.c     ****     return (uint16)((PWM_PERIOD/2) + ((int32)PWM_PERIOD * s)/200);
 111              		.loc 1 20 0 is_stmt 1
 112 0020 7B68     		ldr	r3, [r7, #4]
 113 0022 C822     		movs	r2, #200
 114 0024 02FB03F3 		mul	r3, r2, r3
 115 0028 064A     		ldr	r2, .L9
 116 002a 82FB0312 		smull	r1, r2, r2, r3
 117 002e 9211     		asrs	r2, r2, #6
 118 0030 DB17     		asrs	r3, r3, #31
 119 0032 D31A     		subs	r3, r2, r3
 120 0034 9BB2     		uxth	r3, r3
 121 0036 6433     		adds	r3, r3, #100
 122 0038 9BB2     		uxth	r3, r3
  21:motor_s.c     **** }
 123              		.loc 1 21 0
 124 003a 1846     		mov	r0, r3
 125 003c 0C37     		adds	r7, r7, #12
 126              		.cfi_def_cfa_offset 4
 127 003e BD46     		mov	sp, r7
 128              		.cfi_def_cfa_register 13
 129              		@ sp needed
 130 0040 80BC     		pop	{r7}
 131              		.cfi_restore 7
 132              		.cfi_def_cfa_offset 0
 133 0042 7047     		bx	lr
 134              	.L10:
 135              		.align	2
 136              	.L9:
 137 0044 1F85EB51 		.word	1374389535
 138              		.cfi_endproc
 139              	.LFE64:
 140              		.size	duty_to_compare, .-duty_to_compare
 141              		.section	.text.motor_enable,"ax",%progbits
 142              		.align	2
 143              		.global	motor_enable
 144              		.thumb
 145              		.thumb_func
 146              		.type	motor_enable, %function
 147              	motor_enable:
 148              	.LFB65:
  22:motor_s.c     **** 
  23:motor_s.c     **** void motor_enable(uint8 m1_disable, uint8 m2_disable){
ARM GAS  C:\Users\ylee818\AppData\Local\Temp\ccJTRomE.s 			page 4


 149              		.loc 1 23 0
 150              		.cfi_startproc
 151              		@ args = 0, pretend = 0, frame = 16
 152              		@ frame_needed = 1, uses_anonymous_args = 0
 153 0000 80B5     		push	{r7, lr}
 154              		.cfi_def_cfa_offset 8
 155              		.cfi_offset 7, -8
 156              		.cfi_offset 14, -4
 157 0002 84B0     		sub	sp, sp, #16
 158              		.cfi_def_cfa_offset 24
 159 0004 00AF     		add	r7, sp, #0
 160              		.cfi_def_cfa_register 7
 161 0006 0346     		mov	r3, r0
 162 0008 0A46     		mov	r2, r1
 163 000a FB71     		strb	r3, [r7, #7]
 164 000c 1346     		mov	r3, r2
 165 000e BB71     		strb	r3, [r7, #6]
  24:motor_s.c     ****     uint8 v = 0;
 166              		.loc 1 24 0
 167 0010 0023     		movs	r3, #0
 168 0012 FB73     		strb	r3, [r7, #15]
  25:motor_s.c     ****     //CyDelay(10);
  26:motor_s.c     ****     if (m1_disable) v |= 0x01;  /* bit0 -> M1_D1 (HIGH=disable) */
 169              		.loc 1 26 0
 170 0014 FB79     		ldrb	r3, [r7, #7]	@ zero_extendqisi2
 171 0016 002B     		cmp	r3, #0
 172 0018 03D0     		beq	.L12
 173              		.loc 1 26 0 is_stmt 0 discriminator 1
 174 001a FB7B     		ldrb	r3, [r7, #15]
 175 001c 43F00103 		orr	r3, r3, #1
 176 0020 FB73     		strb	r3, [r7, #15]
 177              	.L12:
  27:motor_s.c     ****     if (m2_disable) v |= 0x02;  /* bit1 -> M2_D1 (HIGH=disable) */
 178              		.loc 1 27 0 is_stmt 1
 179 0022 BB79     		ldrb	r3, [r7, #6]	@ zero_extendqisi2
 180 0024 002B     		cmp	r3, #0
 181 0026 03D0     		beq	.L13
 182              		.loc 1 27 0 is_stmt 0 discriminator 1
 183 0028 FB7B     		ldrb	r3, [r7, #15]
 184 002a 43F00203 		orr	r3, r3, #2
 185 002e FB73     		strb	r3, [r7, #15]
 186              	.L13:
  28:motor_s.c     ****     CONTROL_Write(v);
 187              		.loc 1 28 0 is_stmt 1
 188 0030 FB7B     		ldrb	r3, [r7, #15]	@ zero_extendqisi2
 189 0032 1846     		mov	r0, r3
 190 0034 FFF7FEFF 		bl	CONTROL_Write
  29:motor_s.c     **** }
 191              		.loc 1 29 0
 192 0038 00BF     		nop
 193 003a 1037     		adds	r7, r7, #16
 194              		.cfi_def_cfa_offset 8
 195 003c BD46     		mov	sp, r7
 196              		.cfi_def_cfa_register 13
 197              		@ sp needed
 198 003e 80BD     		pop	{r7, pc}
 199              		.cfi_endproc
ARM GAS  C:\Users\ylee818\AppData\Local\Temp\ccJTRomE.s 			page 5


 200              	.LFE65:
 201              		.size	motor_enable, .-motor_enable
 202              		.section	.text.apply_right_trim,"ax",%progbits
 203              		.align	2
 204              		.global	apply_right_trim
 205              		.thumb
 206              		.thumb_func
 207              		.type	apply_right_trim, %function
 208              	apply_right_trim:
 209              	.LFB66:
  30:motor_s.c     **** 
  31:motor_s.c     **** int apply_right_trim(int duty){
 210              		.loc 1 31 0
 211              		.cfi_startproc
 212              		@ args = 0, pretend = 0, frame = 16
 213              		@ frame_needed = 1, uses_anonymous_args = 0
 214              		@ link register save eliminated.
 215 0000 80B4     		push	{r7}
 216              		.cfi_def_cfa_offset 4
 217              		.cfi_offset 7, -4
 218 0002 85B0     		sub	sp, sp, #20
 219              		.cfi_def_cfa_offset 24
 220 0004 00AF     		add	r7, sp, #0
 221              		.cfi_def_cfa_register 7
 222 0006 7860     		str	r0, [r7, #4]
  32:motor_s.c     ****     /* RIGHT_TRIM_PERCENT: 음수면 오른쪽 강화(네 기존 로직 유지) */
  33:motor_s.c     ****     int32_t scaled = ((int32_t)duty * (100 - RIGHT_TRIM_PERCENT)) / 100;
 223              		.loc 1 33 0
 224 0008 7B68     		ldr	r3, [r7, #4]
 225 000a 6B22     		movs	r2, #107
 226 000c 02FB03F3 		mul	r3, r2, r3
 227 0010 064A     		ldr	r2, .L16
 228 0012 82FB0312 		smull	r1, r2, r2, r3
 229 0016 5211     		asrs	r2, r2, #5
 230 0018 DB17     		asrs	r3, r3, #31
 231 001a D31A     		subs	r3, r2, r3
 232 001c FB60     		str	r3, [r7, #12]
  34:motor_s.c     ****     return (int)scaled;
 233              		.loc 1 34 0
 234 001e FB68     		ldr	r3, [r7, #12]
  35:motor_s.c     **** }
 235              		.loc 1 35 0
 236 0020 1846     		mov	r0, r3
 237 0022 1437     		adds	r7, r7, #20
 238              		.cfi_def_cfa_offset 4
 239 0024 BD46     		mov	sp, r7
 240              		.cfi_def_cfa_register 13
 241              		@ sp needed
 242 0026 80BC     		pop	{r7}
 243              		.cfi_restore 7
 244              		.cfi_def_cfa_offset 0
 245 0028 7047     		bx	lr
 246              	.L17:
 247 002a 00BF     		.align	2
 248              	.L16:
 249 002c 1F85EB51 		.word	1374389535
 250              		.cfi_endproc
ARM GAS  C:\Users\ylee818\AppData\Local\Temp\ccJTRomE.s 			page 6


 251              	.LFE66:
 252              		.size	apply_right_trim, .-apply_right_trim
 253              		.section	.text.set_motors_symmetric,"ax",%progbits
 254              		.align	2
 255              		.global	set_motors_symmetric
 256              		.thumb
 257              		.thumb_func
 258              		.type	set_motors_symmetric, %function
 259              	set_motors_symmetric:
 260              	.LFB67:
  36:motor_s.c     **** 
  37:motor_s.c     **** void set_motors_symmetric(int duty){
 261              		.loc 1 37 0
 262              		.cfi_startproc
 263              		@ args = 0, pretend = 0, frame = 8
 264              		@ frame_needed = 1, uses_anonymous_args = 0
 265 0000 80B5     		push	{r7, lr}
 266              		.cfi_def_cfa_offset 8
 267              		.cfi_offset 7, -8
 268              		.cfi_offset 14, -4
 269 0002 82B0     		sub	sp, sp, #8
 270              		.cfi_def_cfa_offset 16
 271 0004 00AF     		add	r7, sp, #0
 272              		.cfi_def_cfa_register 7
 273 0006 7860     		str	r0, [r7, #4]
  38:motor_s.c     ****     duty = clamp100(duty);
 274              		.loc 1 38 0
 275 0008 7868     		ldr	r0, [r7, #4]
 276 000a FFF7FEFF 		bl	clamp100
 277 000e 7860     		str	r0, [r7, #4]
  39:motor_s.c     ****     PWM_1_WriteCompare(duty_to_compare(RIGHT_MOTOR_SIGN * duty));
 278              		.loc 1 39 0
 279 0010 7B68     		ldr	r3, [r7, #4]
 280 0012 5B42     		negs	r3, r3
 281 0014 1846     		mov	r0, r3
 282 0016 FFF7FEFF 		bl	duty_to_compare
 283 001a 0346     		mov	r3, r0
 284 001c DBB2     		uxtb	r3, r3
 285 001e 1846     		mov	r0, r3
 286 0020 FFF7FEFF 		bl	PWM_1_WriteCompare
  40:motor_s.c     ****     PWM_2_WriteCompare(duty_to_compare(LEFT_MOTOR_SIGN  * duty));
 287              		.loc 1 40 0
 288 0024 7868     		ldr	r0, [r7, #4]
 289 0026 FFF7FEFF 		bl	duty_to_compare
 290 002a 0346     		mov	r3, r0
 291 002c DBB2     		uxtb	r3, r3
 292 002e 1846     		mov	r0, r3
 293 0030 FFF7FEFF 		bl	PWM_2_WriteCompare
  41:motor_s.c     **** }
 294              		.loc 1 41 0
 295 0034 00BF     		nop
 296 0036 0837     		adds	r7, r7, #8
 297              		.cfi_def_cfa_offset 8
 298 0038 BD46     		mov	sp, r7
 299              		.cfi_def_cfa_register 13
 300              		@ sp needed
 301 003a 80BD     		pop	{r7, pc}
ARM GAS  C:\Users\ylee818\AppData\Local\Temp\ccJTRomE.s 			page 7


 302              		.cfi_endproc
 303              	.LFE67:
 304              		.size	set_motors_symmetric, .-set_motors_symmetric
 305              		.section	.text.set_motors_with_trim_and_steer,"ax",%progbits
 306              		.align	2
 307              		.global	set_motors_with_trim_and_steer
 308              		.thumb
 309              		.thumb_func
 310              		.type	set_motors_with_trim_and_steer, %function
 311              	set_motors_with_trim_and_steer:
 312              	.LFB68:
  42:motor_s.c     **** 
  43:motor_s.c     **** void set_motors_with_trim_and_steer(int duty_center, int steer){
 313              		.loc 1 43 0
 314              		.cfi_startproc
 315              		@ args = 0, pretend = 0, frame = 16
 316              		@ frame_needed = 1, uses_anonymous_args = 0
 317 0000 80B5     		push	{r7, lr}
 318              		.cfi_def_cfa_offset 8
 319              		.cfi_offset 7, -8
 320              		.cfi_offset 14, -4
 321 0002 84B0     		sub	sp, sp, #16
 322              		.cfi_def_cfa_offset 24
 323 0004 00AF     		add	r7, sp, #0
 324              		.cfi_def_cfa_register 7
 325 0006 7860     		str	r0, [r7, #4]
 326 0008 3960     		str	r1, [r7]
  44:motor_s.c     ****     int duty_right = clamp100(duty_center + steer);
 327              		.loc 1 44 0
 328 000a 7A68     		ldr	r2, [r7, #4]
 329 000c 3B68     		ldr	r3, [r7]
 330 000e 1344     		add	r3, r3, r2
 331 0010 1846     		mov	r0, r3
 332 0012 FFF7FEFF 		bl	clamp100
 333 0016 F860     		str	r0, [r7, #12]
  45:motor_s.c     ****     int duty_left  = clamp100(duty_center - steer);
 334              		.loc 1 45 0
 335 0018 7A68     		ldr	r2, [r7, #4]
 336 001a 3B68     		ldr	r3, [r7]
 337 001c D31A     		subs	r3, r2, r3
 338 001e 1846     		mov	r0, r3
 339 0020 FFF7FEFF 		bl	clamp100
 340 0024 B860     		str	r0, [r7, #8]
  46:motor_s.c     **** 
  47:motor_s.c     ****     /* 오른쪽만 트림 */
  48:motor_s.c     ****     duty_right = clamp100(apply_right_trim(duty_right));
 341              		.loc 1 48 0
 342 0026 F868     		ldr	r0, [r7, #12]
 343 0028 FFF7FEFF 		bl	apply_right_trim
 344 002c 0346     		mov	r3, r0
 345 002e 1846     		mov	r0, r3
 346 0030 FFF7FEFF 		bl	clamp100
 347 0034 F860     		str	r0, [r7, #12]
  49:motor_s.c     **** 
  50:motor_s.c     ****     /* 전진 구간에서 최소 듀티 보장 */
  51:motor_s.c     ****     if (duty_center > 0) {
 348              		.loc 1 51 0
ARM GAS  C:\Users\ylee818\AppData\Local\Temp\ccJTRomE.s 			page 8


 349 0036 7B68     		ldr	r3, [r7, #4]
 350 0038 002B     		cmp	r3, #0
 351 003a 0FDD     		ble	.L20
  52:motor_s.c     ****         if (duty_right > 0 && duty_right < MIN_WHEEL_DUTY_R) duty_right = MIN_WHEEL_DUTY_R;
 352              		.loc 1 52 0
 353 003c FB68     		ldr	r3, [r7, #12]
 354 003e 002B     		cmp	r3, #0
 355 0040 04DD     		ble	.L21
 356              		.loc 1 52 0 is_stmt 0 discriminator 1
 357 0042 FB68     		ldr	r3, [r7, #12]
 358 0044 0E2B     		cmp	r3, #14
 359 0046 01DC     		bgt	.L21
 360              		.loc 1 52 0 discriminator 2
 361 0048 0F23     		movs	r3, #15
 362 004a FB60     		str	r3, [r7, #12]
 363              	.L21:
  53:motor_s.c     ****         if (duty_left  > 0 && duty_left  < MIN_WHEEL_DUTY_L) duty_left  = MIN_WHEEL_DUTY_L;
 364              		.loc 1 53 0 is_stmt 1
 365 004c BB68     		ldr	r3, [r7, #8]
 366 004e 002B     		cmp	r3, #0
 367 0050 04DD     		ble	.L20
 368              		.loc 1 53 0 is_stmt 0 discriminator 1
 369 0052 BB68     		ldr	r3, [r7, #8]
 370 0054 0E2B     		cmp	r3, #14
 371 0056 01DC     		bgt	.L20
 372              		.loc 1 53 0 discriminator 2
 373 0058 0F23     		movs	r3, #15
 374 005a BB60     		str	r3, [r7, #8]
 375              	.L20:
  54:motor_s.c     ****     }
  55:motor_s.c     **** 
  56:motor_s.c     ****     PWM_1_WriteCompare(duty_to_compare(RIGHT_MOTOR_SIGN * duty_right));
 376              		.loc 1 56 0 is_stmt 1
 377 005c FB68     		ldr	r3, [r7, #12]
 378 005e 5B42     		negs	r3, r3
 379 0060 1846     		mov	r0, r3
 380 0062 FFF7FEFF 		bl	duty_to_compare
 381 0066 0346     		mov	r3, r0
 382 0068 DBB2     		uxtb	r3, r3
 383 006a 1846     		mov	r0, r3
 384 006c FFF7FEFF 		bl	PWM_1_WriteCompare
  57:motor_s.c     ****     PWM_2_WriteCompare(duty_to_compare(LEFT_MOTOR_SIGN  * duty_left ));
 385              		.loc 1 57 0
 386 0070 B868     		ldr	r0, [r7, #8]
 387 0072 FFF7FEFF 		bl	duty_to_compare
 388 0076 0346     		mov	r3, r0
 389 0078 DBB2     		uxtb	r3, r3
 390 007a 1846     		mov	r0, r3
 391 007c FFF7FEFF 		bl	PWM_2_WriteCompare
  58:motor_s.c     **** }
 392              		.loc 1 58 0
 393 0080 00BF     		nop
 394 0082 1037     		adds	r7, r7, #16
 395              		.cfi_def_cfa_offset 8
 396 0084 BD46     		mov	sp, r7
 397              		.cfi_def_cfa_register 13
 398              		@ sp needed
ARM GAS  C:\Users\ylee818\AppData\Local\Temp\ccJTRomE.s 			page 9


 399 0086 80BD     		pop	{r7, pc}
 400              		.cfi_endproc
 401              	.LFE68:
 402              		.size	set_motors_with_trim_and_steer, .-set_motors_with_trim_and_steer
 403              		.section	.text.Motors_SetPercent,"ax",%progbits
 404              		.align	2
 405              		.global	Motors_SetPercent
 406              		.thumb
 407              		.thumb_func
 408              		.type	Motors_SetPercent, %function
 409              	Motors_SetPercent:
 410              	.LFB69:
  59:motor_s.c     **** 
  60:motor_s.c     **** void Motors_SetPercent(int8_t left_pc, int8_t right_pc) {
 411              		.loc 1 60 0
 412              		.cfi_startproc
 413              		@ args = 0, pretend = 0, frame = 24
 414              		@ frame_needed = 1, uses_anonymous_args = 0
 415 0000 80B5     		push	{r7, lr}
 416              		.cfi_def_cfa_offset 8
 417              		.cfi_offset 7, -8
 418              		.cfi_offset 14, -4
 419 0002 86B0     		sub	sp, sp, #24
 420              		.cfi_def_cfa_offset 32
 421 0004 00AF     		add	r7, sp, #0
 422              		.cfi_def_cfa_register 7
 423 0006 0346     		mov	r3, r0
 424 0008 0A46     		mov	r2, r1
 425 000a FB71     		strb	r3, [r7, #7]
 426 000c 1346     		mov	r3, r2
 427 000e BB71     		strb	r3, [r7, #6]
  61:motor_s.c     ****     int16_t dutyL = (int16_t)left_pc  * LEFT_MOTOR_SIGN;
 428              		.loc 1 61 0
 429 0010 97F90730 		ldrsb	r3, [r7, #7]
 430 0014 FB82     		strh	r3, [r7, #22]	@ movhi
  62:motor_s.c     ****     int16_t dutyR = (int16_t)right_pc * RIGHT_MOTOR_SIGN;
 431              		.loc 1 62 0
 432 0016 97F90630 		ldrsb	r3, [r7, #6]
 433 001a 9BB2     		uxth	r3, r3
 434 001c 5B42     		negs	r3, r3
 435 001e 9BB2     		uxth	r3, r3
 436 0020 BB82     		strh	r3, [r7, #20]	@ movhi
  63:motor_s.c     **** 
  64:motor_s.c     ****     // Convert -100..100% into compare value
  65:motor_s.c     ****     uint16_t period = PWM_1_ReadPeriod();
 437              		.loc 1 65 0
 438 0022 FFF7FEFF 		bl	PWM_1_ReadPeriod
 439 0026 0346     		mov	r3, r0
 440 0028 7B82     		strh	r3, [r7, #18]	@ movhi
  66:motor_s.c     ****     uint16_t cmpL = (period * (100 + dutyL)) / 200;
 441              		.loc 1 66 0
 442 002a 7B8A     		ldrh	r3, [r7, #18]
 443 002c B7F91620 		ldrsh	r2, [r7, #22]
 444 0030 6432     		adds	r2, r2, #100
 445 0032 02FB03F3 		mul	r3, r2, r3
 446 0036 114A     		ldr	r2, .L23
 447 0038 82FB0312 		smull	r1, r2, r2, r3
ARM GAS  C:\Users\ylee818\AppData\Local\Temp\ccJTRomE.s 			page 10


 448 003c 9211     		asrs	r2, r2, #6
 449 003e DB17     		asrs	r3, r3, #31
 450 0040 D31A     		subs	r3, r2, r3
 451 0042 3B82     		strh	r3, [r7, #16]	@ movhi
  67:motor_s.c     ****     uint16_t cmpR = (period * (100 + dutyR)) / 200;
 452              		.loc 1 67 0
 453 0044 7B8A     		ldrh	r3, [r7, #18]
 454 0046 B7F91420 		ldrsh	r2, [r7, #20]
 455 004a 6432     		adds	r2, r2, #100
 456 004c 02FB03F3 		mul	r3, r2, r3
 457 0050 0A4A     		ldr	r2, .L23
 458 0052 82FB0312 		smull	r1, r2, r2, r3
 459 0056 9211     		asrs	r2, r2, #6
 460 0058 DB17     		asrs	r3, r3, #31
 461 005a D31A     		subs	r3, r2, r3
 462 005c FB81     		strh	r3, [r7, #14]	@ movhi
  68:motor_s.c     **** 
  69:motor_s.c     ****     PWM_2_WriteCompare(cmpL);
 463              		.loc 1 69 0
 464 005e 3B8A     		ldrh	r3, [r7, #16]	@ movhi
 465 0060 DBB2     		uxtb	r3, r3
 466 0062 1846     		mov	r0, r3
 467 0064 FFF7FEFF 		bl	PWM_2_WriteCompare
  70:motor_s.c     ****     PWM_1_WriteCompare(cmpR);
 468              		.loc 1 70 0
 469 0068 FB89     		ldrh	r3, [r7, #14]	@ movhi
 470 006a DBB2     		uxtb	r3, r3
 471 006c 1846     		mov	r0, r3
 472 006e FFF7FEFF 		bl	PWM_1_WriteCompare
  71:motor_s.c     **** }
 473              		.loc 1 71 0
 474 0072 00BF     		nop
 475 0074 1837     		adds	r7, r7, #24
 476              		.cfi_def_cfa_offset 8
 477 0076 BD46     		mov	sp, r7
 478              		.cfi_def_cfa_register 13
 479              		@ sp needed
 480 0078 80BD     		pop	{r7, pc}
 481              	.L24:
 482 007a 00BF     		.align	2
 483              	.L23:
 484 007c 1F85EB51 		.word	1374389535
 485              		.cfi_endproc
 486              	.LFE69:
 487              		.size	Motors_SetPercent, .-Motors_SetPercent
 488              		.global	__aeabi_i2f
 489              		.global	__aeabi_fmul
 490              		.global	__aeabi_fadd
 491              		.global	__aeabi_fcmpgt
 492              		.global	__aeabi_fcmplt
 493              		.global	__aeabi_f2iz
 494              		.section	.text.dyn_brake_duty,"ax",%progbits
 495              		.align	2
 496              		.global	dyn_brake_duty
 497              		.thumb
 498              		.thumb_func
 499              		.type	dyn_brake_duty, %function
ARM GAS  C:\Users\ylee818\AppData\Local\Temp\ccJTRomE.s 			page 11


 500              	dyn_brake_duty:
 501              	.LFB70:
  72:motor_s.c     **** 
  73:motor_s.c     **** int dyn_brake_duty(int32_t v_mm_s_filt){
 502              		.loc 1 73 0
 503              		.cfi_startproc
 504              		@ args = 0, pretend = 0, frame = 16
 505              		@ frame_needed = 1, uses_anonymous_args = 0
 506 0000 80B5     		push	{r7, lr}
 507              		.cfi_def_cfa_offset 8
 508              		.cfi_offset 7, -8
 509              		.cfi_offset 14, -4
 510 0002 84B0     		sub	sp, sp, #16
 511              		.cfi_def_cfa_offset 24
 512 0004 00AF     		add	r7, sp, #0
 513              		.cfi_def_cfa_register 7
 514 0006 7860     		str	r0, [r7, #4]
  74:motor_s.c     ****     /* 속도 크기에 따라 브레이크 듀티 가변 (네 v4 공식 그대로) */
  75:motor_s.c     ****     int32_t spd = (v_mm_s_filt >= 0) ? v_mm_s_filt : -v_mm_s_filt;
 515              		.loc 1 75 0
 516 0008 7B68     		ldr	r3, [r7, #4]
 517 000a 002B     		cmp	r3, #0
 518 000c B8BF     		it	lt
 519 000e 5B42     		rsblt	r3, r3, #0
 520 0010 BB60     		str	r3, [r7, #8]
  76:motor_s.c     ****     float d = (float)BRAKE_DUTY_MIN + BRAKE_DUTY_PER_MM_S * (float)spd;
 521              		.loc 1 76 0
 522 0012 B868     		ldr	r0, [r7, #8]
 523 0014 FFF7FEFF 		bl	__aeabi_i2f
 524 0018 0346     		mov	r3, r0
 525 001a 1649     		ldr	r1, .L33
 526 001c 1846     		mov	r0, r3
 527 001e FFF7FEFF 		bl	__aeabi_fmul
 528 0022 0346     		mov	r3, r0
 529 0024 1449     		ldr	r1, .L33+4
 530 0026 1846     		mov	r0, r3
 531 0028 FFF7FEFF 		bl	__aeabi_fadd
 532 002c 0346     		mov	r3, r0
 533 002e FB60     		str	r3, [r7, #12]	@ float
  77:motor_s.c     ****     if (d > BRAKE_DUTY_MAX) d = BRAKE_DUTY_MAX;
 534              		.loc 1 77 0
 535 0030 1249     		ldr	r1, .L33+8
 536 0032 F868     		ldr	r0, [r7, #12]	@ float
 537 0034 FFF7FEFF 		bl	__aeabi_fcmpgt
 538 0038 0346     		mov	r3, r0
 539 003a 002B     		cmp	r3, #0
 540 003c 01D0     		beq	.L26
 541              		.loc 1 77 0 is_stmt 0 discriminator 1
 542 003e 0F4B     		ldr	r3, .L33+8
 543 0040 FB60     		str	r3, [r7, #12]	@ float
 544              	.L26:
  78:motor_s.c     ****     if (d < 0) d = 0;
 545              		.loc 1 78 0 is_stmt 1
 546 0042 4FF00001 		mov	r1, #0
 547 0046 F868     		ldr	r0, [r7, #12]	@ float
 548 0048 FFF7FEFF 		bl	__aeabi_fcmplt
 549 004c 0346     		mov	r3, r0
ARM GAS  C:\Users\ylee818\AppData\Local\Temp\ccJTRomE.s 			page 12


 550 004e 002B     		cmp	r3, #0
 551 0050 02D0     		beq	.L28
 552              		.loc 1 78 0 is_stmt 0 discriminator 1
 553 0052 4FF00003 		mov	r3, #0
 554 0056 FB60     		str	r3, [r7, #12]	@ float
 555              	.L28:
  79:motor_s.c     ****     return (int)(d + 0.5f);
 556              		.loc 1 79 0 is_stmt 1
 557 0058 4FF07C51 		mov	r1, #1056964608
 558 005c F868     		ldr	r0, [r7, #12]	@ float
 559 005e FFF7FEFF 		bl	__aeabi_fadd
 560 0062 0346     		mov	r3, r0
 561 0064 1846     		mov	r0, r3
 562 0066 FFF7FEFF 		bl	__aeabi_f2iz
 563 006a 0346     		mov	r3, r0
  80:motor_s.c     **** }
 564              		.loc 1 80 0
 565 006c 1846     		mov	r0, r3
 566 006e 1037     		adds	r7, r7, #16
 567              		.cfi_def_cfa_offset 8
 568 0070 BD46     		mov	sp, r7
 569              		.cfi_def_cfa_register 13
 570              		@ sp needed
 571 0072 80BD     		pop	{r7, pc}
 572              	.L34:
 573              		.align	2
 574              	.L33:
 575 0074 295C0F3D 		.word	1024416809
 576 0078 0000F041 		.word	1106247680
 577 007c 00005C42 		.word	1113325568
 578              		.cfi_endproc
 579              	.LFE70:
 580              		.size	dyn_brake_duty, .-dyn_brake_duty
 581              		.text
 582              	.Letext0:
 583              		.file 2 "c:\\program files (x86)\\cypress\\psoc creator\\4.2\\psoc creator\\import\\gnu\\arm\\5.4.
 584              		.file 3 "c:\\program files (x86)\\cypress\\psoc creator\\4.2\\psoc creator\\import\\gnu\\arm\\5.4.
 585              		.file 4 "Generated_Source\\PSoC5/cytypes.h"
 586              		.file 5 "Generated_Source\\PSoC5/core_cm3.h"
 587              		.section	.debug_info,"",%progbits
 588              	.Ldebug_info0:
 589 0000 04030000 		.4byte	0x304
 590 0004 0400     		.2byte	0x4
 591 0006 00000000 		.4byte	.Ldebug_abbrev0
 592 000a 04       		.byte	0x4
 593 000b 01       		.uleb128 0x1
 594 000c 23000000 		.4byte	.LASF49
 595 0010 0C       		.byte	0xc
 596 0011 FA000000 		.4byte	.LASF50
 597 0015 9C020000 		.4byte	.LASF51
 598 0019 00000000 		.4byte	.Ldebug_ranges0+0
 599 001d 00000000 		.4byte	0
 600 0021 00000000 		.4byte	.Ldebug_line0
 601 0025 02       		.uleb128 0x2
 602 0026 93020000 		.4byte	.LASF2
 603 002a 02       		.byte	0x2
 604 002b 1B       		.byte	0x1b
ARM GAS  C:\Users\ylee818\AppData\Local\Temp\ccJTRomE.s 			page 13


 605 002c 30000000 		.4byte	0x30
 606 0030 03       		.uleb128 0x3
 607 0031 01       		.byte	0x1
 608 0032 06       		.byte	0x6
 609 0033 F4020000 		.4byte	.LASF0
 610 0037 03       		.uleb128 0x3
 611 0038 01       		.byte	0x1
 612 0039 08       		.byte	0x8
 613 003a 41010000 		.4byte	.LASF1
 614 003e 02       		.uleb128 0x2
 615 003f B1000000 		.4byte	.LASF3
 616 0043 02       		.byte	0x2
 617 0044 29       		.byte	0x29
 618 0045 49000000 		.4byte	0x49
 619 0049 03       		.uleb128 0x3
 620 004a 02       		.byte	0x2
 621 004b 05       		.byte	0x5
 622 004c 71020000 		.4byte	.LASF4
 623 0050 02       		.uleb128 0x2
 624 0051 8D010000 		.4byte	.LASF5
 625 0055 02       		.byte	0x2
 626 0056 2B       		.byte	0x2b
 627 0057 5B000000 		.4byte	0x5b
 628 005b 03       		.uleb128 0x3
 629 005c 02       		.byte	0x2
 630 005d 07       		.byte	0x7
 631 005e E7000000 		.4byte	.LASF6
 632 0062 02       		.uleb128 0x2
 633 0063 C8000000 		.4byte	.LASF7
 634 0067 02       		.byte	0x2
 635 0068 3F       		.byte	0x3f
 636 0069 6D000000 		.4byte	0x6d
 637 006d 03       		.uleb128 0x3
 638 006e 04       		.byte	0x4
 639 006f 05       		.byte	0x5
 640 0070 8A020000 		.4byte	.LASF8
 641 0074 03       		.uleb128 0x3
 642 0075 04       		.byte	0x4
 643 0076 07       		.byte	0x7
 644 0077 5A010000 		.4byte	.LASF9
 645 007b 03       		.uleb128 0x3
 646 007c 08       		.byte	0x8
 647 007d 05       		.byte	0x5
 648 007e 00000000 		.4byte	.LASF10
 649 0082 03       		.uleb128 0x3
 650 0083 08       		.byte	0x8
 651 0084 07       		.byte	0x7
 652 0085 C5010000 		.4byte	.LASF11
 653 0089 04       		.uleb128 0x4
 654 008a 04       		.byte	0x4
 655 008b 05       		.byte	0x5
 656 008c 696E7400 		.ascii	"int\000"
 657 0090 03       		.uleb128 0x3
 658 0091 04       		.byte	0x4
 659 0092 07       		.byte	0x7
 660 0093 B8010000 		.4byte	.LASF12
 661 0097 02       		.uleb128 0x2
ARM GAS  C:\Users\ylee818\AppData\Local\Temp\ccJTRomE.s 			page 14


 662 0098 15010000 		.4byte	.LASF13
 663 009c 03       		.byte	0x3
 664 009d 14       		.byte	0x14
 665 009e 25000000 		.4byte	0x25
 666 00a2 02       		.uleb128 0x2
 667 00a3 F7010000 		.4byte	.LASF14
 668 00a7 03       		.byte	0x3
 669 00a8 20       		.byte	0x20
 670 00a9 3E000000 		.4byte	0x3e
 671 00ad 02       		.uleb128 0x2
 672 00ae 81020000 		.4byte	.LASF15
 673 00b2 03       		.byte	0x3
 674 00b3 24       		.byte	0x24
 675 00b4 50000000 		.4byte	0x50
 676 00b8 02       		.uleb128 0x2
 677 00b9 1C010000 		.4byte	.LASF16
 678 00bd 03       		.byte	0x3
 679 00be 2C       		.byte	0x2c
 680 00bf 62000000 		.4byte	0x62
 681 00c3 05       		.uleb128 0x5
 682 00c4 04010000 		.4byte	.LASF17
 683 00c8 04       		.byte	0x4
 684 00c9 E701     		.2byte	0x1e7
 685 00cb 37000000 		.4byte	0x37
 686 00cf 05       		.uleb128 0x5
 687 00d0 AB010000 		.4byte	.LASF18
 688 00d4 04       		.byte	0x4
 689 00d5 E801     		.2byte	0x1e8
 690 00d7 5B000000 		.4byte	0x5b
 691 00db 05       		.uleb128 0x5
 692 00dc 6C010000 		.4byte	.LASF19
 693 00e0 04       		.byte	0x4
 694 00e1 EC01     		.2byte	0x1ec
 695 00e3 6D000000 		.4byte	0x6d
 696 00e7 03       		.uleb128 0x3
 697 00e8 04       		.byte	0x4
 698 00e9 04       		.byte	0x4
 699 00ea 2F010000 		.4byte	.LASF20
 700 00ee 03       		.uleb128 0x3
 701 00ef 08       		.byte	0x8
 702 00f0 04       		.byte	0x4
 703 00f1 98010000 		.4byte	.LASF21
 704 00f5 03       		.uleb128 0x3
 705 00f6 01       		.byte	0x1
 706 00f7 08       		.byte	0x8
 707 00f8 57020000 		.4byte	.LASF22
 708 00fc 03       		.uleb128 0x3
 709 00fd 08       		.byte	0x8
 710 00fe 04       		.byte	0x4
 711 00ff 9F010000 		.4byte	.LASF23
 712 0103 03       		.uleb128 0x3
 713 0104 04       		.byte	0x4
 714 0105 07       		.byte	0x7
 715 0106 35020000 		.4byte	.LASF24
 716 010a 06       		.uleb128 0x6
 717 010b D2000000 		.4byte	.LASF25
 718 010f 01       		.byte	0x1
ARM GAS  C:\Users\ylee818\AppData\Local\Temp\ccJTRomE.s 			page 15


 719 0110 0A       		.byte	0xa
 720 0111 89000000 		.4byte	0x89
 721 0115 00000000 		.4byte	.LFB63
 722 0119 2C000000 		.4byte	.LFE63-.LFB63
 723 011d 01       		.uleb128 0x1
 724 011e 9C       		.byte	0x9c
 725 011f 30010000 		.4byte	0x130
 726 0123 07       		.uleb128 0x7
 727 0124 7800     		.ascii	"x\000"
 728 0126 01       		.byte	0x1
 729 0127 0A       		.byte	0xa
 730 0128 89000000 		.4byte	0x89
 731 012c 02       		.uleb128 0x2
 732 012d 91       		.byte	0x91
 733 012e 74       		.sleb128 -12
 734 012f 00       		.byte	0
 735 0130 06       		.uleb128 0x6
 736 0131 25020000 		.4byte	.LASF26
 737 0135 01       		.byte	0x1
 738 0136 10       		.byte	0x10
 739 0137 CF000000 		.4byte	0xcf
 740 013b 00000000 		.4byte	.LFB64
 741 013f 48000000 		.4byte	.LFE64-.LFB64
 742 0143 01       		.uleb128 0x1
 743 0144 9C       		.byte	0x9c
 744 0145 56010000 		.4byte	0x156
 745 0149 07       		.uleb128 0x7
 746 014a 7300     		.ascii	"s\000"
 747 014c 01       		.byte	0x1
 748 014d 10       		.byte	0x10
 749 014e 89000000 		.4byte	0x89
 750 0152 02       		.uleb128 0x2
 751 0153 91       		.byte	0x91
 752 0154 74       		.sleb128 -12
 753 0155 00       		.byte	0
 754 0156 08       		.uleb128 0x8
 755 0157 BB000000 		.4byte	.LASF32
 756 015b 01       		.byte	0x1
 757 015c 17       		.byte	0x17
 758 015d 00000000 		.4byte	.LFB65
 759 0161 40000000 		.4byte	.LFE65-.LFB65
 760 0165 01       		.uleb128 0x1
 761 0166 9C       		.byte	0x9c
 762 0167 94010000 		.4byte	0x194
 763 016b 09       		.uleb128 0x9
 764 016c 4F010000 		.4byte	.LASF27
 765 0170 01       		.byte	0x1
 766 0171 17       		.byte	0x17
 767 0172 C3000000 		.4byte	0xc3
 768 0176 02       		.uleb128 0x2
 769 0177 91       		.byte	0x91
 770 0178 6F       		.sleb128 -17
 771 0179 09       		.uleb128 0x9
 772 017a 24010000 		.4byte	.LASF28
 773 017e 01       		.byte	0x1
 774 017f 17       		.byte	0x17
 775 0180 C3000000 		.4byte	0xc3
ARM GAS  C:\Users\ylee818\AppData\Local\Temp\ccJTRomE.s 			page 16


 776 0184 02       		.uleb128 0x2
 777 0185 91       		.byte	0x91
 778 0186 6E       		.sleb128 -18
 779 0187 0A       		.uleb128 0xa
 780 0188 7600     		.ascii	"v\000"
 781 018a 01       		.byte	0x1
 782 018b 18       		.byte	0x18
 783 018c C3000000 		.4byte	0xc3
 784 0190 02       		.uleb128 0x2
 785 0191 91       		.byte	0x91
 786 0192 77       		.sleb128 -9
 787 0193 00       		.byte	0
 788 0194 06       		.uleb128 0x6
 789 0195 DC010000 		.4byte	.LASF29
 790 0199 01       		.byte	0x1
 791 019a 1F       		.byte	0x1f
 792 019b 89000000 		.4byte	0x89
 793 019f 00000000 		.4byte	.LFB66
 794 01a3 30000000 		.4byte	.LFE66-.LFB66
 795 01a7 01       		.uleb128 0x1
 796 01a8 9C       		.byte	0x9c
 797 01a9 CA010000 		.4byte	0x1ca
 798 01ad 09       		.uleb128 0x9
 799 01ae 7B010000 		.4byte	.LASF30
 800 01b2 01       		.byte	0x1
 801 01b3 1F       		.byte	0x1f
 802 01b4 89000000 		.4byte	0x89
 803 01b8 02       		.uleb128 0x2
 804 01b9 91       		.byte	0x91
 805 01ba 6C       		.sleb128 -20
 806 01bb 0B       		.uleb128 0xb
 807 01bc 50020000 		.4byte	.LASF31
 808 01c0 01       		.byte	0x1
 809 01c1 21       		.byte	0x21
 810 01c2 B8000000 		.4byte	0xb8
 811 01c6 02       		.uleb128 0x2
 812 01c7 91       		.byte	0x91
 813 01c8 74       		.sleb128 -12
 814 01c9 00       		.byte	0
 815 01ca 08       		.uleb128 0x8
 816 01cb 0E000000 		.4byte	.LASF33
 817 01cf 01       		.byte	0x1
 818 01d0 25       		.byte	0x25
 819 01d1 00000000 		.4byte	.LFB67
 820 01d5 3C000000 		.4byte	.LFE67-.LFB67
 821 01d9 01       		.uleb128 0x1
 822 01da 9C       		.byte	0x9c
 823 01db EE010000 		.4byte	0x1ee
 824 01df 09       		.uleb128 0x9
 825 01e0 7B010000 		.4byte	.LASF30
 826 01e4 01       		.byte	0x1
 827 01e5 25       		.byte	0x25
 828 01e6 89000000 		.4byte	0x89
 829 01ea 02       		.uleb128 0x2
 830 01eb 91       		.byte	0x91
 831 01ec 74       		.sleb128 -12
 832 01ed 00       		.byte	0
ARM GAS  C:\Users\ylee818\AppData\Local\Temp\ccJTRomE.s 			page 17


 833 01ee 08       		.uleb128 0x8
 834 01ef 06020000 		.4byte	.LASF34
 835 01f3 01       		.byte	0x1
 836 01f4 2B       		.byte	0x2b
 837 01f5 00000000 		.4byte	.LFB68
 838 01f9 88000000 		.4byte	.LFE68-.LFB68
 839 01fd 01       		.uleb128 0x1
 840 01fe 9C       		.byte	0x9c
 841 01ff 3C020000 		.4byte	0x23c
 842 0203 09       		.uleb128 0x9
 843 0204 35010000 		.4byte	.LASF35
 844 0208 01       		.byte	0x1
 845 0209 2B       		.byte	0x2b
 846 020a 89000000 		.4byte	0x89
 847 020e 02       		.uleb128 0x2
 848 020f 91       		.byte	0x91
 849 0210 6C       		.sleb128 -20
 850 0211 09       		.uleb128 0x9
 851 0212 B2010000 		.4byte	.LASF36
 852 0216 01       		.byte	0x1
 853 0217 2B       		.byte	0x2b
 854 0218 89000000 		.4byte	0x89
 855 021c 02       		.uleb128 0x2
 856 021d 91       		.byte	0x91
 857 021e 68       		.sleb128 -24
 858 021f 0B       		.uleb128 0xb
 859 0220 0A010000 		.4byte	.LASF37
 860 0224 01       		.byte	0x1
 861 0225 2C       		.byte	0x2c
 862 0226 89000000 		.4byte	0x89
 863 022a 02       		.uleb128 0x2
 864 022b 91       		.byte	0x91
 865 022c 74       		.sleb128 -12
 866 022d 0B       		.uleb128 0xb
 867 022e ED010000 		.4byte	.LASF38
 868 0232 01       		.byte	0x1
 869 0233 2D       		.byte	0x2d
 870 0234 89000000 		.4byte	0x89
 871 0238 02       		.uleb128 0x2
 872 0239 91       		.byte	0x91
 873 023a 70       		.sleb128 -16
 874 023b 00       		.byte	0
 875 023c 08       		.uleb128 0x8
 876 023d 3E020000 		.4byte	.LASF39
 877 0241 01       		.byte	0x1
 878 0242 3C       		.byte	0x3c
 879 0243 00000000 		.4byte	.LFB69
 880 0247 80000000 		.4byte	.LFE69-.LFB69
 881 024b 01       		.uleb128 0x1
 882 024c 9C       		.byte	0x9c
 883 024d B4020000 		.4byte	0x2b4
 884 0251 09       		.uleb128 0x9
 885 0252 05030000 		.4byte	.LASF40
 886 0256 01       		.byte	0x1
 887 0257 3C       		.byte	0x3c
 888 0258 97000000 		.4byte	0x97
 889 025c 02       		.uleb128 0x2
ARM GAS  C:\Users\ylee818\AppData\Local\Temp\ccJTRomE.s 			page 18


 890 025d 91       		.byte	0x91
 891 025e 67       		.sleb128 -25
 892 025f 09       		.uleb128 0x9
 893 0260 72010000 		.4byte	.LASF41
 894 0264 01       		.byte	0x1
 895 0265 3C       		.byte	0x3c
 896 0266 97000000 		.4byte	0x97
 897 026a 02       		.uleb128 0x2
 898 026b 91       		.byte	0x91
 899 026c 66       		.sleb128 -26
 900 026d 0B       		.uleb128 0xb
 901 026e 5C020000 		.4byte	.LASF42
 902 0272 01       		.byte	0x1
 903 0273 3D       		.byte	0x3d
 904 0274 A2000000 		.4byte	0xa2
 905 0278 02       		.uleb128 0x2
 906 0279 91       		.byte	0x91
 907 027a 76       		.sleb128 -10
 908 027b 0B       		.uleb128 0xb
 909 027c 7B020000 		.4byte	.LASF43
 910 0280 01       		.byte	0x1
 911 0281 3E       		.byte	0x3e
 912 0282 A2000000 		.4byte	0xa2
 913 0286 02       		.uleb128 0x2
 914 0287 91       		.byte	0x91
 915 0288 74       		.sleb128 -12
 916 0289 0B       		.uleb128 0xb
 917 028a FF010000 		.4byte	.LASF44
 918 028e 01       		.byte	0x1
 919 028f 41       		.byte	0x41
 920 0290 AD000000 		.4byte	0xad
 921 0294 02       		.uleb128 0x2
 922 0295 91       		.byte	0x91
 923 0296 72       		.sleb128 -14
 924 0297 0B       		.uleb128 0xb
 925 0298 00030000 		.4byte	.LASF45
 926 029c 01       		.byte	0x1
 927 029d 42       		.byte	0x42
 928 029e AD000000 		.4byte	0xad
 929 02a2 02       		.uleb128 0x2
 930 02a3 91       		.byte	0x91
 931 02a4 70       		.sleb128 -16
 932 02a5 0B       		.uleb128 0xb
 933 02a6 0D030000 		.4byte	.LASF46
 934 02aa 01       		.byte	0x1
 935 02ab 43       		.byte	0x43
 936 02ac AD000000 		.4byte	0xad
 937 02b0 02       		.uleb128 0x2
 938 02b1 91       		.byte	0x91
 939 02b2 6E       		.sleb128 -18
 940 02b3 00       		.byte	0
 941 02b4 0C       		.uleb128 0xc
 942 02b5 62020000 		.4byte	.LASF47
 943 02b9 01       		.byte	0x1
 944 02ba 49       		.byte	0x49
 945 02bb 89000000 		.4byte	0x89
 946 02bf 00000000 		.4byte	.LFB70
ARM GAS  C:\Users\ylee818\AppData\Local\Temp\ccJTRomE.s 			page 19


 947 02c3 80000000 		.4byte	.LFE70-.LFB70
 948 02c7 01       		.uleb128 0x1
 949 02c8 9C       		.byte	0x9c
 950 02c9 F6020000 		.4byte	0x2f6
 951 02cd 09       		.uleb128 0x9
 952 02ce DB000000 		.4byte	.LASF48
 953 02d2 01       		.byte	0x1
 954 02d3 49       		.byte	0x49
 955 02d4 B8000000 		.4byte	0xb8
 956 02d8 02       		.uleb128 0x2
 957 02d9 91       		.byte	0x91
 958 02da 6C       		.sleb128 -20
 959 02db 0A       		.uleb128 0xa
 960 02dc 73706400 		.ascii	"spd\000"
 961 02e0 01       		.byte	0x1
 962 02e1 4B       		.byte	0x4b
 963 02e2 B8000000 		.4byte	0xb8
 964 02e6 02       		.uleb128 0x2
 965 02e7 91       		.byte	0x91
 966 02e8 70       		.sleb128 -16
 967 02e9 0A       		.uleb128 0xa
 968 02ea 6400     		.ascii	"d\000"
 969 02ec 01       		.byte	0x1
 970 02ed 4C       		.byte	0x4c
 971 02ee E7000000 		.4byte	0xe7
 972 02f2 02       		.uleb128 0x2
 973 02f3 91       		.byte	0x91
 974 02f4 74       		.sleb128 -12
 975 02f5 00       		.byte	0
 976 02f6 0D       		.uleb128 0xd
 977 02f7 80010000 		.4byte	.LASF52
 978 02fb 05       		.byte	0x5
 979 02fc 1207     		.2byte	0x712
 980 02fe 02030000 		.4byte	0x302
 981 0302 0E       		.uleb128 0xe
 982 0303 B8000000 		.4byte	0xb8
 983 0307 00       		.byte	0
 984              		.section	.debug_abbrev,"",%progbits
 985              	.Ldebug_abbrev0:
 986 0000 01       		.uleb128 0x1
 987 0001 11       		.uleb128 0x11
 988 0002 01       		.byte	0x1
 989 0003 25       		.uleb128 0x25
 990 0004 0E       		.uleb128 0xe
 991 0005 13       		.uleb128 0x13
 992 0006 0B       		.uleb128 0xb
 993 0007 03       		.uleb128 0x3
 994 0008 0E       		.uleb128 0xe
 995 0009 1B       		.uleb128 0x1b
 996 000a 0E       		.uleb128 0xe
 997 000b 55       		.uleb128 0x55
 998 000c 17       		.uleb128 0x17
 999 000d 11       		.uleb128 0x11
 1000 000e 01       		.uleb128 0x1
 1001 000f 10       		.uleb128 0x10
 1002 0010 17       		.uleb128 0x17
 1003 0011 00       		.byte	0
ARM GAS  C:\Users\ylee818\AppData\Local\Temp\ccJTRomE.s 			page 20


 1004 0012 00       		.byte	0
 1005 0013 02       		.uleb128 0x2
 1006 0014 16       		.uleb128 0x16
 1007 0015 00       		.byte	0
 1008 0016 03       		.uleb128 0x3
 1009 0017 0E       		.uleb128 0xe
 1010 0018 3A       		.uleb128 0x3a
 1011 0019 0B       		.uleb128 0xb
 1012 001a 3B       		.uleb128 0x3b
 1013 001b 0B       		.uleb128 0xb
 1014 001c 49       		.uleb128 0x49
 1015 001d 13       		.uleb128 0x13
 1016 001e 00       		.byte	0
 1017 001f 00       		.byte	0
 1018 0020 03       		.uleb128 0x3
 1019 0021 24       		.uleb128 0x24
 1020 0022 00       		.byte	0
 1021 0023 0B       		.uleb128 0xb
 1022 0024 0B       		.uleb128 0xb
 1023 0025 3E       		.uleb128 0x3e
 1024 0026 0B       		.uleb128 0xb
 1025 0027 03       		.uleb128 0x3
 1026 0028 0E       		.uleb128 0xe
 1027 0029 00       		.byte	0
 1028 002a 00       		.byte	0
 1029 002b 04       		.uleb128 0x4
 1030 002c 24       		.uleb128 0x24
 1031 002d 00       		.byte	0
 1032 002e 0B       		.uleb128 0xb
 1033 002f 0B       		.uleb128 0xb
 1034 0030 3E       		.uleb128 0x3e
 1035 0031 0B       		.uleb128 0xb
 1036 0032 03       		.uleb128 0x3
 1037 0033 08       		.uleb128 0x8
 1038 0034 00       		.byte	0
 1039 0035 00       		.byte	0
 1040 0036 05       		.uleb128 0x5
 1041 0037 16       		.uleb128 0x16
 1042 0038 00       		.byte	0
 1043 0039 03       		.uleb128 0x3
 1044 003a 0E       		.uleb128 0xe
 1045 003b 3A       		.uleb128 0x3a
 1046 003c 0B       		.uleb128 0xb
 1047 003d 3B       		.uleb128 0x3b
 1048 003e 05       		.uleb128 0x5
 1049 003f 49       		.uleb128 0x49
 1050 0040 13       		.uleb128 0x13
 1051 0041 00       		.byte	0
 1052 0042 00       		.byte	0
 1053 0043 06       		.uleb128 0x6
 1054 0044 2E       		.uleb128 0x2e
 1055 0045 01       		.byte	0x1
 1056 0046 3F       		.uleb128 0x3f
 1057 0047 19       		.uleb128 0x19
 1058 0048 03       		.uleb128 0x3
 1059 0049 0E       		.uleb128 0xe
 1060 004a 3A       		.uleb128 0x3a
ARM GAS  C:\Users\ylee818\AppData\Local\Temp\ccJTRomE.s 			page 21


 1061 004b 0B       		.uleb128 0xb
 1062 004c 3B       		.uleb128 0x3b
 1063 004d 0B       		.uleb128 0xb
 1064 004e 27       		.uleb128 0x27
 1065 004f 19       		.uleb128 0x19
 1066 0050 49       		.uleb128 0x49
 1067 0051 13       		.uleb128 0x13
 1068 0052 11       		.uleb128 0x11
 1069 0053 01       		.uleb128 0x1
 1070 0054 12       		.uleb128 0x12
 1071 0055 06       		.uleb128 0x6
 1072 0056 40       		.uleb128 0x40
 1073 0057 18       		.uleb128 0x18
 1074 0058 9742     		.uleb128 0x2117
 1075 005a 19       		.uleb128 0x19
 1076 005b 01       		.uleb128 0x1
 1077 005c 13       		.uleb128 0x13
 1078 005d 00       		.byte	0
 1079 005e 00       		.byte	0
 1080 005f 07       		.uleb128 0x7
 1081 0060 05       		.uleb128 0x5
 1082 0061 00       		.byte	0
 1083 0062 03       		.uleb128 0x3
 1084 0063 08       		.uleb128 0x8
 1085 0064 3A       		.uleb128 0x3a
 1086 0065 0B       		.uleb128 0xb
 1087 0066 3B       		.uleb128 0x3b
 1088 0067 0B       		.uleb128 0xb
 1089 0068 49       		.uleb128 0x49
 1090 0069 13       		.uleb128 0x13
 1091 006a 02       		.uleb128 0x2
 1092 006b 18       		.uleb128 0x18
 1093 006c 00       		.byte	0
 1094 006d 00       		.byte	0
 1095 006e 08       		.uleb128 0x8
 1096 006f 2E       		.uleb128 0x2e
 1097 0070 01       		.byte	0x1
 1098 0071 3F       		.uleb128 0x3f
 1099 0072 19       		.uleb128 0x19
 1100 0073 03       		.uleb128 0x3
 1101 0074 0E       		.uleb128 0xe
 1102 0075 3A       		.uleb128 0x3a
 1103 0076 0B       		.uleb128 0xb
 1104 0077 3B       		.uleb128 0x3b
 1105 0078 0B       		.uleb128 0xb
 1106 0079 27       		.uleb128 0x27
 1107 007a 19       		.uleb128 0x19
 1108 007b 11       		.uleb128 0x11
 1109 007c 01       		.uleb128 0x1
 1110 007d 12       		.uleb128 0x12
 1111 007e 06       		.uleb128 0x6
 1112 007f 40       		.uleb128 0x40
 1113 0080 18       		.uleb128 0x18
 1114 0081 9642     		.uleb128 0x2116
 1115 0083 19       		.uleb128 0x19
 1116 0084 01       		.uleb128 0x1
 1117 0085 13       		.uleb128 0x13
ARM GAS  C:\Users\ylee818\AppData\Local\Temp\ccJTRomE.s 			page 22


 1118 0086 00       		.byte	0
 1119 0087 00       		.byte	0
 1120 0088 09       		.uleb128 0x9
 1121 0089 05       		.uleb128 0x5
 1122 008a 00       		.byte	0
 1123 008b 03       		.uleb128 0x3
 1124 008c 0E       		.uleb128 0xe
 1125 008d 3A       		.uleb128 0x3a
 1126 008e 0B       		.uleb128 0xb
 1127 008f 3B       		.uleb128 0x3b
 1128 0090 0B       		.uleb128 0xb
 1129 0091 49       		.uleb128 0x49
 1130 0092 13       		.uleb128 0x13
 1131 0093 02       		.uleb128 0x2
 1132 0094 18       		.uleb128 0x18
 1133 0095 00       		.byte	0
 1134 0096 00       		.byte	0
 1135 0097 0A       		.uleb128 0xa
 1136 0098 34       		.uleb128 0x34
 1137 0099 00       		.byte	0
 1138 009a 03       		.uleb128 0x3
 1139 009b 08       		.uleb128 0x8
 1140 009c 3A       		.uleb128 0x3a
 1141 009d 0B       		.uleb128 0xb
 1142 009e 3B       		.uleb128 0x3b
 1143 009f 0B       		.uleb128 0xb
 1144 00a0 49       		.uleb128 0x49
 1145 00a1 13       		.uleb128 0x13
 1146 00a2 02       		.uleb128 0x2
 1147 00a3 18       		.uleb128 0x18
 1148 00a4 00       		.byte	0
 1149 00a5 00       		.byte	0
 1150 00a6 0B       		.uleb128 0xb
 1151 00a7 34       		.uleb128 0x34
 1152 00a8 00       		.byte	0
 1153 00a9 03       		.uleb128 0x3
 1154 00aa 0E       		.uleb128 0xe
 1155 00ab 3A       		.uleb128 0x3a
 1156 00ac 0B       		.uleb128 0xb
 1157 00ad 3B       		.uleb128 0x3b
 1158 00ae 0B       		.uleb128 0xb
 1159 00af 49       		.uleb128 0x49
 1160 00b0 13       		.uleb128 0x13
 1161 00b1 02       		.uleb128 0x2
 1162 00b2 18       		.uleb128 0x18
 1163 00b3 00       		.byte	0
 1164 00b4 00       		.byte	0
 1165 00b5 0C       		.uleb128 0xc
 1166 00b6 2E       		.uleb128 0x2e
 1167 00b7 01       		.byte	0x1
 1168 00b8 3F       		.uleb128 0x3f
 1169 00b9 19       		.uleb128 0x19
 1170 00ba 03       		.uleb128 0x3
 1171 00bb 0E       		.uleb128 0xe
 1172 00bc 3A       		.uleb128 0x3a
 1173 00bd 0B       		.uleb128 0xb
 1174 00be 3B       		.uleb128 0x3b
ARM GAS  C:\Users\ylee818\AppData\Local\Temp\ccJTRomE.s 			page 23


 1175 00bf 0B       		.uleb128 0xb
 1176 00c0 27       		.uleb128 0x27
 1177 00c1 19       		.uleb128 0x19
 1178 00c2 49       		.uleb128 0x49
 1179 00c3 13       		.uleb128 0x13
 1180 00c4 11       		.uleb128 0x11
 1181 00c5 01       		.uleb128 0x1
 1182 00c6 12       		.uleb128 0x12
 1183 00c7 06       		.uleb128 0x6
 1184 00c8 40       		.uleb128 0x40
 1185 00c9 18       		.uleb128 0x18
 1186 00ca 9642     		.uleb128 0x2116
 1187 00cc 19       		.uleb128 0x19
 1188 00cd 01       		.uleb128 0x1
 1189 00ce 13       		.uleb128 0x13
 1190 00cf 00       		.byte	0
 1191 00d0 00       		.byte	0
 1192 00d1 0D       		.uleb128 0xd
 1193 00d2 34       		.uleb128 0x34
 1194 00d3 00       		.byte	0
 1195 00d4 03       		.uleb128 0x3
 1196 00d5 0E       		.uleb128 0xe
 1197 00d6 3A       		.uleb128 0x3a
 1198 00d7 0B       		.uleb128 0xb
 1199 00d8 3B       		.uleb128 0x3b
 1200 00d9 05       		.uleb128 0x5
 1201 00da 49       		.uleb128 0x49
 1202 00db 13       		.uleb128 0x13
 1203 00dc 3F       		.uleb128 0x3f
 1204 00dd 19       		.uleb128 0x19
 1205 00de 3C       		.uleb128 0x3c
 1206 00df 19       		.uleb128 0x19
 1207 00e0 00       		.byte	0
 1208 00e1 00       		.byte	0
 1209 00e2 0E       		.uleb128 0xe
 1210 00e3 35       		.uleb128 0x35
 1211 00e4 00       		.byte	0
 1212 00e5 49       		.uleb128 0x49
 1213 00e6 13       		.uleb128 0x13
 1214 00e7 00       		.byte	0
 1215 00e8 00       		.byte	0
 1216 00e9 00       		.byte	0
 1217              		.section	.debug_aranges,"",%progbits
 1218 0000 54000000 		.4byte	0x54
 1219 0004 0200     		.2byte	0x2
 1220 0006 00000000 		.4byte	.Ldebug_info0
 1221 000a 04       		.byte	0x4
 1222 000b 00       		.byte	0
 1223 000c 0000     		.2byte	0
 1224 000e 0000     		.2byte	0
 1225 0010 00000000 		.4byte	.LFB63
 1226 0014 2C000000 		.4byte	.LFE63-.LFB63
 1227 0018 00000000 		.4byte	.LFB64
 1228 001c 48000000 		.4byte	.LFE64-.LFB64
 1229 0020 00000000 		.4byte	.LFB65
 1230 0024 40000000 		.4byte	.LFE65-.LFB65
 1231 0028 00000000 		.4byte	.LFB66
ARM GAS  C:\Users\ylee818\AppData\Local\Temp\ccJTRomE.s 			page 24


 1232 002c 30000000 		.4byte	.LFE66-.LFB66
 1233 0030 00000000 		.4byte	.LFB67
 1234 0034 3C000000 		.4byte	.LFE67-.LFB67
 1235 0038 00000000 		.4byte	.LFB68
 1236 003c 88000000 		.4byte	.LFE68-.LFB68
 1237 0040 00000000 		.4byte	.LFB69
 1238 0044 80000000 		.4byte	.LFE69-.LFB69
 1239 0048 00000000 		.4byte	.LFB70
 1240 004c 80000000 		.4byte	.LFE70-.LFB70
 1241 0050 00000000 		.4byte	0
 1242 0054 00000000 		.4byte	0
 1243              		.section	.debug_ranges,"",%progbits
 1244              	.Ldebug_ranges0:
 1245 0000 00000000 		.4byte	.LFB63
 1246 0004 2C000000 		.4byte	.LFE63
 1247 0008 00000000 		.4byte	.LFB64
 1248 000c 48000000 		.4byte	.LFE64
 1249 0010 00000000 		.4byte	.LFB65
 1250 0014 40000000 		.4byte	.LFE65
 1251 0018 00000000 		.4byte	.LFB66
 1252 001c 30000000 		.4byte	.LFE66
 1253 0020 00000000 		.4byte	.LFB67
 1254 0024 3C000000 		.4byte	.LFE67
 1255 0028 00000000 		.4byte	.LFB68
 1256 002c 88000000 		.4byte	.LFE68
 1257 0030 00000000 		.4byte	.LFB69
 1258 0034 80000000 		.4byte	.LFE69
 1259 0038 00000000 		.4byte	.LFB70
 1260 003c 80000000 		.4byte	.LFE70
 1261 0040 00000000 		.4byte	0
 1262 0044 00000000 		.4byte	0
 1263              		.section	.debug_line,"",%progbits
 1264              	.Ldebug_line0:
 1265 0000 49020000 		.section	.debug_str,"MS",%progbits,1
 1265      02004F01 
 1265      00000201 
 1265      FB0E0D00 
 1265      01010101 
 1266              	.LASF10:
 1267 0000 6C6F6E67 		.ascii	"long long int\000"
 1267      206C6F6E 
 1267      6720696E 
 1267      7400
 1268              	.LASF33:
 1269 000e 7365745F 		.ascii	"set_motors_symmetric\000"
 1269      6D6F746F 
 1269      72735F73 
 1269      796D6D65 
 1269      74726963 
 1270              	.LASF49:
 1271 0023 474E5520 		.ascii	"GNU C11 5.4.1 20160609 (release) [ARM/embedded-5-br"
 1271      43313120 
 1271      352E342E 
 1271      31203230 
 1271      31363036 
 1272 0056 616E6368 		.ascii	"anch revision 237715] -mcpu=cortex-m3 -mthumb -g -O"
 1272      20726576 
ARM GAS  C:\Users\ylee818\AppData\Local\Temp\ccJTRomE.s 			page 25


 1272      6973696F 
 1272      6E203233 
 1272      37373135 
 1273 0089 30202D66 		.ascii	"0 -ffunction-sections -ffat-lto-objects\000"
 1273      66756E63 
 1273      74696F6E 
 1273      2D736563 
 1273      74696F6E 
 1274              	.LASF3:
 1275 00b1 5F5F696E 		.ascii	"__int16_t\000"
 1275      7431365F 
 1275      7400
 1276              	.LASF32:
 1277 00bb 6D6F746F 		.ascii	"motor_enable\000"
 1277      725F656E 
 1277      61626C65 
 1277      00
 1278              	.LASF7:
 1279 00c8 5F5F696E 		.ascii	"__int32_t\000"
 1279      7433325F 
 1279      7400
 1280              	.LASF25:
 1281 00d2 636C616D 		.ascii	"clamp100\000"
 1281      70313030 
 1281      00
 1282              	.LASF48:
 1283 00db 765F6D6D 		.ascii	"v_mm_s_filt\000"
 1283      5F735F66 
 1283      696C7400 
 1284              	.LASF6:
 1285 00e7 73686F72 		.ascii	"short unsigned int\000"
 1285      7420756E 
 1285      7369676E 
 1285      65642069 
 1285      6E7400
 1286              	.LASF50:
 1287 00fa 6D6F746F 		.ascii	"motor_s.c\000"
 1287      725F732E 
 1287      6300
 1288              	.LASF17:
 1289 0104 75696E74 		.ascii	"uint8\000"
 1289      3800
 1290              	.LASF37:
 1291 010a 64757479 		.ascii	"duty_right\000"
 1291      5F726967 
 1291      687400
 1292              	.LASF13:
 1293 0115 696E7438 		.ascii	"int8_t\000"
 1293      5F7400
 1294              	.LASF16:
 1295 011c 696E7433 		.ascii	"int32_t\000"
 1295      325F7400 
 1296              	.LASF28:
 1297 0124 6D325F64 		.ascii	"m2_disable\000"
 1297      69736162 
 1297      6C6500
 1298              	.LASF20:
ARM GAS  C:\Users\ylee818\AppData\Local\Temp\ccJTRomE.s 			page 26


 1299 012f 666C6F61 		.ascii	"float\000"
 1299      7400
 1300              	.LASF35:
 1301 0135 64757479 		.ascii	"duty_center\000"
 1301      5F63656E 
 1301      74657200 
 1302              	.LASF1:
 1303 0141 756E7369 		.ascii	"unsigned char\000"
 1303      676E6564 
 1303      20636861 
 1303      7200
 1304              	.LASF27:
 1305 014f 6D315F64 		.ascii	"m1_disable\000"
 1305      69736162 
 1305      6C6500
 1306              	.LASF9:
 1307 015a 6C6F6E67 		.ascii	"long unsigned int\000"
 1307      20756E73 
 1307      69676E65 
 1307      6420696E 
 1307      7400
 1308              	.LASF19:
 1309 016c 696E7433 		.ascii	"int32\000"
 1309      3200
 1310              	.LASF41:
 1311 0172 72696768 		.ascii	"right_pc\000"
 1311      745F7063 
 1311      00
 1312              	.LASF30:
 1313 017b 64757479 		.ascii	"duty\000"
 1313      00
 1314              	.LASF52:
 1315 0180 49544D5F 		.ascii	"ITM_RxBuffer\000"
 1315      52784275 
 1315      66666572 
 1315      00
 1316              	.LASF5:
 1317 018d 5F5F7569 		.ascii	"__uint16_t\000"
 1317      6E743136 
 1317      5F7400
 1318              	.LASF21:
 1319 0198 646F7562 		.ascii	"double\000"
 1319      6C6500
 1320              	.LASF23:
 1321 019f 6C6F6E67 		.ascii	"long double\000"
 1321      20646F75 
 1321      626C6500 
 1322              	.LASF18:
 1323 01ab 75696E74 		.ascii	"uint16\000"
 1323      313600
 1324              	.LASF36:
 1325 01b2 73746565 		.ascii	"steer\000"
 1325      7200
 1326              	.LASF12:
 1327 01b8 756E7369 		.ascii	"unsigned int\000"
 1327      676E6564 
 1327      20696E74 
ARM GAS  C:\Users\ylee818\AppData\Local\Temp\ccJTRomE.s 			page 27


 1327      00
 1328              	.LASF11:
 1329 01c5 6C6F6E67 		.ascii	"long long unsigned int\000"
 1329      206C6F6E 
 1329      6720756E 
 1329      7369676E 
 1329      65642069 
 1330              	.LASF29:
 1331 01dc 6170706C 		.ascii	"apply_right_trim\000"
 1331      795F7269 
 1331      6768745F 
 1331      7472696D 
 1331      00
 1332              	.LASF38:
 1333 01ed 64757479 		.ascii	"duty_left\000"
 1333      5F6C6566 
 1333      7400
 1334              	.LASF14:
 1335 01f7 696E7431 		.ascii	"int16_t\000"
 1335      365F7400 
 1336              	.LASF44:
 1337 01ff 70657269 		.ascii	"period\000"
 1337      6F6400
 1338              	.LASF34:
 1339 0206 7365745F 		.ascii	"set_motors_with_trim_and_steer\000"
 1339      6D6F746F 
 1339      72735F77 
 1339      6974685F 
 1339      7472696D 
 1340              	.LASF26:
 1341 0225 64757479 		.ascii	"duty_to_compare\000"
 1341      5F746F5F 
 1341      636F6D70 
 1341      61726500 
 1342              	.LASF24:
 1343 0235 73697A65 		.ascii	"sizetype\000"
 1343      74797065 
 1343      00
 1344              	.LASF39:
 1345 023e 4D6F746F 		.ascii	"Motors_SetPercent\000"
 1345      72735F53 
 1345      65745065 
 1345      7263656E 
 1345      7400
 1346              	.LASF31:
 1347 0250 7363616C 		.ascii	"scaled\000"
 1347      656400
 1348              	.LASF22:
 1349 0257 63686172 		.ascii	"char\000"
 1349      00
 1350              	.LASF42:
 1351 025c 64757479 		.ascii	"dutyL\000"
 1351      4C00
 1352              	.LASF47:
 1353 0262 64796E5F 		.ascii	"dyn_brake_duty\000"
 1353      6272616B 
 1353      655F6475 
ARM GAS  C:\Users\ylee818\AppData\Local\Temp\ccJTRomE.s 			page 28


 1353      747900
 1354              	.LASF4:
 1355 0271 73686F72 		.ascii	"short int\000"
 1355      7420696E 
 1355      7400
 1356              	.LASF43:
 1357 027b 64757479 		.ascii	"dutyR\000"
 1357      5200
 1358              	.LASF15:
 1359 0281 75696E74 		.ascii	"uint16_t\000"
 1359      31365F74 
 1359      00
 1360              	.LASF8:
 1361 028a 6C6F6E67 		.ascii	"long int\000"
 1361      20696E74 
 1361      00
 1362              	.LASF2:
 1363 0293 5F5F696E 		.ascii	"__int8_t\000"
 1363      74385F74 
 1363      00
 1364              	.LASF51:
 1365 029c 433A5C55 		.ascii	"C:\\Users\\ylee818\\Documents\\GitHub\\Compsys-301-"
 1365      73657273 
 1365      5C796C65 
 1365      65383138 
 1365      5C446F63 
 1366 02ca 434F4445 		.ascii	"CODE\\Yukyung CODE\\final\\CS301_Class.cydsn\000"
 1366      5C59756B 
 1366      79756E67 
 1366      20434F44 
 1366      455C6669 
 1367              	.LASF0:
 1368 02f4 7369676E 		.ascii	"signed char\000"
 1368      65642063 
 1368      68617200 
 1369              	.LASF45:
 1370 0300 636D704C 		.ascii	"cmpL\000"
 1370      00
 1371              	.LASF40:
 1372 0305 6C656674 		.ascii	"left_pc\000"
 1372      5F706300 
 1373              	.LASF46:
 1374 030d 636D7052 		.ascii	"cmpR\000"
 1374      00
 1375              		.ident	"GCC: (GNU Tools for ARM Embedded Processors) 5.4.1 20160609 (release) [ARM/embedded-5-bran
